------------------------------------------------------------------------------------------------------------------------

[2021-11-09 11:55:21 #1 store] 
Database 'C:\Users\karpe\git\repository2\3iterazioa\src\main\resources\bets.temp' is opened by 23056@LAPTOP-O54S2HDJ

[2021-11-09 11:55:21 #2 type.registry] 
New type domain.Person

[2021-11-09 11:55:21 #3 type.registry] 
New type domain.Admin

[2021-11-09 11:55:21 #4 type] 
Type domain.Person is not enhanced.

[2021-11-09 11:55:21 #5 type] 
Type domain.Admin is not enhanced.

[2021-11-09 11:55:21 #6 type.registry] 
New type domain.Worker

[2021-11-09 11:55:21 #7 type] 
Type domain.Worker is not enhanced.

[2021-11-09 11:55:21 #8 type.registry] 
New type domain.RegisteredClient

[2021-11-09 11:55:21 #9 type] 
Type domain.RegisteredClient is not enhanced.

[2021-11-09 11:55:21 #10 type.registry] 
New type domain.ReplicatedProperties

[2021-11-09 11:55:21 #11 type.registry] 
New type java.util.HashMap<domain.RegisteredClient,domain.ReplicatedProperties>

[2021-11-09 11:55:21 #12 type.registry] 
New type domain.Movements

[2021-11-09 11:55:21 #13 type.registry] 
New type java.util.Vector<domain.Movements>

[2021-11-09 11:55:21 #14 type.registry] 
New type domain.Bet

[2021-11-09 11:55:21 #15 type.registry] 
New type java.util.Vector<domain.Bet>

[2021-11-09 11:55:21 #16 type] 
Type domain.ReplicatedProperties is not enhanced.

[2021-11-09 11:55:21 #17 type] 
Type domain.Movements is not enhanced.

[2021-11-09 11:55:21 #18 type] 
Type domain.Bet is not enhanced.

[2021-11-09 11:55:21 #19 type.registry] 
New type domain.Prediction

[2021-11-09 11:55:21 #20 type.registry] 
New type java.util.Vector<domain.Prediction>

[2021-11-09 11:55:21 #21 type] 
Type domain.Prediction is not enhanced.

[2021-11-09 11:55:21 #22 type.registry] 
New type domain.Question

[2021-11-09 11:55:21 #23 type] 
Type domain.Question is not enhanced.

[2021-11-09 11:55:21 #24 type.registry] 
New type domain.Event

[2021-11-09 11:55:21 #25 type] 
Type domain.Event is not enhanced.

[2021-11-09 11:55:21 #26 type.registry] 
New type java.util.Vector<domain.Question>

[2021-11-09 11:55:21 #27 type.registry] 
New type java.util.Vector<java.lang.Object>

[2021-11-09 11:55:21 #28 type.registry] 
New type java.util.HashMap<java.lang.Object,java.lang.Object>

------------------------------------------------------------------------------------------------------------------------

[2021-11-09 20:17:42 #1 store] 
Database 'C:\Users\karpe\git\repository2\3iterazioa\src\main\resources\bets.temp' is opened by 29712@LAPTOP-O54S2HDJ

[2021-11-09 20:17:43 #2 type.registry] 
New type domain.Person

[2021-11-09 20:17:43 #3 type.registry] 
New type domain.Admin

[2021-11-09 20:17:43 #4 type] 
Type domain.Person is not enhanced.

[2021-11-09 20:17:43 #5 type] 
Type domain.Admin is not enhanced.

[2021-11-09 20:17:43 #6 type.registry] 
New type domain.Worker

[2021-11-09 20:17:43 #7 type] 
Type domain.Worker is not enhanced.

[2021-11-09 20:17:43 #8 type.registry] 
New type domain.RegisteredClient

[2021-11-09 20:17:43 #9 type] 
Type domain.RegisteredClient is not enhanced.

[2021-11-09 20:17:43 #10 type.registry] 
New type domain.ReplicatedProperties

[2021-11-09 20:17:43 #11 type.registry] 
New type java.util.HashMap<domain.RegisteredClient,domain.ReplicatedProperties>

[2021-11-09 20:17:43 #12 type.registry] 
New type domain.Movements

[2021-11-09 20:17:43 #13 type.registry] 
New type java.util.Vector<domain.Movements>

[2021-11-09 20:17:43 #14 type.registry] 
New type domain.Bet

[2021-11-09 20:17:43 #15 type.registry] 
New type java.util.Vector<domain.Bet>

[2021-11-09 20:17:43 #16 type] 
Type domain.ReplicatedProperties is not enhanced.

[2021-11-09 20:17:43 #17 type] 
Type domain.Movements is not enhanced.

[2021-11-09 20:17:43 #18 type] 
Type domain.Bet is not enhanced.

[2021-11-09 20:17:43 #19 type.registry] 
New type domain.Prediction

[2021-11-09 20:17:43 #20 type.registry] 
New type java.util.Vector<domain.Prediction>

[2021-11-09 20:17:43 #21 type] 
Type domain.Prediction is not enhanced.

[2021-11-09 20:17:43 #22 type.registry] 
New type domain.Question

[2021-11-09 20:17:43 #23 type] 
Type domain.Question is not enhanced.

[2021-11-09 20:17:43 #24 type.registry] 
New type domain.Event

[2021-11-09 20:17:43 #25 type] 
Type domain.Event is not enhanced.

[2021-11-09 20:17:43 #26 type.registry] 
New type java.util.Vector<domain.Question>

[2021-11-09 20:17:43 #27 type.registry] 
New type java.util.Vector<java.lang.Object>

[2021-11-09 20:17:43 #28 type.registry] 
New type java.util.HashMap<java.lang.Object,java.lang.Object>

