------------------------------------------------------------------------------------------------------------------------

[2021-10-09 22:05:16 #1 store] 
Database 'C:\Users\oihan\OneDrive\Escritorio\SI2\src\main\resources\bets.temp' is opened by 1284@LAPTOP-PVI2M80U

[2021-10-09 22:05:16 #2 type.registry] 
New type domain.Person

[2021-10-09 22:05:16 #3 type.registry] 
New type domain.Admin

[2021-10-09 22:05:16 #4 type] 
Type domain.Person is not enhanced.

[2021-10-09 22:05:16 #5 type] 
Type domain.Admin is not enhanced.

[2021-10-09 22:05:16 #6 type.registry] 
New type domain.Worker

[2021-10-09 22:05:16 #7 type] 
Type domain.Worker is not enhanced.

[2021-10-09 22:05:16 #8 type.registry] 
New type domain.RegisteredClient

[2021-10-09 22:05:16 #9 type] 
Type domain.RegisteredClient is not enhanced.

[2021-10-09 22:05:16 #10 type.registry] 
New type domain.ReplicatedProperties

[2021-10-09 22:05:16 #11 type.registry] 
New type java.util.HashMap<domain.RegisteredClient,domain.ReplicatedProperties>

[2021-10-09 22:05:16 #12 type.registry] 
New type domain.Movements

[2021-10-09 22:05:16 #13 type.registry] 
New type java.util.Vector<domain.Movements>

[2021-10-09 22:05:16 #14 type.registry] 
New type domain.Bet

[2021-10-09 22:05:16 #15 type.registry] 
New type java.util.Vector<domain.Bet>

[2021-10-09 22:05:16 #16 type] 
Type domain.ReplicatedProperties is not enhanced.

[2021-10-09 22:05:16 #17 type] 
Type domain.Movements is not enhanced.

[2021-10-09 22:05:16 #18 type] 
Type domain.Bet is not enhanced.

[2021-10-09 22:05:16 #19 type.registry] 
New type domain.Prediction

[2021-10-09 22:05:16 #20 type.registry] 
New type java.util.Vector<domain.Prediction>

[2021-10-09 22:05:16 #21 type] 
Type domain.Prediction is not enhanced.

[2021-10-09 22:05:16 #22 type.registry] 
New type domain.Question

[2021-10-09 22:05:16 #23 type] 
Type domain.Question is not enhanced.

[2021-10-09 22:05:16 #24 type.registry] 
New type domain.Event

[2021-10-09 22:05:16 #25 type] 
Type domain.Event is not enhanced.

[2021-10-09 22:05:16 #26 type.registry] 
New type java.util.Vector<domain.Question>

[2021-10-09 22:05:16 #27 type.registry] 
New type java.util.Vector<java.lang.Object>

[2021-10-09 22:05:16 #28 type.registry] 
New type java.util.HashMap<java.lang.Object,java.lang.Object>

