------------------------------------------------------------------------------------------------------------------------

[2021-10-19 10:22:11 #1 store] 
Database 'C:\Users\karpe\git\repository2\3iterazioa\src\main\resources\bets.temp' is opened by 3056@LAPTOP-O54S2HDJ

[2021-10-19 10:22:13 #2 type.registry] 
New type domain.Event

[2021-10-19 10:22:13 #3 type] 
Type domain.Event is not enhanced.

[2021-10-19 10:22:13 #4 type.registry] 
New type domain.Question

[2021-10-19 10:22:13 #5 type.registry] 
New type java.util.Vector<domain.Question>

[2021-10-19 10:22:13 #6 type] 
Type domain.Question is not enhanced.

[2021-10-19 10:22:13 #7 type.registry] 
New type domain.Prediction

[2021-10-19 10:22:13 #8 type.registry] 
New type java.util.Vector<domain.Prediction>

[2021-10-19 10:22:13 #9 type] 
Type domain.Prediction is not enhanced.

[2021-10-19 10:22:13 #10 type.registry] 
New type domain.Bet

[2021-10-19 10:22:13 #11 type.registry] 
New type java.util.Vector<domain.Bet>

[2021-10-19 10:22:13 #12 type] 
Type domain.Bet is not enhanced.

[2021-10-19 10:22:13 #13 type.registry] 
New type domain.Person

[2021-10-19 10:22:13 #14 type.registry] 
New type domain.RegisteredClient

[2021-10-19 10:22:13 #15 type] 
Type domain.Person is not enhanced.

[2021-10-19 10:22:13 #16 type] 
Type domain.RegisteredClient is not enhanced.

[2021-10-19 10:22:13 #17 type.registry] 
New type domain.ReplicatedProperties

[2021-10-19 10:22:13 #18 type.registry] 
New type java.util.HashMap<domain.RegisteredClient,domain.ReplicatedProperties>

[2021-10-19 10:22:13 #19 type.registry] 
New type domain.Movements

[2021-10-19 10:22:13 #20 type.registry] 
New type java.util.Vector<domain.Movements>

[2021-10-19 10:22:13 #21 type] 
Type domain.ReplicatedProperties is not enhanced.

[2021-10-19 10:22:13 #22 type] 
Type domain.Movements is not enhanced.

[2021-10-19 10:22:13 #23 type.registry] 
New type java.util.Vector<java.lang.Object>

[2021-10-19 10:22:13 #24 type.registry] 
New type java.util.HashMap<java.lang.Object,java.lang.Object>

------------------------------------------------------------------------------------------------------------------------

[2021-10-19 10:23:04 #1 store] 
Database 'C:\Users\karpe\git\repository2\3iterazioa\src\main\resources\bets.temp' is opened by 21788@LAPTOP-O54S2HDJ

[2021-10-19 10:23:05 #2 type.registry] 
New type domain.Event

[2021-10-19 10:23:05 #3 type] 
Type domain.Event is not enhanced.

[2021-10-19 10:23:05 #4 type.registry] 
New type domain.Question

[2021-10-19 10:23:05 #5 type.registry] 
New type java.util.Vector<domain.Question>

[2021-10-19 10:23:05 #6 type] 
Type domain.Question is not enhanced.

[2021-10-19 10:23:05 #7 type.registry] 
New type domain.Prediction

[2021-10-19 10:23:05 #8 type.registry] 
New type java.util.Vector<domain.Prediction>

[2021-10-19 10:23:05 #9 type] 
Type domain.Prediction is not enhanced.

[2021-10-19 10:23:05 #10 type.registry] 
New type domain.Bet

[2021-10-19 10:23:05 #11 type.registry] 
New type java.util.Vector<domain.Bet>

[2021-10-19 10:23:05 #12 type] 
Type domain.Bet is not enhanced.

[2021-10-19 10:23:05 #13 type.registry] 
New type domain.Person

[2021-10-19 10:23:05 #14 type.registry] 
New type domain.RegisteredClient

[2021-10-19 10:23:05 #15 type] 
Type domain.Person is not enhanced.

[2021-10-19 10:23:05 #16 type] 
Type domain.RegisteredClient is not enhanced.

[2021-10-19 10:23:05 #17 type.registry] 
New type domain.ReplicatedProperties

[2021-10-19 10:23:05 #18 type.registry] 
New type java.util.HashMap<domain.RegisteredClient,domain.ReplicatedProperties>

[2021-10-19 10:23:05 #19 type.registry] 
New type domain.Movements

[2021-10-19 10:23:05 #20 type.registry] 
New type java.util.Vector<domain.Movements>

[2021-10-19 10:23:05 #21 type] 
Type domain.ReplicatedProperties is not enhanced.

[2021-10-19 10:23:05 #22 type] 
Type domain.Movements is not enhanced.

[2021-10-19 10:23:05 #23 type.registry] 
New type java.util.Vector<java.lang.Object>

[2021-10-19 10:23:05 #24 type.registry] 
New type java.util.HashMap<java.lang.Object,java.lang.Object>

------------------------------------------------------------------------------------------------------------------------

[2021-10-19 10:24:24 #1 store] 
Database 'C:\Users\karpe\git\repository2\3iterazioa\src\main\resources\bets.temp' is opened by 19708@LAPTOP-O54S2HDJ

[2021-10-19 10:24:24 #2 type.registry] 
New type domain.Event

[2021-10-19 10:24:24 #3 type] 
Type domain.Event is not enhanced.

[2021-10-19 10:24:24 #4 type.registry] 
New type domain.Question

[2021-10-19 10:24:24 #5 type.registry] 
New type java.util.Vector<domain.Question>

[2021-10-19 10:24:24 #6 type] 
Type domain.Question is not enhanced.

[2021-10-19 10:24:24 #7 type.registry] 
New type domain.Prediction

[2021-10-19 10:24:24 #8 type.registry] 
New type java.util.Vector<domain.Prediction>

[2021-10-19 10:24:24 #9 type] 
Type domain.Prediction is not enhanced.

[2021-10-19 10:24:24 #10 type.registry] 
New type domain.Bet

[2021-10-19 10:24:24 #11 type.registry] 
New type java.util.Vector<domain.Bet>

[2021-10-19 10:24:24 #12 type] 
Type domain.Bet is not enhanced.

[2021-10-19 10:24:24 #13 type.registry] 
New type domain.Person

[2021-10-19 10:24:24 #14 type.registry] 
New type domain.RegisteredClient

[2021-10-19 10:24:24 #15 type] 
Type domain.Person is not enhanced.

[2021-10-19 10:24:24 #16 type] 
Type domain.RegisteredClient is not enhanced.

[2021-10-19 10:24:24 #17 type.registry] 
New type domain.ReplicatedProperties

[2021-10-19 10:24:24 #18 type.registry] 
New type java.util.HashMap<domain.RegisteredClient,domain.ReplicatedProperties>

[2021-10-19 10:24:24 #19 type.registry] 
New type domain.Movements

[2021-10-19 10:24:24 #20 type.registry] 
New type java.util.Vector<domain.Movements>

[2021-10-19 10:24:24 #21 type] 
Type domain.ReplicatedProperties is not enhanced.

[2021-10-19 10:24:24 #22 type] 
Type domain.Movements is not enhanced.

[2021-10-19 10:24:24 #23 type.registry] 
New type java.util.Vector<java.lang.Object>

[2021-10-19 10:24:24 #24 type.registry] 
New type java.util.HashMap<java.lang.Object,java.lang.Object>

------------------------------------------------------------------------------------------------------------------------

[2021-10-19 10:25:41 #1 store] 
Database 'C:\Users\karpe\git\repository2\3iterazioa\src\main\resources\bets.temp' is opened by 22196@LAPTOP-O54S2HDJ

[2021-10-19 10:25:41 #2 type.registry] 
New type domain.Event

[2021-10-19 10:25:41 #3 type] 
Type domain.Event is not enhanced.

[2021-10-19 10:25:41 #4 type.registry] 
New type domain.Question

[2021-10-19 10:25:41 #5 type.registry] 
New type java.util.Vector<domain.Question>

[2021-10-19 10:25:41 #6 type] 
Type domain.Question is not enhanced.

[2021-10-19 10:25:41 #7 type.registry] 
New type domain.Prediction

[2021-10-19 10:25:41 #8 type.registry] 
New type java.util.Vector<domain.Prediction>

[2021-10-19 10:25:41 #9 type] 
Type domain.Prediction is not enhanced.

[2021-10-19 10:25:41 #10 type.registry] 
New type domain.Bet

[2021-10-19 10:25:41 #11 type.registry] 
New type java.util.Vector<domain.Bet>

[2021-10-19 10:25:41 #12 type] 
Type domain.Bet is not enhanced.

[2021-10-19 10:25:41 #13 type.registry] 
New type domain.Person

[2021-10-19 10:25:41 #14 type.registry] 
New type domain.RegisteredClient

[2021-10-19 10:25:41 #15 type] 
Type domain.Person is not enhanced.

[2021-10-19 10:25:41 #16 type] 
Type domain.RegisteredClient is not enhanced.

[2021-10-19 10:25:41 #17 type.registry] 
New type domain.ReplicatedProperties

[2021-10-19 10:25:41 #18 type.registry] 
New type java.util.HashMap<domain.RegisteredClient,domain.ReplicatedProperties>

[2021-10-19 10:25:41 #19 type.registry] 
New type domain.Movements

[2021-10-19 10:25:41 #20 type.registry] 
New type java.util.Vector<domain.Movements>

[2021-10-19 10:25:41 #21 type] 
Type domain.ReplicatedProperties is not enhanced.

[2021-10-19 10:25:41 #22 type] 
Type domain.Movements is not enhanced.

[2021-10-19 10:25:41 #23 type.registry] 
New type java.util.Vector<java.lang.Object>

[2021-10-19 10:25:42 #24 type.registry] 
New type java.util.HashMap<java.lang.Object,java.lang.Object>

------------------------------------------------------------------------------------------------------------------------

[2021-10-19 10:28:05 #1 store] 
Database 'C:\Users\karpe\git\repository2\3iterazioa\src\main\resources\bets.temp' is opened by 436@LAPTOP-O54S2HDJ

[2021-10-19 10:28:05 #2 type.registry] 
New type domain.Event

[2021-10-19 10:28:05 #3 type] 
Type domain.Event is not enhanced.

[2021-10-19 10:28:05 #4 type.registry] 
New type domain.Question

[2021-10-19 10:28:05 #5 type.registry] 
New type java.util.Vector<domain.Question>

[2021-10-19 10:28:06 #6 type] 
Type domain.Question is not enhanced.

[2021-10-19 10:28:06 #7 type.registry] 
New type domain.Prediction

[2021-10-19 10:28:06 #8 type.registry] 
New type java.util.Vector<domain.Prediction>

[2021-10-19 10:28:06 #9 type] 
Type domain.Prediction is not enhanced.

[2021-10-19 10:28:06 #10 type.registry] 
New type domain.Bet

[2021-10-19 10:28:06 #11 type.registry] 
New type java.util.Vector<domain.Bet>

[2021-10-19 10:28:06 #12 type] 
Type domain.Bet is not enhanced.

[2021-10-19 10:28:06 #13 type.registry] 
New type domain.Person

[2021-10-19 10:28:06 #14 type.registry] 
New type domain.RegisteredClient

[2021-10-19 10:28:06 #15 type] 
Type domain.Person is not enhanced.

[2021-10-19 10:28:06 #16 type] 
Type domain.RegisteredClient is not enhanced.

[2021-10-19 10:28:06 #17 type.registry] 
New type domain.ReplicatedProperties

[2021-10-19 10:28:06 #18 type.registry] 
New type java.util.HashMap<domain.RegisteredClient,domain.ReplicatedProperties>

[2021-10-19 10:28:06 #19 type.registry] 
New type domain.Movements

[2021-10-19 10:28:06 #20 type.registry] 
New type java.util.Vector<domain.Movements>

[2021-10-19 10:28:06 #21 type] 
Type domain.ReplicatedProperties is not enhanced.

[2021-10-19 10:28:06 #22 type] 
Type domain.Movements is not enhanced.

[2021-10-19 10:28:06 #23 type.registry] 
New type java.util.Vector<java.lang.Object>

[2021-10-19 10:28:06 #24 type.registry] 
New type java.util.HashMap<java.lang.Object,java.lang.Object>

------------------------------------------------------------------------------------------------------------------------

[2021-10-19 10:28:58 #1 store] 
Database 'C:\Users\karpe\git\repository2\3iterazioa\src\main\resources\bets.temp' is opened by 1088@LAPTOP-O54S2HDJ

[2021-10-19 10:28:59 #2 type.registry] 
New type domain.Event

[2021-10-19 10:28:59 #3 type] 
Type domain.Event is not enhanced.

[2021-10-19 10:28:59 #4 type.registry] 
New type domain.Question

[2021-10-19 10:28:59 #5 type.registry] 
New type java.util.Vector<domain.Question>

[2021-10-19 10:28:59 #6 type] 
Type domain.Question is not enhanced.

[2021-10-19 10:28:59 #7 type.registry] 
New type domain.Prediction

[2021-10-19 10:28:59 #8 type.registry] 
New type java.util.Vector<domain.Prediction>

[2021-10-19 10:28:59 #9 type] 
Type domain.Prediction is not enhanced.

[2021-10-19 10:28:59 #10 type.registry] 
New type domain.Bet

[2021-10-19 10:28:59 #11 type.registry] 
New type java.util.Vector<domain.Bet>

[2021-10-19 10:28:59 #12 type] 
Type domain.Bet is not enhanced.

[2021-10-19 10:28:59 #13 type.registry] 
New type domain.Person

[2021-10-19 10:28:59 #14 type.registry] 
New type domain.RegisteredClient

[2021-10-19 10:28:59 #15 type] 
Type domain.Person is not enhanced.

[2021-10-19 10:28:59 #16 type] 
Type domain.RegisteredClient is not enhanced.

[2021-10-19 10:28:59 #17 type.registry] 
New type domain.ReplicatedProperties

[2021-10-19 10:28:59 #18 type.registry] 
New type java.util.HashMap<domain.RegisteredClient,domain.ReplicatedProperties>

[2021-10-19 10:28:59 #19 type.registry] 
New type domain.Movements

[2021-10-19 10:28:59 #20 type.registry] 
New type java.util.Vector<domain.Movements>

[2021-10-19 10:28:59 #21 type] 
Type domain.ReplicatedProperties is not enhanced.

[2021-10-19 10:28:59 #22 type] 
Type domain.Movements is not enhanced.

[2021-10-19 10:28:59 #23 type.registry] 
New type java.util.Vector<java.lang.Object>

[2021-10-19 10:28:59 #24 type.registry] 
New type java.util.HashMap<java.lang.Object,java.lang.Object>

------------------------------------------------------------------------------------------------------------------------

[2021-10-19 10:30:14 #1 store] 
Database 'C:\Users\karpe\git\repository2\3iterazioa\src\main\resources\bets.temp' is opened by 22176@LAPTOP-O54S2HDJ

[2021-10-19 10:30:14 #2 type.registry] 
New type domain.Event

[2021-10-19 10:30:14 #3 type] 
Type domain.Event is not enhanced.

[2021-10-19 10:30:14 #4 type.registry] 
New type domain.Question

[2021-10-19 10:30:15 #5 type.registry] 
New type java.util.Vector<domain.Question>

[2021-10-19 10:30:15 #6 type] 
Type domain.Question is not enhanced.

[2021-10-19 10:30:15 #7 type.registry] 
New type domain.Prediction

[2021-10-19 10:30:15 #8 type.registry] 
New type java.util.Vector<domain.Prediction>

[2021-10-19 10:30:15 #9 type] 
Type domain.Prediction is not enhanced.

[2021-10-19 10:30:15 #10 type.registry] 
New type domain.Bet

[2021-10-19 10:30:15 #11 type.registry] 
New type java.util.Vector<domain.Bet>

[2021-10-19 10:30:15 #12 type] 
Type domain.Bet is not enhanced.

[2021-10-19 10:30:15 #13 type.registry] 
New type domain.Person

[2021-10-19 10:30:15 #14 type.registry] 
New type domain.RegisteredClient

[2021-10-19 10:30:15 #15 type] 
Type domain.Person is not enhanced.

[2021-10-19 10:30:15 #16 type] 
Type domain.RegisteredClient is not enhanced.

[2021-10-19 10:30:15 #17 type.registry] 
New type domain.ReplicatedProperties

[2021-10-19 10:30:15 #18 type.registry] 
New type java.util.HashMap<domain.RegisteredClient,domain.ReplicatedProperties>

[2021-10-19 10:30:15 #19 type.registry] 
New type domain.Movements

[2021-10-19 10:30:15 #20 type.registry] 
New type java.util.Vector<domain.Movements>

[2021-10-19 10:30:15 #21 type] 
Type domain.ReplicatedProperties is not enhanced.

[2021-10-19 10:30:15 #22 type] 
Type domain.Movements is not enhanced.

[2021-10-19 10:30:15 #23 type.registry] 
New type java.util.Vector<java.lang.Object>

[2021-10-19 10:30:15 #24 type.registry] 
New type java.util.HashMap<java.lang.Object,java.lang.Object>

------------------------------------------------------------------------------------------------------------------------

[2021-10-19 10:31:27 #1 store] 
Database 'C:\Users\karpe\git\repository2\3iterazioa\src\main\resources\bets.temp' is opened by 15568@LAPTOP-O54S2HDJ

[2021-10-19 10:31:27 #2 type.registry] 
New type domain.Event

[2021-10-19 10:31:27 #3 type] 
Type domain.Event is not enhanced.

[2021-10-19 10:31:27 #4 type.registry] 
New type domain.Question

[2021-10-19 10:31:27 #5 type.registry] 
New type java.util.Vector<domain.Question>

[2021-10-19 10:31:27 #6 type] 
Type domain.Question is not enhanced.

[2021-10-19 10:31:27 #7 type.registry] 
New type domain.Prediction

[2021-10-19 10:31:27 #8 type.registry] 
New type java.util.Vector<domain.Prediction>

[2021-10-19 10:31:27 #9 type] 
Type domain.Prediction is not enhanced.

[2021-10-19 10:31:27 #10 type.registry] 
New type domain.Bet

[2021-10-19 10:31:27 #11 type.registry] 
New type java.util.Vector<domain.Bet>

[2021-10-19 10:31:27 #12 type] 
Type domain.Bet is not enhanced.

[2021-10-19 10:31:27 #13 type.registry] 
New type domain.Person

[2021-10-19 10:31:27 #14 type.registry] 
New type domain.RegisteredClient

[2021-10-19 10:31:27 #15 type] 
Type domain.Person is not enhanced.

[2021-10-19 10:31:27 #16 type] 
Type domain.RegisteredClient is not enhanced.

[2021-10-19 10:31:27 #17 type.registry] 
New type domain.ReplicatedProperties

[2021-10-19 10:31:27 #18 type.registry] 
New type java.util.HashMap<domain.RegisteredClient,domain.ReplicatedProperties>

[2021-10-19 10:31:27 #19 type.registry] 
New type domain.Movements

[2021-10-19 10:31:27 #20 type.registry] 
New type java.util.Vector<domain.Movements>

[2021-10-19 10:31:27 #21 type] 
Type domain.ReplicatedProperties is not enhanced.

[2021-10-19 10:31:27 #22 type] 
Type domain.Movements is not enhanced.

[2021-10-19 10:31:27 #23 type.registry] 
New type java.util.Vector<java.lang.Object>

[2021-10-19 10:31:27 #24 type.registry] 
New type java.util.HashMap<java.lang.Object,java.lang.Object>

------------------------------------------------------------------------------------------------------------------------

[2021-10-19 10:31:57 #1 store] 
Database 'C:\Users\karpe\git\repository2\3iterazioa\src\main\resources\bets.temp' is opened by 6532@LAPTOP-O54S2HDJ

[2021-10-19 10:31:58 #2 type.registry] 
New type domain.Event

[2021-10-19 10:31:58 #3 type] 
Type domain.Event is not enhanced.

[2021-10-19 10:31:58 #4 type.registry] 
New type domain.Question

[2021-10-19 10:31:58 #5 type.registry] 
New type java.util.Vector<domain.Question>

[2021-10-19 10:31:58 #6 type] 
Type domain.Question is not enhanced.

[2021-10-19 10:31:58 #7 type.registry] 
New type domain.Prediction

[2021-10-19 10:31:58 #8 type.registry] 
New type java.util.Vector<domain.Prediction>

[2021-10-19 10:31:58 #9 type] 
Type domain.Prediction is not enhanced.

[2021-10-19 10:31:58 #10 type.registry] 
New type domain.Bet

[2021-10-19 10:31:58 #11 type.registry] 
New type java.util.Vector<domain.Bet>

[2021-10-19 10:31:58 #12 type] 
Type domain.Bet is not enhanced.

[2021-10-19 10:31:58 #13 type.registry] 
New type domain.Person

[2021-10-19 10:31:58 #14 type.registry] 
New type domain.RegisteredClient

[2021-10-19 10:31:58 #15 type] 
Type domain.Person is not enhanced.

[2021-10-19 10:31:58 #16 type] 
Type domain.RegisteredClient is not enhanced.

[2021-10-19 10:31:58 #17 type.registry] 
New type domain.ReplicatedProperties

[2021-10-19 10:31:58 #18 type.registry] 
New type java.util.HashMap<domain.RegisteredClient,domain.ReplicatedProperties>

[2021-10-19 10:31:58 #19 type.registry] 
New type domain.Movements

[2021-10-19 10:31:58 #20 type.registry] 
New type java.util.Vector<domain.Movements>

[2021-10-19 10:31:58 #21 type] 
Type domain.ReplicatedProperties is not enhanced.

[2021-10-19 10:31:58 #22 type] 
Type domain.Movements is not enhanced.

[2021-10-19 10:31:58 #23 type.registry] 
New type java.util.Vector<java.lang.Object>

[2021-10-19 10:31:58 #24 type.registry] 
New type java.util.HashMap<java.lang.Object,java.lang.Object>

------------------------------------------------------------------------------------------------------------------------

[2021-10-19 10:35:40 #1 store] 
Database 'C:\Users\karpe\git\repository2\3iterazioa\src\main\resources\bets.temp' is opened by 21000@LAPTOP-O54S2HDJ

[2021-10-19 10:35:41 #2 type.registry] 
New type domain.Event

[2021-10-19 10:35:41 #3 type] 
Type domain.Event is not enhanced.

[2021-10-19 10:35:41 #4 type.registry] 
New type domain.Question

[2021-10-19 10:35:41 #5 type.registry] 
New type java.util.Vector<domain.Question>

[2021-10-19 10:35:41 #6 type] 
Type domain.Question is not enhanced.

[2021-10-19 10:35:41 #7 type.registry] 
New type domain.Prediction

[2021-10-19 10:35:41 #8 type.registry] 
New type java.util.Vector<domain.Prediction>

[2021-10-19 10:35:41 #9 type] 
Type domain.Prediction is not enhanced.

[2021-10-19 10:35:41 #10 type.registry] 
New type domain.Bet

[2021-10-19 10:35:41 #11 type.registry] 
New type java.util.Vector<domain.Bet>

[2021-10-19 10:35:41 #12 type] 
Type domain.Bet is not enhanced.

[2021-10-19 10:35:41 #13 type.registry] 
New type domain.Person

[2021-10-19 10:35:41 #14 type.registry] 
New type domain.RegisteredClient

[2021-10-19 10:35:41 #15 type] 
Type domain.Person is not enhanced.

[2021-10-19 10:35:41 #16 type] 
Type domain.RegisteredClient is not enhanced.

[2021-10-19 10:35:41 #17 type.registry] 
New type domain.ReplicatedProperties

[2021-10-19 10:35:41 #18 type.registry] 
New type java.util.HashMap<domain.RegisteredClient,domain.ReplicatedProperties>

[2021-10-19 10:35:41 #19 type.registry] 
New type domain.Movements

[2021-10-19 10:35:41 #20 type.registry] 
New type java.util.Vector<domain.Movements>

[2021-10-19 10:35:41 #21 type] 
Type domain.ReplicatedProperties is not enhanced.

[2021-10-19 10:35:41 #22 type] 
Type domain.Movements is not enhanced.

[2021-10-19 10:35:41 #23 type.registry] 
New type java.util.Vector<java.lang.Object>

[2021-10-19 10:35:41 #24 type.registry] 
New type java.util.HashMap<java.lang.Object,java.lang.Object>

------------------------------------------------------------------------------------------------------------------------

[2021-10-19 10:37:26 #1 store] 
Database 'C:\Users\karpe\git\repository2\3iterazioa\src\main\resources\bets.temp' is opened by 25980@LAPTOP-O54S2HDJ

[2021-10-19 10:37:26 #2 type.registry] 
New type domain.Event

[2021-10-19 10:37:26 #3 type] 
Type domain.Event is not enhanced.

[2021-10-19 10:37:26 #4 type.registry] 
New type domain.Question

[2021-10-19 10:37:26 #5 type.registry] 
New type java.util.Vector<domain.Question>

[2021-10-19 10:37:26 #6 type] 
Type domain.Question is not enhanced.

[2021-10-19 10:37:26 #7 type.registry] 
New type domain.Prediction

[2021-10-19 10:37:26 #8 type.registry] 
New type java.util.Vector<domain.Prediction>

[2021-10-19 10:37:26 #9 type] 
Type domain.Prediction is not enhanced.

[2021-10-19 10:37:26 #10 type.registry] 
New type domain.Bet

[2021-10-19 10:37:26 #11 type.registry] 
New type java.util.Vector<domain.Bet>

[2021-10-19 10:37:26 #12 type] 
Type domain.Bet is not enhanced.

[2021-10-19 10:37:27 #13 type.registry] 
New type domain.Person

[2021-10-19 10:37:27 #14 type.registry] 
New type domain.RegisteredClient

[2021-10-19 10:37:27 #15 type] 
Type domain.Person is not enhanced.

[2021-10-19 10:37:27 #16 type] 
Type domain.RegisteredClient is not enhanced.

[2021-10-19 10:37:27 #17 type.registry] 
New type domain.ReplicatedProperties

[2021-10-19 10:37:27 #18 type.registry] 
New type java.util.HashMap<domain.RegisteredClient,domain.ReplicatedProperties>

[2021-10-19 10:37:27 #19 type.registry] 
New type domain.Movements

[2021-10-19 10:37:27 #20 type.registry] 
New type java.util.Vector<domain.Movements>

[2021-10-19 10:37:27 #21 type] 
Type domain.ReplicatedProperties is not enhanced.

[2021-10-19 10:37:27 #22 type] 
Type domain.Movements is not enhanced.

[2021-10-19 10:37:27 #23 type.registry] 
New type java.util.Vector<java.lang.Object>

[2021-10-19 10:37:27 #24 type.registry] 
New type java.util.HashMap<java.lang.Object,java.lang.Object>

------------------------------------------------------------------------------------------------------------------------

[2021-10-19 10:38:15 #1 store] 
Database 'C:\Users\karpe\git\repository2\3iterazioa\src\main\resources\bets.temp' is opened by 12820@LAPTOP-O54S2HDJ

[2021-10-19 10:38:16 #2 type.registry] 
New type domain.Event

[2021-10-19 10:38:16 #3 type] 
Type domain.Event is not enhanced.

[2021-10-19 10:38:16 #4 type.registry] 
New type domain.Question

[2021-10-19 10:38:16 #5 type.registry] 
New type java.util.Vector<domain.Question>

[2021-10-19 10:38:16 #6 type] 
Type domain.Question is not enhanced.

[2021-10-19 10:38:16 #7 type.registry] 
New type domain.Prediction

[2021-10-19 10:38:16 #8 type.registry] 
New type java.util.Vector<domain.Prediction>

[2021-10-19 10:38:16 #9 type] 
Type domain.Prediction is not enhanced.

[2021-10-19 10:38:16 #10 type.registry] 
New type domain.Bet

[2021-10-19 10:38:16 #11 type.registry] 
New type java.util.Vector<domain.Bet>

[2021-10-19 10:38:16 #12 type] 
Type domain.Bet is not enhanced.

[2021-10-19 10:38:16 #13 type.registry] 
New type domain.Person

[2021-10-19 10:38:16 #14 type.registry] 
New type domain.RegisteredClient

[2021-10-19 10:38:16 #15 type] 
Type domain.Person is not enhanced.

[2021-10-19 10:38:16 #16 type] 
Type domain.RegisteredClient is not enhanced.

[2021-10-19 10:38:16 #17 type.registry] 
New type domain.ReplicatedProperties

[2021-10-19 10:38:16 #18 type.registry] 
New type java.util.HashMap<domain.RegisteredClient,domain.ReplicatedProperties>

[2021-10-19 10:38:16 #19 type.registry] 
New type domain.Movements

[2021-10-19 10:38:16 #20 type.registry] 
New type java.util.Vector<domain.Movements>

[2021-10-19 10:38:16 #21 type] 
Type domain.ReplicatedProperties is not enhanced.

[2021-10-19 10:38:16 #22 type] 
Type domain.Movements is not enhanced.

[2021-10-19 10:38:16 #23 type.registry] 
New type java.util.Vector<java.lang.Object>

[2021-10-19 10:38:16 #24 type.registry] 
New type java.util.HashMap<java.lang.Object,java.lang.Object>

------------------------------------------------------------------------------------------------------------------------

[2021-10-19 10:39:09 #1 store] 
Database 'C:\Users\karpe\git\repository2\3iterazioa\src\main\resources\bets.temp' is opened by 23220@LAPTOP-O54S2HDJ

[2021-10-19 10:39:10 #2 type.registry] 
New type domain.Event

[2021-10-19 10:39:10 #3 type] 
Type domain.Event is not enhanced.

[2021-10-19 10:39:10 #4 type.registry] 
New type domain.Question

[2021-10-19 10:39:10 #5 type.registry] 
New type java.util.Vector<domain.Question>

[2021-10-19 10:39:10 #6 type] 
Type domain.Question is not enhanced.

[2021-10-19 10:39:10 #7 type.registry] 
New type domain.Prediction

[2021-10-19 10:39:10 #8 type.registry] 
New type java.util.Vector<domain.Prediction>

[2021-10-19 10:39:10 #9 type] 
Type domain.Prediction is not enhanced.

[2021-10-19 10:39:10 #10 type.registry] 
New type domain.Bet

[2021-10-19 10:39:10 #11 type.registry] 
New type java.util.Vector<domain.Bet>

[2021-10-19 10:39:10 #12 type] 
Type domain.Bet is not enhanced.

[2021-10-19 10:39:10 #13 type.registry] 
New type domain.Person

[2021-10-19 10:39:10 #14 type.registry] 
New type domain.RegisteredClient

[2021-10-19 10:39:10 #15 type] 
Type domain.Person is not enhanced.

[2021-10-19 10:39:10 #16 type] 
Type domain.RegisteredClient is not enhanced.

[2021-10-19 10:39:10 #17 type.registry] 
New type domain.ReplicatedProperties

[2021-10-19 10:39:10 #18 type.registry] 
New type java.util.HashMap<domain.RegisteredClient,domain.ReplicatedProperties>

[2021-10-19 10:39:10 #19 type.registry] 
New type domain.Movements

[2021-10-19 10:39:10 #20 type.registry] 
New type java.util.Vector<domain.Movements>

[2021-10-19 10:39:10 #21 type] 
Type domain.ReplicatedProperties is not enhanced.

[2021-10-19 10:39:10 #22 type] 
Type domain.Movements is not enhanced.

[2021-10-19 10:39:10 #23 type.registry] 
New type java.util.Vector<java.lang.Object>

[2021-10-19 10:39:10 #24 type.registry] 
New type java.util.HashMap<java.lang.Object,java.lang.Object>

