------------------------------------------------------------------------------------------------------------------------

[2021-03-29 10:56:19 #1 store] 
Database 'C:\Users\proce\Desktop\EHU\2. Urtea\2. Cuatri\SI--SE\Mikel\Proiektua\WORKSPACE\Bets21\src\main\resources\bets.temp' is opened by 2488@DESKTOP-RHU8OVS

[2021-03-29 10:56:19 #2 type] 
Type domain.Person is not enhanced.

[2021-03-29 10:56:19 #3 type] 
Type domain.Admin is not enhanced.

[2021-03-29 10:56:19 #4 type] 
Type domain.Worker is not enhanced.

[2021-03-29 10:56:19 #5 type] 
Type domain.RegisteredClient is not enhanced.

[2021-03-29 10:56:19 #6 type] 
Type domain.Question is not enhanced.

[2021-03-29 10:56:19 #7 type] 
Type domain.Event is not enhanced.

------------------------------------------------------------------------------------------------------------------------

[2021-03-29 11:03:40 #1 store] 
Database 'C:\Users\proce\Desktop\EHU\2. Urtea\2. Cuatri\SI--SE\Mikel\Proiektua\WORKSPACE\Bets21\src\main\resources\bets.temp' is opened by 16068@DESKTOP-RHU8OVS

[2021-03-29 11:03:40 #2 type] 
Type domain.Person is not enhanced.

[2021-03-29 11:03:40 #3 type] 
Type domain.Admin is not enhanced.

[2021-03-29 11:03:40 #4 type] 
Type domain.Worker is not enhanced.

[2021-03-29 11:03:40 #5 type] 
Type domain.RegisteredClient is not enhanced.

[2021-03-29 11:03:40 #6 type] 
Type domain.Question is not enhanced.

[2021-03-29 11:03:40 #7 type] 
Type domain.Event is not enhanced.

------------------------------------------------------------------------------------------------------------------------

[2021-03-29 11:09:07 #1 store] 
Database 'C:\Users\proce\Desktop\EHU\2. Urtea\2. Cuatri\SI--SE\Mikel\Proiektua\WORKSPACE\Bets21\src\main\resources\bets.temp' is opened by 13640@DESKTOP-RHU8OVS

[2021-03-29 11:09:07 #2 type] 
Type domain.Person is not enhanced.

[2021-03-29 11:09:07 #3 type] 
Type domain.Admin is not enhanced.

[2021-03-29 11:09:07 #4 type] 
Type domain.Worker is not enhanced.

[2021-03-29 11:09:07 #5 type] 
Type domain.RegisteredClient is not enhanced.

[2021-03-29 11:09:07 #6 type] 
Type domain.Question is not enhanced.

[2021-03-29 11:09:07 #7 type] 
Type domain.Event is not enhanced.

------------------------------------------------------------------------------------------------------------------------

[2021-03-29 11:09:40 #1 store] 
Database 'C:\Users\proce\Desktop\EHU\2. Urtea\2. Cuatri\SI--SE\Mikel\Proiektua\WORKSPACE\Bets21\src\main\resources\bets.temp' is opened by 11312@DESKTOP-RHU8OVS

[2021-03-29 11:09:40 #2 type] 
Type domain.Person is not enhanced.

[2021-03-29 11:09:40 #3 type] 
Type domain.Admin is not enhanced.

[2021-03-29 11:09:40 #4 type] 
Type domain.Worker is not enhanced.

[2021-03-29 11:09:40 #5 type] 
Type domain.RegisteredClient is not enhanced.

[2021-03-29 11:09:41 #6 type] 
Type domain.Question is not enhanced.

[2021-03-29 11:09:41 #7 type] 
Type domain.Event is not enhanced.

------------------------------------------------------------------------------------------------------------------------

[2021-03-29 11:12:00 #1 store] 
Database 'C:\Users\proce\Desktop\EHU\2. Urtea\2. Cuatri\SI--SE\Mikel\Proiektua\WORKSPACE\Bets21\src\main\resources\bets.temp' is opened by 6672@DESKTOP-RHU8OVS

[2021-03-29 11:12:00 #2 type] 
Type domain.Person is not enhanced.

[2021-03-29 11:12:00 #3 type] 
Type domain.Admin is not enhanced.

[2021-03-29 11:12:00 #4 type] 
Type domain.Worker is not enhanced.

[2021-03-29 11:12:00 #5 type] 
Type domain.RegisteredClient is not enhanced.

[2021-03-29 11:12:00 #6 type] 
Type domain.Question is not enhanced.

[2021-03-29 11:12:00 #7 type] 
Type domain.Event is not enhanced.

------------------------------------------------------------------------------------------------------------------------

[2021-03-29 11:12:46 #1 store] 
Database 'C:\Users\proce\Desktop\EHU\2. Urtea\2. Cuatri\SI--SE\Mikel\Proiektua\WORKSPACE\Bets21\src\main\resources\bets.temp' is opened by 6676@DESKTOP-RHU8OVS

[2021-03-29 11:12:46 #2 type] 
Type domain.Person is not enhanced.

[2021-03-29 11:12:46 #3 type] 
Type domain.Admin is not enhanced.

[2021-03-29 11:12:46 #4 type] 
Type domain.Worker is not enhanced.

[2021-03-29 11:12:46 #5 type] 
Type domain.RegisteredClient is not enhanced.

[2021-03-29 11:12:46 #6 type] 
Type domain.Question is not enhanced.

[2021-03-29 11:12:46 #7 type] 
Type domain.Event is not enhanced.

------------------------------------------------------------------------------------------------------------------------

[2021-03-29 11:17:22 #1 store] 
Database 'C:\Users\proce\Desktop\EHU\2. Urtea\2. Cuatri\SI--SE\Mikel\Proiektua\WORKSPACE\Bets21\src\main\resources\bets.temp' is opened by 10568@DESKTOP-RHU8OVS

[2021-03-29 11:17:22 #2 type] 
Type domain.Person is not enhanced.

[2021-03-29 11:17:22 #3 type] 
Type domain.Admin is not enhanced.

[2021-03-29 11:17:22 #4 type] 
Type domain.Worker is not enhanced.

[2021-03-29 11:17:22 #5 type] 
Type domain.RegisteredClient is not enhanced.

[2021-03-29 11:17:22 #6 type] 
Type domain.Question is not enhanced.

[2021-03-29 11:17:22 #7 type] 
Type domain.Event is not enhanced.

------------------------------------------------------------------------------------------------------------------------

[2021-03-29 11:40:50 #1 store] 
Database 'C:\Users\proce\Desktop\EHU\2. Urtea\2. Cuatri\SI--SE\Mikel\Proiektua\WORKSPACE\Bets21\src\main\resources\bets.temp' is opened by 4484@DESKTOP-RHU8OVS

[2021-03-29 11:40:50 #2 type] 
Type domain.Person is not enhanced.

[2021-03-29 11:40:50 #3 type] 
Type domain.Admin is not enhanced.

[2021-03-29 11:40:50 #4 type] 
Type domain.Worker is not enhanced.

[2021-03-29 11:40:50 #5 type] 
Type domain.RegisteredClient is not enhanced.

[2021-03-29 11:40:51 #6 type] 
Type domain.Question is not enhanced.

[2021-03-29 11:40:51 #7 type] 
Type domain.Event is not enhanced.

[2021-03-29 11:41:08 #8 type.registry] 
New type com.objectdb.o.QRY

[2021-03-29 11:41:08 #9 type.registry] 
New type com.objectdb.jpa.JpaQuery

[2021-03-29 11:41:08 #10 type.registry] 
New type com.objectdb.jdo.JdoQuery

[2021-03-29 11:41:08 #11 *] 
java.lang.NullPointerException
	at com.objectdb.o.ERM.h(ERM.java:67)
	at com.objectdb.o.TVS.g(TVS.java:104)
	at com.objectdb.o.TVS.g(TVS.java:93)
	at com.objectdb.jpa.EMImpl.remove(EMImpl.java:438)
	at dataAccess.DataAccess.deleteEvent(DataAccess.java:373)
	at businessLogic.BLFacadeImplementation.deleteEvent(BLFacadeImplementation.java:193)
	at gui.DeleteEventGUI$1.actionPerformed(DeleteEventGUI.java:138)
	at java.desktop/javax.swing.AbstractButton.fireActionPerformed(AbstractButton.java:1967)
	at java.desktop/javax.swing.AbstractButton$Handler.actionPerformed(AbstractButton.java:2308)
	at java.desktop/javax.swing.DefaultButtonModel.fireActionPerformed(DefaultButtonModel.java:405)
	at java.desktop/javax.swing.DefaultButtonModel.setPressed(DefaultButtonModel.java:262)
	at java.desktop/javax.swing.plaf.basic.BasicButtonListener.mouseReleased(BasicButtonListener.java:279)
	at java.desktop/java.awt.Component.processMouseEvent(Component.java:6636)
	at java.desktop/javax.swing.JComponent.processMouseEvent(JComponent.java:3342)
	at java.desktop/java.awt.Component.processEvent(Component.java:6401)
	at java.desktop/java.awt.Container.processEvent(Container.java:2263)
	at java.desktop/java.awt.Component.dispatchEventImpl(Component.java:5012)
	at java.desktop/java.awt.Container.dispatchEventImpl(Container.java:2321)
	at java.desktop/java.awt.Component.dispatchEvent(Component.java:4844)
	at java.desktop/java.awt.LightweightDispatcher.retargetMouseEvent(Container.java:4918)
	at java.desktop/java.awt.LightweightDispatcher.processMouseEvent(Container.java:4547)
	at java.desktop/java.awt.LightweightDispatcher.dispatchEvent(Container.java:4488)
	at java.desktop/java.awt.Container.dispatchEventImpl(Container.java:2307)
	at java.desktop/java.awt.Window.dispatchEventImpl(Window.java:2762)
	at java.desktop/java.awt.Component.dispatchEvent(Component.java:4844)
	at java.desktop/java.awt.EventQueue.dispatchEventImpl(EventQueue.java:772)
	at java.desktop/java.awt.EventQueue$4.run(EventQueue.java:721)
	at java.desktop/java.awt.EventQueue$4.run(EventQueue.java:715)
	at java.base/java.security.AccessController.doPrivileged(AccessController.java:391)
	at java.base/java.security.ProtectionDomain$JavaSecurityAccessImpl.doIntersectionPrivilege(ProtectionDomain.java:85)
	at java.base/java.security.ProtectionDomain$JavaSecurityAccessImpl.doIntersectionPrivilege(ProtectionDomain.java:95)
	at java.desktop/java.awt.EventQueue$5.run(EventQueue.java:745)
	at java.desktop/java.awt.EventQueue$5.run(EventQueue.java:743)
	at java.base/java.security.AccessController.doPrivileged(AccessController.java:391)
	at java.base/java.security.ProtectionDomain$JavaSecurityAccessImpl.doIntersectionPrivilege(ProtectionDomain.java:85)
	at java.desktop/java.awt.EventQueue.dispatchEvent(EventQueue.java:742)
	at java.desktop/java.awt.EventDispatchThread.pumpOneEventForFilters(EventDispatchThread.java:203)
	at java.desktop/java.awt.EventDispatchThread.pumpEventsForFilter(EventDispatchThread.java:124)
	at java.desktop/java.awt.EventDispatchThread.pumpEventsForHierarchy(EventDispatchThread.java:113)
	at java.desktop/java.awt.EventDispatchThread.pumpEvents(EventDispatchThread.java:109)
	at java.desktop/java.awt.EventDispatchThread.pumpEvents(EventDispatchThread.java:101)
	at java.desktop/java.awt.EventDispatchThread.run(EventDispatchThread.java:90)

------------------------------------------------------------------------------------------------------------------------

[2021-03-29 11:45:54 #1 store] 
Database 'C:\Users\proce\Desktop\EHU\2. Urtea\2. Cuatri\SI--SE\Mikel\Proiektua\WORKSPACE\Bets21\src\main\resources\bets.temp' has been recovered (tr. 21-21)

[2021-03-29 11:45:54 #2 store] 
Database 'C:\Users\proce\Desktop\EHU\2. Urtea\2. Cuatri\SI--SE\Mikel\Proiektua\WORKSPACE\Bets21\src\main\resources\bets.temp' is opened by 13124@DESKTOP-RHU8OVS

[2021-03-29 11:45:54 #3 type] 
Type domain.Person is not enhanced.

[2021-03-29 11:45:54 #4 type] 
Type domain.Admin is not enhanced.

[2021-03-29 11:45:54 #5 type] 
Type domain.Worker is not enhanced.

[2021-03-29 11:45:54 #6 type] 
Type domain.RegisteredClient is not enhanced.

[2021-03-29 11:45:54 #7 type] 
Type domain.Question is not enhanced.

[2021-03-29 11:45:54 #8 type] 
Type domain.Event is not enhanced.

[2021-03-29 11:46:08 #9 *] 
java.lang.NullPointerException
	at com.objectdb.o.ERM.h(ERM.java:67)
	at com.objectdb.o.TVS.g(TVS.java:104)
	at com.objectdb.o.TVS.g(TVS.java:93)
	at com.objectdb.jpa.EMImpl.remove(EMImpl.java:438)
	at dataAccess.DataAccess.deleteEvent(DataAccess.java:373)
	at businessLogic.BLFacadeImplementation.deleteEvent(BLFacadeImplementation.java:193)
	at gui.DeleteEventGUI$1.actionPerformed(DeleteEventGUI.java:138)
	at java.desktop/javax.swing.AbstractButton.fireActionPerformed(AbstractButton.java:1967)
	at java.desktop/javax.swing.AbstractButton$Handler.actionPerformed(AbstractButton.java:2308)
	at java.desktop/javax.swing.DefaultButtonModel.fireActionPerformed(DefaultButtonModel.java:405)
	at java.desktop/javax.swing.DefaultButtonModel.setPressed(DefaultButtonModel.java:262)
	at java.desktop/javax.swing.plaf.basic.BasicButtonListener.mouseReleased(BasicButtonListener.java:279)
	at java.desktop/java.awt.Component.processMouseEvent(Component.java:6636)
	at java.desktop/javax.swing.JComponent.processMouseEvent(JComponent.java:3342)
	at java.desktop/java.awt.Component.processEvent(Component.java:6401)
	at java.desktop/java.awt.Container.processEvent(Container.java:2263)
	at java.desktop/java.awt.Component.dispatchEventImpl(Component.java:5012)
	at java.desktop/java.awt.Container.dispatchEventImpl(Container.java:2321)
	at java.desktop/java.awt.Component.dispatchEvent(Component.java:4844)
	at java.desktop/java.awt.LightweightDispatcher.retargetMouseEvent(Container.java:4918)
	at java.desktop/java.awt.LightweightDispatcher.processMouseEvent(Container.java:4547)
	at java.desktop/java.awt.LightweightDispatcher.dispatchEvent(Container.java:4488)
	at java.desktop/java.awt.Container.dispatchEventImpl(Container.java:2307)
	at java.desktop/java.awt.Window.dispatchEventImpl(Window.java:2762)
	at java.desktop/java.awt.Component.dispatchEvent(Component.java:4844)
	at java.desktop/java.awt.EventQueue.dispatchEventImpl(EventQueue.java:772)
	at java.desktop/java.awt.EventQueue$4.run(EventQueue.java:721)
	at java.desktop/java.awt.EventQueue$4.run(EventQueue.java:715)
	at java.base/java.security.AccessController.doPrivileged(AccessController.java:391)
	at java.base/java.security.ProtectionDomain$JavaSecurityAccessImpl.doIntersectionPrivilege(ProtectionDomain.java:85)
	at java.base/java.security.ProtectionDomain$JavaSecurityAccessImpl.doIntersectionPrivilege(ProtectionDomain.java:95)
	at java.desktop/java.awt.EventQueue$5.run(EventQueue.java:745)
	at java.desktop/java.awt.EventQueue$5.run(EventQueue.java:743)
	at java.base/java.security.AccessController.doPrivileged(AccessController.java:391)
	at java.base/java.security.ProtectionDomain$JavaSecurityAccessImpl.doIntersectionPrivilege(ProtectionDomain.java:85)
	at java.desktop/java.awt.EventQueue.dispatchEvent(EventQueue.java:742)
	at java.desktop/java.awt.EventDispatchThread.pumpOneEventForFilters(EventDispatchThread.java:203)
	at java.desktop/java.awt.EventDispatchThread.pumpEventsForFilter(EventDispatchThread.java:124)
	at java.desktop/java.awt.EventDispatchThread.pumpEventsForHierarchy(EventDispatchThread.java:113)
	at java.desktop/java.awt.EventDispatchThread.pumpEvents(EventDispatchThread.java:109)
	at java.desktop/java.awt.EventDispatchThread.pumpEvents(EventDispatchThread.java:101)
	at java.desktop/java.awt.EventDispatchThread.run(EventDispatchThread.java:90)

------------------------------------------------------------------------------------------------------------------------

[2021-03-29 11:49:47 #1 store] 
Database 'C:\Users\proce\Desktop\EHU\2. Urtea\2. Cuatri\SI--SE\Mikel\Proiektua\WORKSPACE\Bets21\src\main\resources\bets.temp' is opened by 8492@DESKTOP-RHU8OVS

[2021-03-29 11:49:47 #2 type] 
Type domain.Person is not enhanced.

[2021-03-29 11:49:47 #3 type] 
Type domain.Admin is not enhanced.

[2021-03-29 11:49:47 #4 type] 
Type domain.Worker is not enhanced.

[2021-03-29 11:49:47 #5 type] 
Type domain.RegisteredClient is not enhanced.

[2021-03-29 11:49:47 #6 type] 
Type domain.Question is not enhanced.

[2021-03-29 11:49:47 #7 type] 
Type domain.Event is not enhanced.

[2021-03-29 11:50:01 #8 *] 
java.lang.NullPointerException
	at com.objectdb.o.ERM.h(ERM.java:67)
	at com.objectdb.o.TVS.g(TVS.java:104)
	at com.objectdb.o.TVS.g(TVS.java:93)
	at com.objectdb.jpa.EMImpl.remove(EMImpl.java:438)
	at dataAccess.DataAccess.deleteEvent(DataAccess.java:371)
	at businessLogic.BLFacadeImplementation.deleteEvent(BLFacadeImplementation.java:193)
	at gui.DeleteEventGUI$1.actionPerformed(DeleteEventGUI.java:138)
	at java.desktop/javax.swing.AbstractButton.fireActionPerformed(AbstractButton.java:1967)
	at java.desktop/javax.swing.AbstractButton$Handler.actionPerformed(AbstractButton.java:2308)
	at java.desktop/javax.swing.DefaultButtonModel.fireActionPerformed(DefaultButtonModel.java:405)
	at java.desktop/javax.swing.DefaultButtonModel.setPressed(DefaultButtonModel.java:262)
	at java.desktop/javax.swing.plaf.basic.BasicButtonListener.mouseReleased(BasicButtonListener.java:279)
	at java.desktop/java.awt.Component.processMouseEvent(Component.java:6636)
	at java.desktop/javax.swing.JComponent.processMouseEvent(JComponent.java:3342)
	at java.desktop/java.awt.Component.processEvent(Component.java:6401)
	at java.desktop/java.awt.Container.processEvent(Container.java:2263)
	at java.desktop/java.awt.Component.dispatchEventImpl(Component.java:5012)
	at java.desktop/java.awt.Container.dispatchEventImpl(Container.java:2321)
	at java.desktop/java.awt.Component.dispatchEvent(Component.java:4844)
	at java.desktop/java.awt.LightweightDispatcher.retargetMouseEvent(Container.java:4918)
	at java.desktop/java.awt.LightweightDispatcher.processMouseEvent(Container.java:4547)
	at java.desktop/java.awt.LightweightDispatcher.dispatchEvent(Container.java:4488)
	at java.desktop/java.awt.Container.dispatchEventImpl(Container.java:2307)
	at java.desktop/java.awt.Window.dispatchEventImpl(Window.java:2762)
	at java.desktop/java.awt.Component.dispatchEvent(Component.java:4844)
	at java.desktop/java.awt.EventQueue.dispatchEventImpl(EventQueue.java:772)
	at java.desktop/java.awt.EventQueue$4.run(EventQueue.java:721)
	at java.desktop/java.awt.EventQueue$4.run(EventQueue.java:715)
	at java.base/java.security.AccessController.doPrivileged(AccessController.java:391)
	at java.base/java.security.ProtectionDomain$JavaSecurityAccessImpl.doIntersectionPrivilege(ProtectionDomain.java:85)
	at java.base/java.security.ProtectionDomain$JavaSecurityAccessImpl.doIntersectionPrivilege(ProtectionDomain.java:95)
	at java.desktop/java.awt.EventQueue$5.run(EventQueue.java:745)
	at java.desktop/java.awt.EventQueue$5.run(EventQueue.java:743)
	at java.base/java.security.AccessController.doPrivileged(AccessController.java:391)
	at java.base/java.security.ProtectionDomain$JavaSecurityAccessImpl.doIntersectionPrivilege(ProtectionDomain.java:85)
	at java.desktop/java.awt.EventQueue.dispatchEvent(EventQueue.java:742)
	at java.desktop/java.awt.EventDispatchThread.pumpOneEventForFilters(EventDispatchThread.java:203)
	at java.desktop/java.awt.EventDispatchThread.pumpEventsForFilter(EventDispatchThread.java:124)
	at java.desktop/java.awt.EventDispatchThread.pumpEventsForHierarchy(EventDispatchThread.java:113)
	at java.desktop/java.awt.EventDispatchThread.pumpEvents(EventDispatchThread.java:109)
	at java.desktop/java.awt.EventDispatchThread.pumpEvents(EventDispatchThread.java:101)
	at java.desktop/java.awt.EventDispatchThread.run(EventDispatchThread.java:90)

------------------------------------------------------------------------------------------------------------------------

[2021-03-29 11:57:10 #1 store] 
Database 'C:\Users\proce\Desktop\EHU\2. Urtea\2. Cuatri\SI--SE\Mikel\Proiektua\WORKSPACE\Bets21\src\main\resources\bets.temp' is opened by 16120@DESKTOP-RHU8OVS

[2021-03-29 11:57:10 #2 type] 
Type domain.Person is not enhanced.

[2021-03-29 11:57:10 #3 type] 
Type domain.Admin is not enhanced.

[2021-03-29 11:57:10 #4 type] 
Type domain.Worker is not enhanced.

[2021-03-29 11:57:10 #5 type] 
Type domain.RegisteredClient is not enhanced.

[2021-03-29 11:57:10 #6 type] 
Type domain.Question is not enhanced.

[2021-03-29 11:57:10 #7 type] 
Type domain.Event is not enhanced.

------------------------------------------------------------------------------------------------------------------------

[2021-03-29 12:01:40 #1 store] 
Database 'C:\Users\proce\Desktop\EHU\2. Urtea\2. Cuatri\SI--SE\Mikel\Proiektua\WORKSPACE\Bets21\src\main\resources\bets.temp' has been recovered (tr. 22-22)

[2021-03-29 12:01:40 #2 store] 
Database 'C:\Users\proce\Desktop\EHU\2. Urtea\2. Cuatri\SI--SE\Mikel\Proiektua\WORKSPACE\Bets21\src\main\resources\bets.temp' is opened by 2980@DESKTOP-RHU8OVS

[2021-03-29 12:01:40 #3 type] 
Type domain.Person is not enhanced.

[2021-03-29 12:01:40 #4 type] 
Type domain.Admin is not enhanced.

[2021-03-29 12:01:40 #5 type] 
Type domain.Worker is not enhanced.

[2021-03-29 12:01:40 #6 type] 
Type domain.RegisteredClient is not enhanced.

[2021-03-29 12:01:41 #7 type] 
Type domain.Question is not enhanced.

[2021-03-29 12:01:41 #8 type] 
Type domain.Event is not enhanced.

------------------------------------------------------------------------------------------------------------------------

[2021-03-29 12:09:10 #1 store] 
Database 'C:\Users\proce\Desktop\EHU\2. Urtea\2. Cuatri\SI--SE\Mikel\Proiektua\WORKSPACE\Bets21\src\main\resources\bets.temp' is opened by 13816@DESKTOP-RHU8OVS

[2021-03-29 12:09:10 #2 type] 
Type domain.Person is not enhanced.

[2021-03-29 12:09:10 #3 type] 
Type domain.Admin is not enhanced.

[2021-03-29 12:09:10 #4 type] 
Type domain.Worker is not enhanced.

[2021-03-29 12:09:10 #5 type] 
Type domain.RegisteredClient is not enhanced.

[2021-03-29 12:09:10 #6 type] 
Type domain.Question is not enhanced.

[2021-03-29 12:09:10 #7 type] 
Type domain.Event is not enhanced.

------------------------------------------------------------------------------------------------------------------------

[2021-03-29 12:09:38 #1 store] 
Database 'C:\Users\proce\Desktop\EHU\2. Urtea\2. Cuatri\SI--SE\Mikel\Proiektua\WORKSPACE\Bets21\src\main\resources\bets.temp' has been recovered (tr. 23-23)

[2021-03-29 12:09:38 #2 store] 
Database 'C:\Users\proce\Desktop\EHU\2. Urtea\2. Cuatri\SI--SE\Mikel\Proiektua\WORKSPACE\Bets21\src\main\resources\bets.temp' is opened by 8964@DESKTOP-RHU8OVS

[2021-03-29 12:09:38 #3 type] 
Type domain.Person is not enhanced.

[2021-03-29 12:09:38 #4 type] 
Type domain.Admin is not enhanced.

[2021-03-29 12:09:38 #5 type] 
Type domain.Worker is not enhanced.

[2021-03-29 12:09:38 #6 type] 
Type domain.RegisteredClient is not enhanced.

[2021-03-29 12:09:39 #7 type] 
Type domain.Question is not enhanced.

[2021-03-29 12:09:39 #8 type] 
Type domain.Event is not enhanced.

------------------------------------------------------------------------------------------------------------------------

[2021-03-29 12:15:40 #1 store] 
Database 'C:\Users\proce\Desktop\EHU\2. Urtea\2. Cuatri\SI--SE\Mikel\Proiektua\WORKSPACE\Bets21\src\main\resources\bets.temp' is opened by 15604@DESKTOP-RHU8OVS

[2021-03-29 12:15:40 #2 type] 
Type domain.Person is not enhanced.

[2021-03-29 12:15:40 #3 type] 
Type domain.Admin is not enhanced.

[2021-03-29 12:15:40 #4 type] 
Type domain.Worker is not enhanced.

[2021-03-29 12:15:40 #5 type] 
Type domain.RegisteredClient is not enhanced.

[2021-03-29 12:15:40 #6 type] 
Type domain.Question is not enhanced.

[2021-03-29 12:15:40 #7 type] 
Type domain.Event is not enhanced.

------------------------------------------------------------------------------------------------------------------------

[2021-03-29 12:18:33 #1 store] 
Database 'C:\Users\proce\Desktop\EHU\2. Urtea\2. Cuatri\SI--SE\Mikel\Proiektua\WORKSPACE\Bets21\src\main\resources\bets.temp' is opened by 10324@DESKTOP-RHU8OVS

[2021-03-29 12:18:33 #2 type] 
Type domain.Person is not enhanced.

[2021-03-29 12:18:33 #3 type] 
Type domain.Admin is not enhanced.

[2021-03-29 12:18:33 #4 type] 
Type domain.Worker is not enhanced.

[2021-03-29 12:18:33 #5 type] 
Type domain.RegisteredClient is not enhanced.

[2021-03-29 12:18:33 #6 type] 
Type domain.Question is not enhanced.

[2021-03-29 12:18:33 #7 type] 
Type domain.Event is not enhanced.

------------------------------------------------------------------------------------------------------------------------

[2021-03-29 12:19:40 #1 store] 
Database 'C:\Users\proce\Desktop\EHU\2. Urtea\2. Cuatri\SI--SE\Mikel\Proiektua\WORKSPACE\Bets21\src\main\resources\bets.temp' is opened by 13336@DESKTOP-RHU8OVS

[2021-03-29 12:19:40 #2 type] 
Type domain.Person is not enhanced.

[2021-03-29 12:19:40 #3 type] 
Type domain.Admin is not enhanced.

[2021-03-29 12:19:40 #4 type] 
Type domain.Worker is not enhanced.

[2021-03-29 12:19:40 #5 type] 
Type domain.RegisteredClient is not enhanced.

[2021-03-29 12:19:40 #6 type] 
Type domain.Question is not enhanced.

[2021-03-29 12:19:40 #7 type] 
Type domain.Event is not enhanced.

------------------------------------------------------------------------------------------------------------------------

[2021-03-29 17:54:32 #1 store] 
Database 'C:\Users\proce\Desktop\EHU\2. Urtea\2. Cuatri\SI--SE\Mikel\Proiektua\WORKSPACE\Bets21\src\main\resources\bets.temp' is opened by 17720@DESKTOP-RHU8OVS

[2021-03-29 17:54:32 #2 type] 
Type domain.Person is not enhanced.

[2021-03-29 17:54:32 #3 type] 
Type domain.Admin is not enhanced.

[2021-03-29 17:54:32 #4 type] 
Type domain.Worker is not enhanced.

[2021-03-29 17:54:32 #5 type] 
Type domain.RegisteredClient is not enhanced.

[2021-03-29 17:54:32 #6 type] 
Type domain.Question is not enhanced.

[2021-03-29 17:54:32 #7 type] 
Type domain.Event is not enhanced.

------------------------------------------------------------------------------------------------------------------------

[2021-03-29 17:55:00 #1 store] 
Database 'C:\Users\proce\Desktop\EHU\2. Urtea\2. Cuatri\SI--SE\Mikel\Proiektua\WORKSPACE\Bets21\src\main\resources\bets.temp' is opened by 17256@DESKTOP-RHU8OVS

[2021-03-29 17:55:00 #2 type] 
Type domain.Person is not enhanced.

[2021-03-29 17:55:00 #3 type] 
Type domain.Admin is not enhanced.

[2021-03-29 17:55:00 #4 type] 
Type domain.Worker is not enhanced.

[2021-03-29 17:55:00 #5 type] 
Type domain.RegisteredClient is not enhanced.

[2021-03-29 17:55:00 #6 type] 
Type domain.Question is not enhanced.

[2021-03-29 17:55:00 #7 type] 
Type domain.Event is not enhanced.

------------------------------------------------------------------------------------------------------------------------

[2021-03-29 17:58:30 #1 store] 
Database 'C:\Users\proce\Desktop\EHU\2. Urtea\2. Cuatri\SI--SE\Mikel\Proiektua\WORKSPACE\Bets21\src\main\resources\bets.temp' is opened by 13752@DESKTOP-RHU8OVS

[2021-03-29 17:58:30 #2 type] 
Type domain.Person is not enhanced.

[2021-03-29 17:58:30 #3 type] 
Type domain.Admin is not enhanced.

[2021-03-29 17:58:30 #4 type] 
Type domain.Worker is not enhanced.

[2021-03-29 17:58:30 #5 type] 
Type domain.RegisteredClient is not enhanced.

[2021-03-29 17:58:30 #6 type] 
Type domain.Question is not enhanced.

[2021-03-29 17:58:30 #7 type] 
Type domain.Event is not enhanced.

------------------------------------------------------------------------------------------------------------------------

[2021-03-29 18:11:40 #1 store] 
Database 'C:\Users\proce\Desktop\EHU\2. Urtea\2. Cuatri\SI--SE\Mikel\Proiektua\WORKSPACE\Bets21\src\main\resources\bets.temp' has been recovered (tr. 24-24)

[2021-03-29 18:11:40 #2 store] 
Database 'C:\Users\proce\Desktop\EHU\2. Urtea\2. Cuatri\SI--SE\Mikel\Proiektua\WORKSPACE\Bets21\src\main\resources\bets.temp' is opened by 548@DESKTOP-RHU8OVS

[2021-03-29 18:11:40 #3 type] 
Type domain.Person is not enhanced.

[2021-03-29 18:11:40 #4 type] 
Type domain.Admin is not enhanced.

[2021-03-29 18:11:40 #5 type] 
Type domain.Worker is not enhanced.

[2021-03-29 18:11:40 #6 type] 
Type domain.RegisteredClient is not enhanced.

[2021-03-29 18:11:40 #7 type] 
Type domain.Question is not enhanced.

[2021-03-29 18:11:40 #8 type] 
Type domain.Event is not enhanced.

------------------------------------------------------------------------------------------------------------------------

[2021-03-29 18:11:47 #1 store] 
Database 'C:\Users\proce\Desktop\EHU\2. Urtea\2. Cuatri\SI--SE\Mikel\Proiektua\WORKSPACE\Bets21\src\main\resources\bets.temp' is opened by 9280@DESKTOP-RHU8OVS

[2021-03-29 18:11:48 #2 type] 
Type domain.Person is not enhanced.

[2021-03-29 18:11:48 #3 type] 
Type domain.Admin is not enhanced.

[2021-03-29 18:11:48 #4 type] 
Type domain.Worker is not enhanced.

[2021-03-29 18:11:48 #5 type] 
Type domain.RegisteredClient is not enhanced.

[2021-03-29 18:11:48 #6 type] 
Type domain.Question is not enhanced.

[2021-03-29 18:11:48 #7 type] 
Type domain.Event is not enhanced.

------------------------------------------------------------------------------------------------------------------------

[2021-03-29 18:18:17 #1 store] 
Database 'C:\Users\proce\Desktop\EHU\2. Urtea\2. Cuatri\SI--SE\Mikel\Proiektua\WORKSPACE\Bets21\src\main\resources\bets.temp' is opened by 17160@DESKTOP-RHU8OVS

[2021-03-29 18:18:17 #2 type] 
Type domain.Person is not enhanced.

[2021-03-29 18:18:17 #3 type] 
Type domain.Admin is not enhanced.

[2021-03-29 18:18:17 #4 type] 
Type domain.Worker is not enhanced.

[2021-03-29 18:18:17 #5 type] 
Type domain.RegisteredClient is not enhanced.

[2021-03-29 18:18:17 #6 type] 
Type domain.Question is not enhanced.

[2021-03-29 18:18:17 #7 type] 
Type domain.Event is not enhanced.

------------------------------------------------------------------------------------------------------------------------

[2021-03-29 18:28:46 #1 store] 
Database 'C:\Users\proce\Desktop\EHU\2. Urtea\2. Cuatri\SI--SE\Mikel\Proiektua\WORKSPACE\Bets21\src\main\resources\bets.temp' is opened by 16588@DESKTOP-RHU8OVS

[2021-03-29 18:28:46 #2 type] 
Type domain.Person is not enhanced.

[2021-03-29 18:28:46 #3 type] 
Type domain.Admin is not enhanced.

[2021-03-29 18:28:46 #4 type] 
Type domain.Worker is not enhanced.

[2021-03-29 18:28:46 #5 type] 
Type domain.RegisteredClient is not enhanced.

[2021-03-29 18:28:46 #6 type] 
Type domain.Question is not enhanced.

[2021-03-29 18:28:46 #7 type] 
Type domain.Event is not enhanced.

------------------------------------------------------------------------------------------------------------------------

[2021-03-29 18:31:35 #1 store] 
Database 'C:\Users\proce\Desktop\EHU\2. Urtea\2. Cuatri\SI--SE\Mikel\Proiektua\WORKSPACE\Bets21\src\main\resources\bets.temp' is opened by 4472@DESKTOP-RHU8OVS

[2021-03-29 18:31:35 #2 type] 
Type domain.Person is not enhanced.

[2021-03-29 18:31:35 #3 type] 
Type domain.Admin is not enhanced.

[2021-03-29 18:31:35 #4 type] 
Type domain.Worker is not enhanced.

[2021-03-29 18:31:35 #5 type] 
Type domain.RegisteredClient is not enhanced.

[2021-03-29 18:31:35 #6 type] 
Type domain.Question is not enhanced.

[2021-03-29 18:31:35 #7 type] 
Type domain.Event is not enhanced.

------------------------------------------------------------------------------------------------------------------------

[2021-03-29 18:32:11 #1 store] 
Database 'C:\Users\proce\Desktop\EHU\2. Urtea\2. Cuatri\SI--SE\Mikel\Proiektua\WORKSPACE\Bets21\src\main\resources\bets.temp' is opened by 9544@DESKTOP-RHU8OVS

[2021-03-29 18:32:11 #2 type] 
Type domain.Person is not enhanced.

[2021-03-29 18:32:11 #3 type] 
Type domain.Admin is not enhanced.

[2021-03-29 18:32:11 #4 type] 
Type domain.Worker is not enhanced.

[2021-03-29 18:32:11 #5 type] 
Type domain.RegisteredClient is not enhanced.

[2021-03-29 18:32:11 #6 type] 
Type domain.Question is not enhanced.

[2021-03-29 18:32:11 #7 type] 
Type domain.Event is not enhanced.

------------------------------------------------------------------------------------------------------------------------

[2021-03-29 18:34:26 #1 store] 
Database 'C:\Users\proce\Desktop\EHU\2. Urtea\2. Cuatri\SI--SE\Mikel\Proiektua\WORKSPACE\Bets21\src\main\resources\bets.temp' is opened by 17108@DESKTOP-RHU8OVS

[2021-03-29 18:34:27 #2 type] 
Type domain.Person is not enhanced.

[2021-03-29 18:34:27 #3 type] 
Type domain.Admin is not enhanced.

[2021-03-29 18:34:27 #4 type] 
Type domain.Worker is not enhanced.

[2021-03-29 18:34:27 #5 type] 
Type domain.RegisteredClient is not enhanced.

[2021-03-29 18:34:27 #6 type] 
Type domain.Question is not enhanced.

[2021-03-29 18:34:27 #7 type] 
Type domain.Event is not enhanced.

------------------------------------------------------------------------------------------------------------------------

[2021-03-29 18:36:58 #1 store] 
Database 'C:\Users\proce\Desktop\EHU\2. Urtea\2. Cuatri\SI--SE\Mikel\Proiektua\WORKSPACE\Bets21\src\main\resources\bets.temp' is opened by 2788@DESKTOP-RHU8OVS

[2021-03-29 18:36:58 #2 type] 
Type domain.Person is not enhanced.

[2021-03-29 18:36:58 #3 type] 
Type domain.Admin is not enhanced.

[2021-03-29 18:36:58 #4 type] 
Type domain.Worker is not enhanced.

[2021-03-29 18:36:58 #5 type] 
Type domain.RegisteredClient is not enhanced.

[2021-03-29 18:36:58 #6 type] 
Type domain.Question is not enhanced.

[2021-03-29 18:36:58 #7 type] 
Type domain.Event is not enhanced.

------------------------------------------------------------------------------------------------------------------------

[2021-03-29 18:37:49 #1 store] 
Database 'C:\Users\proce\Desktop\EHU\2. Urtea\2. Cuatri\SI--SE\Mikel\Proiektua\WORKSPACE\Bets21\src\main\resources\bets.temp' is opened by 13336@DESKTOP-RHU8OVS

[2021-03-29 18:37:50 #2 type] 
Type domain.Person is not enhanced.

[2021-03-29 18:37:50 #3 type] 
Type domain.Admin is not enhanced.

[2021-03-29 18:37:50 #4 type] 
Type domain.Worker is not enhanced.

[2021-03-29 18:37:50 #5 type] 
Type domain.RegisteredClient is not enhanced.

[2021-03-29 18:37:50 #6 type] 
Type domain.Question is not enhanced.

[2021-03-29 18:37:50 #7 type] 
Type domain.Event is not enhanced.

------------------------------------------------------------------------------------------------------------------------

[2021-03-29 18:38:54 #1 store] 
Database 'C:\Users\proce\Desktop\EHU\2. Urtea\2. Cuatri\SI--SE\Mikel\Proiektua\WORKSPACE\Bets21\src\main\resources\bets.temp' is opened by 13868@DESKTOP-RHU8OVS

[2021-03-29 18:38:54 #2 type] 
Type domain.Person is not enhanced.

[2021-03-29 18:38:54 #3 type] 
Type domain.Admin is not enhanced.

[2021-03-29 18:38:54 #4 type] 
Type domain.Worker is not enhanced.

[2021-03-29 18:38:54 #5 type] 
Type domain.RegisteredClient is not enhanced.

[2021-03-29 18:38:54 #6 type] 
Type domain.Question is not enhanced.

[2021-03-29 18:38:54 #7 type] 
Type domain.Event is not enhanced.

------------------------------------------------------------------------------------------------------------------------

[2021-03-29 18:39:35 #1 store] 
Database 'C:\Users\proce\Desktop\EHU\2. Urtea\2. Cuatri\SI--SE\Mikel\Proiektua\WORKSPACE\Bets21\src\main\resources\bets.temp' is opened by 8880@DESKTOP-RHU8OVS

[2021-03-29 18:39:35 #2 type] 
Type domain.Person is not enhanced.

[2021-03-29 18:39:35 #3 type] 
Type domain.Admin is not enhanced.

[2021-03-29 18:39:35 #4 type] 
Type domain.Worker is not enhanced.

[2021-03-29 18:39:35 #5 type] 
Type domain.RegisteredClient is not enhanced.

[2021-03-29 18:39:35 #6 type] 
Type domain.Question is not enhanced.

[2021-03-29 18:39:35 #7 type] 
Type domain.Event is not enhanced.

------------------------------------------------------------------------------------------------------------------------

[2021-03-29 18:40:12 #1 store] 
Database 'C:\Users\proce\Desktop\EHU\2. Urtea\2. Cuatri\SI--SE\Mikel\Proiektua\WORKSPACE\Bets21\src\main\resources\bets.temp' is opened by 8156@DESKTOP-RHU8OVS

[2021-03-29 18:40:13 #2 type] 
Type domain.Person is not enhanced.

[2021-03-29 18:40:13 #3 type] 
Type domain.Admin is not enhanced.

[2021-03-29 18:40:13 #4 type] 
Type domain.Worker is not enhanced.

[2021-03-29 18:40:13 #5 type] 
Type domain.RegisteredClient is not enhanced.

[2021-03-29 18:40:13 #6 type] 
Type domain.Question is not enhanced.

[2021-03-29 18:40:13 #7 type] 
Type domain.Event is not enhanced.

------------------------------------------------------------------------------------------------------------------------

[2021-03-29 18:44:54 #1 store] 
Database 'C:\Users\proce\Desktop\EHU\2. Urtea\2. Cuatri\SI--SE\Mikel\Proiektua\WORKSPACE\Bets21\src\main\resources\bets.temp' is opened by 10176@DESKTOP-RHU8OVS

[2021-03-29 18:44:54 #2 type] 
Type domain.Person is not enhanced.

[2021-03-29 18:44:54 #3 type] 
Type domain.Admin is not enhanced.

[2021-03-29 18:44:54 #4 type] 
Type domain.Worker is not enhanced.

[2021-03-29 18:44:54 #5 type] 
Type domain.RegisteredClient is not enhanced.

[2021-03-29 18:44:54 #6 type] 
Type domain.Question is not enhanced.

[2021-03-29 18:44:54 #7 type] 
Type domain.Event is not enhanced.

------------------------------------------------------------------------------------------------------------------------

[2021-03-29 18:45:41 #1 store] 
Database 'C:\Users\proce\Desktop\EHU\2. Urtea\2. Cuatri\SI--SE\Mikel\Proiektua\WORKSPACE\Bets21\src\main\resources\bets.temp' is opened by 6628@DESKTOP-RHU8OVS

[2021-03-29 18:45:41 #2 type] 
Type domain.Person is not enhanced.

[2021-03-29 18:45:41 #3 type] 
Type domain.Admin is not enhanced.

[2021-03-29 18:45:41 #4 type] 
Type domain.Worker is not enhanced.

[2021-03-29 18:45:41 #5 type] 
Type domain.RegisteredClient is not enhanced.

[2021-03-29 18:45:41 #6 type] 
Type domain.Question is not enhanced.

[2021-03-29 18:45:41 #7 type] 
Type domain.Event is not enhanced.

------------------------------------------------------------------------------------------------------------------------

[2021-03-29 18:46:34 #1 store] 
Database 'C:\Users\proce\Desktop\EHU\2. Urtea\2. Cuatri\SI--SE\Mikel\Proiektua\WORKSPACE\Bets21\src\main\resources\bets.temp' is opened by 3388@DESKTOP-RHU8OVS

[2021-03-29 18:46:34 #2 type] 
Type domain.Person is not enhanced.

[2021-03-29 18:46:34 #3 type] 
Type domain.Admin is not enhanced.

[2021-03-29 18:46:34 #4 type] 
Type domain.Worker is not enhanced.

[2021-03-29 18:46:34 #5 type] 
Type domain.RegisteredClient is not enhanced.

[2021-03-29 18:46:34 #6 type] 
Type domain.Question is not enhanced.

[2021-03-29 18:46:34 #7 type] 
Type domain.Event is not enhanced.

------------------------------------------------------------------------------------------------------------------------

[2021-03-29 18:50:32 #1 store] 
Database 'C:\Users\proce\Desktop\EHU\2. Urtea\2. Cuatri\SI--SE\Mikel\Proiektua\WORKSPACE\Bets21\src\main\resources\bets.temp' is opened by 10376@DESKTOP-RHU8OVS

[2021-03-29 18:50:32 #2 type] 
Type domain.Person is not enhanced.

[2021-03-29 18:50:32 #3 type] 
Type domain.Admin is not enhanced.

[2021-03-29 18:50:32 #4 type] 
Type domain.Worker is not enhanced.

[2021-03-29 18:50:32 #5 type] 
Type domain.RegisteredClient is not enhanced.

[2021-03-29 18:50:32 #6 type] 
Type domain.Question is not enhanced.

[2021-03-29 18:50:32 #7 type] 
Type domain.Event is not enhanced.

------------------------------------------------------------------------------------------------------------------------

[2021-03-29 18:51:01 #1 store] 
Database 'C:\Users\proce\Desktop\EHU\2. Urtea\2. Cuatri\SI--SE\Mikel\Proiektua\WORKSPACE\Bets21\src\main\resources\bets.temp' is opened by 11480@DESKTOP-RHU8OVS

[2021-03-29 18:51:01 #2 type] 
Type domain.Person is not enhanced.

[2021-03-29 18:51:01 #3 type] 
Type domain.Admin is not enhanced.

[2021-03-29 18:51:01 #4 type] 
Type domain.Worker is not enhanced.

[2021-03-29 18:51:01 #5 type] 
Type domain.RegisteredClient is not enhanced.

[2021-03-29 18:51:01 #6 type] 
Type domain.Question is not enhanced.

[2021-03-29 18:51:01 #7 type] 
Type domain.Event is not enhanced.

------------------------------------------------------------------------------------------------------------------------

[2021-03-29 18:51:25 #1 store] 
Database 'C:\Users\proce\Desktop\EHU\2. Urtea\2. Cuatri\SI--SE\Mikel\Proiektua\WORKSPACE\Bets21\src\main\resources\bets.temp' is opened by 8952@DESKTOP-RHU8OVS

[2021-03-29 18:51:25 #2 type] 
Type domain.Person is not enhanced.

[2021-03-29 18:51:25 #3 type] 
Type domain.Admin is not enhanced.

[2021-03-29 18:51:25 #4 type] 
Type domain.Worker is not enhanced.

[2021-03-29 18:51:25 #5 type] 
Type domain.RegisteredClient is not enhanced.

[2021-03-29 18:51:25 #6 type] 
Type domain.Question is not enhanced.

[2021-03-29 18:51:25 #7 type] 
Type domain.Event is not enhanced.

------------------------------------------------------------------------------------------------------------------------

[2021-03-29 18:52:11 #1 store] 
Database 'C:\Users\proce\Desktop\EHU\2. Urtea\2. Cuatri\SI--SE\Mikel\Proiektua\WORKSPACE\Bets21\src\main\resources\bets.temp' is opened by 16748@DESKTOP-RHU8OVS

[2021-03-29 18:52:11 #2 type] 
Type domain.Person is not enhanced.

[2021-03-29 18:52:11 #3 type] 
Type domain.Admin is not enhanced.

[2021-03-29 18:52:11 #4 type] 
Type domain.Worker is not enhanced.

[2021-03-29 18:52:11 #5 type] 
Type domain.RegisteredClient is not enhanced.

[2021-03-29 18:52:11 #6 type] 
Type domain.Question is not enhanced.

[2021-03-29 18:52:11 #7 type] 
Type domain.Event is not enhanced.

------------------------------------------------------------------------------------------------------------------------

[2021-03-29 18:53:44 #1 store] 
Database 'C:\Users\proce\Desktop\EHU\2. Urtea\2. Cuatri\SI--SE\Mikel\Proiektua\WORKSPACE\Bets21\src\main\resources\bets.temp' is opened by 17696@DESKTOP-RHU8OVS

[2021-03-29 18:53:44 #2 type] 
Type domain.Person is not enhanced.

[2021-03-29 18:53:44 #3 type] 
Type domain.Admin is not enhanced.

[2021-03-29 18:53:44 #4 type] 
Type domain.Worker is not enhanced.

[2021-03-29 18:53:44 #5 type] 
Type domain.RegisteredClient is not enhanced.

[2021-03-29 18:53:44 #6 type] 
Type domain.Question is not enhanced.

[2021-03-29 18:53:44 #7 type] 
Type domain.Event is not enhanced.

------------------------------------------------------------------------------------------------------------------------

[2021-03-29 18:54:50 #1 store] 
Database 'C:\Users\proce\Desktop\EHU\2. Urtea\2. Cuatri\SI--SE\Mikel\Proiektua\WORKSPACE\Bets21\src\main\resources\bets.temp' is opened by 8672@DESKTOP-RHU8OVS

[2021-03-29 18:54:50 #2 type] 
Type domain.Person is not enhanced.

[2021-03-29 18:54:50 #3 type] 
Type domain.Admin is not enhanced.

[2021-03-29 18:54:50 #4 type] 
Type domain.Worker is not enhanced.

[2021-03-29 18:54:50 #5 type] 
Type domain.RegisteredClient is not enhanced.

[2021-03-29 18:54:50 #6 type] 
Type domain.Question is not enhanced.

[2021-03-29 18:54:50 #7 type] 
Type domain.Event is not enhanced.

------------------------------------------------------------------------------------------------------------------------

[2021-03-29 19:58:34 #1 store] 
Database 'C:\Users\proce\Desktop\EHU\2. Urtea\2. Cuatri\SI--SE\Mikel\Proiektua\WORKSPACE\Bets21\src\main\resources\bets.temp' is opened by 11400@DESKTOP-RHU8OVS

[2021-03-29 19:58:34 #2 type] 
Type domain.Person is not enhanced.

[2021-03-29 19:58:34 #3 type] 
Type domain.Admin is not enhanced.

[2021-03-29 19:58:34 #4 type] 
Type domain.Worker is not enhanced.

[2021-03-29 19:58:34 #5 type] 
Type domain.RegisteredClient is not enhanced.

[2021-03-29 19:58:34 #6 type] 
Type domain.Question is not enhanced.

[2021-03-29 19:58:34 #7 type] 
Type domain.Event is not enhanced.

------------------------------------------------------------------------------------------------------------------------

[2021-03-29 20:06:54 #1 store] 
Database 'C:\Users\proce\Desktop\EHU\2. Urtea\2. Cuatri\SI--SE\Mikel\Proiektua\WORKSPACE\Bets21\src\main\resources\bets.temp' is opened by 10300@DESKTOP-RHU8OVS

[2021-03-29 20:06:54 #2 type] 
Type domain.Person is not enhanced.

[2021-03-29 20:06:54 #3 type] 
Type domain.Admin is not enhanced.

[2021-03-29 20:06:54 #4 type] 
Type domain.Worker is not enhanced.

[2021-03-29 20:06:54 #5 type] 
Type domain.RegisteredClient is not enhanced.

[2021-03-29 20:06:54 #6 type] 
Type domain.Question is not enhanced.

[2021-03-29 20:06:54 #7 type] 
Type domain.Event is not enhanced.

------------------------------------------------------------------------------------------------------------------------

[2021-03-29 20:14:33 #1 store] 
Database 'C:\Users\proce\Desktop\EHU\2. Urtea\2. Cuatri\SI--SE\Mikel\Proiektua\WORKSPACE\Bets21\src\main\resources\bets.temp' is opened by 16004@DESKTOP-RHU8OVS

[2021-03-29 20:14:33 #2 type] 
Type domain.Person is not enhanced.

[2021-03-29 20:14:33 #3 type] 
Type domain.Admin is not enhanced.

[2021-03-29 20:14:33 #4 type] 
Type domain.Worker is not enhanced.

[2021-03-29 20:14:33 #5 type] 
Type domain.RegisteredClient is not enhanced.

[2021-03-29 20:14:33 #6 type] 
Type domain.Question is not enhanced.

[2021-03-29 20:14:33 #7 type] 
Type domain.Event is not enhanced.

