------------------------------------------------------------------------------------------------------------------------

[2021-02-28 14:12:03 #1 store] 
Database 'C:\Users\proce\Desktop\EHU\2. Urtea\2. Cuatri\SI--SE\Mikel\Proiektua\WORKSPACE\Bets21\src\main\resources\bets.temp' is opened by 6988@DESKTOP-RHU8OVS

[2021-02-28 14:12:03 #2 type] 
Type domain.Person is not enhanced.

[2021-02-28 14:12:03 #3 type] 
Type domain.Admin is not enhanced.

[2021-02-28 14:12:03 #4 type] 
Type domain.Worker is not enhanced.

[2021-02-28 14:12:03 #5 type] 
Type domain.RegisteredClient is not enhanced.

[2021-02-28 14:12:03 #6 type] 
Type domain.Question is not enhanced.

[2021-02-28 14:12:03 #7 type] 
Type domain.Event is not enhanced.

------------------------------------------------------------------------------------------------------------------------

[2021-02-28 14:14:44 #1 store] 
Database 'C:\Users\proce\Desktop\EHU\2. Urtea\2. Cuatri\SI--SE\Mikel\Proiektua\WORKSPACE\Bets21\src\main\resources\bets.temp' is opened by 4320@DESKTOP-RHU8OVS

[2021-02-28 14:14:44 #2 type] 
Type domain.Person is not enhanced.

[2021-02-28 14:14:44 #3 type] 
Type domain.Admin is not enhanced.

[2021-02-28 14:14:44 #4 type] 
Type domain.Worker is not enhanced.

[2021-02-28 14:14:44 #5 type] 
Type domain.RegisteredClient is not enhanced.

[2021-02-28 14:14:44 #6 type] 
Type domain.Question is not enhanced.

[2021-02-28 14:14:44 #7 type] 
Type domain.Event is not enhanced.

------------------------------------------------------------------------------------------------------------------------

[2021-02-28 14:19:06 #1 store] 
Database 'C:\Users\proce\Desktop\EHU\2. Urtea\2. Cuatri\SI--SE\Mikel\Proiektua\WORKSPACE\Bets21\src\main\resources\bets.temp' is opened by 2812@DESKTOP-RHU8OVS

[2021-02-28 14:19:06 #2 type] 
Type domain.Person is not enhanced.

[2021-02-28 14:19:06 #3 type] 
Type domain.Admin is not enhanced.

[2021-02-28 14:19:06 #4 type] 
Type domain.Worker is not enhanced.

[2021-02-28 14:19:06 #5 type] 
Type domain.RegisteredClient is not enhanced.

[2021-02-28 14:19:06 #6 type] 
Type domain.Question is not enhanced.

[2021-02-28 14:19:06 #7 type] 
Type domain.Event is not enhanced.

------------------------------------------------------------------------------------------------------------------------

[2021-02-28 14:19:47 #1 store] 
Database 'C:\Users\proce\Desktop\EHU\2. Urtea\2. Cuatri\SI--SE\Mikel\Proiektua\WORKSPACE\Bets21\src\main\resources\bets.temp' is opened by 8544@DESKTOP-RHU8OVS

[2021-02-28 14:19:47 #2 type] 
Type domain.Person is not enhanced.

[2021-02-28 14:19:47 #3 type] 
Type domain.Admin is not enhanced.

[2021-02-28 14:19:47 #4 type] 
Type domain.Worker is not enhanced.

[2021-02-28 14:19:47 #5 type] 
Type domain.RegisteredClient is not enhanced.

[2021-02-28 14:19:47 #6 type] 
Type domain.Question is not enhanced.

[2021-02-28 14:19:47 #7 type] 
Type domain.Event is not enhanced.

------------------------------------------------------------------------------------------------------------------------

[2021-02-28 14:20:31 #1 store] 
Database 'C:\Users\proce\Desktop\EHU\2. Urtea\2. Cuatri\SI--SE\Mikel\Proiektua\WORKSPACE\Bets21\src\main\resources\bets.temp' is opened by 8992@DESKTOP-RHU8OVS

[2021-02-28 14:20:31 #2 type] 
Type domain.Person is not enhanced.

[2021-02-28 14:20:31 #3 type] 
Type domain.Admin is not enhanced.

[2021-02-28 14:20:31 #4 type] 
Type domain.Worker is not enhanced.

[2021-02-28 14:20:31 #5 type] 
Type domain.RegisteredClient is not enhanced.

[2021-02-28 14:20:31 #6 type] 
Type domain.Question is not enhanced.

[2021-02-28 14:20:31 #7 type] 
Type domain.Event is not enhanced.

------------------------------------------------------------------------------------------------------------------------

[2021-02-28 14:20:44 #1 store] 
Database 'C:\Users\proce\Desktop\EHU\2. Urtea\2. Cuatri\SI--SE\Mikel\Proiektua\WORKSPACE\Bets21\src\main\resources\bets.temp' is opened by 15612@DESKTOP-RHU8OVS

[2021-02-28 14:20:44 #2 type] 
Type domain.Person is not enhanced.

[2021-02-28 14:20:44 #3 type] 
Type domain.Admin is not enhanced.

[2021-02-28 14:20:44 #4 type] 
Type domain.Worker is not enhanced.

[2021-02-28 14:20:44 #5 type] 
Type domain.RegisteredClient is not enhanced.

[2021-02-28 14:20:44 #6 type] 
Type domain.Question is not enhanced.

[2021-02-28 14:20:44 #7 type] 
Type domain.Event is not enhanced.

------------------------------------------------------------------------------------------------------------------------

[2021-02-28 14:20:52 #1 store] 
Database 'C:\Users\proce\Desktop\EHU\2. Urtea\2. Cuatri\SI--SE\Mikel\Proiektua\WORKSPACE\Bets21\src\main\resources\bets.temp' is opened by 16424@DESKTOP-RHU8OVS

[2021-02-28 14:20:52 #2 type] 
Type domain.Person is not enhanced.

[2021-02-28 14:20:52 #3 type] 
Type domain.Admin is not enhanced.

[2021-02-28 14:20:52 #4 type] 
Type domain.Worker is not enhanced.

[2021-02-28 14:20:52 #5 type] 
Type domain.RegisteredClient is not enhanced.

[2021-02-28 14:20:52 #6 type] 
Type domain.Question is not enhanced.

[2021-02-28 14:20:52 #7 type] 
Type domain.Event is not enhanced.

------------------------------------------------------------------------------------------------------------------------

[2021-02-28 14:21:27 #1 store] 
Database 'C:\Users\proce\Desktop\EHU\2. Urtea\2. Cuatri\SI--SE\Mikel\Proiektua\WORKSPACE\Bets21\src\main\resources\bets.temp' is opened by 9292@DESKTOP-RHU8OVS

[2021-02-28 14:21:27 #2 type] 
Type domain.Person is not enhanced.

[2021-02-28 14:21:27 #3 type] 
Type domain.Admin is not enhanced.

[2021-02-28 14:21:27 #4 type] 
Type domain.Worker is not enhanced.

[2021-02-28 14:21:27 #5 type] 
Type domain.RegisteredClient is not enhanced.

[2021-02-28 14:21:27 #6 type] 
Type domain.Question is not enhanced.

[2021-02-28 14:21:27 #7 type] 
Type domain.Event is not enhanced.

------------------------------------------------------------------------------------------------------------------------

[2021-02-28 14:21:44 #1 store] 
Database 'C:\Users\proce\Desktop\EHU\2. Urtea\2. Cuatri\SI--SE\Mikel\Proiektua\WORKSPACE\Bets21\src\main\resources\bets.temp' is opened by 2516@DESKTOP-RHU8OVS

[2021-02-28 14:21:44 #2 type] 
Type domain.Person is not enhanced.

[2021-02-28 14:21:44 #3 type] 
Type domain.Admin is not enhanced.

[2021-02-28 14:21:44 #4 type] 
Type domain.Worker is not enhanced.

[2021-02-28 14:21:44 #5 type] 
Type domain.RegisteredClient is not enhanced.

[2021-02-28 14:21:44 #6 type] 
Type domain.Question is not enhanced.

[2021-02-28 14:21:44 #7 type] 
Type domain.Event is not enhanced.

------------------------------------------------------------------------------------------------------------------------

[2021-02-28 14:21:55 #1 store] 
Database 'C:\Users\proce\Desktop\EHU\2. Urtea\2. Cuatri\SI--SE\Mikel\Proiektua\WORKSPACE\Bets21\src\main\resources\bets.temp' is opened by 17100@DESKTOP-RHU8OVS

[2021-02-28 14:21:55 #2 type] 
Type domain.Person is not enhanced.

[2021-02-28 14:21:55 #3 type] 
Type domain.Admin is not enhanced.

[2021-02-28 14:21:55 #4 type] 
Type domain.Worker is not enhanced.

[2021-02-28 14:21:55 #5 type] 
Type domain.RegisteredClient is not enhanced.

[2021-02-28 14:21:55 #6 type] 
Type domain.Question is not enhanced.

[2021-02-28 14:21:55 #7 type] 
Type domain.Event is not enhanced.

------------------------------------------------------------------------------------------------------------------------

[2021-02-28 14:22:03 #1 store] 
Database 'C:\Users\proce\Desktop\EHU\2. Urtea\2. Cuatri\SI--SE\Mikel\Proiektua\WORKSPACE\Bets21\src\main\resources\bets.temp' is opened by 17768@DESKTOP-RHU8OVS

[2021-02-28 14:22:04 #2 type] 
Type domain.Person is not enhanced.

[2021-02-28 14:22:04 #3 type] 
Type domain.Admin is not enhanced.

[2021-02-28 14:22:04 #4 type] 
Type domain.Worker is not enhanced.

[2021-02-28 14:22:04 #5 type] 
Type domain.RegisteredClient is not enhanced.

[2021-02-28 14:22:04 #6 type] 
Type domain.Question is not enhanced.

[2021-02-28 14:22:04 #7 type] 
Type domain.Event is not enhanced.

------------------------------------------------------------------------------------------------------------------------

[2021-02-28 14:22:38 #1 store] 
Database 'C:\Users\proce\Desktop\EHU\2. Urtea\2. Cuatri\SI--SE\Mikel\Proiektua\WORKSPACE\Bets21\src\main\resources\bets.temp' is opened by 8888@DESKTOP-RHU8OVS

[2021-02-28 14:22:39 #2 type] 
Type domain.Person is not enhanced.

[2021-02-28 14:22:39 #3 type] 
Type domain.Admin is not enhanced.

[2021-02-28 14:22:39 #4 type] 
Type domain.Worker is not enhanced.

[2021-02-28 14:22:39 #5 type] 
Type domain.RegisteredClient is not enhanced.

[2021-02-28 14:22:39 #6 type] 
Type domain.Question is not enhanced.

[2021-02-28 14:22:39 #7 type] 
Type domain.Event is not enhanced.

------------------------------------------------------------------------------------------------------------------------

[2021-02-28 14:22:47 #1 store] 
Database 'C:\Users\proce\Desktop\EHU\2. Urtea\2. Cuatri\SI--SE\Mikel\Proiektua\WORKSPACE\Bets21\src\main\resources\bets.temp' is opened by 12880@DESKTOP-RHU8OVS

[2021-02-28 14:22:47 #2 type] 
Type domain.Person is not enhanced.

[2021-02-28 14:22:47 #3 type] 
Type domain.Admin is not enhanced.

[2021-02-28 14:22:47 #4 type] 
Type domain.Worker is not enhanced.

[2021-02-28 14:22:47 #5 type] 
Type domain.RegisteredClient is not enhanced.

[2021-02-28 14:22:47 #6 type] 
Type domain.Question is not enhanced.

[2021-02-28 14:22:47 #7 type] 
Type domain.Event is not enhanced.

------------------------------------------------------------------------------------------------------------------------

[2021-02-28 14:23:01 #1 store] 
Database 'C:\Users\proce\Desktop\EHU\2. Urtea\2. Cuatri\SI--SE\Mikel\Proiektua\WORKSPACE\Bets21\src\main\resources\bets.temp' is opened by 6944@DESKTOP-RHU8OVS

[2021-02-28 14:23:01 #2 type] 
Type domain.Person is not enhanced.

[2021-02-28 14:23:01 #3 type] 
Type domain.Admin is not enhanced.

[2021-02-28 14:23:01 #4 type] 
Type domain.Worker is not enhanced.

[2021-02-28 14:23:01 #5 type] 
Type domain.RegisteredClient is not enhanced.

[2021-02-28 14:23:01 #6 type] 
Type domain.Question is not enhanced.

[2021-02-28 14:23:01 #7 type] 
Type domain.Event is not enhanced.

------------------------------------------------------------------------------------------------------------------------

[2021-02-28 14:23:32 #1 store] 
Database 'C:\Users\proce\Desktop\EHU\2. Urtea\2. Cuatri\SI--SE\Mikel\Proiektua\WORKSPACE\Bets21\src\main\resources\bets.temp' is opened by 11772@DESKTOP-RHU8OVS

[2021-02-28 14:23:32 #2 type] 
Type domain.Person is not enhanced.

[2021-02-28 14:23:32 #3 type] 
Type domain.Admin is not enhanced.

[2021-02-28 14:23:32 #4 type] 
Type domain.Worker is not enhanced.

[2021-02-28 14:23:32 #5 type] 
Type domain.RegisteredClient is not enhanced.

[2021-02-28 14:23:32 #6 type] 
Type domain.Question is not enhanced.

[2021-02-28 14:23:32 #7 type] 
Type domain.Event is not enhanced.

------------------------------------------------------------------------------------------------------------------------

[2021-02-28 14:23:40 #1 store] 
Database 'C:\Users\proce\Desktop\EHU\2. Urtea\2. Cuatri\SI--SE\Mikel\Proiektua\WORKSPACE\Bets21\src\main\resources\bets.temp' is opened by 5512@DESKTOP-RHU8OVS

[2021-02-28 14:23:40 #2 type] 
Type domain.Person is not enhanced.

[2021-02-28 14:23:40 #3 type] 
Type domain.Admin is not enhanced.

[2021-02-28 14:23:40 #4 type] 
Type domain.Worker is not enhanced.

[2021-02-28 14:23:40 #5 type] 
Type domain.RegisteredClient is not enhanced.

[2021-02-28 14:23:40 #6 type] 
Type domain.Question is not enhanced.

[2021-02-28 14:23:40 #7 type] 
Type domain.Event is not enhanced.

------------------------------------------------------------------------------------------------------------------------

[2021-02-28 14:24:27 #1 store] 
Database 'C:\Users\proce\Desktop\EHU\2. Urtea\2. Cuatri\SI--SE\Mikel\Proiektua\WORKSPACE\Bets21\src\main\resources\bets.temp' is opened by 17456@DESKTOP-RHU8OVS

[2021-02-28 14:24:27 #2 type] 
Type domain.Person is not enhanced.

[2021-02-28 14:24:27 #3 type] 
Type domain.Admin is not enhanced.

[2021-02-28 14:24:27 #4 type] 
Type domain.Worker is not enhanced.

[2021-02-28 14:24:27 #5 type] 
Type domain.RegisteredClient is not enhanced.

[2021-02-28 14:24:27 #6 type] 
Type domain.Question is not enhanced.

[2021-02-28 14:24:27 #7 type] 
Type domain.Event is not enhanced.

------------------------------------------------------------------------------------------------------------------------

[2021-02-28 14:24:37 #1 store] 
Database 'C:\Users\proce\Desktop\EHU\2. Urtea\2. Cuatri\SI--SE\Mikel\Proiektua\WORKSPACE\Bets21\src\main\resources\bets.temp' is opened by 12548@DESKTOP-RHU8OVS

[2021-02-28 14:24:37 #2 type] 
Type domain.Person is not enhanced.

[2021-02-28 14:24:37 #3 type] 
Type domain.Admin is not enhanced.

[2021-02-28 14:24:37 #4 type] 
Type domain.Worker is not enhanced.

[2021-02-28 14:24:37 #5 type] 
Type domain.RegisteredClient is not enhanced.

[2021-02-28 14:24:37 #6 type] 
Type domain.Question is not enhanced.

[2021-02-28 14:24:37 #7 type] 
Type domain.Event is not enhanced.

------------------------------------------------------------------------------------------------------------------------

[2021-02-28 14:29:17 #1 store] 
Database 'C:\Users\proce\Desktop\EHU\2. Urtea\2. Cuatri\SI--SE\Mikel\Proiektua\WORKSPACE\Bets21\src\main\resources\bets.temp' is opened by 17964@DESKTOP-RHU8OVS

[2021-02-28 14:29:17 #2 type] 
Type domain.Person is not enhanced.

[2021-02-28 14:29:17 #3 type] 
Type domain.Admin is not enhanced.

[2021-02-28 14:29:17 #4 type] 
Type domain.Worker is not enhanced.

[2021-02-28 14:29:17 #5 type] 
Type domain.RegisteredClient is not enhanced.

[2021-02-28 14:29:17 #6 type] 
Type domain.Question is not enhanced.

[2021-02-28 14:29:17 #7 type] 
Type domain.Event is not enhanced.

------------------------------------------------------------------------------------------------------------------------

[2021-02-28 14:29:53 #1 store] 
Database 'C:\Users\proce\Desktop\EHU\2. Urtea\2. Cuatri\SI--SE\Mikel\Proiektua\WORKSPACE\Bets21\src\main\resources\bets.temp' is opened by 15432@DESKTOP-RHU8OVS

[2021-02-28 14:29:53 #2 type] 
Type domain.Person is not enhanced.

[2021-02-28 14:29:53 #3 type] 
Type domain.Admin is not enhanced.

[2021-02-28 14:29:53 #4 type] 
Type domain.Worker is not enhanced.

[2021-02-28 14:29:53 #5 type] 
Type domain.RegisteredClient is not enhanced.

[2021-02-28 14:29:53 #6 type] 
Type domain.Question is not enhanced.

[2021-02-28 14:29:53 #7 type] 
Type domain.Event is not enhanced.

------------------------------------------------------------------------------------------------------------------------

[2021-02-28 19:41:11 #1 store] 
Database 'C:\Users\proce\Desktop\EHU\2. Urtea\2. Cuatri\SI--SE\Mikel\Proiektua\WORKSPACE\Bets21\src\main\resources\bets.temp' is opened by 17200@DESKTOP-RHU8OVS

[2021-02-28 19:41:11 #2 type.registry] 
New type domain.Person

[2021-02-28 19:41:11 #3 type.registry] 
New type domain.Admin

[2021-02-28 19:41:11 #4 type] 
Type domain.Person is not enhanced.

[2021-02-28 19:41:11 #5 type] 
Type domain.Admin is not enhanced.

[2021-02-28 19:41:11 #6 type.registry] 
New type domain.Worker

[2021-02-28 19:41:11 #7 type] 
Type domain.Worker is not enhanced.

[2021-02-28 19:41:11 #8 type.registry] 
New type domain.RegisteredClient

[2021-02-28 19:41:11 #9 type] 
Type domain.RegisteredClient is not enhanced.

[2021-02-28 19:41:11 #10 type.registry] 
New type domain.Question

[2021-02-28 19:41:11 #11 type] 
Type domain.Question is not enhanced.

[2021-02-28 19:41:11 #12 type.registry] 
New type domain.Event

[2021-02-28 19:41:11 #13 type] 
Type domain.Event is not enhanced.

[2021-02-28 19:41:11 #14 type.registry] 
New type java.util.Vector<domain.Question>

[2021-02-28 19:41:11 #15 type.registry] 
New type java.util.Vector<java.lang.Object>

------------------------------------------------------------------------------------------------------------------------

[2021-02-28 19:41:21 #1 store] 
Database 'C:\Users\proce\Desktop\EHU\2. Urtea\2. Cuatri\SI--SE\Mikel\Proiektua\WORKSPACE\Bets21\src\main\resources\bets.temp' has been recovered (tr. 1-8)

[2021-02-28 19:41:21 #2 store] 
Database 'C:\Users\proce\Desktop\EHU\2. Urtea\2. Cuatri\SI--SE\Mikel\Proiektua\WORKSPACE\Bets21\src\main\resources\bets.temp' is opened by 6944@DESKTOP-RHU8OVS

[2021-02-28 19:41:22 #3 type] 
Type domain.Person is not enhanced.

[2021-02-28 19:41:22 #4 type] 
Type domain.Admin is not enhanced.

[2021-02-28 19:41:22 #5 type] 
Type domain.Worker is not enhanced.

[2021-02-28 19:41:22 #6 type] 
Type domain.RegisteredClient is not enhanced.

[2021-02-28 19:41:22 #7 type] 
Type domain.Question is not enhanced.

[2021-02-28 19:41:22 #8 type] 
Type domain.Event is not enhanced.

------------------------------------------------------------------------------------------------------------------------

[2021-02-28 19:44:49 #1 store] 
Database 'C:\Users\proce\Desktop\EHU\2. Urtea\2. Cuatri\SI--SE\Mikel\Proiektua\WORKSPACE\Bets21\src\main\resources\bets.temp' is opened by 1576@DESKTOP-RHU8OVS

[2021-02-28 19:44:50 #2 type] 
Type domain.Person is not enhanced.

[2021-02-28 19:44:50 #3 type] 
Type domain.Admin is not enhanced.

[2021-02-28 19:44:50 #4 type] 
Type domain.Worker is not enhanced.

[2021-02-28 19:44:50 #5 type] 
Type domain.RegisteredClient is not enhanced.

[2021-02-28 19:44:50 #6 type] 
Type domain.Question is not enhanced.

[2021-02-28 19:44:50 #7 type] 
Type domain.Event is not enhanced.

