------------------------------------------------------------------------------------------------------------------------

[2021-05-05 18:17:57 #1 store] 
Database 'C:\Users\proce\git\3iteration_repository\3iteration\src\main\resources\bets.temp' is opened by 15220@DESKTOP-RHU8OVS

[2021-05-05 18:17:57 #2 type.registry] 
New type domain.Person

[2021-05-05 18:17:57 #3 type.registry] 
New type domain.Admin

[2021-05-05 18:17:57 #4 type] 
Type domain.Person is not enhanced.

[2021-05-05 18:17:57 #5 type] 
Type domain.Admin is not enhanced.

[2021-05-05 18:17:57 #6 type.registry] 
New type domain.Worker

[2021-05-05 18:17:57 #7 type] 
Type domain.Worker is not enhanced.

[2021-05-05 18:17:57 #8 type.registry] 
New type domain.RegisteredClient

[2021-05-05 18:17:57 #9 type] 
Type domain.RegisteredClient is not enhanced.

[2021-05-05 18:17:57 #10 type.registry] 
New type domain.Movements

[2021-05-05 18:17:57 #11 type.registry] 
New type java.util.Vector<domain.Movements>

[2021-05-05 18:17:57 #12 type.registry] 
New type domain.Bet

[2021-05-05 18:17:57 #13 type.registry] 
New type java.util.Vector<domain.Bet>

[2021-05-05 18:17:57 #14 type] 
Type domain.Movements is not enhanced.

[2021-05-05 18:17:57 #15 type] 
Type domain.Bet is not enhanced.

[2021-05-05 18:17:57 #16 type.registry] 
New type domain.Prediction

[2021-05-05 18:17:57 #17 type] 
Type domain.Prediction is not enhanced.

[2021-05-05 18:17:57 #18 type.registry] 
New type domain.Question

[2021-05-05 18:17:57 #19 type] 
Type domain.Question is not enhanced.

[2021-05-05 18:17:57 #20 type.registry] 
New type java.util.Vector<domain.Prediction>

[2021-05-05 18:17:57 #21 type.registry] 
New type domain.Event

[2021-05-05 18:17:57 #22 type] 
Type domain.Event is not enhanced.

[2021-05-05 18:17:57 #23 type.registry] 
New type java.util.Vector<domain.Question>

[2021-05-05 18:17:57 #24 type.registry] 
New type java.util.Vector<java.lang.Object>

------------------------------------------------------------------------------------------------------------------------

[2021-05-05 18:47:37 #1 store] 
Database 'C:\Users\proce\git\3iteration_repository\3iteration\src\main\resources\bets.temp' is opened by 3588@DESKTOP-RHU8OVS

[2021-05-05 18:47:37 #2 type.registry] 
New type domain.Person

[2021-05-05 18:47:37 #3 type.registry] 
New type domain.Admin

[2021-05-05 18:47:37 #4 type] 
Type domain.Person is not enhanced.

[2021-05-05 18:47:37 #5 type] 
Type domain.Admin is not enhanced.

[2021-05-05 18:47:37 #6 type.registry] 
New type domain.Worker

[2021-05-05 18:47:37 #7 type] 
Type domain.Worker is not enhanced.

[2021-05-05 18:47:37 #8 type.registry] 
New type domain.RegisteredClient

[2021-05-05 18:47:37 #9 type] 
Type domain.RegisteredClient is not enhanced.

[2021-05-05 18:47:37 #10 type.registry] 
New type domain.Movements

[2021-05-05 18:47:37 #11 type.registry] 
New type java.util.Vector<domain.Movements>

[2021-05-05 18:47:37 #12 type.registry] 
New type domain.Bet

[2021-05-05 18:47:37 #13 type.registry] 
New type java.util.Vector<domain.Bet>

[2021-05-05 18:47:37 #14 type] 
Type domain.Movements is not enhanced.

[2021-05-05 18:47:37 #15 type] 
Type domain.Bet is not enhanced.

[2021-05-05 18:47:37 #16 type.registry] 
New type domain.Prediction

[2021-05-05 18:47:37 #17 type] 
Type domain.Prediction is not enhanced.

[2021-05-05 18:47:37 #18 type.registry] 
New type domain.Question

[2021-05-05 18:47:37 #19 type] 
Type domain.Question is not enhanced.

[2021-05-05 18:47:37 #20 type.registry] 
New type java.util.Vector<domain.Prediction>

[2021-05-05 18:47:37 #21 type.registry] 
New type domain.Event

[2021-05-05 18:47:37 #22 type] 
Type domain.Event is not enhanced.

[2021-05-05 18:47:37 #23 type.registry] 
New type java.util.Vector<domain.Question>

[2021-05-05 18:47:37 #24 type.registry] 
New type java.util.Vector<java.lang.Object>

------------------------------------------------------------------------------------------------------------------------

[2021-05-05 18:51:25 #1 store] 
Database 'C:\Users\proce\git\3iteration_repository\3iteration\src\main\resources\bets.temp' is opened by 10244@DESKTOP-RHU8OVS

[2021-05-05 18:51:25 #2 type.registry] 
New type domain.Person

[2021-05-05 18:51:25 #3 type.registry] 
New type domain.Admin

[2021-05-05 18:51:25 #4 type] 
Type domain.Person is not enhanced.

[2021-05-05 18:51:25 #5 type] 
Type domain.Admin is not enhanced.

[2021-05-05 18:51:25 #6 type.registry] 
New type domain.Worker

[2021-05-05 18:51:25 #7 type] 
Type domain.Worker is not enhanced.

[2021-05-05 18:51:25 #8 type.registry] 
New type domain.RegisteredClient

[2021-05-05 18:51:25 #9 type] 
Type domain.RegisteredClient is not enhanced.

[2021-05-05 18:51:25 #10 type.registry] 
New type domain.Movements

[2021-05-05 18:51:25 #11 type.registry] 
New type java.util.Vector<domain.Movements>

[2021-05-05 18:51:25 #12 type.registry] 
New type domain.Bet

[2021-05-05 18:51:25 #13 type.registry] 
New type java.util.Vector<domain.Bet>

[2021-05-05 18:51:25 #14 type] 
Type domain.Movements is not enhanced.

[2021-05-05 18:51:25 #15 type] 
Type domain.Bet is not enhanced.

[2021-05-05 18:51:25 #16 type.registry] 
New type domain.Prediction

[2021-05-05 18:51:25 #17 type] 
Type domain.Prediction is not enhanced.

[2021-05-05 18:51:25 #18 type.registry] 
New type domain.Question

[2021-05-05 18:51:25 #19 type] 
Type domain.Question is not enhanced.

[2021-05-05 18:51:25 #20 type.registry] 
New type java.util.Vector<domain.Prediction>

[2021-05-05 18:51:25 #21 type.registry] 
New type domain.Event

[2021-05-05 18:51:25 #22 type] 
Type domain.Event is not enhanced.

[2021-05-05 18:51:25 #23 type.registry] 
New type java.util.Vector<domain.Question>

[2021-05-05 18:51:25 #24 type.registry] 
New type java.util.Vector<java.lang.Object>

------------------------------------------------------------------------------------------------------------------------

[2021-05-05 19:02:47 #1 store] 
Database 'C:\Users\proce\git\3iteration_repository\3iteration\src\main\resources\bets.temp' is opened by 4908@DESKTOP-RHU8OVS

[2021-05-05 19:02:47 #2 type.registry] 
New type domain.Person

[2021-05-05 19:02:47 #3 type.registry] 
New type domain.Admin

[2021-05-05 19:02:47 #4 type] 
Type domain.Person is not enhanced.

[2021-05-05 19:02:47 #5 type] 
Type domain.Admin is not enhanced.

[2021-05-05 19:02:47 #6 type.registry] 
New type domain.Worker

[2021-05-05 19:02:47 #7 type] 
Type domain.Worker is not enhanced.

[2021-05-05 19:02:47 #8 type.registry] 
New type domain.RegisteredClient

[2021-05-05 19:02:47 #9 type] 
Type domain.RegisteredClient is not enhanced.

[2021-05-05 19:02:47 #10 type.registry] 
New type domain.Movements

[2021-05-05 19:02:47 #11 type.registry] 
New type java.util.Vector<domain.Movements>

[2021-05-05 19:02:47 #12 type.registry] 
New type domain.Bet

[2021-05-05 19:02:47 #13 type.registry] 
New type java.util.Vector<domain.Bet>

[2021-05-05 19:02:47 #14 type] 
Type domain.Movements is not enhanced.

[2021-05-05 19:02:47 #15 type] 
Type domain.Bet is not enhanced.

[2021-05-05 19:02:47 #16 type.registry] 
New type domain.Prediction

[2021-05-05 19:02:47 #17 type] 
Type domain.Prediction is not enhanced.

[2021-05-05 19:02:47 #18 type.registry] 
New type domain.Question

[2021-05-05 19:02:47 #19 type] 
Type domain.Question is not enhanced.

[2021-05-05 19:02:47 #20 type.registry] 
New type java.util.Vector<domain.Prediction>

[2021-05-05 19:02:47 #21 type.registry] 
New type domain.Event

[2021-05-05 19:02:47 #22 type] 
Type domain.Event is not enhanced.

[2021-05-05 19:02:47 #23 type.registry] 
New type java.util.Vector<domain.Question>

[2021-05-05 19:02:47 #24 type.registry] 
New type java.util.Vector<java.lang.Object>

------------------------------------------------------------------------------------------------------------------------

[2021-05-05 19:04:00 #1 store] 
Database 'C:\Users\proce\git\3iteration_repository\3iteration\src\main\resources\bets.temp' is opened by 3504@DESKTOP-RHU8OVS

[2021-05-05 19:04:00 #2 type.registry] 
New type domain.Person

[2021-05-05 19:04:00 #3 type.registry] 
New type domain.Admin

[2021-05-05 19:04:00 #4 type] 
Type domain.Person is not enhanced.

[2021-05-05 19:04:00 #5 type] 
Type domain.Admin is not enhanced.

[2021-05-05 19:04:00 #6 type.registry] 
New type domain.Worker

[2021-05-05 19:04:00 #7 type] 
Type domain.Worker is not enhanced.

[2021-05-05 19:04:00 #8 type.registry] 
New type domain.RegisteredClient

[2021-05-05 19:04:00 #9 type] 
Type domain.RegisteredClient is not enhanced.

[2021-05-05 19:04:00 #10 type.registry] 
New type domain.Movements

[2021-05-05 19:04:00 #11 type.registry] 
New type java.util.Vector<domain.Movements>

[2021-05-05 19:04:00 #12 type.registry] 
New type domain.Bet

[2021-05-05 19:04:00 #13 type.registry] 
New type java.util.Vector<domain.Bet>

[2021-05-05 19:04:00 #14 type] 
Type domain.Movements is not enhanced.

[2021-05-05 19:04:00 #15 type] 
Type domain.Bet is not enhanced.

[2021-05-05 19:04:00 #16 type.registry] 
New type domain.Prediction

[2021-05-05 19:04:00 #17 type] 
Type domain.Prediction is not enhanced.

[2021-05-05 19:04:00 #18 type.registry] 
New type domain.Question

[2021-05-05 19:04:00 #19 type] 
Type domain.Question is not enhanced.

[2021-05-05 19:04:00 #20 type.registry] 
New type java.util.Vector<domain.Prediction>

[2021-05-05 19:04:00 #21 type.registry] 
New type domain.Event

[2021-05-05 19:04:00 #22 type] 
Type domain.Event is not enhanced.

[2021-05-05 19:04:00 #23 type.registry] 
New type java.util.Vector<domain.Question>

[2021-05-05 19:04:00 #24 type.registry] 
New type java.util.Vector<java.lang.Object>

------------------------------------------------------------------------------------------------------------------------

[2021-05-05 19:07:07 #1 store] 
Database 'C:\Users\proce\git\3iteration_repository\3iteration\src\main\resources\bets.temp' is opened by 8640@DESKTOP-RHU8OVS

[2021-05-05 19:07:07 #2 type.registry] 
New type domain.Person

[2021-05-05 19:07:07 #3 type.registry] 
New type domain.Admin

[2021-05-05 19:07:07 #4 type] 
Type domain.Person is not enhanced.

[2021-05-05 19:07:07 #5 type] 
Type domain.Admin is not enhanced.

[2021-05-05 19:07:07 #6 type.registry] 
New type domain.Worker

[2021-05-05 19:07:07 #7 type] 
Type domain.Worker is not enhanced.

[2021-05-05 19:07:07 #8 type.registry] 
New type domain.RegisteredClient

[2021-05-05 19:07:07 #9 type] 
Type domain.RegisteredClient is not enhanced.

[2021-05-05 19:07:07 #10 type.registry] 
New type domain.Movements

[2021-05-05 19:07:07 #11 type.registry] 
New type java.util.Vector<domain.Movements>

[2021-05-05 19:07:07 #12 type.registry] 
New type domain.Bet

[2021-05-05 19:07:07 #13 type.registry] 
New type java.util.Vector<domain.Bet>

[2021-05-05 19:07:07 #14 type] 
Type domain.Movements is not enhanced.

[2021-05-05 19:07:07 #15 type] 
Type domain.Bet is not enhanced.

[2021-05-05 19:07:07 #16 type.registry] 
New type domain.Prediction

[2021-05-05 19:07:07 #17 type] 
Type domain.Prediction is not enhanced.

[2021-05-05 19:07:07 #18 type.registry] 
New type domain.Question

[2021-05-05 19:07:07 #19 type] 
Type domain.Question is not enhanced.

[2021-05-05 19:07:07 #20 type.registry] 
New type java.util.Vector<domain.Prediction>

[2021-05-05 19:07:07 #21 type.registry] 
New type domain.Event

[2021-05-05 19:07:07 #22 type] 
Type domain.Event is not enhanced.

[2021-05-05 19:07:07 #23 type.registry] 
New type java.util.Vector<domain.Question>

[2021-05-05 19:07:07 #24 type.registry] 
New type java.util.Vector<java.lang.Object>

------------------------------------------------------------------------------------------------------------------------

[2021-05-05 19:07:55 #1 store] 
Database 'C:\Users\proce\git\3iteration_repository\3iteration\src\main\resources\bets.temp' is opened by 4944@DESKTOP-RHU8OVS

[2021-05-05 19:07:55 #2 type.registry] 
New type domain.Person

[2021-05-05 19:07:55 #3 type.registry] 
New type domain.Admin

[2021-05-05 19:07:55 #4 type] 
Type domain.Person is not enhanced.

[2021-05-05 19:07:55 #5 type] 
Type domain.Admin is not enhanced.

[2021-05-05 19:07:55 #6 type.registry] 
New type domain.Worker

[2021-05-05 19:07:55 #7 type] 
Type domain.Worker is not enhanced.

[2021-05-05 19:07:55 #8 type.registry] 
New type domain.RegisteredClient

[2021-05-05 19:07:55 #9 type] 
Type domain.RegisteredClient is not enhanced.

[2021-05-05 19:07:55 #10 type.registry] 
New type domain.Movements

[2021-05-05 19:07:55 #11 type.registry] 
New type java.util.Vector<domain.Movements>

[2021-05-05 19:07:55 #12 type.registry] 
New type domain.Bet

[2021-05-05 19:07:55 #13 type.registry] 
New type java.util.Vector<domain.Bet>

[2021-05-05 19:07:55 #14 type] 
Type domain.Movements is not enhanced.

[2021-05-05 19:07:55 #15 type] 
Type domain.Bet is not enhanced.

[2021-05-05 19:07:55 #16 type.registry] 
New type domain.Prediction

[2021-05-05 19:07:55 #17 type] 
Type domain.Prediction is not enhanced.

[2021-05-05 19:07:55 #18 type.registry] 
New type domain.Question

[2021-05-05 19:07:55 #19 type] 
Type domain.Question is not enhanced.

[2021-05-05 19:07:55 #20 type.registry] 
New type java.util.Vector<domain.Prediction>

[2021-05-05 19:07:55 #21 type.registry] 
New type domain.Event

[2021-05-05 19:07:55 #22 type] 
Type domain.Event is not enhanced.

[2021-05-05 19:07:55 #23 type.registry] 
New type java.util.Vector<domain.Question>

[2021-05-05 19:07:55 #24 type.registry] 
New type java.util.Vector<java.lang.Object>

------------------------------------------------------------------------------------------------------------------------

[2021-05-05 19:09:57 #1 store] 
Database 'C:\Users\proce\git\3iteration_repository\3iteration\src\main\resources\bets.temp' is opened by 7256@DESKTOP-RHU8OVS

[2021-05-05 19:09:58 #2 type.registry] 
New type domain.Person

[2021-05-05 19:09:58 #3 type.registry] 
New type domain.Admin

[2021-05-05 19:09:58 #4 type] 
Type domain.Person is not enhanced.

[2021-05-05 19:09:58 #5 type] 
Type domain.Admin is not enhanced.

[2021-05-05 19:09:58 #6 type.registry] 
New type domain.Worker

[2021-05-05 19:09:58 #7 type] 
Type domain.Worker is not enhanced.

[2021-05-05 19:09:58 #8 type.registry] 
New type domain.RegisteredClient

[2021-05-05 19:09:58 #9 type] 
Type domain.RegisteredClient is not enhanced.

[2021-05-05 19:09:58 #10 type.registry] 
New type domain.Movements

[2021-05-05 19:09:58 #11 type.registry] 
New type java.util.Vector<domain.Movements>

[2021-05-05 19:09:58 #12 type.registry] 
New type domain.Bet

[2021-05-05 19:09:58 #13 type.registry] 
New type java.util.Vector<domain.Bet>

[2021-05-05 19:09:58 #14 type] 
Type domain.Movements is not enhanced.

[2021-05-05 19:09:58 #15 type] 
Type domain.Bet is not enhanced.

[2021-05-05 19:09:58 #16 type.registry] 
New type domain.Prediction

[2021-05-05 19:09:58 #17 type] 
Type domain.Prediction is not enhanced.

[2021-05-05 19:09:58 #18 type.registry] 
New type domain.Question

[2021-05-05 19:09:58 #19 type] 
Type domain.Question is not enhanced.

[2021-05-05 19:09:58 #20 type.registry] 
New type java.util.Vector<domain.Prediction>

[2021-05-05 19:09:58 #21 type.registry] 
New type domain.Event

[2021-05-05 19:09:58 #22 type] 
Type domain.Event is not enhanced.

[2021-05-05 19:09:58 #23 type.registry] 
New type java.util.Vector<domain.Question>

[2021-05-05 19:09:58 #24 type.registry] 
New type java.util.Vector<java.lang.Object>

------------------------------------------------------------------------------------------------------------------------

[2021-05-05 19:50:39 #1 store] 
Database 'C:\Users\proce\git\3iteration_repository\3iteration\src\main\resources\bets.temp' is opened by 9008@DESKTOP-RHU8OVS

[2021-05-05 19:50:39 #2 type.registry] 
New type domain.Person

[2021-05-05 19:50:39 #3 type.registry] 
New type domain.Admin

[2021-05-05 19:50:39 #4 type] 
Type domain.Person is not enhanced.

[2021-05-05 19:50:39 #5 type] 
Type domain.Admin is not enhanced.

[2021-05-05 19:50:39 #6 type.registry] 
New type domain.Worker

[2021-05-05 19:50:39 #7 type] 
Type domain.Worker is not enhanced.

[2021-05-05 19:50:39 #8 type.registry] 
New type domain.RegisteredClient

[2021-05-05 19:50:39 #9 type] 
Type domain.RegisteredClient is not enhanced.

[2021-05-05 19:50:39 #10 type.registry] 
New type domain.Movements

[2021-05-05 19:50:39 #11 type.registry] 
New type java.util.Vector<domain.Movements>

[2021-05-05 19:50:39 #12 type.registry] 
New type domain.Bet

[2021-05-05 19:50:39 #13 type.registry] 
New type java.util.Vector<domain.Bet>

[2021-05-05 19:50:39 #14 type] 
Type domain.Movements is not enhanced.

[2021-05-05 19:50:39 #15 type] 
Type domain.Bet is not enhanced.

[2021-05-05 19:50:39 #16 type.registry] 
New type domain.Prediction

[2021-05-05 19:50:39 #17 type] 
Type domain.Prediction is not enhanced.

[2021-05-05 19:50:39 #18 type.registry] 
New type domain.Question

[2021-05-05 19:50:39 #19 type] 
Type domain.Question is not enhanced.

[2021-05-05 19:50:39 #20 type.registry] 
New type java.util.Vector<domain.Prediction>

[2021-05-05 19:50:39 #21 type.registry] 
New type domain.Event

[2021-05-05 19:50:39 #22 type] 
Type domain.Event is not enhanced.

[2021-05-05 19:50:39 #23 type.registry] 
New type java.util.Vector<domain.Question>

[2021-05-05 19:50:39 #24 type.registry] 
New type java.util.Vector<java.lang.Object>

------------------------------------------------------------------------------------------------------------------------

[2021-05-05 20:03:18 #1 store] 
Database 'C:\Users\proce\git\3iteration_repository\3iteration\src\main\resources\bets.temp' is opened by 14036@DESKTOP-RHU8OVS

[2021-05-05 20:03:19 #2 type.registry] 
New type domain.Person

[2021-05-05 20:03:19 #3 type.registry] 
New type domain.Admin

[2021-05-05 20:03:19 #4 type] 
Type domain.Person is not enhanced.

[2021-05-05 20:03:19 #5 type] 
Type domain.Admin is not enhanced.

[2021-05-05 20:03:19 #6 type.registry] 
New type domain.Worker

[2021-05-05 20:03:19 #7 type] 
Type domain.Worker is not enhanced.

[2021-05-05 20:03:19 #8 type.registry] 
New type domain.RegisteredClient

[2021-05-05 20:03:19 #9 type] 
Type domain.RegisteredClient is not enhanced.

[2021-05-05 20:03:19 #10 type.registry] 
New type domain.Movements

[2021-05-05 20:03:19 #11 type.registry] 
New type java.util.Vector<domain.Movements>

[2021-05-05 20:03:19 #12 type.registry] 
New type domain.Bet

[2021-05-05 20:03:19 #13 type.registry] 
New type java.util.Vector<domain.Bet>

[2021-05-05 20:03:19 #14 type] 
Type domain.Movements is not enhanced.

[2021-05-05 20:03:19 #15 type] 
Type domain.Bet is not enhanced.

[2021-05-05 20:03:19 #16 type.registry] 
New type domain.Prediction

[2021-05-05 20:03:19 #17 type] 
Type domain.Prediction is not enhanced.

[2021-05-05 20:03:19 #18 type.registry] 
New type domain.Question

[2021-05-05 20:03:19 #19 type] 
Type domain.Question is not enhanced.

[2021-05-05 20:03:19 #20 type.registry] 
New type java.util.Vector<domain.Prediction>

[2021-05-05 20:03:19 #21 type.registry] 
New type domain.Event

[2021-05-05 20:03:19 #22 type] 
Type domain.Event is not enhanced.

[2021-05-05 20:03:19 #23 type.registry] 
New type java.util.Vector<domain.Question>

[2021-05-05 20:03:19 #24 type.registry] 
New type java.util.Vector<java.lang.Object>

------------------------------------------------------------------------------------------------------------------------

[2021-05-05 20:28:12 #1 store] 
Database 'C:\Users\proce\git\3iteration_repository\3iteration\src\main\resources\bets.temp' is opened by 12576@DESKTOP-RHU8OVS

[2021-05-05 20:28:12 #2 type.registry] 
New type domain.Person

[2021-05-05 20:28:12 #3 type.registry] 
New type domain.Admin

[2021-05-05 20:28:12 #4 type] 
Type domain.Person is not enhanced.

[2021-05-05 20:28:12 #5 type] 
Type domain.Admin is not enhanced.

[2021-05-05 20:28:12 #6 type.registry] 
New type domain.Worker

[2021-05-05 20:28:12 #7 type] 
Type domain.Worker is not enhanced.

[2021-05-05 20:28:12 #8 type.registry] 
New type domain.RegisteredClient

[2021-05-05 20:28:12 #9 type] 
Type domain.RegisteredClient is not enhanced.

[2021-05-05 20:28:12 #10 type.registry] 
New type domain.Movements

[2021-05-05 20:28:12 #11 type.registry] 
New type java.util.Vector<domain.Movements>

[2021-05-05 20:28:12 #12 type.registry] 
New type domain.Bet

[2021-05-05 20:28:12 #13 type.registry] 
New type java.util.Vector<domain.Bet>

[2021-05-05 20:28:12 #14 type] 
Type domain.Movements is not enhanced.

[2021-05-05 20:28:12 #15 type] 
Type domain.Bet is not enhanced.

[2021-05-05 20:28:12 #16 type.registry] 
New type domain.Prediction

[2021-05-05 20:28:12 #17 type] 
Type domain.Prediction is not enhanced.

[2021-05-05 20:28:12 #18 type.registry] 
New type domain.Question

[2021-05-05 20:28:12 #19 type] 
Type domain.Question is not enhanced.

[2021-05-05 20:28:12 #20 type.registry] 
New type java.util.Vector<domain.Prediction>

[2021-05-05 20:28:12 #21 type.registry] 
New type domain.Event

[2021-05-05 20:28:12 #22 type] 
Type domain.Event is not enhanced.

[2021-05-05 20:28:12 #23 type.registry] 
New type java.util.Vector<domain.Question>

[2021-05-05 20:28:12 #24 type.registry] 
New type java.util.Vector<java.lang.Object>

------------------------------------------------------------------------------------------------------------------------

[2021-05-05 20:29:38 #1 store] 
Database 'C:\Users\proce\git\3iteration_repository\3iteration\src\main\resources\bets.temp' is opened by 12744@DESKTOP-RHU8OVS

[2021-05-05 20:29:38 #2 type.registry] 
New type domain.Person

[2021-05-05 20:29:38 #3 type.registry] 
New type domain.Admin

[2021-05-05 20:29:38 #4 type] 
Type domain.Person is not enhanced.

[2021-05-05 20:29:38 #5 type] 
Type domain.Admin is not enhanced.

[2021-05-05 20:29:38 #6 type.registry] 
New type domain.Worker

[2021-05-05 20:29:38 #7 type] 
Type domain.Worker is not enhanced.

[2021-05-05 20:29:38 #8 type.registry] 
New type domain.RegisteredClient

[2021-05-05 20:29:38 #9 type] 
Type domain.RegisteredClient is not enhanced.

[2021-05-05 20:29:38 #10 type.registry] 
New type domain.Movements

[2021-05-05 20:29:38 #11 type.registry] 
New type java.util.Vector<domain.Movements>

[2021-05-05 20:29:38 #12 type.registry] 
New type domain.Bet

[2021-05-05 20:29:38 #13 type.registry] 
New type java.util.Vector<domain.Bet>

[2021-05-05 20:29:38 #14 type] 
Type domain.Movements is not enhanced.

[2021-05-05 20:29:38 #15 type] 
Type domain.Bet is not enhanced.

[2021-05-05 20:29:38 #16 type.registry] 
New type domain.Prediction

[2021-05-05 20:29:38 #17 type] 
Type domain.Prediction is not enhanced.

[2021-05-05 20:29:38 #18 type.registry] 
New type domain.Question

[2021-05-05 20:29:38 #19 type] 
Type domain.Question is not enhanced.

[2021-05-05 20:29:38 #20 type.registry] 
New type java.util.Vector<domain.Prediction>

[2021-05-05 20:29:38 #21 type.registry] 
New type domain.Event

[2021-05-05 20:29:38 #22 type] 
Type domain.Event is not enhanced.

[2021-05-05 20:29:38 #23 type.registry] 
New type java.util.Vector<domain.Question>

[2021-05-05 20:29:38 #24 type.registry] 
New type java.util.Vector<java.lang.Object>

------------------------------------------------------------------------------------------------------------------------

[2021-05-05 20:37:13 #1 store] 
Database 'C:\Users\proce\git\3iteration_repository\3iteration\src\main\resources\bets.temp' is opened by 15852@DESKTOP-RHU8OVS

------------------------------------------------------------------------------------------------------------------------

[2021-05-05 20:39:34 #1 store] 
Database 'C:\Users\proce\git\3iteration_repository\3iteration\src\main\resources\bets.temp' is opened by 15204@DESKTOP-RHU8OVS

[2021-05-05 20:39:34 #2 type.registry] 
New type domain.Person

[2021-05-05 20:39:34 #3 type.registry] 
New type domain.Admin

[2021-05-05 20:39:34 #4 type] 
Type domain.Person is not enhanced.

[2021-05-05 20:39:34 #5 type] 
Type domain.Admin is not enhanced.

[2021-05-05 20:39:34 #6 type.registry] 
New type domain.Worker

[2021-05-05 20:39:34 #7 type] 
Type domain.Worker is not enhanced.

[2021-05-05 20:39:34 #8 type.registry] 
New type domain.RegisteredClient

[2021-05-05 20:39:34 #9 type] 
Type domain.RegisteredClient is not enhanced.

[2021-05-05 20:39:34 #10 type.registry] 
New type domain.Movements

[2021-05-05 20:39:34 #11 type.registry] 
New type java.util.Vector<domain.Movements>

[2021-05-05 20:39:34 #12 type.registry] 
New type domain.Bet

[2021-05-05 20:39:34 #13 type.registry] 
New type java.util.Vector<domain.Bet>

[2021-05-05 20:39:34 #14 type] 
Type domain.Movements is not enhanced.

[2021-05-05 20:39:34 #15 type] 
Type domain.Bet is not enhanced.

[2021-05-05 20:39:34 #16 type.registry] 
New type domain.Prediction

[2021-05-05 20:39:34 #17 type] 
Type domain.Prediction is not enhanced.

[2021-05-05 20:39:34 #18 type.registry] 
New type domain.Question

[2021-05-05 20:39:34 #19 type] 
Type domain.Question is not enhanced.

[2021-05-05 20:39:34 #20 type.registry] 
New type java.util.Vector<domain.Prediction>

[2021-05-05 20:39:34 #21 type.registry] 
New type domain.Event

[2021-05-05 20:39:34 #22 type] 
Type domain.Event is not enhanced.

[2021-05-05 20:39:34 #23 type.registry] 
New type java.util.Vector<domain.Question>

[2021-05-05 20:39:34 #24 type.registry] 
New type java.util.Vector<java.lang.Object>

------------------------------------------------------------------------------------------------------------------------

[2021-05-05 20:41:38 #1 store] 
Database 'C:\Users\proce\git\3iteration_repository\3iteration\src\main\resources\bets.temp' is opened by 5992@DESKTOP-RHU8OVS

[2021-05-05 20:41:39 #2 type.registry] 
New type domain.Person

[2021-05-05 20:41:39 #3 type.registry] 
New type domain.Admin

[2021-05-05 20:41:39 #4 type] 
Type domain.Person is not enhanced.

[2021-05-05 20:41:39 #5 type] 
Type domain.Admin is not enhanced.

[2021-05-05 20:41:39 #6 type.registry] 
New type domain.Worker

[2021-05-05 20:41:39 #7 type] 
Type domain.Worker is not enhanced.

[2021-05-05 20:41:39 #8 type.registry] 
New type domain.RegisteredClient

[2021-05-05 20:41:39 #9 type] 
Type domain.RegisteredClient is not enhanced.

[2021-05-05 20:41:39 #10 type.registry] 
New type domain.Movements

[2021-05-05 20:41:39 #11 type.registry] 
New type java.util.Vector<domain.Movements>

[2021-05-05 20:41:39 #12 type.registry] 
New type domain.Bet

[2021-05-05 20:41:39 #13 type.registry] 
New type java.util.Vector<domain.Bet>

[2021-05-05 20:41:39 #14 type] 
Type domain.Movements is not enhanced.

[2021-05-05 20:41:39 #15 type] 
Type domain.Bet is not enhanced.

[2021-05-05 20:41:39 #16 type.registry] 
New type domain.Prediction

[2021-05-05 20:41:39 #17 type] 
Type domain.Prediction is not enhanced.

[2021-05-05 20:41:39 #18 type.registry] 
New type domain.Question

[2021-05-05 20:41:39 #19 type] 
Type domain.Question is not enhanced.

[2021-05-05 20:41:39 #20 type.registry] 
New type java.util.Vector<domain.Prediction>

[2021-05-05 20:41:39 #21 type.registry] 
New type domain.Event

[2021-05-05 20:41:39 #22 type] 
Type domain.Event is not enhanced.

[2021-05-05 20:41:39 #23 type.registry] 
New type java.util.Vector<domain.Question>

[2021-05-05 20:41:39 #24 type.registry] 
New type java.util.Vector<java.lang.Object>

------------------------------------------------------------------------------------------------------------------------

[2021-05-05 20:44:31 #1 store] 
Database 'C:\Users\proce\git\3iteration_repository\3iteration\src\main\resources\bets.temp' is opened by 3400@DESKTOP-RHU8OVS

[2021-05-05 20:44:31 #2 type.registry] 
New type domain.Person

[2021-05-05 20:44:31 #3 type.registry] 
New type domain.Admin

[2021-05-05 20:44:31 #4 type] 
Type domain.Person is not enhanced.

[2021-05-05 20:44:31 #5 type] 
Type domain.Admin is not enhanced.

[2021-05-05 20:44:31 #6 type.registry] 
New type domain.Worker

[2021-05-05 20:44:31 #7 type] 
Type domain.Worker is not enhanced.

[2021-05-05 20:44:31 #8 type.registry] 
New type domain.RegisteredClient

[2021-05-05 20:44:31 #9 type] 
Type domain.RegisteredClient is not enhanced.

[2021-05-05 20:44:31 #10 type.registry] 
New type domain.Movements

[2021-05-05 20:44:31 #11 type.registry] 
New type java.util.Vector<domain.Movements>

[2021-05-05 20:44:31 #12 type.registry] 
New type domain.Bet

[2021-05-05 20:44:31 #13 type.registry] 
New type java.util.Vector<domain.Bet>

[2021-05-05 20:44:31 #14 type] 
Type domain.Movements is not enhanced.

[2021-05-05 20:44:31 #15 type] 
Type domain.Bet is not enhanced.

[2021-05-05 20:44:31 #16 type.registry] 
New type domain.Prediction

[2021-05-05 20:44:31 #17 type] 
Type domain.Prediction is not enhanced.

[2021-05-05 20:44:31 #18 type.registry] 
New type domain.Question

[2021-05-05 20:44:31 #19 type] 
Type domain.Question is not enhanced.

[2021-05-05 20:44:31 #20 type.registry] 
New type java.util.Vector<domain.Prediction>

[2021-05-05 20:44:31 #21 type.registry] 
New type domain.Event

[2021-05-05 20:44:31 #22 type] 
Type domain.Event is not enhanced.

[2021-05-05 20:44:31 #23 type.registry] 
New type java.util.Vector<domain.Question>

[2021-05-05 20:44:31 #24 type.registry] 
New type java.util.Vector<java.lang.Object>

------------------------------------------------------------------------------------------------------------------------

[2021-05-05 20:50:27 #1 store] 
Database 'C:\Users\proce\git\3iteration_repository\3iteration\src\main\resources\bets.temp' is opened by 18684@DESKTOP-RHU8OVS

[2021-05-05 20:50:27 #2 type.registry] 
New type domain.Person

[2021-05-05 20:50:27 #3 type.registry] 
New type domain.Admin

[2021-05-05 20:50:27 #4 type] 
Type domain.Person is not enhanced.

[2021-05-05 20:50:27 #5 type] 
Type domain.Admin is not enhanced.

[2021-05-05 20:50:27 #6 type.registry] 
New type domain.Worker

[2021-05-05 20:50:27 #7 type] 
Type domain.Worker is not enhanced.

[2021-05-05 20:50:27 #8 type.registry] 
New type domain.RegisteredClient

[2021-05-05 20:50:27 #9 type] 
Type domain.RegisteredClient is not enhanced.

[2021-05-05 20:50:27 #10 type.registry] 
New type domain.Movements

[2021-05-05 20:50:27 #11 type.registry] 
New type java.util.Vector<domain.Movements>

[2021-05-05 20:50:27 #12 type.registry] 
New type domain.Bet

[2021-05-05 20:50:27 #13 type.registry] 
New type java.util.Vector<domain.Bet>

[2021-05-05 20:50:27 #14 type] 
Type domain.Movements is not enhanced.

[2021-05-05 20:50:27 #15 type] 
Type domain.Bet is not enhanced.

[2021-05-05 20:50:27 #16 type.registry] 
New type domain.Prediction

[2021-05-05 20:50:27 #17 type] 
Type domain.Prediction is not enhanced.

[2021-05-05 20:50:27 #18 type.registry] 
New type domain.Question

[2021-05-05 20:50:27 #19 type] 
Type domain.Question is not enhanced.

[2021-05-05 20:50:27 #20 type.registry] 
New type java.util.Vector<domain.Prediction>

[2021-05-05 20:50:27 #21 type.registry] 
New type domain.Event

[2021-05-05 20:50:27 #22 type] 
Type domain.Event is not enhanced.

[2021-05-05 20:50:27 #23 type.registry] 
New type java.util.Vector<domain.Question>

[2021-05-05 20:50:27 #24 type.registry] 
New type java.util.Vector<java.lang.Object>

------------------------------------------------------------------------------------------------------------------------

[2021-05-05 21:27:55 #1 store] 
Database 'C:\Users\proce\git\3iteration_repository\3iteration\src\main\resources\bets.temp' is opened by 17428@DESKTOP-RHU8OVS

[2021-05-05 21:27:56 #2 type.registry] 
New type domain.Person

[2021-05-05 21:27:56 #3 type.registry] 
New type domain.Admin

[2021-05-05 21:27:56 #4 type] 
Type domain.Person is not enhanced.

[2021-05-05 21:27:56 #5 type] 
Type domain.Admin is not enhanced.

[2021-05-05 21:27:56 #6 type.registry] 
New type domain.Worker

[2021-05-05 21:27:56 #7 type] 
Type domain.Worker is not enhanced.

[2021-05-05 21:27:56 #8 type.registry] 
New type domain.RegisteredClient

[2021-05-05 21:27:56 #9 type] 
Type domain.RegisteredClient is not enhanced.

[2021-05-05 21:27:56 #10 type.registry] 
New type domain.Movements

[2021-05-05 21:27:56 #11 type.registry] 
New type java.util.Vector<domain.Movements>

[2021-05-05 21:27:56 #12 type.registry] 
New type domain.Bet

[2021-05-05 21:27:56 #13 type.registry] 
New type java.util.Vector<domain.Bet>

[2021-05-05 21:27:56 #14 type] 
Type domain.Movements is not enhanced.

[2021-05-05 21:27:56 #15 type] 
Type domain.Bet is not enhanced.

[2021-05-05 21:27:56 #16 type.registry] 
New type domain.Prediction

[2021-05-05 21:27:56 #17 type] 
Type domain.Prediction is not enhanced.

[2021-05-05 21:27:56 #18 type.registry] 
New type domain.Question

[2021-05-05 21:27:56 #19 type] 
Type domain.Question is not enhanced.

[2021-05-05 21:27:56 #20 type.registry] 
New type java.util.Vector<domain.Prediction>

[2021-05-05 21:27:56 #21 type.registry] 
New type domain.Event

[2021-05-05 21:27:56 #22 type] 
Type domain.Event is not enhanced.

[2021-05-05 21:27:56 #23 type.registry] 
New type java.util.Vector<domain.Question>

[2021-05-05 21:27:56 #24 type.registry] 
New type java.util.Vector<java.lang.Object>

------------------------------------------------------------------------------------------------------------------------

[2021-05-05 21:29:56 #1 store] 
Database 'C:\Users\proce\git\3iteration_repository\3iteration\src\main\resources\bets.temp' is opened by 1816@DESKTOP-RHU8OVS

[2021-05-05 21:29:56 #2 type.registry] 
New type domain.Person

[2021-05-05 21:29:56 #3 type.registry] 
New type domain.Admin

[2021-05-05 21:29:57 #4 type] 
Type domain.Person is not enhanced.

[2021-05-05 21:29:57 #5 type] 
Type domain.Admin is not enhanced.

[2021-05-05 21:29:57 #6 type.registry] 
New type domain.Worker

[2021-05-05 21:29:57 #7 type] 
Type domain.Worker is not enhanced.

[2021-05-05 21:29:57 #8 type.registry] 
New type domain.RegisteredClient

[2021-05-05 21:29:57 #9 type] 
Type domain.RegisteredClient is not enhanced.

[2021-05-05 21:29:57 #10 type.registry] 
New type domain.Movements

[2021-05-05 21:29:57 #11 type.registry] 
New type java.util.Vector<domain.Movements>

[2021-05-05 21:29:57 #12 type.registry] 
New type domain.Bet

[2021-05-05 21:29:57 #13 type.registry] 
New type java.util.Vector<domain.Bet>

[2021-05-05 21:29:57 #14 type] 
Type domain.Movements is not enhanced.

[2021-05-05 21:29:57 #15 type] 
Type domain.Bet is not enhanced.

[2021-05-05 21:29:57 #16 type.registry] 
New type domain.Prediction

[2021-05-05 21:29:57 #17 type] 
Type domain.Prediction is not enhanced.

[2021-05-05 21:29:57 #18 type.registry] 
New type domain.Question

[2021-05-05 21:29:57 #19 type] 
Type domain.Question is not enhanced.

[2021-05-05 21:29:57 #20 type.registry] 
New type java.util.Vector<domain.Prediction>

[2021-05-05 21:29:57 #21 type.registry] 
New type domain.Event

[2021-05-05 21:29:57 #22 type] 
Type domain.Event is not enhanced.

[2021-05-05 21:29:57 #23 type.registry] 
New type java.util.Vector<domain.Question>

[2021-05-05 21:29:57 #24 type.registry] 
New type java.util.Vector<java.lang.Object>

------------------------------------------------------------------------------------------------------------------------

[2021-05-05 22:16:54 #1 store] 
Database 'C:\Users\proce\git\3iteration_repository\3iteration\src\main\resources\bets.temp' is opened by 7624@DESKTOP-RHU8OVS

[2021-05-05 22:16:54 #2 type.registry] 
New type domain.Person

[2021-05-05 22:16:54 #3 type.registry] 
New type domain.Admin

[2021-05-05 22:16:54 #4 type] 
Type domain.Person is not enhanced.

[2021-05-05 22:16:54 #5 type] 
Type domain.Admin is not enhanced.

[2021-05-05 22:16:54 #6 type.registry] 
New type domain.Worker

[2021-05-05 22:16:54 #7 type] 
Type domain.Worker is not enhanced.

[2021-05-05 22:16:54 #8 type.registry] 
New type domain.RegisteredClient

[2021-05-05 22:16:54 #9 type] 
Type domain.RegisteredClient is not enhanced.

[2021-05-05 22:16:54 #10 type.registry] 
New type domain.Movements

[2021-05-05 22:16:54 #11 type.registry] 
New type java.util.Vector<domain.Movements>

[2021-05-05 22:16:54 #12 type.registry] 
New type domain.Bet

[2021-05-05 22:16:54 #13 type.registry] 
New type java.util.Vector<domain.Bet>

[2021-05-05 22:16:54 #14 type] 
Type domain.Movements is not enhanced.

[2021-05-05 22:16:54 #15 type] 
Type domain.Bet is not enhanced.

[2021-05-05 22:16:54 #16 type.registry] 
New type domain.Prediction

[2021-05-05 22:16:54 #17 type] 
Type domain.Prediction is not enhanced.

[2021-05-05 22:16:54 #18 type.registry] 
New type domain.Question

[2021-05-05 22:16:54 #19 type] 
Type domain.Question is not enhanced.

[2021-05-05 22:16:54 #20 type.registry] 
New type java.util.Vector<domain.Prediction>

[2021-05-05 22:16:54 #21 type.registry] 
New type domain.Event

[2021-05-05 22:16:54 #22 type] 
Type domain.Event is not enhanced.

[2021-05-05 22:16:54 #23 type.registry] 
New type java.util.Vector<domain.Question>

[2021-05-05 22:16:54 #24 type.registry] 
New type java.util.Vector<java.lang.Object>

------------------------------------------------------------------------------------------------------------------------

[2021-05-05 22:24:01 #1 store] 
Database 'C:\Users\proce\git\3iteration_repository\3iteration\src\main\resources\bets.temp' is opened by 14736@DESKTOP-RHU8OVS

[2021-05-05 22:24:01 #2 type.registry] 
New type domain.Person

[2021-05-05 22:24:01 #3 type.registry] 
New type domain.Admin

[2021-05-05 22:24:01 #4 type] 
Type domain.Person is not enhanced.

[2021-05-05 22:24:01 #5 type] 
Type domain.Admin is not enhanced.

[2021-05-05 22:24:01 #6 type.registry] 
New type domain.Worker

[2021-05-05 22:24:01 #7 type] 
Type domain.Worker is not enhanced.

[2021-05-05 22:24:02 #8 type.registry] 
New type domain.RegisteredClient

[2021-05-05 22:24:02 #9 type] 
Type domain.RegisteredClient is not enhanced.

[2021-05-05 22:24:02 #10 type.registry] 
New type domain.Movements

[2021-05-05 22:24:02 #11 type.registry] 
New type java.util.Vector<domain.Movements>

[2021-05-05 22:24:02 #12 type.registry] 
New type domain.Bet

[2021-05-05 22:24:02 #13 type.registry] 
New type java.util.Vector<domain.Bet>

[2021-05-05 22:24:02 #14 type] 
Type domain.Movements is not enhanced.

[2021-05-05 22:24:02 #15 type] 
Type domain.Bet is not enhanced.

[2021-05-05 22:24:02 #16 type.registry] 
New type domain.Prediction

[2021-05-05 22:24:02 #17 type] 
Type domain.Prediction is not enhanced.

[2021-05-05 22:24:02 #18 type.registry] 
New type domain.Question

[2021-05-05 22:24:02 #19 type] 
Type domain.Question is not enhanced.

[2021-05-05 22:24:02 #20 type.registry] 
New type java.util.Vector<domain.Prediction>

[2021-05-05 22:24:02 #21 type.registry] 
New type domain.Event

[2021-05-05 22:24:02 #22 type] 
Type domain.Event is not enhanced.

[2021-05-05 22:24:02 #23 type.registry] 
New type java.util.Vector<domain.Question>

[2021-05-05 22:24:02 #24 type.registry] 
New type java.util.Vector<java.lang.Object>

------------------------------------------------------------------------------------------------------------------------

[2021-05-05 22:26:00 #1 store] 
Database 'C:\Users\proce\git\3iteration_repository\3iteration\src\main\resources\bets.temp' is opened by 20308@DESKTOP-RHU8OVS

[2021-05-05 22:26:00 #2 type.registry] 
New type domain.Person

[2021-05-05 22:26:00 #3 type.registry] 
New type domain.Admin

[2021-05-05 22:26:00 #4 type] 
Type domain.Person is not enhanced.

[2021-05-05 22:26:00 #5 type] 
Type domain.Admin is not enhanced.

[2021-05-05 22:26:00 #6 type.registry] 
New type domain.Worker

[2021-05-05 22:26:00 #7 type] 
Type domain.Worker is not enhanced.

[2021-05-05 22:26:00 #8 type.registry] 
New type domain.RegisteredClient

[2021-05-05 22:26:00 #9 type] 
Type domain.RegisteredClient is not enhanced.

[2021-05-05 22:26:00 #10 type.registry] 
New type domain.Movements

[2021-05-05 22:26:00 #11 type.registry] 
New type java.util.Vector<domain.Movements>

[2021-05-05 22:26:00 #12 type.registry] 
New type domain.Bet

[2021-05-05 22:26:00 #13 type.registry] 
New type java.util.Vector<domain.Bet>

[2021-05-05 22:26:00 #14 type] 
Type domain.Movements is not enhanced.

[2021-05-05 22:26:00 #15 type] 
Type domain.Bet is not enhanced.

[2021-05-05 22:26:00 #16 type.registry] 
New type domain.Prediction

[2021-05-05 22:26:00 #17 type] 
Type domain.Prediction is not enhanced.

[2021-05-05 22:26:00 #18 type.registry] 
New type domain.Question

[2021-05-05 22:26:00 #19 type] 
Type domain.Question is not enhanced.

[2021-05-05 22:26:00 #20 type.registry] 
New type java.util.Vector<domain.Prediction>

[2021-05-05 22:26:00 #21 type.registry] 
New type domain.Event

[2021-05-05 22:26:00 #22 type] 
Type domain.Event is not enhanced.

[2021-05-05 22:26:00 #23 type.registry] 
New type java.util.Vector<domain.Question>

[2021-05-05 22:26:00 #24 type.registry] 
New type java.util.Vector<java.lang.Object>

------------------------------------------------------------------------------------------------------------------------

[2021-05-05 22:28:04 #1 store] 
Database 'C:\Users\proce\git\3iteration_repository\3iteration\src\main\resources\bets.temp' is opened by 5052@DESKTOP-RHU8OVS

[2021-05-05 22:28:04 #2 type.registry] 
New type domain.Person

[2021-05-05 22:28:04 #3 type.registry] 
New type domain.Admin

[2021-05-05 22:28:04 #4 type] 
Type domain.Person is not enhanced.

[2021-05-05 22:28:04 #5 type] 
Type domain.Admin is not enhanced.

[2021-05-05 22:28:04 #6 type.registry] 
New type domain.Worker

[2021-05-05 22:28:04 #7 type] 
Type domain.Worker is not enhanced.

[2021-05-05 22:28:04 #8 type.registry] 
New type domain.RegisteredClient

[2021-05-05 22:28:04 #9 type] 
Type domain.RegisteredClient is not enhanced.

[2021-05-05 22:28:04 #10 type.registry] 
New type domain.Movements

[2021-05-05 22:28:04 #11 type.registry] 
New type java.util.Vector<domain.Movements>

[2021-05-05 22:28:04 #12 type.registry] 
New type domain.Bet

[2021-05-05 22:28:04 #13 type.registry] 
New type java.util.Vector<domain.Bet>

[2021-05-05 22:28:04 #14 type] 
Type domain.Movements is not enhanced.

[2021-05-05 22:28:04 #15 type] 
Type domain.Bet is not enhanced.

[2021-05-05 22:28:04 #16 type.registry] 
New type domain.Prediction

[2021-05-05 22:28:04 #17 type] 
Type domain.Prediction is not enhanced.

[2021-05-05 22:28:04 #18 type.registry] 
New type domain.Question

[2021-05-05 22:28:04 #19 type] 
Type domain.Question is not enhanced.

[2021-05-05 22:28:04 #20 type.registry] 
New type java.util.Vector<domain.Prediction>

[2021-05-05 22:28:04 #21 type.registry] 
New type domain.Event

[2021-05-05 22:28:04 #22 type] 
Type domain.Event is not enhanced.

[2021-05-05 22:28:04 #23 type.registry] 
New type java.util.Vector<domain.Question>

[2021-05-05 22:28:04 #24 type.registry] 
New type java.util.Vector<java.lang.Object>

------------------------------------------------------------------------------------------------------------------------

[2021-05-05 22:29:51 #1 store] 
Database 'C:\Users\proce\git\3iteration_repository\3iteration\src\main\resources\bets.temp' is opened by 6844@DESKTOP-RHU8OVS

[2021-05-05 22:29:51 #2 type.registry] 
New type domain.Person

[2021-05-05 22:29:51 #3 type.registry] 
New type domain.Admin

[2021-05-05 22:29:51 #4 type] 
Type domain.Person is not enhanced.

[2021-05-05 22:29:51 #5 type] 
Type domain.Admin is not enhanced.

[2021-05-05 22:29:51 #6 type.registry] 
New type domain.Worker

[2021-05-05 22:29:51 #7 type] 
Type domain.Worker is not enhanced.

[2021-05-05 22:29:51 #8 type.registry] 
New type domain.RegisteredClient

[2021-05-05 22:29:51 #9 type] 
Type domain.RegisteredClient is not enhanced.

[2021-05-05 22:29:51 #10 type.registry] 
New type domain.Movements

[2021-05-05 22:29:51 #11 type.registry] 
New type java.util.Vector<domain.Movements>

[2021-05-05 22:29:51 #12 type.registry] 
New type domain.Bet

[2021-05-05 22:29:51 #13 type.registry] 
New type java.util.Vector<domain.Bet>

[2021-05-05 22:29:51 #14 type] 
Type domain.Movements is not enhanced.

[2021-05-05 22:29:51 #15 type] 
Type domain.Bet is not enhanced.

[2021-05-05 22:29:51 #16 type.registry] 
New type domain.Prediction

[2021-05-05 22:29:51 #17 type] 
Type domain.Prediction is not enhanced.

[2021-05-05 22:29:51 #18 type.registry] 
New type domain.Question

[2021-05-05 22:29:51 #19 type] 
Type domain.Question is not enhanced.

[2021-05-05 22:29:51 #20 type.registry] 
New type java.util.Vector<domain.Prediction>

[2021-05-05 22:29:51 #21 type.registry] 
New type domain.Event

[2021-05-05 22:29:51 #22 type] 
Type domain.Event is not enhanced.

[2021-05-05 22:29:51 #23 type.registry] 
New type java.util.Vector<domain.Question>

[2021-05-05 22:29:51 #24 type.registry] 
New type java.util.Vector<java.lang.Object>

------------------------------------------------------------------------------------------------------------------------

[2021-05-05 22:34:12 #1 store] 
Database 'C:\Users\proce\git\3iteration_repository\3iteration\src\main\resources\bets.temp' is opened by 944@DESKTOP-RHU8OVS

[2021-05-05 22:34:12 #2 type.registry] 
New type domain.Person

[2021-05-05 22:34:12 #3 type.registry] 
New type domain.Admin

[2021-05-05 22:34:12 #4 type] 
Type domain.Person is not enhanced.

[2021-05-05 22:34:12 #5 type] 
Type domain.Admin is not enhanced.

[2021-05-05 22:34:12 #6 type.registry] 
New type domain.Worker

[2021-05-05 22:34:12 #7 type] 
Type domain.Worker is not enhanced.

[2021-05-05 22:34:12 #8 type.registry] 
New type domain.RegisteredClient

[2021-05-05 22:34:12 #9 type] 
Type domain.RegisteredClient is not enhanced.

[2021-05-05 22:34:12 #10 type.registry] 
New type domain.Movements

[2021-05-05 22:34:12 #11 type.registry] 
New type java.util.Vector<domain.Movements>

[2021-05-05 22:34:12 #12 type.registry] 
New type domain.Bet

[2021-05-05 22:34:12 #13 type.registry] 
New type java.util.Vector<domain.Bet>

[2021-05-05 22:34:12 #14 type] 
Type domain.Movements is not enhanced.

[2021-05-05 22:34:12 #15 type] 
Type domain.Bet is not enhanced.

[2021-05-05 22:34:12 #16 type.registry] 
New type domain.Prediction

[2021-05-05 22:34:12 #17 type] 
Type domain.Prediction is not enhanced.

[2021-05-05 22:34:12 #18 type.registry] 
New type domain.Question

[2021-05-05 22:34:12 #19 type] 
Type domain.Question is not enhanced.

[2021-05-05 22:34:12 #20 type.registry] 
New type java.util.Vector<domain.Prediction>

[2021-05-05 22:34:12 #21 type.registry] 
New type domain.Event

[2021-05-05 22:34:12 #22 type] 
Type domain.Event is not enhanced.

[2021-05-05 22:34:12 #23 type.registry] 
New type java.util.Vector<domain.Question>

[2021-05-05 22:34:12 #24 type.registry] 
New type java.util.Vector<java.lang.Object>

