------------------------------------------------------------------------------------------------------------------------

[2021-10-09 18:48:51 #1 store] 
Database 'C:\Users\karpe\git\repository2\3iterazioa\src\main\resources\bets.temp' is opened by 9640@LAPTOP-O54S2HDJ

[2021-10-09 18:48:52 #2 type.registry] 
New type domain.Person

[2021-10-09 18:48:52 #3 type.registry] 
New type domain.Admin

[2021-10-09 18:48:52 #4 type] 
Type domain.Person is not enhanced.

[2021-10-09 18:48:52 #5 type] 
Type domain.Admin is not enhanced.

[2021-10-09 18:48:52 #6 type.registry] 
New type domain.Worker

[2021-10-09 18:48:52 #7 type] 
Type domain.Worker is not enhanced.

[2021-10-09 18:48:52 #8 type.registry] 
New type domain.RegisteredClient

[2021-10-09 18:48:52 #9 type] 
Type domain.RegisteredClient is not enhanced.

[2021-10-09 18:48:52 #10 type.registry] 
New type domain.ReplicatedProperties

[2021-10-09 18:48:52 #11 type.registry] 
New type java.util.HashMap<domain.RegisteredClient,domain.ReplicatedProperties>

[2021-10-09 18:48:52 #12 type.registry] 
New type domain.Movements

[2021-10-09 18:48:52 #13 type.registry] 
New type java.util.Vector<domain.Movements>

[2021-10-09 18:48:52 #14 type.registry] 
New type domain.Bet

[2021-10-09 18:48:52 #15 type.registry] 
New type java.util.Vector<domain.Bet>

[2021-10-09 18:48:52 #16 type] 
Type domain.ReplicatedProperties is not enhanced.

[2021-10-09 18:48:52 #17 type] 
Type domain.Movements is not enhanced.

[2021-10-09 18:48:52 #18 type] 
Type domain.Bet is not enhanced.

[2021-10-09 18:48:52 #19 type.registry] 
New type domain.Prediction

[2021-10-09 18:48:52 #20 type.registry] 
New type java.util.Vector<domain.Prediction>

[2021-10-09 18:48:52 #21 type] 
Type domain.Prediction is not enhanced.

[2021-10-09 18:48:52 #22 type.registry] 
New type domain.Question

[2021-10-09 18:48:52 #23 type] 
Type domain.Question is not enhanced.

[2021-10-09 18:48:52 #24 type.registry] 
New type domain.Event

[2021-10-09 18:48:52 #25 type] 
Type domain.Event is not enhanced.

[2021-10-09 18:48:52 #26 type.registry] 
New type java.util.Vector<domain.Question>

[2021-10-09 18:48:52 #27 type.registry] 
New type java.util.Vector<java.lang.Object>

[2021-10-09 18:48:52 #28 type.registry] 
New type java.util.HashMap<java.lang.Object,java.lang.Object>

