------------------------------------------------------------------------------------------------------------------------

[2021-03-06 19:14:00 #1 store] 
Database 'C:\Users\proce\Desktop\EHU\2. Urtea\2. Cuatri\SI--SE\Mikel\Proiektua\WORKSPACE\Bets21\src\main\resources\bets.temp' is opened by 18780@DESKTOP-RHU8OVS

[2021-03-06 19:14:00 #2 type] 
Type domain.Person is not enhanced.

[2021-03-06 19:14:00 #3 type] 
Type domain.Admin is not enhanced.

[2021-03-06 19:14:00 #4 type] 
Type domain.Worker is not enhanced.

[2021-03-06 19:14:00 #5 type] 
Type domain.RegisteredClient is not enhanced.

[2021-03-06 19:14:00 #6 type] 
Type domain.Question is not enhanced.

[2021-03-06 19:14:00 #7 type] 
Type domain.Event is not enhanced.

------------------------------------------------------------------------------------------------------------------------

[2021-03-06 19:29:21 #1 store] 
Database 'C:\Users\proce\Desktop\EHU\2. Urtea\2. Cuatri\SI--SE\Mikel\Proiektua\WORKSPACE\Bets21\src\main\resources\bets.temp' is opened by 15168@DESKTOP-RHU8OVS

[2021-03-06 19:29:22 #2 type] 
Type domain.Person is not enhanced.

[2021-03-06 19:29:22 #3 type] 
Type domain.Admin is not enhanced.

[2021-03-06 19:29:22 #4 type] 
Type domain.Worker is not enhanced.

[2021-03-06 19:29:22 #5 type] 
Type domain.RegisteredClient is not enhanced.

[2021-03-06 19:29:22 #6 type] 
Type domain.Question is not enhanced.

[2021-03-06 19:29:22 #7 type] 
Type domain.Event is not enhanced.

------------------------------------------------------------------------------------------------------------------------

[2021-03-06 19:34:31 #1 store] 
Database 'C:\Users\proce\Desktop\EHU\2. Urtea\2. Cuatri\SI--SE\Mikel\Proiektua\WORKSPACE\Bets21\src\main\resources\bets.temp' is opened by 16168@DESKTOP-RHU8OVS

[2021-03-06 19:34:31 #2 type] 
Type domain.Person is not enhanced.

[2021-03-06 19:34:31 #3 type] 
Type domain.Admin is not enhanced.

[2021-03-06 19:34:31 #4 type] 
Type domain.Worker is not enhanced.

[2021-03-06 19:34:31 #5 type] 
Type domain.RegisteredClient is not enhanced.

[2021-03-06 19:34:31 #6 type] 
Type domain.Question is not enhanced.

[2021-03-06 19:34:31 #7 type] 
Type domain.Event is not enhanced.

------------------------------------------------------------------------------------------------------------------------

[2021-03-06 19:37:11 #1 store] 
Database 'C:\Users\proce\Desktop\EHU\2. Urtea\2. Cuatri\SI--SE\Mikel\Proiektua\WORKSPACE\Bets21\src\main\resources\bets.temp' has been recovered (tr. 10-10)

[2021-03-06 19:37:11 #2 store] 
Database 'C:\Users\proce\Desktop\EHU\2. Urtea\2. Cuatri\SI--SE\Mikel\Proiektua\WORKSPACE\Bets21\src\main\resources\bets.temp' is opened by 5888@DESKTOP-RHU8OVS

[2021-03-06 19:37:11 #3 type] 
Type domain.Person is not enhanced.

[2021-03-06 19:37:11 #4 type] 
Type domain.Admin is not enhanced.

[2021-03-06 19:37:11 #5 type] 
Type domain.Worker is not enhanced.

[2021-03-06 19:37:11 #6 type] 
Type domain.RegisteredClient is not enhanced.

[2021-03-06 19:37:11 #7 type] 
Type domain.Question is not enhanced.

[2021-03-06 19:37:11 #8 type] 
Type domain.Event is not enhanced.

------------------------------------------------------------------------------------------------------------------------

[2021-03-06 19:38:36 #1 store] 
Database 'C:\Users\proce\Desktop\EHU\2. Urtea\2. Cuatri\SI--SE\Mikel\Proiektua\WORKSPACE\Bets21\src\main\resources\bets.temp' has been recovered (tr. 11-11)

[2021-03-06 19:38:36 #2 store] 
Database 'C:\Users\proce\Desktop\EHU\2. Urtea\2. Cuatri\SI--SE\Mikel\Proiektua\WORKSPACE\Bets21\src\main\resources\bets.temp' is opened by 13976@DESKTOP-RHU8OVS

[2021-03-06 19:38:36 #3 type] 
Type domain.Person is not enhanced.

[2021-03-06 19:38:36 #4 type] 
Type domain.Admin is not enhanced.

[2021-03-06 19:38:36 #5 type] 
Type domain.Worker is not enhanced.

[2021-03-06 19:38:36 #6 type] 
Type domain.RegisteredClient is not enhanced.

[2021-03-06 19:38:36 #7 type] 
Type domain.Question is not enhanced.

[2021-03-06 19:38:36 #8 type] 
Type domain.Event is not enhanced.

------------------------------------------------------------------------------------------------------------------------

[2021-03-06 19:42:36 #1 store] 
Database 'C:\Users\proce\Desktop\EHU\2. Urtea\2. Cuatri\SI--SE\Mikel\Proiektua\WORKSPACE\Bets21\src\main\resources\bets.temp' has been recovered (tr. 12-12)

[2021-03-06 19:42:36 #2 store] 
Database 'C:\Users\proce\Desktop\EHU\2. Urtea\2. Cuatri\SI--SE\Mikel\Proiektua\WORKSPACE\Bets21\src\main\resources\bets.temp' is opened by 14024@DESKTOP-RHU8OVS

[2021-03-06 19:42:36 #3 type] 
Type domain.Person is not enhanced.

[2021-03-06 19:42:36 #4 type] 
Type domain.Admin is not enhanced.

[2021-03-06 19:42:36 #5 type] 
Type domain.Worker is not enhanced.

[2021-03-06 19:42:36 #6 type] 
Type domain.RegisteredClient is not enhanced.

[2021-03-06 19:42:36 #7 type] 
Type domain.Question is not enhanced.

[2021-03-06 19:42:36 #8 type] 
Type domain.Event is not enhanced.

------------------------------------------------------------------------------------------------------------------------

[2021-03-06 19:44:01 #1 store] 
Database 'C:\Users\proce\Desktop\EHU\2. Urtea\2. Cuatri\SI--SE\Mikel\Proiektua\WORKSPACE\Bets21\src\main\resources\bets.temp' has been recovered (tr. 13-13)

[2021-03-06 19:44:01 #2 store] 
Database 'C:\Users\proce\Desktop\EHU\2. Urtea\2. Cuatri\SI--SE\Mikel\Proiektua\WORKSPACE\Bets21\src\main\resources\bets.temp' is opened by 2776@DESKTOP-RHU8OVS

[2021-03-06 19:44:01 #3 type] 
Type domain.Person is not enhanced.

[2021-03-06 19:44:01 #4 type] 
Type domain.Admin is not enhanced.

[2021-03-06 19:44:01 #5 type] 
Type domain.Worker is not enhanced.

[2021-03-06 19:44:01 #6 type] 
Type domain.RegisteredClient is not enhanced.

[2021-03-06 19:44:01 #7 type] 
Type domain.Question is not enhanced.

[2021-03-06 19:44:01 #8 type] 
Type domain.Event is not enhanced.

------------------------------------------------------------------------------------------------------------------------

[2021-03-06 19:50:31 #1 store] 
Database 'C:\Users\proce\Desktop\EHU\2. Urtea\2. Cuatri\SI--SE\Mikel\Proiektua\WORKSPACE\Bets21\src\main\resources\bets.temp' is opened by 11304@DESKTOP-RHU8OVS

[2021-03-06 19:50:32 #2 type] 
Type domain.Person is not enhanced.

[2021-03-06 19:50:32 #3 type] 
Type domain.Admin is not enhanced.

[2021-03-06 19:50:32 #4 type] 
Type domain.Worker is not enhanced.

[2021-03-06 19:50:32 #5 type] 
Type domain.RegisteredClient is not enhanced.

[2021-03-06 19:50:32 #6 type] 
Type domain.Question is not enhanced.

[2021-03-06 19:50:32 #7 type] 
Type domain.Event is not enhanced.

------------------------------------------------------------------------------------------------------------------------

[2021-03-06 20:07:18 #1 store] 
Database 'C:\Users\proce\Desktop\EHU\2. Urtea\2. Cuatri\SI--SE\Mikel\Proiektua\WORKSPACE\Bets21\src\main\resources\bets.temp' has been recovered (tr. 14-15)

[2021-03-06 20:07:18 #2 store] 
Database 'C:\Users\proce\Desktop\EHU\2. Urtea\2. Cuatri\SI--SE\Mikel\Proiektua\WORKSPACE\Bets21\src\main\resources\bets.temp' is opened by 16040@DESKTOP-RHU8OVS

[2021-03-06 20:07:18 #3 type] 
Type domain.Person is not enhanced.

[2021-03-06 20:07:18 #4 type] 
Type domain.Admin is not enhanced.

[2021-03-06 20:07:18 #5 type] 
Type domain.Worker is not enhanced.

[2021-03-06 20:07:18 #6 type] 
Type domain.RegisteredClient is not enhanced.

[2021-03-06 20:07:18 #7 type] 
Type domain.Question is not enhanced.

[2021-03-06 20:07:18 #8 type] 
Type domain.Event is not enhanced.

------------------------------------------------------------------------------------------------------------------------

[2021-03-06 20:10:56 #1 store] 
Database 'C:\Users\proce\Desktop\EHU\2. Urtea\2. Cuatri\SI--SE\Mikel\Proiektua\WORKSPACE\Bets21\src\main\resources\bets.temp' is opened by 1568@DESKTOP-RHU8OVS

[2021-03-06 20:10:56 #2 type] 
Type domain.Person is not enhanced.

[2021-03-06 20:10:56 #3 type] 
Type domain.Admin is not enhanced.

[2021-03-06 20:10:56 #4 type] 
Type domain.Worker is not enhanced.

[2021-03-06 20:10:56 #5 type] 
Type domain.RegisteredClient is not enhanced.

[2021-03-06 20:10:56 #6 type] 
Type domain.Question is not enhanced.

[2021-03-06 20:10:56 #7 type] 
Type domain.Event is not enhanced.

------------------------------------------------------------------------------------------------------------------------

[2021-03-06 20:13:15 #1 store] 
Database 'C:\Users\proce\Desktop\EHU\2. Urtea\2. Cuatri\SI--SE\Mikel\Proiektua\WORKSPACE\Bets21\src\main\resources\bets.temp' has been recovered (tr. 16-16)

[2021-03-06 20:13:15 #2 store] 
Database 'C:\Users\proce\Desktop\EHU\2. Urtea\2. Cuatri\SI--SE\Mikel\Proiektua\WORKSPACE\Bets21\src\main\resources\bets.temp' is opened by 14384@DESKTOP-RHU8OVS

[2021-03-06 20:13:15 #3 type] 
Type domain.Person is not enhanced.

[2021-03-06 20:13:15 #4 type] 
Type domain.Admin is not enhanced.

[2021-03-06 20:13:15 #5 type] 
Type domain.Worker is not enhanced.

[2021-03-06 20:13:15 #6 type] 
Type domain.RegisteredClient is not enhanced.

[2021-03-06 20:13:15 #7 type] 
Type domain.Question is not enhanced.

[2021-03-06 20:13:15 #8 type] 
Type domain.Event is not enhanced.

------------------------------------------------------------------------------------------------------------------------

[2021-03-06 20:16:00 #1 store] 
Database 'C:\Users\proce\Desktop\EHU\2. Urtea\2. Cuatri\SI--SE\Mikel\Proiektua\WORKSPACE\Bets21\src\main\resources\bets.temp' has been recovered (tr. 17-17)

[2021-03-06 20:16:00 #2 store] 
Database 'C:\Users\proce\Desktop\EHU\2. Urtea\2. Cuatri\SI--SE\Mikel\Proiektua\WORKSPACE\Bets21\src\main\resources\bets.temp' is opened by 3248@DESKTOP-RHU8OVS

[2021-03-06 20:16:00 #3 type] 
Type domain.Person is not enhanced.

[2021-03-06 20:16:00 #4 type] 
Type domain.Admin is not enhanced.

[2021-03-06 20:16:00 #5 type] 
Type domain.Worker is not enhanced.

[2021-03-06 20:16:00 #6 type] 
Type domain.RegisteredClient is not enhanced.

[2021-03-06 20:16:00 #7 type] 
Type domain.Question is not enhanced.

[2021-03-06 20:16:00 #8 type] 
Type domain.Event is not enhanced.

------------------------------------------------------------------------------------------------------------------------

[2021-03-06 20:25:19 #1 store] 
Database 'C:\Users\proce\Desktop\EHU\2. Urtea\2. Cuatri\SI--SE\Mikel\Proiektua\WORKSPACE\Bets21\src\main\resources\bets.temp' has been recovered (tr. 18-18)

[2021-03-06 20:25:19 #2 store] 
Database 'C:\Users\proce\Desktop\EHU\2. Urtea\2. Cuatri\SI--SE\Mikel\Proiektua\WORKSPACE\Bets21\src\main\resources\bets.temp' is opened by 18188@DESKTOP-RHU8OVS

[2021-03-06 20:25:19 #3 type] 
Type domain.Person is not enhanced.

[2021-03-06 20:25:19 #4 type] 
Type domain.Admin is not enhanced.

[2021-03-06 20:25:19 #5 type] 
Type domain.Worker is not enhanced.

[2021-03-06 20:25:19 #6 type] 
Type domain.RegisteredClient is not enhanced.

[2021-03-06 20:25:19 #7 type] 
Type domain.Question is not enhanced.

[2021-03-06 20:25:19 #8 type] 
Type domain.Event is not enhanced.

------------------------------------------------------------------------------------------------------------------------

[2021-03-06 20:37:52 #1 store] 
Database 'C:\Users\proce\Desktop\EHU\2. Urtea\2. Cuatri\SI--SE\Mikel\Proiektua\WORKSPACE\Bets21\src\main\resources\bets.temp' is opened by 20436@DESKTOP-RHU8OVS

[2021-03-06 20:37:52 #2 type] 
Type domain.Person is not enhanced.

[2021-03-06 20:37:52 #3 type] 
Type domain.Admin is not enhanced.

[2021-03-06 20:37:52 #4 type] 
Type domain.Worker is not enhanced.

[2021-03-06 20:37:52 #5 type] 
Type domain.RegisteredClient is not enhanced.

[2021-03-06 20:37:52 #6 type] 
Type domain.Question is not enhanced.

[2021-03-06 20:37:52 #7 type] 
Type domain.Event is not enhanced.

------------------------------------------------------------------------------------------------------------------------

[2021-03-06 20:39:45 #1 store] 
Database 'C:\Users\proce\Desktop\EHU\2. Urtea\2. Cuatri\SI--SE\Mikel\Proiektua\WORKSPACE\Bets21\src\main\resources\bets.temp' is opened by 5900@DESKTOP-RHU8OVS

[2021-03-06 20:39:45 #2 type] 
Type domain.Person is not enhanced.

[2021-03-06 20:39:45 #3 type] 
Type domain.Admin is not enhanced.

[2021-03-06 20:39:45 #4 type] 
Type domain.Worker is not enhanced.

[2021-03-06 20:39:45 #5 type] 
Type domain.RegisteredClient is not enhanced.

[2021-03-06 20:39:45 #6 type] 
Type domain.Question is not enhanced.

[2021-03-06 20:39:45 #7 type] 
Type domain.Event is not enhanced.

------------------------------------------------------------------------------------------------------------------------

[2021-03-06 20:40:27 #1 store] 
Database 'C:\Users\proce\Desktop\EHU\2. Urtea\2. Cuatri\SI--SE\Mikel\Proiektua\WORKSPACE\Bets21\src\main\resources\bets.temp' has been recovered (tr. 19-19)

[2021-03-06 20:40:27 #2 store] 
Database 'C:\Users\proce\Desktop\EHU\2. Urtea\2. Cuatri\SI--SE\Mikel\Proiektua\WORKSPACE\Bets21\src\main\resources\bets.temp' is opened by 19392@DESKTOP-RHU8OVS

[2021-03-06 20:40:28 #3 type] 
Type domain.Person is not enhanced.

[2021-03-06 20:40:28 #4 type] 
Type domain.Admin is not enhanced.

[2021-03-06 20:40:28 #5 type] 
Type domain.Worker is not enhanced.

[2021-03-06 20:40:28 #6 type] 
Type domain.RegisteredClient is not enhanced.

[2021-03-06 20:40:28 #7 type] 
Type domain.Question is not enhanced.

[2021-03-06 20:40:28 #8 type] 
Type domain.Event is not enhanced.

------------------------------------------------------------------------------------------------------------------------

[2021-03-06 20:40:33 #1 store] 
Database 'C:\Users\proce\Desktop\EHU\2. Urtea\2. Cuatri\SI--SE\Mikel\Proiektua\WORKSPACE\Bets21\src\main\resources\bets.temp' is opened by 14956@DESKTOP-RHU8OVS

[2021-03-06 20:40:33 #2 type] 
Type domain.Person is not enhanced.

[2021-03-06 20:40:33 #3 type] 
Type domain.Admin is not enhanced.

[2021-03-06 20:40:33 #4 type] 
Type domain.Worker is not enhanced.

[2021-03-06 20:40:33 #5 type] 
Type domain.RegisteredClient is not enhanced.

[2021-03-06 20:40:33 #6 type] 
Type domain.Question is not enhanced.

[2021-03-06 20:40:33 #7 type] 
Type domain.Event is not enhanced.

------------------------------------------------------------------------------------------------------------------------

[2021-03-06 20:41:07 #1 store] 
Database 'C:\Users\proce\Desktop\EHU\2. Urtea\2. Cuatri\SI--SE\Mikel\Proiektua\WORKSPACE\Bets21\src\main\resources\bets.temp' is opened by 1796@DESKTOP-RHU8OVS

[2021-03-06 20:41:07 #2 type] 
Type domain.Person is not enhanced.

[2021-03-06 20:41:07 #3 type] 
Type domain.Admin is not enhanced.

[2021-03-06 20:41:07 #4 type] 
Type domain.Worker is not enhanced.

[2021-03-06 20:41:07 #5 type] 
Type domain.RegisteredClient is not enhanced.

[2021-03-06 20:41:07 #6 type] 
Type domain.Question is not enhanced.

[2021-03-06 20:41:07 #7 type] 
Type domain.Event is not enhanced.

------------------------------------------------------------------------------------------------------------------------

[2021-03-06 20:43:29 #1 store] 
Database 'C:\Users\proce\Desktop\EHU\2. Urtea\2. Cuatri\SI--SE\Mikel\Proiektua\WORKSPACE\Bets21\src\main\resources\bets.temp' is opened by 12144@DESKTOP-RHU8OVS

[2021-03-06 20:43:30 #2 type] 
Type domain.Person is not enhanced.

[2021-03-06 20:43:30 #3 type] 
Type domain.Admin is not enhanced.

[2021-03-06 20:43:30 #4 type] 
Type domain.Worker is not enhanced.

[2021-03-06 20:43:30 #5 type] 
Type domain.RegisteredClient is not enhanced.

[2021-03-06 20:43:30 #6 type] 
Type domain.Question is not enhanced.

[2021-03-06 20:43:30 #7 type] 
Type domain.Event is not enhanced.

------------------------------------------------------------------------------------------------------------------------

[2021-03-06 20:45:38 #1 store] 
Database 'C:\Users\proce\Desktop\EHU\2. Urtea\2. Cuatri\SI--SE\Mikel\Proiektua\WORKSPACE\Bets21\src\main\resources\bets.temp' is opened by 8772@DESKTOP-RHU8OVS

[2021-03-06 20:45:38 #2 type] 
Type domain.Person is not enhanced.

[2021-03-06 20:45:38 #3 type] 
Type domain.Admin is not enhanced.

[2021-03-06 20:45:38 #4 type] 
Type domain.Worker is not enhanced.

[2021-03-06 20:45:38 #5 type] 
Type domain.RegisteredClient is not enhanced.

[2021-03-06 20:45:38 #6 type] 
Type domain.Question is not enhanced.

[2021-03-06 20:45:38 #7 type] 
Type domain.Event is not enhanced.

------------------------------------------------------------------------------------------------------------------------

[2021-03-06 20:47:25 #1 store] 
Database 'C:\Users\proce\Desktop\EHU\2. Urtea\2. Cuatri\SI--SE\Mikel\Proiektua\WORKSPACE\Bets21\src\main\resources\bets.temp' is opened by 18364@DESKTOP-RHU8OVS

[2021-03-06 20:47:25 #2 type] 
Type domain.Person is not enhanced.

[2021-03-06 20:47:25 #3 type] 
Type domain.Admin is not enhanced.

[2021-03-06 20:47:25 #4 type] 
Type domain.Worker is not enhanced.

[2021-03-06 20:47:25 #5 type] 
Type domain.RegisteredClient is not enhanced.

[2021-03-06 20:47:25 #6 type] 
Type domain.Question is not enhanced.

[2021-03-06 20:47:25 #7 type] 
Type domain.Event is not enhanced.

------------------------------------------------------------------------------------------------------------------------

[2021-03-06 20:47:41 #1 store] 
Database 'C:\Users\proce\Desktop\EHU\2. Urtea\2. Cuatri\SI--SE\Mikel\Proiektua\WORKSPACE\Bets21\src\main\resources\bets.temp' is opened by 6652@DESKTOP-RHU8OVS

[2021-03-06 20:47:41 #2 type] 
Type domain.Person is not enhanced.

[2021-03-06 20:47:41 #3 type] 
Type domain.Admin is not enhanced.

[2021-03-06 20:47:41 #4 type] 
Type domain.Worker is not enhanced.

[2021-03-06 20:47:41 #5 type] 
Type domain.RegisteredClient is not enhanced.

[2021-03-06 20:47:41 #6 type] 
Type domain.Question is not enhanced.

[2021-03-06 20:47:41 #7 type] 
Type domain.Event is not enhanced.

------------------------------------------------------------------------------------------------------------------------

[2021-03-06 20:47:56 #1 store] 
Database 'C:\Users\proce\Desktop\EHU\2. Urtea\2. Cuatri\SI--SE\Mikel\Proiektua\WORKSPACE\Bets21\src\main\resources\bets.temp' is opened by 3368@DESKTOP-RHU8OVS

[2021-03-06 20:47:56 #2 type] 
Type domain.Person is not enhanced.

[2021-03-06 20:47:56 #3 type] 
Type domain.Admin is not enhanced.

[2021-03-06 20:47:56 #4 type] 
Type domain.Worker is not enhanced.

[2021-03-06 20:47:56 #5 type] 
Type domain.RegisteredClient is not enhanced.

[2021-03-06 20:47:56 #6 type] 
Type domain.Question is not enhanced.

[2021-03-06 20:47:56 #7 type] 
Type domain.Event is not enhanced.

