------------------------------------------------------------------------------------------------------------------------

[2021-03-01 09:29:26 #1 store] 
Database 'C:\Users\proce\Desktop\EHU\2. Urtea\2. Cuatri\SI--SE\Mikel\Proiektua\WORKSPACE\Bets21\src\main\resources\bets.temp' is opened by 12128@DESKTOP-RHU8OVS

[2021-03-01 09:29:26 #2 type.registry] 
New type domain.Person

[2021-03-01 09:29:26 #3 type.registry] 
New type domain.Admin

[2021-03-01 09:29:26 #4 type] 
Type domain.Person is not enhanced.

[2021-03-01 09:29:26 #5 type] 
Type domain.Admin is not enhanced.

[2021-03-01 09:29:26 #6 type.registry] 
New type domain.Worker

[2021-03-01 09:29:26 #7 type] 
Type domain.Worker is not enhanced.

[2021-03-01 09:29:26 #8 type.registry] 
New type domain.RegisteredClient

[2021-03-01 09:29:26 #9 type] 
Type domain.RegisteredClient is not enhanced.

[2021-03-01 09:29:26 #10 type.registry] 
New type domain.Question

[2021-03-01 09:29:26 #11 type] 
Type domain.Question is not enhanced.

[2021-03-01 09:29:26 #12 type.registry] 
New type domain.Event

[2021-03-01 09:29:26 #13 type] 
Type domain.Event is not enhanced.

[2021-03-01 09:29:26 #14 type.registry] 
New type java.util.Vector<domain.Question>

[2021-03-01 09:29:26 #15 type.registry] 
New type java.util.Vector<java.lang.Object>

------------------------------------------------------------------------------------------------------------------------

[2021-03-01 09:29:33 #1 store] 
Database 'C:\Users\proce\Desktop\EHU\2. Urtea\2. Cuatri\SI--SE\Mikel\Proiektua\WORKSPACE\Bets21\src\main\resources\bets.temp' has been recovered (tr. 1-8)

[2021-03-01 09:29:33 #2 store] 
Database 'C:\Users\proce\Desktop\EHU\2. Urtea\2. Cuatri\SI--SE\Mikel\Proiektua\WORKSPACE\Bets21\src\main\resources\bets.temp' is opened by 13852@DESKTOP-RHU8OVS

[2021-03-01 09:29:33 #3 type] 
Type domain.Person is not enhanced.

[2021-03-01 09:29:33 #4 type] 
Type domain.Admin is not enhanced.

[2021-03-01 09:29:33 #5 type] 
Type domain.Worker is not enhanced.

[2021-03-01 09:29:33 #6 type] 
Type domain.RegisteredClient is not enhanced.

[2021-03-01 09:29:33 #7 type] 
Type domain.Question is not enhanced.

[2021-03-01 09:29:33 #8 type] 
Type domain.Event is not enhanced.

------------------------------------------------------------------------------------------------------------------------

[2021-03-01 09:29:38 #1 store] 
Database 'C:\Users\proce\Desktop\EHU\2. Urtea\2. Cuatri\SI--SE\Mikel\Proiektua\WORKSPACE\Bets21\src\main\resources\bets.temp' is opened by 8800@DESKTOP-RHU8OVS

[2021-03-01 09:29:38 #2 type] 
Type domain.Person is not enhanced.

[2021-03-01 09:29:38 #3 type] 
Type domain.Admin is not enhanced.

[2021-03-01 09:29:38 #4 type] 
Type domain.Worker is not enhanced.

[2021-03-01 09:29:38 #5 type] 
Type domain.RegisteredClient is not enhanced.

[2021-03-01 09:29:38 #6 type] 
Type domain.Question is not enhanced.

[2021-03-01 09:29:38 #7 type] 
Type domain.Event is not enhanced.

------------------------------------------------------------------------------------------------------------------------

[2021-03-01 09:32:38 #1 store] 
Database 'C:\Users\proce\Desktop\EHU\2. Urtea\2. Cuatri\SI--SE\Mikel\Proiektua\WORKSPACE\Bets21\src\main\resources\bets.temp' has been recovered (tr. 9-9)

[2021-03-01 09:32:38 #2 store] 
Database 'C:\Users\proce\Desktop\EHU\2. Urtea\2. Cuatri\SI--SE\Mikel\Proiektua\WORKSPACE\Bets21\src\main\resources\bets.temp' is opened by 16264@DESKTOP-RHU8OVS

[2021-03-01 09:32:38 #3 type] 
Type domain.Person is not enhanced.

[2021-03-01 09:32:38 #4 type] 
Type domain.Admin is not enhanced.

[2021-03-01 09:32:38 #5 type] 
Type domain.Worker is not enhanced.

[2021-03-01 09:32:38 #6 type] 
Type domain.RegisteredClient is not enhanced.

[2021-03-01 09:32:38 #7 type] 
Type domain.Question is not enhanced.

[2021-03-01 09:32:38 #8 type] 
Type domain.Event is not enhanced.

------------------------------------------------------------------------------------------------------------------------

[2021-03-01 15:02:38 #1 store] 
Database 'C:\Users\proce\Desktop\EHU\2. Urtea\2. Cuatri\SI--SE\Mikel\Proiektua\WORKSPACE\Bets21\src\main\resources\bets.temp' is opened by 11388@DESKTOP-RHU8OVS

[2021-03-01 15:02:38 #2 type] 
Type domain.Person is not enhanced.

[2021-03-01 15:02:38 #3 type] 
Type domain.Admin is not enhanced.

[2021-03-01 15:02:38 #4 type] 
Type domain.Worker is not enhanced.

[2021-03-01 15:02:38 #5 type] 
Type domain.RegisteredClient is not enhanced.

[2021-03-01 15:02:38 #6 type] 
Type domain.Question is not enhanced.

[2021-03-01 15:02:38 #7 type] 
Type domain.Event is not enhanced.

------------------------------------------------------------------------------------------------------------------------

[2021-03-01 18:21:47 #1 store] 
Database 'C:\Users\proce\Desktop\EHU\2. Urtea\2. Cuatri\SI--SE\Mikel\Proiektua\WORKSPACE\Bets21\src\main\resources\bets.temp' is opened by 18036@DESKTOP-RHU8OVS

[2021-03-01 18:21:47 #2 type] 
Type domain.Person is not enhanced.

[2021-03-01 18:21:47 #3 type] 
Type domain.Admin is not enhanced.

[2021-03-01 18:21:47 #4 type] 
Type domain.Worker is not enhanced.

[2021-03-01 18:21:47 #5 type] 
Type domain.RegisteredClient is not enhanced.

[2021-03-01 18:21:47 #6 type] 
Type domain.Question is not enhanced.

[2021-03-01 18:21:47 #7 type] 
Type domain.Event is not enhanced.

------------------------------------------------------------------------------------------------------------------------

[2021-03-01 18:22:32 #1 store] 
Database 'C:\Users\proce\Desktop\EHU\2. Urtea\2. Cuatri\SI--SE\Mikel\Proiektua\WORKSPACE\Bets21\src\main\resources\bets.temp' is opened by 10300@DESKTOP-RHU8OVS

[2021-03-01 18:22:32 #2 type] 
Type domain.Person is not enhanced.

[2021-03-01 18:22:32 #3 type] 
Type domain.Admin is not enhanced.

[2021-03-01 18:22:32 #4 type] 
Type domain.Worker is not enhanced.

[2021-03-01 18:22:32 #5 type] 
Type domain.RegisteredClient is not enhanced.

[2021-03-01 18:22:32 #6 type] 
Type domain.Question is not enhanced.

[2021-03-01 18:22:32 #7 type] 
Type domain.Event is not enhanced.

