------------------------------------------------------------------------------------------------------------------------

[2021-10-07 19:47:48 #1 store] 
Database 'C:\Users\karpe\git\repository2\3iterazioa\src\main\resources\bets.temp' is opened by 3848@LAPTOP-O54S2HDJ

[2021-10-07 19:47:49 #2 type.registry] 
New type domain.Event

[2021-10-07 19:47:49 #3 type] 
Type domain.Event is not enhanced.

[2021-10-07 19:47:49 #4 type.registry] 
New type domain.Question

[2021-10-07 19:47:49 #5 type.registry] 
New type java.util.Vector<domain.Question>

[2021-10-07 19:47:49 #6 type] 
Type domain.Question is not enhanced.

[2021-10-07 19:47:49 #7 type.registry] 
New type domain.Prediction

[2021-10-07 19:47:49 #8 type.registry] 
New type java.util.Vector<domain.Prediction>

[2021-10-07 19:47:49 #9 type] 
Type domain.Prediction is not enhanced.

[2021-10-07 19:47:49 #10 type.registry] 
New type domain.Bet

[2021-10-07 19:47:49 #11 type.registry] 
New type java.util.Vector<domain.Bet>

[2021-10-07 19:47:49 #12 type] 
Type domain.Bet is not enhanced.

[2021-10-07 19:47:49 #13 type.registry] 
New type domain.Person

[2021-10-07 19:47:49 #14 type.registry] 
New type domain.RegisteredClient

[2021-10-07 19:47:49 #15 type] 
Type domain.Person is not enhanced.

[2021-10-07 19:47:49 #16 type] 
Type domain.RegisteredClient is not enhanced.

[2021-10-07 19:47:49 #17 type.registry] 
New type domain.ReplicatedProperties

[2021-10-07 19:47:49 #18 type.registry] 
New type java.util.HashMap<domain.RegisteredClient,domain.ReplicatedProperties>

[2021-10-07 19:47:49 #19 type.registry] 
New type domain.Movements

[2021-10-07 19:47:49 #20 type.registry] 
New type java.util.Vector<domain.Movements>

[2021-10-07 19:47:49 #21 type] 
Type domain.ReplicatedProperties is not enhanced.

[2021-10-07 19:47:49 #22 type] 
Type domain.Movements is not enhanced.

[2021-10-07 19:47:49 #23 type.registry] 
New type java.util.Vector<java.lang.Object>

[2021-10-07 19:47:49 #24 type.registry] 
New type java.util.HashMap<java.lang.Object,java.lang.Object>

[2021-10-07 19:47:53 #25 type.registry] 
New type domain.Admin

[2021-10-07 19:47:53 #26 type] 
Type domain.Admin is not enhanced.

[2021-10-07 19:47:53 #27 type.registry] 
New type domain.Worker

[2021-10-07 19:47:53 #28 type] 
Type domain.Worker is not enhanced.

