------------------------------------------------------------------------------------------------------------------------

[2021-09-29 12:29:04 #1 store] 
Database 'C:\Users\oihan\OneDrive\Escritorio\sonar_bukatua\3iterazioa\src\main\resources\bets.temp' is opened by 4264@LAPTOP-PVI2M80U

[2021-09-29 12:29:04 #2 type.registry] 
New type domain.Event

[2021-09-29 12:29:04 #3 type] 
Type domain.Event is not enhanced.

[2021-09-29 12:29:04 #4 type.registry] 
New type domain.Question

[2021-09-29 12:29:04 #5 type.registry] 
New type java.util.Vector<domain.Question>

[2021-09-29 12:29:04 #6 type] 
Type domain.Question is not enhanced.

[2021-09-29 12:29:04 #7 type.registry] 
New type domain.Prediction

[2021-09-29 12:29:04 #8 type.registry] 
New type java.util.Vector<domain.Prediction>

[2021-09-29 12:29:04 #9 type] 
Type domain.Prediction is not enhanced.

[2021-09-29 12:29:04 #10 type.registry] 
New type domain.Bet

[2021-09-29 12:29:04 #11 type.registry] 
New type java.util.Vector<domain.Bet>

[2021-09-29 12:29:04 #12 type] 
Type domain.Bet is not enhanced.

[2021-09-29 12:29:04 #13 type.registry] 
New type domain.Person

[2021-09-29 12:29:04 #14 type.registry] 
New type domain.RegisteredClient

[2021-09-29 12:29:04 #15 type] 
Type domain.Person is not enhanced.

[2021-09-29 12:29:04 #16 type] 
Type domain.RegisteredClient is not enhanced.

[2021-09-29 12:29:04 #17 type.registry] 
New type domain.ReplicatedProperties

[2021-09-29 12:29:04 #18 type.registry] 
New type java.util.HashMap<domain.RegisteredClient,domain.ReplicatedProperties>

[2021-09-29 12:29:04 #19 type.registry] 
New type domain.Movements

[2021-09-29 12:29:04 #20 type.registry] 
New type java.util.Vector<domain.Movements>

[2021-09-29 12:29:04 #21 type] 
Type domain.ReplicatedProperties is not enhanced.

[2021-09-29 12:29:04 #22 type] 
Type domain.Movements is not enhanced.

[2021-09-29 12:29:04 #23 type.registry] 
New type java.util.Vector<java.lang.Object>

[2021-09-29 12:29:04 #24 type.registry] 
New type java.util.HashMap<java.lang.Object,java.lang.Object>

------------------------------------------------------------------------------------------------------------------------

[2021-09-29 16:10:24 #1 store] 
Database 'C:\Users\oihan\OneDrive\Escritorio\sonar_bukatua\3iterazioa\src\main\resources\bets.temp' is opened by 9508@LAPTOP-PVI2M80U

[2021-09-29 16:10:24 #2 type.registry] 
New type domain.Event

[2021-09-29 16:10:24 #3 type] 
Type domain.Event is not enhanced.

[2021-09-29 16:10:24 #4 type.registry] 
New type domain.Question

[2021-09-29 16:10:24 #5 type.registry] 
New type java.util.Vector<domain.Question>

[2021-09-29 16:10:24 #6 type] 
Type domain.Question is not enhanced.

[2021-09-29 16:10:24 #7 type.registry] 
New type domain.Prediction

[2021-09-29 16:10:24 #8 type.registry] 
New type java.util.Vector<domain.Prediction>

[2021-09-29 16:10:24 #9 type] 
Type domain.Prediction is not enhanced.

[2021-09-29 16:10:24 #10 type.registry] 
New type domain.Bet

[2021-09-29 16:10:24 #11 type.registry] 
New type java.util.Vector<domain.Bet>

[2021-09-29 16:10:24 #12 type] 
Type domain.Bet is not enhanced.

[2021-09-29 16:10:24 #13 type.registry] 
New type domain.Person

[2021-09-29 16:10:24 #14 type.registry] 
New type domain.RegisteredClient

[2021-09-29 16:10:24 #15 type] 
Type domain.Person is not enhanced.

[2021-09-29 16:10:24 #16 type] 
Type domain.RegisteredClient is not enhanced.

[2021-09-29 16:10:24 #17 type.registry] 
New type domain.ReplicatedProperties

[2021-09-29 16:10:24 #18 type.registry] 
New type java.util.HashMap<domain.RegisteredClient,domain.ReplicatedProperties>

[2021-09-29 16:10:24 #19 type.registry] 
New type domain.Movements

[2021-09-29 16:10:24 #20 type.registry] 
New type java.util.Vector<domain.Movements>

[2021-09-29 16:10:24 #21 type] 
Type domain.ReplicatedProperties is not enhanced.

[2021-09-29 16:10:24 #22 type] 
Type domain.Movements is not enhanced.

[2021-09-29 16:10:24 #23 type.registry] 
New type java.util.Vector<java.lang.Object>

[2021-09-29 16:10:24 #24 type.registry] 
New type java.util.HashMap<java.lang.Object,java.lang.Object>

