------------------------------------------------------------------------------------------------------------------------

[2021-04-05 14:25:26 #1 store] 
Database 'C:\Users\suade\Documents\Universidad\2Segundo\2\SI\workspace\bUltimaActualizacion\src\main\resources\bets.temp' is opened by 7312@LAPTOP-CP3BSS6D

[2021-04-05 14:25:26 #2 type.registry] 
New type domain.Person

[2021-04-05 14:25:26 #3 type.registry] 
New type domain.Admin

[2021-04-05 14:25:26 #4 type] 
Type domain.Person is not enhanced.

[2021-04-05 14:25:26 #5 type] 
Type domain.Admin is not enhanced.

[2021-04-05 14:25:26 #6 type.registry] 
New type domain.Worker

[2021-04-05 14:25:26 #7 type] 
Type domain.Worker is not enhanced.

[2021-04-05 14:25:26 #8 type.registry] 
New type domain.RegisteredClient

[2021-04-05 14:25:26 #9 type] 
Type domain.RegisteredClient is not enhanced.

[2021-04-05 14:25:26 #10 type.registry] 
New type domain.Bet

[2021-04-05 14:25:26 #11 type.registry] 
New type java.util.Vector<domain.Bet>

[2021-04-05 14:25:26 #12 type] 
Type domain.Bet is not enhanced.

[2021-04-05 14:25:26 #13 type.registry] 
New type domain.Prediction

[2021-04-05 14:25:26 #14 type] 
Type domain.Prediction is not enhanced.

[2021-04-05 14:25:26 #15 type.registry] 
New type domain.Question

[2021-04-05 14:25:26 #16 type] 
Type domain.Question is not enhanced.

[2021-04-05 14:25:26 #17 type.registry] 
New type java.util.Vector<domain.Prediction>

[2021-04-05 14:25:26 #18 type.registry] 
New type domain.Event

[2021-04-05 14:25:26 #19 type] 
Type domain.Event is not enhanced.

[2021-04-05 14:25:26 #20 type.registry] 
New type java.util.Vector<domain.Question>

[2021-04-05 14:25:26 #21 type.registry] 
New type java.util.Vector<java.lang.Object>

------------------------------------------------------------------------------------------------------------------------

[2021-04-05 15:14:51 #1 store] 
Database 'C:\Users\suade\Documents\Universidad\2Segundo\2\SI\workspace\bUltimaActualizacion\src\main\resources\bets.temp' is opened by 12348@LAPTOP-CP3BSS6D

[2021-04-05 15:14:52 #2 type.registry] 
New type domain.Person

[2021-04-05 15:14:52 #3 type.registry] 
New type domain.Admin

[2021-04-05 15:14:52 #4 type] 
Type domain.Person is not enhanced.

[2021-04-05 15:14:52 #5 type] 
Type domain.Admin is not enhanced.

[2021-04-05 15:14:52 #6 type.registry] 
New type domain.Worker

[2021-04-05 15:14:52 #7 type] 
Type domain.Worker is not enhanced.

[2021-04-05 15:14:52 #8 type.registry] 
New type domain.RegisteredClient

[2021-04-05 15:14:52 #9 type] 
Type domain.RegisteredClient is not enhanced.

[2021-04-05 15:14:52 #10 type.registry] 
New type domain.Bet

[2021-04-05 15:14:52 #11 type.registry] 
New type java.util.Vector<domain.Bet>

[2021-04-05 15:14:52 #12 type] 
Type domain.Bet is not enhanced.

[2021-04-05 15:14:52 #13 type.registry] 
New type domain.Prediction

[2021-04-05 15:14:52 #14 type] 
Type domain.Prediction is not enhanced.

[2021-04-05 15:14:52 #15 type.registry] 
New type domain.Question

[2021-04-05 15:14:52 #16 type] 
Type domain.Question is not enhanced.

[2021-04-05 15:14:52 #17 type.registry] 
New type java.util.Vector<domain.Prediction>

[2021-04-05 15:14:52 #18 type.registry] 
New type domain.Event

[2021-04-05 15:14:52 #19 type] 
Type domain.Event is not enhanced.

[2021-04-05 15:14:52 #20 type.registry] 
New type java.util.Vector<domain.Question>

[2021-04-05 15:14:52 #21 type.registry] 
New type java.util.Vector<java.lang.Object>

------------------------------------------------------------------------------------------------------------------------

[2021-04-05 15:31:21 #1 store] 
Database 'C:\Users\suade\Documents\Universidad\2Segundo\2\SI\workspace\bUltimaActualizacion\src\main\resources\bets.temp' is opened by 10776@LAPTOP-CP3BSS6D

------------------------------------------------------------------------------------------------------------------------

[2021-04-05 15:33:54 #1 store] 
Database 'C:\Users\suade\Documents\Universidad\2Segundo\2\SI\workspace\bUltimaActualizacion\src\main\resources\bets.temp' is opened by 14540@LAPTOP-CP3BSS6D

------------------------------------------------------------------------------------------------------------------------

[2021-04-05 15:34:31 #1 store] 
Database 'C:\Users\suade\Documents\Universidad\2Segundo\2\SI\workspace\bUltimaActualizacion\src\main\resources\bets.temp' is opened by 4604@LAPTOP-CP3BSS6D

[2021-04-05 15:34:31 #2 type.registry] 
New type domain.Person

[2021-04-05 15:34:31 #3 type.registry] 
New type domain.Admin

[2021-04-05 15:34:31 #4 type] 
Type domain.Person is not enhanced.

[2021-04-05 15:34:31 #5 type] 
Type domain.Admin is not enhanced.

[2021-04-05 15:34:31 #6 type.registry] 
New type domain.Worker

[2021-04-05 15:34:31 #7 type] 
Type domain.Worker is not enhanced.

[2021-04-05 15:34:31 #8 type.registry] 
New type domain.RegisteredClient

[2021-04-05 15:34:31 #9 type] 
Type domain.RegisteredClient is not enhanced.

[2021-04-05 15:34:31 #10 type.registry] 
New type domain.Bet

[2021-04-05 15:34:31 #11 type.registry] 
New type java.util.Vector<domain.Bet>

[2021-04-05 15:34:31 #12 type] 
Type domain.Bet is not enhanced.

[2021-04-05 15:34:31 #13 type.registry] 
New type domain.Prediction

[2021-04-05 15:34:31 #14 type] 
Type domain.Prediction is not enhanced.

[2021-04-05 15:34:31 #15 type.registry] 
New type domain.Question

[2021-04-05 15:34:31 #16 type] 
Type domain.Question is not enhanced.

[2021-04-05 15:34:31 #17 type.registry] 
New type java.util.Vector<domain.Prediction>

[2021-04-05 15:34:31 #18 type.registry] 
New type domain.Event

[2021-04-05 15:34:31 #19 type] 
Type domain.Event is not enhanced.

[2021-04-05 15:34:31 #20 type.registry] 
New type java.util.Vector<domain.Question>

[2021-04-05 15:34:31 #21 type.registry] 
New type java.util.Vector<java.lang.Object>

------------------------------------------------------------------------------------------------------------------------

[2021-04-05 15:35:34 #1 store] 
Database 'C:\Users\suade\Documents\Universidad\2Segundo\2\SI\workspace\bUltimaActualizacion\src\main\resources\bets.temp' is opened by 5688@LAPTOP-CP3BSS6D

[2021-04-05 15:35:35 #2 type.registry] 
New type domain.Person

[2021-04-05 15:35:35 #3 type.registry] 
New type domain.Admin

[2021-04-05 15:35:35 #4 type] 
Type domain.Person is not enhanced.

[2021-04-05 15:35:35 #5 type] 
Type domain.Admin is not enhanced.

[2021-04-05 15:35:35 #6 type.registry] 
New type domain.Worker

[2021-04-05 15:35:35 #7 type] 
Type domain.Worker is not enhanced.

[2021-04-05 15:35:35 #8 type.registry] 
New type domain.RegisteredClient

[2021-04-05 15:35:35 #9 type] 
Type domain.RegisteredClient is not enhanced.

[2021-04-05 15:35:35 #10 type.registry] 
New type domain.Bet

[2021-04-05 15:35:35 #11 type.registry] 
New type java.util.Vector<domain.Bet>

[2021-04-05 15:35:35 #12 type] 
Type domain.Bet is not enhanced.

[2021-04-05 15:35:35 #13 type.registry] 
New type domain.Prediction

[2021-04-05 15:35:35 #14 type] 
Type domain.Prediction is not enhanced.

[2021-04-05 15:35:35 #15 type.registry] 
New type domain.Question

[2021-04-05 15:35:35 #16 type] 
Type domain.Question is not enhanced.

[2021-04-05 15:35:35 #17 type.registry] 
New type java.util.Vector<domain.Prediction>

[2021-04-05 15:35:35 #18 type.registry] 
New type domain.Event

[2021-04-05 15:35:35 #19 type] 
Type domain.Event is not enhanced.

[2021-04-05 15:35:35 #20 type.registry] 
New type java.util.Vector<domain.Question>

[2021-04-05 15:35:35 #21 type.registry] 
New type java.util.Vector<java.lang.Object>

------------------------------------------------------------------------------------------------------------------------

[2021-04-05 15:36:09 #1 store] 
Database 'C:\Users\suade\Documents\Universidad\2Segundo\2\SI\workspace\bUltimaActualizacion\src\main\resources\bets.temp' is opened by 11224@LAPTOP-CP3BSS6D

[2021-04-05 15:36:09 #2 type.registry] 
New type domain.Person

[2021-04-05 15:36:09 #3 type.registry] 
New type domain.Admin

[2021-04-05 15:36:09 #4 type] 
Type domain.Person is not enhanced.

[2021-04-05 15:36:09 #5 type] 
Type domain.Admin is not enhanced.

[2021-04-05 15:36:09 #6 type.registry] 
New type domain.Worker

[2021-04-05 15:36:09 #7 type] 
Type domain.Worker is not enhanced.

[2021-04-05 15:36:09 #8 type.registry] 
New type domain.RegisteredClient

[2021-04-05 15:36:09 #9 type] 
Type domain.RegisteredClient is not enhanced.

[2021-04-05 15:36:09 #10 type.registry] 
New type domain.Bet

[2021-04-05 15:36:09 #11 type.registry] 
New type java.util.Vector<domain.Bet>

[2021-04-05 15:36:09 #12 type] 
Type domain.Bet is not enhanced.

[2021-04-05 15:36:09 #13 type.registry] 
New type domain.Prediction

[2021-04-05 15:36:09 #14 type] 
Type domain.Prediction is not enhanced.

[2021-04-05 15:36:09 #15 type.registry] 
New type domain.Question

[2021-04-05 15:36:09 #16 type] 
Type domain.Question is not enhanced.

[2021-04-05 15:36:09 #17 type.registry] 
New type java.util.Vector<domain.Prediction>

[2021-04-05 15:36:09 #18 type.registry] 
New type domain.Event

[2021-04-05 15:36:09 #19 type] 
Type domain.Event is not enhanced.

[2021-04-05 15:36:09 #20 type.registry] 
New type java.util.Vector<domain.Question>

[2021-04-05 15:36:09 #21 type.registry] 
New type java.util.Vector<java.lang.Object>

------------------------------------------------------------------------------------------------------------------------

[2021-04-05 15:36:23 #1 store] 
Database 'C:\Users\suade\Documents\Universidad\2Segundo\2\SI\workspace\bUltimaActualizacion\src\main\resources\bets.temp' is opened by 13448@LAPTOP-CP3BSS6D

[2021-04-05 15:36:23 #2 type.registry] 
New type domain.Person

[2021-04-05 15:36:23 #3 type.registry] 
New type domain.Admin

[2021-04-05 15:36:23 #4 type] 
Type domain.Person is not enhanced.

[2021-04-05 15:36:23 #5 type] 
Type domain.Admin is not enhanced.

[2021-04-05 15:36:23 #6 type.registry] 
New type domain.Worker

[2021-04-05 15:36:23 #7 type] 
Type domain.Worker is not enhanced.

[2021-04-05 15:36:23 #8 type.registry] 
New type domain.RegisteredClient

[2021-04-05 15:36:23 #9 type] 
Type domain.RegisteredClient is not enhanced.

[2021-04-05 15:36:23 #10 type.registry] 
New type domain.Bet

[2021-04-05 15:36:23 #11 type.registry] 
New type java.util.Vector<domain.Bet>

[2021-04-05 15:36:23 #12 type] 
Type domain.Bet is not enhanced.

[2021-04-05 15:36:23 #13 type.registry] 
New type domain.Prediction

[2021-04-05 15:36:23 #14 type] 
Type domain.Prediction is not enhanced.

[2021-04-05 15:36:23 #15 type.registry] 
New type domain.Question

[2021-04-05 15:36:23 #16 type] 
Type domain.Question is not enhanced.

[2021-04-05 15:36:23 #17 type.registry] 
New type java.util.Vector<domain.Prediction>

[2021-04-05 15:36:23 #18 type.registry] 
New type domain.Event

[2021-04-05 15:36:23 #19 type] 
Type domain.Event is not enhanced.

[2021-04-05 15:36:23 #20 type.registry] 
New type java.util.Vector<domain.Question>

[2021-04-05 15:36:23 #21 type.registry] 
New type java.util.Vector<java.lang.Object>

------------------------------------------------------------------------------------------------------------------------

[2021-04-05 15:36:49 #1 store] 
Database 'C:\Users\suade\Documents\Universidad\2Segundo\2\SI\workspace\bUltimaActualizacion\src\main\resources\bets.temp' is opened by 9320@LAPTOP-CP3BSS6D

[2021-04-05 15:36:50 #2 type.registry] 
New type domain.Person

[2021-04-05 15:36:50 #3 type.registry] 
New type domain.Admin

[2021-04-05 15:36:50 #4 type] 
Type domain.Person is not enhanced.

[2021-04-05 15:36:50 #5 type] 
Type domain.Admin is not enhanced.

[2021-04-05 15:36:50 #6 type.registry] 
New type domain.Worker

[2021-04-05 15:36:50 #7 type] 
Type domain.Worker is not enhanced.

[2021-04-05 15:36:50 #8 type.registry] 
New type domain.RegisteredClient

[2021-04-05 15:36:50 #9 type] 
Type domain.RegisteredClient is not enhanced.

[2021-04-05 15:36:50 #10 type.registry] 
New type domain.Bet

[2021-04-05 15:36:50 #11 type.registry] 
New type java.util.Vector<domain.Bet>

[2021-04-05 15:36:50 #12 type] 
Type domain.Bet is not enhanced.

[2021-04-05 15:36:50 #13 type.registry] 
New type domain.Prediction

[2021-04-05 15:36:50 #14 type] 
Type domain.Prediction is not enhanced.

[2021-04-05 15:36:50 #15 type.registry] 
New type domain.Question

[2021-04-05 15:36:50 #16 type] 
Type domain.Question is not enhanced.

[2021-04-05 15:36:50 #17 type.registry] 
New type java.util.Vector<domain.Prediction>

[2021-04-05 15:36:50 #18 type.registry] 
New type domain.Event

[2021-04-05 15:36:50 #19 type] 
Type domain.Event is not enhanced.

[2021-04-05 15:36:50 #20 type.registry] 
New type java.util.Vector<domain.Question>

[2021-04-05 15:36:50 #21 type.registry] 
New type java.util.Vector<java.lang.Object>

------------------------------------------------------------------------------------------------------------------------

[2021-04-05 15:38:41 #1 store] 
Database 'C:\Users\suade\Documents\Universidad\2Segundo\2\SI\workspace\bUltimaActualizacion\src\main\resources\bets.temp' is opened by 5968@LAPTOP-CP3BSS6D

[2021-04-05 15:38:41 #2 type.registry] 
New type domain.Person

[2021-04-05 15:38:41 #3 type.registry] 
New type domain.Admin

[2021-04-05 15:38:41 #4 type] 
Type domain.Person is not enhanced.

[2021-04-05 15:38:41 #5 type] 
Type domain.Admin is not enhanced.

[2021-04-05 15:38:41 #6 type.registry] 
New type domain.Worker

[2021-04-05 15:38:41 #7 type] 
Type domain.Worker is not enhanced.

[2021-04-05 15:38:41 #8 type.registry] 
New type domain.RegisteredClient

[2021-04-05 15:38:41 #9 type] 
Type domain.RegisteredClient is not enhanced.

[2021-04-05 15:38:41 #10 type.registry] 
New type domain.Bet

[2021-04-05 15:38:41 #11 type.registry] 
New type java.util.Vector<domain.Bet>

[2021-04-05 15:38:41 #12 type] 
Type domain.Bet is not enhanced.

[2021-04-05 15:38:41 #13 type.registry] 
New type domain.Prediction

[2021-04-05 15:38:41 #14 type] 
Type domain.Prediction is not enhanced.

[2021-04-05 15:38:41 #15 type.registry] 
New type domain.Question

[2021-04-05 15:38:41 #16 type] 
Type domain.Question is not enhanced.

[2021-04-05 15:38:41 #17 type.registry] 
New type java.util.Vector<domain.Prediction>

[2021-04-05 15:38:41 #18 type.registry] 
New type domain.Event

[2021-04-05 15:38:41 #19 type] 
Type domain.Event is not enhanced.

[2021-04-05 15:38:41 #20 type.registry] 
New type java.util.Vector<domain.Question>

[2021-04-05 15:38:41 #21 type.registry] 
New type java.util.Vector<java.lang.Object>

------------------------------------------------------------------------------------------------------------------------

[2021-04-05 16:00:31 #1 store] 
Database 'C:\Users\suade\Documents\Universidad\2Segundo\2\SI\workspace\bUltimaActualizacion\src\main\resources\bets.temp' is opened by 5752@LAPTOP-CP3BSS6D

[2021-04-05 16:00:32 #2 type.registry] 
New type domain.Person

[2021-04-05 16:00:32 #3 type.registry] 
New type domain.Admin

[2021-04-05 16:00:32 #4 type] 
Type domain.Person is not enhanced.

[2021-04-05 16:00:32 #5 type] 
Type domain.Admin is not enhanced.

[2021-04-05 16:00:32 #6 type.registry] 
New type domain.Worker

[2021-04-05 16:00:32 #7 type] 
Type domain.Worker is not enhanced.

[2021-04-05 16:00:32 #8 type.registry] 
New type domain.RegisteredClient

[2021-04-05 16:00:32 #9 type] 
Type domain.RegisteredClient is not enhanced.

[2021-04-05 16:00:32 #10 type.registry] 
New type domain.Bet

[2021-04-05 16:00:32 #11 type.registry] 
New type java.util.Vector<domain.Bet>

[2021-04-05 16:00:32 #12 type] 
Type domain.Bet is not enhanced.

[2021-04-05 16:00:32 #13 type.registry] 
New type domain.Prediction

[2021-04-05 16:00:32 #14 type] 
Type domain.Prediction is not enhanced.

[2021-04-05 16:00:32 #15 type.registry] 
New type domain.Question

[2021-04-05 16:00:32 #16 type] 
Type domain.Question is not enhanced.

[2021-04-05 16:00:32 #17 type.registry] 
New type java.util.Vector<domain.Prediction>

[2021-04-05 16:00:32 #18 type.registry] 
New type domain.Event

[2021-04-05 16:00:32 #19 type] 
Type domain.Event is not enhanced.

[2021-04-05 16:00:32 #20 type.registry] 
New type java.util.Vector<domain.Question>

[2021-04-05 16:00:32 #21 type.registry] 
New type java.util.Vector<java.lang.Object>

------------------------------------------------------------------------------------------------------------------------

[2021-04-05 16:05:52 #1 store] 
Database 'C:\Users\suade\Documents\Universidad\2Segundo\2\SI\workspace\bUltimaActualizacion\src\main\resources\bets.temp' is opened by 6200@LAPTOP-CP3BSS6D

[2021-04-05 16:05:53 #2 type.registry] 
New type domain.Person

[2021-04-05 16:05:53 #3 type.registry] 
New type domain.Admin

[2021-04-05 16:05:53 #4 type] 
Type domain.Person is not enhanced.

[2021-04-05 16:05:53 #5 type] 
Type domain.Admin is not enhanced.

[2021-04-05 16:05:53 #6 type.registry] 
New type domain.Worker

[2021-04-05 16:05:53 #7 type] 
Type domain.Worker is not enhanced.

[2021-04-05 16:05:53 #8 type.registry] 
New type domain.RegisteredClient

[2021-04-05 16:05:53 #9 type] 
Type domain.RegisteredClient is not enhanced.

[2021-04-05 16:05:53 #10 type.registry] 
New type domain.Bet

[2021-04-05 16:05:53 #11 type.registry] 
New type java.util.Vector<domain.Bet>

[2021-04-05 16:05:53 #12 type] 
Type domain.Bet is not enhanced.

[2021-04-05 16:05:53 #13 type.registry] 
New type domain.Prediction

[2021-04-05 16:05:53 #14 type] 
Type domain.Prediction is not enhanced.

[2021-04-05 16:05:53 #15 type.registry] 
New type domain.Question

[2021-04-05 16:05:53 #16 type] 
Type domain.Question is not enhanced.

[2021-04-05 16:05:53 #17 type.registry] 
New type java.util.Vector<domain.Prediction>

[2021-04-05 16:05:53 #18 type.registry] 
New type domain.Event

[2021-04-05 16:05:53 #19 type] 
Type domain.Event is not enhanced.

[2021-04-05 16:05:53 #20 type.registry] 
New type java.util.Vector<domain.Question>

[2021-04-05 16:05:53 #21 type.registry] 
New type java.util.Vector<java.lang.Object>

------------------------------------------------------------------------------------------------------------------------

[2021-04-05 16:11:02 #1 store] 
Database 'C:\Users\suade\Documents\Universidad\2Segundo\2\SI\workspace\bUltimaActualizacion\src\main\resources\bets.temp' is opened by 4252@LAPTOP-CP3BSS6D

[2021-04-05 16:11:02 #2 type.registry] 
New type domain.Person

[2021-04-05 16:11:02 #3 type.registry] 
New type domain.Admin

[2021-04-05 16:11:02 #4 type] 
Type domain.Person is not enhanced.

[2021-04-05 16:11:02 #5 type] 
Type domain.Admin is not enhanced.

[2021-04-05 16:11:02 #6 type.registry] 
New type domain.Worker

[2021-04-05 16:11:02 #7 type] 
Type domain.Worker is not enhanced.

[2021-04-05 16:11:02 #8 type.registry] 
New type domain.RegisteredClient

[2021-04-05 16:11:02 #9 type] 
Type domain.RegisteredClient is not enhanced.

[2021-04-05 16:11:02 #10 type.registry] 
New type domain.Bet

[2021-04-05 16:11:02 #11 type.registry] 
New type java.util.Vector<domain.Bet>

[2021-04-05 16:11:02 #12 type] 
Type domain.Bet is not enhanced.

[2021-04-05 16:11:02 #13 type.registry] 
New type domain.Prediction

[2021-04-05 16:11:02 #14 type] 
Type domain.Prediction is not enhanced.

[2021-04-05 16:11:02 #15 type.registry] 
New type domain.Question

[2021-04-05 16:11:02 #16 type] 
Type domain.Question is not enhanced.

[2021-04-05 16:11:02 #17 type.registry] 
New type java.util.Vector<domain.Prediction>

[2021-04-05 16:11:02 #18 type.registry] 
New type domain.Event

[2021-04-05 16:11:02 #19 type] 
Type domain.Event is not enhanced.

[2021-04-05 16:11:02 #20 type.registry] 
New type java.util.Vector<domain.Question>

[2021-04-05 16:11:02 #21 type.registry] 
New type java.util.Vector<java.lang.Object>

------------------------------------------------------------------------------------------------------------------------

[2021-04-05 16:14:09 #1 store] 
Database 'C:\Users\suade\Documents\Universidad\2Segundo\2\SI\workspace\bUltimaActualizacion\src\main\resources\bets.temp' is opened by 7372@LAPTOP-CP3BSS6D

[2021-04-05 16:14:10 #2 type.registry] 
New type domain.Person

[2021-04-05 16:14:10 #3 type.registry] 
New type domain.Admin

[2021-04-05 16:14:10 #4 type] 
Type domain.Person is not enhanced.

[2021-04-05 16:14:10 #5 type] 
Type domain.Admin is not enhanced.

[2021-04-05 16:14:10 #6 type.registry] 
New type domain.Worker

[2021-04-05 16:14:10 #7 type] 
Type domain.Worker is not enhanced.

[2021-04-05 16:14:10 #8 type.registry] 
New type domain.RegisteredClient

[2021-04-05 16:14:10 #9 type] 
Type domain.RegisteredClient is not enhanced.

[2021-04-05 16:14:10 #10 type.registry] 
New type domain.Bet

[2021-04-05 16:14:10 #11 type.registry] 
New type java.util.Vector<domain.Bet>

[2021-04-05 16:14:10 #12 type] 
Type domain.Bet is not enhanced.

[2021-04-05 16:14:10 #13 type.registry] 
New type domain.Prediction

[2021-04-05 16:14:10 #14 type] 
Type domain.Prediction is not enhanced.

[2021-04-05 16:14:10 #15 type.registry] 
New type domain.Question

[2021-04-05 16:14:10 #16 type] 
Type domain.Question is not enhanced.

[2021-04-05 16:14:10 #17 type.registry] 
New type java.util.Vector<domain.Prediction>

[2021-04-05 16:14:10 #18 type.registry] 
New type domain.Event

[2021-04-05 16:14:10 #19 type] 
Type domain.Event is not enhanced.

[2021-04-05 16:14:10 #20 type.registry] 
New type java.util.Vector<domain.Question>

[2021-04-05 16:14:10 #21 type.registry] 
New type java.util.Vector<java.lang.Object>

------------------------------------------------------------------------------------------------------------------------

[2021-04-05 16:16:10 #1 store] 
Database 'C:\Users\suade\Documents\Universidad\2Segundo\2\SI\workspace\bUltimaActualizacion\src\main\resources\bets.temp' is opened by 6616@LAPTOP-CP3BSS6D

[2021-04-05 16:16:10 #2 type.registry] 
New type domain.Person

[2021-04-05 16:16:10 #3 type.registry] 
New type domain.Admin

[2021-04-05 16:16:10 #4 type] 
Type domain.Person is not enhanced.

[2021-04-05 16:16:10 #5 type] 
Type domain.Admin is not enhanced.

[2021-04-05 16:16:10 #6 type.registry] 
New type domain.Worker

[2021-04-05 16:16:10 #7 type] 
Type domain.Worker is not enhanced.

[2021-04-05 16:16:10 #8 type.registry] 
New type domain.RegisteredClient

[2021-04-05 16:16:10 #9 type] 
Type domain.RegisteredClient is not enhanced.

[2021-04-05 16:16:10 #10 type.registry] 
New type domain.Bet

[2021-04-05 16:16:10 #11 type.registry] 
New type java.util.Vector<domain.Bet>

[2021-04-05 16:16:10 #12 type] 
Type domain.Bet is not enhanced.

[2021-04-05 16:16:10 #13 type.registry] 
New type domain.Prediction

[2021-04-05 16:16:10 #14 type] 
Type domain.Prediction is not enhanced.

[2021-04-05 16:16:10 #15 type.registry] 
New type domain.Question

[2021-04-05 16:16:10 #16 type] 
Type domain.Question is not enhanced.

[2021-04-05 16:16:10 #17 type.registry] 
New type java.util.Vector<domain.Prediction>

[2021-04-05 16:16:10 #18 type.registry] 
New type domain.Event

[2021-04-05 16:16:10 #19 type] 
Type domain.Event is not enhanced.

[2021-04-05 16:16:10 #20 type.registry] 
New type java.util.Vector<domain.Question>

[2021-04-05 16:16:10 #21 type.registry] 
New type java.util.Vector<java.lang.Object>

------------------------------------------------------------------------------------------------------------------------

[2021-04-05 17:39:44 #1 store] 
Database 'C:\Users\suade\Documents\Universidad\2Segundo\2\SI\workspace\bUltimaActualizacion\src\main\resources\bets.temp' is opened by 3664@LAPTOP-CP3BSS6D

[2021-04-05 17:39:45 #2 type.registry] 
New type domain.Person

[2021-04-05 17:39:45 #3 type.registry] 
New type domain.Admin

[2021-04-05 17:39:45 #4 type] 
Type domain.Person is not enhanced.

[2021-04-05 17:39:45 #5 type] 
Type domain.Admin is not enhanced.

[2021-04-05 17:39:45 #6 type.registry] 
New type domain.Worker

[2021-04-05 17:39:45 #7 type] 
Type domain.Worker is not enhanced.

[2021-04-05 17:39:45 #8 type.registry] 
New type domain.RegisteredClient

[2021-04-05 17:39:45 #9 type] 
Type domain.RegisteredClient is not enhanced.

[2021-04-05 17:39:45 #10 type.registry] 
New type domain.Bet

[2021-04-05 17:39:45 #11 type.registry] 
New type java.util.Vector<domain.Bet>

[2021-04-05 17:39:45 #12 type] 
Type domain.Bet is not enhanced.

[2021-04-05 17:39:45 #13 type.registry] 
New type domain.Prediction

[2021-04-05 17:39:45 #14 type] 
Type domain.Prediction is not enhanced.

[2021-04-05 17:39:45 #15 type.registry] 
New type domain.Question

[2021-04-05 17:39:45 #16 type] 
Type domain.Question is not enhanced.

[2021-04-05 17:39:45 #17 type.registry] 
New type java.util.Vector<domain.Prediction>

[2021-04-05 17:39:45 #18 type.registry] 
New type domain.Event

[2021-04-05 17:39:45 #19 type] 
Type domain.Event is not enhanced.

[2021-04-05 17:39:45 #20 type.registry] 
New type java.util.Vector<domain.Question>

[2021-04-05 17:39:45 #21 type.registry] 
New type java.util.Vector<java.lang.Object>

------------------------------------------------------------------------------------------------------------------------

[2021-04-05 17:41:15 #1 store] 
Database 'C:\Users\suade\Documents\Universidad\2Segundo\2\SI\workspace\bUltimaActualizacion\src\main\resources\bets.temp' is opened by 1768@LAPTOP-CP3BSS6D

[2021-04-05 17:41:16 #2 type.registry] 
New type domain.Person

[2021-04-05 17:41:16 #3 type.registry] 
New type domain.Admin

[2021-04-05 17:41:16 #4 type] 
Type domain.Person is not enhanced.

[2021-04-05 17:41:16 #5 type] 
Type domain.Admin is not enhanced.

[2021-04-05 17:41:16 #6 type.registry] 
New type domain.Worker

[2021-04-05 17:41:16 #7 type] 
Type domain.Worker is not enhanced.

[2021-04-05 17:41:16 #8 type.registry] 
New type domain.RegisteredClient

[2021-04-05 17:41:16 #9 type] 
Type domain.RegisteredClient is not enhanced.

[2021-04-05 17:41:16 #10 type.registry] 
New type domain.Bet

[2021-04-05 17:41:16 #11 type.registry] 
New type java.util.Vector<domain.Bet>

[2021-04-05 17:41:16 #12 type] 
Type domain.Bet is not enhanced.

[2021-04-05 17:41:16 #13 type.registry] 
New type domain.Prediction

[2021-04-05 17:41:16 #14 type] 
Type domain.Prediction is not enhanced.

[2021-04-05 17:41:16 #15 type.registry] 
New type domain.Question

[2021-04-05 17:41:16 #16 type] 
Type domain.Question is not enhanced.

[2021-04-05 17:41:16 #17 type.registry] 
New type java.util.Vector<domain.Prediction>

[2021-04-05 17:41:16 #18 type.registry] 
New type domain.Event

[2021-04-05 17:41:16 #19 type] 
Type domain.Event is not enhanced.

[2021-04-05 17:41:16 #20 type.registry] 
New type java.util.Vector<domain.Question>

[2021-04-05 17:41:16 #21 type.registry] 
New type java.util.Vector<java.lang.Object>

------------------------------------------------------------------------------------------------------------------------

[2021-04-05 17:45:19 #1 store] 
Database 'C:\Users\suade\Documents\Universidad\2Segundo\2\SI\workspace\bUltimaActualizacion\src\main\resources\bets.temp' is opened by 4756@LAPTOP-CP3BSS6D

[2021-04-05 17:45:20 #2 type.registry] 
New type domain.Person

[2021-04-05 17:45:20 #3 type.registry] 
New type domain.Admin

[2021-04-05 17:45:20 #4 type] 
Type domain.Person is not enhanced.

[2021-04-05 17:45:20 #5 type] 
Type domain.Admin is not enhanced.

[2021-04-05 17:45:20 #6 type.registry] 
New type domain.Worker

[2021-04-05 17:45:20 #7 type] 
Type domain.Worker is not enhanced.

[2021-04-05 17:45:20 #8 type.registry] 
New type domain.RegisteredClient

[2021-04-05 17:45:20 #9 type] 
Type domain.RegisteredClient is not enhanced.

[2021-04-05 17:45:20 #10 type.registry] 
New type domain.Bet

[2021-04-05 17:45:20 #11 type.registry] 
New type java.util.Vector<domain.Bet>

[2021-04-05 17:45:20 #12 type] 
Type domain.Bet is not enhanced.

[2021-04-05 17:45:20 #13 type.registry] 
New type domain.Prediction

[2021-04-05 17:45:20 #14 type] 
Type domain.Prediction is not enhanced.

[2021-04-05 17:45:20 #15 type.registry] 
New type domain.Question

[2021-04-05 17:45:20 #16 type] 
Type domain.Question is not enhanced.

[2021-04-05 17:45:20 #17 type.registry] 
New type java.util.Vector<domain.Prediction>

[2021-04-05 17:45:20 #18 type.registry] 
New type domain.Event

[2021-04-05 17:45:20 #19 type] 
Type domain.Event is not enhanced.

[2021-04-05 17:45:20 #20 type.registry] 
New type java.util.Vector<domain.Question>

[2021-04-05 17:45:20 #21 type.registry] 
New type java.util.Vector<java.lang.Object>

------------------------------------------------------------------------------------------------------------------------

[2021-04-05 17:45:52 #1 store] 
Database 'C:\Users\suade\Documents\Universidad\2Segundo\2\SI\workspace\bUltimaActualizacion\src\main\resources\bets.temp' is opened by 6804@LAPTOP-CP3BSS6D

[2021-04-05 17:45:53 #2 type.registry] 
New type domain.Person

[2021-04-05 17:45:53 #3 type.registry] 
New type domain.Admin

[2021-04-05 17:45:53 #4 type] 
Type domain.Person is not enhanced.

[2021-04-05 17:45:53 #5 type] 
Type domain.Admin is not enhanced.

[2021-04-05 17:45:53 #6 type.registry] 
New type domain.Worker

[2021-04-05 17:45:53 #7 type] 
Type domain.Worker is not enhanced.

[2021-04-05 17:45:53 #8 type.registry] 
New type domain.RegisteredClient

[2021-04-05 17:45:53 #9 type] 
Type domain.RegisteredClient is not enhanced.

[2021-04-05 17:45:53 #10 type.registry] 
New type domain.Bet

[2021-04-05 17:45:53 #11 type.registry] 
New type java.util.Vector<domain.Bet>

[2021-04-05 17:45:53 #12 type] 
Type domain.Bet is not enhanced.

[2021-04-05 17:45:53 #13 type.registry] 
New type domain.Prediction

[2021-04-05 17:45:53 #14 type] 
Type domain.Prediction is not enhanced.

[2021-04-05 17:45:53 #15 type.registry] 
New type domain.Question

[2021-04-05 17:45:53 #16 type] 
Type domain.Question is not enhanced.

[2021-04-05 17:45:53 #17 type.registry] 
New type java.util.Vector<domain.Prediction>

[2021-04-05 17:45:53 #18 type.registry] 
New type domain.Event

[2021-04-05 17:45:53 #19 type] 
Type domain.Event is not enhanced.

[2021-04-05 17:45:53 #20 type.registry] 
New type java.util.Vector<domain.Question>

[2021-04-05 17:45:53 #21 type.registry] 
New type java.util.Vector<java.lang.Object>

