------------------------------------------------------------------------------------------------------------------------

[2021-05-06 08:47:33 #1 store] 
Database 'C:\Users\proce\git\3iteration_repository\3iteration\src\main\resources\bets.temp' is opened by 14912@DESKTOP-RHU8OVS

[2021-05-06 08:47:33 #2 type.registry] 
New type domain.Person

[2021-05-06 08:47:33 #3 type.registry] 
New type domain.Admin

[2021-05-06 08:47:33 #4 type] 
Type domain.Person is not enhanced.

[2021-05-06 08:47:33 #5 type] 
Type domain.Admin is not enhanced.

[2021-05-06 08:47:33 #6 type.registry] 
New type domain.Worker

[2021-05-06 08:47:33 #7 type] 
Type domain.Worker is not enhanced.

[2021-05-06 08:47:33 #8 type.registry] 
New type domain.RegisteredClient

[2021-05-06 08:47:33 #9 type] 
Type domain.RegisteredClient is not enhanced.

[2021-05-06 08:47:33 #10 type.registry] 
New type domain.Movements

[2021-05-06 08:47:33 #11 type.registry] 
New type java.util.Vector<domain.Movements>

[2021-05-06 08:47:33 #12 type.registry] 
New type domain.Bet

[2021-05-06 08:47:33 #13 type.registry] 
New type java.util.Vector<domain.Bet>

[2021-05-06 08:47:33 #14 type] 
Type domain.Movements is not enhanced.

[2021-05-06 08:47:33 #15 type] 
Type domain.Bet is not enhanced.

[2021-05-06 08:47:33 #16 type.registry] 
New type domain.Prediction

[2021-05-06 08:47:33 #17 type] 
Type domain.Prediction is not enhanced.

[2021-05-06 08:47:33 #18 type.registry] 
New type domain.Question

[2021-05-06 08:47:33 #19 type] 
Type domain.Question is not enhanced.

[2021-05-06 08:47:33 #20 type.registry] 
New type java.util.Vector<domain.Prediction>

[2021-05-06 08:47:33 #21 type.registry] 
New type domain.Event

[2021-05-06 08:47:33 #22 type] 
Type domain.Event is not enhanced.

[2021-05-06 08:47:33 #23 type.registry] 
New type java.util.Vector<domain.Question>

[2021-05-06 08:47:33 #24 type.registry] 
New type java.util.Vector<java.lang.Object>

------------------------------------------------------------------------------------------------------------------------

[2021-05-06 08:49:48 #1 store] 
Database 'C:\Users\proce\git\3iteration_repository\3iteration\src\main\resources\bets.temp' is opened by 3260@DESKTOP-RHU8OVS

[2021-05-06 08:49:49 #2 type.registry] 
New type domain.Person

[2021-05-06 08:49:49 #3 type.registry] 
New type domain.Admin

[2021-05-06 08:49:49 #4 type] 
Type domain.Person is not enhanced.

[2021-05-06 08:49:49 #5 type] 
Type domain.Admin is not enhanced.

[2021-05-06 08:49:49 #6 type.registry] 
New type domain.Worker

[2021-05-06 08:49:49 #7 type] 
Type domain.Worker is not enhanced.

[2021-05-06 08:49:49 #8 type.registry] 
New type domain.RegisteredClient

[2021-05-06 08:49:49 #9 type] 
Type domain.RegisteredClient is not enhanced.

[2021-05-06 08:49:49 #10 type.registry] 
New type domain.Movements

[2021-05-06 08:49:49 #11 type.registry] 
New type java.util.Vector<domain.Movements>

[2021-05-06 08:49:49 #12 type.registry] 
New type domain.Bet

[2021-05-06 08:49:49 #13 type.registry] 
New type java.util.Vector<domain.Bet>

[2021-05-06 08:49:49 #14 type] 
Type domain.Movements is not enhanced.

[2021-05-06 08:49:49 #15 type] 
Type domain.Bet is not enhanced.

[2021-05-06 08:49:49 #16 type.registry] 
New type domain.Prediction

[2021-05-06 08:49:49 #17 type] 
Type domain.Prediction is not enhanced.

[2021-05-06 08:49:49 #18 type.registry] 
New type domain.Question

[2021-05-06 08:49:49 #19 type] 
Type domain.Question is not enhanced.

[2021-05-06 08:49:49 #20 type.registry] 
New type java.util.Vector<domain.Prediction>

[2021-05-06 08:49:49 #21 type.registry] 
New type domain.Event

[2021-05-06 08:49:49 #22 type] 
Type domain.Event is not enhanced.

[2021-05-06 08:49:49 #23 type.registry] 
New type java.util.Vector<domain.Question>

[2021-05-06 08:49:49 #24 type.registry] 
New type java.util.Vector<java.lang.Object>

------------------------------------------------------------------------------------------------------------------------

[2021-05-06 08:54:05 #1 store] 
Database 'C:\Users\proce\git\3iteration_repository\3iteration\src\main\resources\bets.temp' is opened by 2740@DESKTOP-RHU8OVS

[2021-05-06 08:54:05 #2 type.registry] 
New type domain.Person

[2021-05-06 08:54:05 #3 type.registry] 
New type domain.Admin

[2021-05-06 08:54:05 #4 type] 
Type domain.Person is not enhanced.

[2021-05-06 08:54:05 #5 type] 
Type domain.Admin is not enhanced.

[2021-05-06 08:54:05 #6 type.registry] 
New type domain.Worker

[2021-05-06 08:54:05 #7 type] 
Type domain.Worker is not enhanced.

[2021-05-06 08:54:05 #8 type.registry] 
New type domain.RegisteredClient

[2021-05-06 08:54:05 #9 type] 
Type domain.RegisteredClient is not enhanced.

[2021-05-06 08:54:05 #10 type.registry] 
New type domain.Movements

[2021-05-06 08:54:05 #11 type.registry] 
New type java.util.Vector<domain.Movements>

[2021-05-06 08:54:05 #12 type.registry] 
New type domain.Bet

[2021-05-06 08:54:05 #13 type.registry] 
New type java.util.Vector<domain.Bet>

[2021-05-06 08:54:05 #14 type] 
Type domain.Movements is not enhanced.

[2021-05-06 08:54:05 #15 type] 
Type domain.Bet is not enhanced.

[2021-05-06 08:54:05 #16 type.registry] 
New type domain.Prediction

[2021-05-06 08:54:05 #17 type] 
Type domain.Prediction is not enhanced.

[2021-05-06 08:54:05 #18 type.registry] 
New type domain.Question

[2021-05-06 08:54:05 #19 type] 
Type domain.Question is not enhanced.

[2021-05-06 08:54:05 #20 type.registry] 
New type java.util.Vector<domain.Prediction>

[2021-05-06 08:54:05 #21 type.registry] 
New type domain.Event

[2021-05-06 08:54:05 #22 type] 
Type domain.Event is not enhanced.

[2021-05-06 08:54:05 #23 type.registry] 
New type java.util.Vector<domain.Question>

[2021-05-06 08:54:05 #24 type.registry] 
New type java.util.Vector<java.lang.Object>

------------------------------------------------------------------------------------------------------------------------

[2021-05-06 08:56:01 #1 store] 
Database 'C:\Users\proce\git\3iteration_repository\3iteration\src\main\resources\bets.temp' is opened by 3684@DESKTOP-RHU8OVS

[2021-05-06 08:56:01 #2 type.registry] 
New type domain.Person

[2021-05-06 08:56:01 #3 type.registry] 
New type domain.Admin

[2021-05-06 08:56:01 #4 type] 
Type domain.Person is not enhanced.

[2021-05-06 08:56:01 #5 type] 
Type domain.Admin is not enhanced.

[2021-05-06 08:56:01 #6 type.registry] 
New type domain.Worker

[2021-05-06 08:56:01 #7 type] 
Type domain.Worker is not enhanced.

[2021-05-06 08:56:01 #8 type.registry] 
New type domain.RegisteredClient

[2021-05-06 08:56:01 #9 type] 
Type domain.RegisteredClient is not enhanced.

[2021-05-06 08:56:01 #10 type.registry] 
New type domain.Movements

[2021-05-06 08:56:01 #11 type.registry] 
New type java.util.Vector<domain.Movements>

[2021-05-06 08:56:01 #12 type.registry] 
New type domain.Bet

[2021-05-06 08:56:01 #13 type.registry] 
New type java.util.Vector<domain.Bet>

[2021-05-06 08:56:01 #14 type] 
Type domain.Movements is not enhanced.

[2021-05-06 08:56:01 #15 type] 
Type domain.Bet is not enhanced.

[2021-05-06 08:56:01 #16 type.registry] 
New type domain.Prediction

[2021-05-06 08:56:01 #17 type] 
Type domain.Prediction is not enhanced.

[2021-05-06 08:56:01 #18 type.registry] 
New type domain.Question

[2021-05-06 08:56:01 #19 type] 
Type domain.Question is not enhanced.

[2021-05-06 08:56:01 #20 type.registry] 
New type java.util.Vector<domain.Prediction>

[2021-05-06 08:56:01 #21 type.registry] 
New type domain.Event

[2021-05-06 08:56:01 #22 type] 
Type domain.Event is not enhanced.

[2021-05-06 08:56:01 #23 type.registry] 
New type java.util.Vector<domain.Question>

[2021-05-06 08:56:01 #24 type.registry] 
New type java.util.Vector<java.lang.Object>

------------------------------------------------------------------------------------------------------------------------

[2021-05-06 09:00:55 #1 store] 
Database 'C:\Users\proce\git\3iteration_repository\3iteration\src\main\resources\bets.temp' is opened by 13848@DESKTOP-RHU8OVS

[2021-05-06 09:00:55 #2 type.registry] 
New type domain.Person

[2021-05-06 09:00:55 #3 type.registry] 
New type domain.Admin

[2021-05-06 09:00:55 #4 type] 
Type domain.Person is not enhanced.

[2021-05-06 09:00:55 #5 type] 
Type domain.Admin is not enhanced.

[2021-05-06 09:00:55 #6 type.registry] 
New type domain.Worker

[2021-05-06 09:00:55 #7 type] 
Type domain.Worker is not enhanced.

[2021-05-06 09:00:55 #8 type.registry] 
New type domain.RegisteredClient

[2021-05-06 09:00:55 #9 type] 
Type domain.RegisteredClient is not enhanced.

[2021-05-06 09:00:55 #10 type.registry] 
New type domain.Movements

[2021-05-06 09:00:55 #11 type.registry] 
New type java.util.Vector<domain.Movements>

[2021-05-06 09:00:55 #12 type.registry] 
New type domain.Bet

[2021-05-06 09:00:55 #13 type.registry] 
New type java.util.Vector<domain.Bet>

[2021-05-06 09:00:55 #14 type] 
Type domain.Movements is not enhanced.

[2021-05-06 09:00:55 #15 type] 
Type domain.Bet is not enhanced.

[2021-05-06 09:00:55 #16 type.registry] 
New type domain.Prediction

[2021-05-06 09:00:55 #17 type] 
Type domain.Prediction is not enhanced.

[2021-05-06 09:00:55 #18 type.registry] 
New type domain.Question

[2021-05-06 09:00:55 #19 type] 
Type domain.Question is not enhanced.

[2021-05-06 09:00:55 #20 type.registry] 
New type java.util.Vector<domain.Prediction>

[2021-05-06 09:00:55 #21 type.registry] 
New type domain.Event

[2021-05-06 09:00:55 #22 type] 
Type domain.Event is not enhanced.

[2021-05-06 09:00:55 #23 type.registry] 
New type java.util.Vector<domain.Question>

[2021-05-06 09:00:55 #24 type.registry] 
New type java.util.Vector<java.lang.Object>

------------------------------------------------------------------------------------------------------------------------

[2021-05-06 09:02:48 #1 store] 
Database 'C:\Users\proce\git\3iteration_repository\3iteration\src\main\resources\bets.temp' is opened by 7336@DESKTOP-RHU8OVS

[2021-05-06 09:02:48 #2 type.registry] 
New type domain.Person

[2021-05-06 09:02:48 #3 type.registry] 
New type domain.Admin

[2021-05-06 09:02:48 #4 type] 
Type domain.Person is not enhanced.

[2021-05-06 09:02:48 #5 type] 
Type domain.Admin is not enhanced.

[2021-05-06 09:02:48 #6 type.registry] 
New type domain.Worker

[2021-05-06 09:02:48 #7 type] 
Type domain.Worker is not enhanced.

[2021-05-06 09:02:48 #8 type.registry] 
New type domain.RegisteredClient

[2021-05-06 09:02:48 #9 type] 
Type domain.RegisteredClient is not enhanced.

[2021-05-06 09:02:48 #10 type.registry] 
New type domain.Movements

[2021-05-06 09:02:48 #11 type.registry] 
New type java.util.Vector<domain.Movements>

[2021-05-06 09:02:48 #12 type.registry] 
New type domain.Bet

[2021-05-06 09:02:48 #13 type.registry] 
New type java.util.Vector<domain.Bet>

[2021-05-06 09:02:48 #14 type] 
Type domain.Movements is not enhanced.

[2021-05-06 09:02:48 #15 type] 
Type domain.Bet is not enhanced.

[2021-05-06 09:02:48 #16 type.registry] 
New type domain.Prediction

[2021-05-06 09:02:48 #17 type] 
Type domain.Prediction is not enhanced.

[2021-05-06 09:02:48 #18 type.registry] 
New type domain.Question

[2021-05-06 09:02:48 #19 type] 
Type domain.Question is not enhanced.

[2021-05-06 09:02:48 #20 type.registry] 
New type java.util.Vector<domain.Prediction>

[2021-05-06 09:02:48 #21 type.registry] 
New type domain.Event

[2021-05-06 09:02:48 #22 type] 
Type domain.Event is not enhanced.

[2021-05-06 09:02:48 #23 type.registry] 
New type java.util.Vector<domain.Question>

[2021-05-06 09:02:48 #24 type.registry] 
New type java.util.Vector<java.lang.Object>

------------------------------------------------------------------------------------------------------------------------

[2021-05-06 09:05:17 #1 store] 
Database 'C:\Users\proce\git\3iteration_repository\3iteration\src\main\resources\bets.temp' is opened by 14240@DESKTOP-RHU8OVS

[2021-05-06 09:05:18 #2 type.registry] 
New type domain.Person

[2021-05-06 09:05:18 #3 type.registry] 
New type domain.Admin

[2021-05-06 09:05:18 #4 type] 
Type domain.Person is not enhanced.

[2021-05-06 09:05:18 #5 type] 
Type domain.Admin is not enhanced.

[2021-05-06 09:05:18 #6 type.registry] 
New type domain.Worker

[2021-05-06 09:05:18 #7 type] 
Type domain.Worker is not enhanced.

[2021-05-06 09:05:18 #8 type.registry] 
New type domain.RegisteredClient

[2021-05-06 09:05:18 #9 type] 
Type domain.RegisteredClient is not enhanced.

[2021-05-06 09:05:18 #10 type.registry] 
New type domain.Movements

[2021-05-06 09:05:18 #11 type.registry] 
New type java.util.Vector<domain.Movements>

[2021-05-06 09:05:18 #12 type.registry] 
New type domain.Bet

[2021-05-06 09:05:18 #13 type.registry] 
New type java.util.Vector<domain.Bet>

[2021-05-06 09:05:18 #14 type] 
Type domain.Movements is not enhanced.

[2021-05-06 09:05:18 #15 type] 
Type domain.Bet is not enhanced.

[2021-05-06 09:05:18 #16 type.registry] 
New type domain.Prediction

[2021-05-06 09:05:18 #17 type] 
Type domain.Prediction is not enhanced.

[2021-05-06 09:05:18 #18 type.registry] 
New type domain.Question

[2021-05-06 09:05:18 #19 type] 
Type domain.Question is not enhanced.

[2021-05-06 09:05:18 #20 type.registry] 
New type java.util.Vector<domain.Prediction>

[2021-05-06 09:05:18 #21 type.registry] 
New type domain.Event

[2021-05-06 09:05:18 #22 type] 
Type domain.Event is not enhanced.

[2021-05-06 09:05:18 #23 type.registry] 
New type java.util.Vector<domain.Question>

[2021-05-06 09:05:18 #24 type.registry] 
New type java.util.Vector<java.lang.Object>

------------------------------------------------------------------------------------------------------------------------

[2021-05-06 09:17:45 #1 store] 
Database 'C:\Users\proce\git\3iteration_repository\3iteration\src\main\resources\bets.temp' is opened by 5676@DESKTOP-RHU8OVS

[2021-05-06 09:17:45 #2 type.registry] 
New type domain.Person

[2021-05-06 09:17:45 #3 type.registry] 
New type domain.Admin

[2021-05-06 09:17:45 #4 type] 
Type domain.Person is not enhanced.

[2021-05-06 09:17:45 #5 type] 
Type domain.Admin is not enhanced.

[2021-05-06 09:17:45 #6 type.registry] 
New type domain.Worker

[2021-05-06 09:17:45 #7 type] 
Type domain.Worker is not enhanced.

[2021-05-06 09:17:46 #8 type.registry] 
New type domain.RegisteredClient

[2021-05-06 09:17:46 #9 type] 
Type domain.RegisteredClient is not enhanced.

[2021-05-06 09:17:46 #10 type.registry] 
New type domain.Movements

[2021-05-06 09:17:46 #11 type.registry] 
New type java.util.Vector<domain.Movements>

[2021-05-06 09:17:46 #12 type.registry] 
New type domain.Bet

[2021-05-06 09:17:46 #13 type.registry] 
New type java.util.Vector<domain.Bet>

[2021-05-06 09:17:46 #14 type] 
Type domain.Movements is not enhanced.

[2021-05-06 09:17:46 #15 type] 
Type domain.Bet is not enhanced.

[2021-05-06 09:17:46 #16 type.registry] 
New type domain.Prediction

[2021-05-06 09:17:46 #17 type] 
Type domain.Prediction is not enhanced.

[2021-05-06 09:17:46 #18 type.registry] 
New type domain.Question

[2021-05-06 09:17:46 #19 type] 
Type domain.Question is not enhanced.

[2021-05-06 09:17:46 #20 type.registry] 
New type java.util.Vector<domain.Prediction>

[2021-05-06 09:17:46 #21 type.registry] 
New type domain.Event

[2021-05-06 09:17:46 #22 type] 
Type domain.Event is not enhanced.

[2021-05-06 09:17:46 #23 type.registry] 
New type java.util.Vector<domain.Question>

[2021-05-06 09:17:46 #24 type.registry] 
New type java.util.Vector<java.lang.Object>

------------------------------------------------------------------------------------------------------------------------

[2021-05-06 09:19:48 #1 store] 
Database 'C:\Users\proce\git\3iteration_repository\3iteration\src\main\resources\bets.temp' is opened by 11404@DESKTOP-RHU8OVS

[2021-05-06 09:19:48 #2 type.registry] 
New type domain.Person

[2021-05-06 09:19:48 #3 type.registry] 
New type domain.Admin

[2021-05-06 09:19:48 #4 type] 
Type domain.Person is not enhanced.

[2021-05-06 09:19:48 #5 type] 
Type domain.Admin is not enhanced.

[2021-05-06 09:19:48 #6 type.registry] 
New type domain.Worker

[2021-05-06 09:19:48 #7 type] 
Type domain.Worker is not enhanced.

[2021-05-06 09:19:48 #8 type.registry] 
New type domain.RegisteredClient

[2021-05-06 09:19:48 #9 type] 
Type domain.RegisteredClient is not enhanced.

[2021-05-06 09:19:48 #10 type.registry] 
New type domain.Movements

[2021-05-06 09:19:48 #11 type.registry] 
New type java.util.Vector<domain.Movements>

[2021-05-06 09:19:48 #12 type.registry] 
New type domain.Bet

[2021-05-06 09:19:48 #13 type.registry] 
New type java.util.Vector<domain.Bet>

[2021-05-06 09:19:48 #14 type] 
Type domain.Movements is not enhanced.

[2021-05-06 09:19:48 #15 type] 
Type domain.Bet is not enhanced.

[2021-05-06 09:19:48 #16 type.registry] 
New type domain.Prediction

[2021-05-06 09:19:48 #17 type] 
Type domain.Prediction is not enhanced.

[2021-05-06 09:19:48 #18 type.registry] 
New type domain.Question

[2021-05-06 09:19:48 #19 type] 
Type domain.Question is not enhanced.

[2021-05-06 09:19:48 #20 type.registry] 
New type java.util.Vector<domain.Prediction>

[2021-05-06 09:19:48 #21 type.registry] 
New type domain.Event

[2021-05-06 09:19:48 #22 type] 
Type domain.Event is not enhanced.

[2021-05-06 09:19:48 #23 type.registry] 
New type java.util.Vector<domain.Question>

[2021-05-06 09:19:48 #24 type.registry] 
New type java.util.Vector<java.lang.Object>

------------------------------------------------------------------------------------------------------------------------

[2021-05-06 09:23:41 #1 store] 
Database 'C:\Users\proce\git\3iteration_repository\3iteration\src\main\resources\bets.temp' is opened by 15692@DESKTOP-RHU8OVS

[2021-05-06 09:23:41 #2 type.registry] 
New type domain.Person

[2021-05-06 09:23:41 #3 type.registry] 
New type domain.Admin

[2021-05-06 09:23:41 #4 type] 
Type domain.Person is not enhanced.

[2021-05-06 09:23:41 #5 type] 
Type domain.Admin is not enhanced.

[2021-05-06 09:23:41 #6 type.registry] 
New type domain.Worker

[2021-05-06 09:23:41 #7 type] 
Type domain.Worker is not enhanced.

[2021-05-06 09:23:41 #8 type.registry] 
New type domain.RegisteredClient

[2021-05-06 09:23:41 #9 type] 
Type domain.RegisteredClient is not enhanced.

[2021-05-06 09:23:41 #10 type.registry] 
New type domain.Movements

[2021-05-06 09:23:41 #11 type.registry] 
New type java.util.Vector<domain.Movements>

[2021-05-06 09:23:41 #12 type.registry] 
New type domain.Bet

[2021-05-06 09:23:41 #13 type.registry] 
New type java.util.Vector<domain.Bet>

[2021-05-06 09:23:41 #14 type] 
Type domain.Movements is not enhanced.

[2021-05-06 09:23:41 #15 type] 
Type domain.Bet is not enhanced.

[2021-05-06 09:23:41 #16 type.registry] 
New type domain.Prediction

[2021-05-06 09:23:41 #17 type] 
Type domain.Prediction is not enhanced.

[2021-05-06 09:23:41 #18 type.registry] 
New type domain.Question

[2021-05-06 09:23:41 #19 type] 
Type domain.Question is not enhanced.

[2021-05-06 09:23:41 #20 type.registry] 
New type java.util.Vector<domain.Prediction>

[2021-05-06 09:23:41 #21 type.registry] 
New type domain.Event

[2021-05-06 09:23:41 #22 type] 
Type domain.Event is not enhanced.

[2021-05-06 09:23:41 #23 type.registry] 
New type java.util.Vector<domain.Question>

[2021-05-06 09:23:41 #24 type.registry] 
New type java.util.Vector<java.lang.Object>

------------------------------------------------------------------------------------------------------------------------

[2021-05-06 09:51:10 #1 store] 
Database 'C:\Users\proce\git\3iteration_repository\3iteration\src\main\resources\bets.temp' is opened by 16500@DESKTOP-RHU8OVS

[2021-05-06 09:51:10 #2 type.registry] 
New type domain.Person

[2021-05-06 09:51:10 #3 type.registry] 
New type domain.Admin

[2021-05-06 09:51:10 #4 type] 
Type domain.Person is not enhanced.

[2021-05-06 09:51:10 #5 type] 
Type domain.Admin is not enhanced.

[2021-05-06 09:51:10 #6 type.registry] 
New type domain.Worker

[2021-05-06 09:51:10 #7 type] 
Type domain.Worker is not enhanced.

[2021-05-06 09:51:10 #8 type.registry] 
New type domain.RegisteredClient

[2021-05-06 09:51:10 #9 type] 
Type domain.RegisteredClient is not enhanced.

[2021-05-06 09:51:10 #10 type.registry] 
New type domain.Movements

[2021-05-06 09:51:10 #11 type.registry] 
New type java.util.Vector<domain.Movements>

[2021-05-06 09:51:10 #12 type.registry] 
New type domain.Bet

[2021-05-06 09:51:10 #13 type.registry] 
New type java.util.Vector<domain.Bet>

[2021-05-06 09:51:10 #14 type] 
Type domain.Movements is not enhanced.

[2021-05-06 09:51:10 #15 type] 
Type domain.Bet is not enhanced.

[2021-05-06 09:51:10 #16 type.registry] 
New type domain.Prediction

[2021-05-06 09:51:10 #17 type] 
Type domain.Prediction is not enhanced.

[2021-05-06 09:51:10 #18 type.registry] 
New type domain.Question

[2021-05-06 09:51:10 #19 type] 
Type domain.Question is not enhanced.

[2021-05-06 09:51:10 #20 type.registry] 
New type java.util.Vector<domain.Prediction>

[2021-05-06 09:51:10 #21 type.registry] 
New type domain.Event

[2021-05-06 09:51:10 #22 type] 
Type domain.Event is not enhanced.

[2021-05-06 09:51:10 #23 type.registry] 
New type java.util.Vector<domain.Question>

[2021-05-06 09:51:10 #24 type.registry] 
New type java.util.Vector<java.lang.Object>

------------------------------------------------------------------------------------------------------------------------

[2021-05-06 09:53:24 #1 store] 
Database 'C:\Users\proce\git\3iteration_repository\3iteration\src\main\resources\bets.temp' is opened by 4172@DESKTOP-RHU8OVS

[2021-05-06 09:53:24 #2 type.registry] 
New type domain.Person

[2021-05-06 09:53:24 #3 type.registry] 
New type domain.Admin

[2021-05-06 09:53:24 #4 type] 
Type domain.Person is not enhanced.

[2021-05-06 09:53:24 #5 type] 
Type domain.Admin is not enhanced.

[2021-05-06 09:53:24 #6 type.registry] 
New type domain.Worker

[2021-05-06 09:53:24 #7 type] 
Type domain.Worker is not enhanced.

[2021-05-06 09:53:24 #8 type.registry] 
New type domain.RegisteredClient

[2021-05-06 09:53:24 #9 type] 
Type domain.RegisteredClient is not enhanced.

[2021-05-06 09:53:24 #10 type.registry] 
New type domain.Movements

[2021-05-06 09:53:24 #11 type.registry] 
New type java.util.Vector<domain.Movements>

[2021-05-06 09:53:24 #12 type.registry] 
New type domain.Bet

[2021-05-06 09:53:24 #13 type.registry] 
New type java.util.Vector<domain.Bet>

[2021-05-06 09:53:24 #14 type] 
Type domain.Movements is not enhanced.

[2021-05-06 09:53:24 #15 type] 
Type domain.Bet is not enhanced.

[2021-05-06 09:53:24 #16 type.registry] 
New type domain.Prediction

[2021-05-06 09:53:24 #17 type] 
Type domain.Prediction is not enhanced.

[2021-05-06 09:53:24 #18 type.registry] 
New type domain.Question

[2021-05-06 09:53:24 #19 type] 
Type domain.Question is not enhanced.

[2021-05-06 09:53:24 #20 type.registry] 
New type java.util.Vector<domain.Prediction>

[2021-05-06 09:53:24 #21 type.registry] 
New type domain.Event

[2021-05-06 09:53:24 #22 type] 
Type domain.Event is not enhanced.

[2021-05-06 09:53:24 #23 type.registry] 
New type java.util.Vector<domain.Question>

[2021-05-06 09:53:24 #24 type.registry] 
New type java.util.Vector<java.lang.Object>

------------------------------------------------------------------------------------------------------------------------

[2021-05-06 09:57:15 #1 store] 
Database 'C:\Users\proce\git\3iteration_repository\3iteration\src\main\resources\bets.temp' is opened by 588@DESKTOP-RHU8OVS

[2021-05-06 09:57:15 #2 type.registry] 
New type domain.Person

[2021-05-06 09:57:15 #3 type.registry] 
New type domain.Admin

[2021-05-06 09:57:15 #4 type] 
Type domain.Person is not enhanced.

[2021-05-06 09:57:15 #5 type] 
Type domain.Admin is not enhanced.

[2021-05-06 09:57:15 #6 type.registry] 
New type domain.Worker

[2021-05-06 09:57:15 #7 type] 
Type domain.Worker is not enhanced.

[2021-05-06 09:57:15 #8 type.registry] 
New type domain.RegisteredClient

[2021-05-06 09:57:15 #9 type] 
Type domain.RegisteredClient is not enhanced.

[2021-05-06 09:57:15 #10 type.registry] 
New type domain.Movements

[2021-05-06 09:57:15 #11 type.registry] 
New type java.util.Vector<domain.Movements>

[2021-05-06 09:57:15 #12 type.registry] 
New type domain.Bet

[2021-05-06 09:57:15 #13 type.registry] 
New type java.util.Vector<domain.Bet>

[2021-05-06 09:57:15 #14 type] 
Type domain.Movements is not enhanced.

[2021-05-06 09:57:15 #15 type] 
Type domain.Bet is not enhanced.

[2021-05-06 09:57:15 #16 type.registry] 
New type domain.Prediction

[2021-05-06 09:57:15 #17 type] 
Type domain.Prediction is not enhanced.

[2021-05-06 09:57:15 #18 type.registry] 
New type domain.Question

[2021-05-06 09:57:15 #19 type] 
Type domain.Question is not enhanced.

[2021-05-06 09:57:15 #20 type.registry] 
New type java.util.Vector<domain.Prediction>

[2021-05-06 09:57:15 #21 type.registry] 
New type domain.Event

[2021-05-06 09:57:15 #22 type] 
Type domain.Event is not enhanced.

[2021-05-06 09:57:15 #23 type.registry] 
New type java.util.Vector<domain.Question>

[2021-05-06 09:57:15 #24 type.registry] 
New type java.util.Vector<java.lang.Object>

------------------------------------------------------------------------------------------------------------------------

[2021-05-06 10:05:11 #1 store] 
Database 'C:\Users\proce\git\3iteration_repository\3iteration\src\main\resources\bets.temp' is opened by 11068@DESKTOP-RHU8OVS

[2021-05-06 10:05:11 #2 type.registry] 
New type domain.Person

[2021-05-06 10:05:11 #3 type.registry] 
New type domain.Admin

[2021-05-06 10:05:11 #4 type] 
Type domain.Person is not enhanced.

[2021-05-06 10:05:11 #5 type] 
Type domain.Admin is not enhanced.

[2021-05-06 10:05:11 #6 type.registry] 
New type domain.Worker

[2021-05-06 10:05:11 #7 type] 
Type domain.Worker is not enhanced.

[2021-05-06 10:05:11 #8 type.registry] 
New type domain.RegisteredClient

[2021-05-06 10:05:11 #9 type] 
Type domain.RegisteredClient is not enhanced.

[2021-05-06 10:05:11 #10 type.registry] 
New type domain.Movements

[2021-05-06 10:05:11 #11 type.registry] 
New type java.util.Vector<domain.Movements>

[2021-05-06 10:05:11 #12 type.registry] 
New type domain.Bet

[2021-05-06 10:05:11 #13 type.registry] 
New type java.util.Vector<domain.Bet>

[2021-05-06 10:05:11 #14 type] 
Type domain.Movements is not enhanced.

[2021-05-06 10:05:11 #15 type] 
Type domain.Bet is not enhanced.

[2021-05-06 10:05:11 #16 type.registry] 
New type domain.Prediction

[2021-05-06 10:05:11 #17 type] 
Type domain.Prediction is not enhanced.

[2021-05-06 10:05:11 #18 type.registry] 
New type domain.Question

[2021-05-06 10:05:11 #19 type] 
Type domain.Question is not enhanced.

[2021-05-06 10:05:11 #20 type.registry] 
New type java.util.Vector<domain.Prediction>

[2021-05-06 10:05:11 #21 type.registry] 
New type domain.Event

[2021-05-06 10:05:11 #22 type] 
Type domain.Event is not enhanced.

[2021-05-06 10:05:11 #23 type.registry] 
New type java.util.Vector<domain.Question>

[2021-05-06 10:05:11 #24 type.registry] 
New type java.util.Vector<java.lang.Object>

------------------------------------------------------------------------------------------------------------------------

[2021-05-06 10:08:10 #1 store] 
Database 'C:\Users\proce\git\3iteration_repository\3iteration\src\main\resources\bets.temp' is opened by 10564@DESKTOP-RHU8OVS

[2021-05-06 10:08:11 #2 type.registry] 
New type domain.Person

[2021-05-06 10:08:11 #3 type.registry] 
New type domain.Admin

[2021-05-06 10:08:11 #4 type] 
Type domain.Person is not enhanced.

[2021-05-06 10:08:11 #5 type] 
Type domain.Admin is not enhanced.

[2021-05-06 10:08:11 #6 type.registry] 
New type domain.Worker

[2021-05-06 10:08:11 #7 type] 
Type domain.Worker is not enhanced.

[2021-05-06 10:08:11 #8 type.registry] 
New type domain.RegisteredClient

[2021-05-06 10:08:11 #9 type] 
Type domain.RegisteredClient is not enhanced.

[2021-05-06 10:08:11 #10 type.registry] 
New type domain.Movements

[2021-05-06 10:08:11 #11 type.registry] 
New type java.util.Vector<domain.Movements>

[2021-05-06 10:08:11 #12 type.registry] 
New type domain.Bet

[2021-05-06 10:08:11 #13 type.registry] 
New type java.util.Vector<domain.Bet>

[2021-05-06 10:08:11 #14 type] 
Type domain.Movements is not enhanced.

[2021-05-06 10:08:11 #15 type] 
Type domain.Bet is not enhanced.

[2021-05-06 10:08:11 #16 type.registry] 
New type domain.Prediction

[2021-05-06 10:08:11 #17 type] 
Type domain.Prediction is not enhanced.

[2021-05-06 10:08:11 #18 type.registry] 
New type domain.Question

[2021-05-06 10:08:11 #19 type] 
Type domain.Question is not enhanced.

[2021-05-06 10:08:11 #20 type.registry] 
New type java.util.Vector<domain.Prediction>

[2021-05-06 10:08:11 #21 type.registry] 
New type domain.Event

[2021-05-06 10:08:11 #22 type] 
Type domain.Event is not enhanced.

[2021-05-06 10:08:11 #23 type.registry] 
New type java.util.Vector<domain.Question>

[2021-05-06 10:08:11 #24 type.registry] 
New type java.util.Vector<java.lang.Object>

------------------------------------------------------------------------------------------------------------------------

[2021-05-06 10:17:19 #1 store] 
Database 'C:\Users\proce\git\3iteration_repository\3iteration\src\main\resources\bets.temp' is opened by 17232@DESKTOP-RHU8OVS

[2021-05-06 10:17:19 #2 type.registry] 
New type domain.Person

[2021-05-06 10:17:19 #3 type.registry] 
New type domain.Admin

[2021-05-06 10:17:19 #4 type] 
Type domain.Person is not enhanced.

[2021-05-06 10:17:19 #5 type] 
Type domain.Admin is not enhanced.

[2021-05-06 10:17:19 #6 type.registry] 
New type domain.Worker

[2021-05-06 10:17:19 #7 type] 
Type domain.Worker is not enhanced.

[2021-05-06 10:17:19 #8 type.registry] 
New type domain.RegisteredClient

[2021-05-06 10:17:19 #9 type] 
Type domain.RegisteredClient is not enhanced.

[2021-05-06 10:17:19 #10 type.registry] 
New type domain.Movements

[2021-05-06 10:17:19 #11 type.registry] 
New type java.util.Vector<domain.Movements>

[2021-05-06 10:17:19 #12 type.registry] 
New type domain.Bet

[2021-05-06 10:17:19 #13 type.registry] 
New type java.util.Vector<domain.Bet>

[2021-05-06 10:17:19 #14 type] 
Type domain.Movements is not enhanced.

[2021-05-06 10:17:19 #15 type] 
Type domain.Bet is not enhanced.

[2021-05-06 10:17:19 #16 type.registry] 
New type domain.Prediction

[2021-05-06 10:17:19 #17 type] 
Type domain.Prediction is not enhanced.

[2021-05-06 10:17:19 #18 type.registry] 
New type domain.Question

[2021-05-06 10:17:19 #19 type] 
Type domain.Question is not enhanced.

[2021-05-06 10:17:19 #20 type.registry] 
New type java.util.Vector<domain.Prediction>

[2021-05-06 10:17:19 #21 type.registry] 
New type domain.Event

[2021-05-06 10:17:19 #22 type] 
Type domain.Event is not enhanced.

[2021-05-06 10:17:19 #23 type.registry] 
New type java.util.Vector<domain.Question>

[2021-05-06 10:17:19 #24 type.registry] 
New type java.util.Vector<java.lang.Object>

------------------------------------------------------------------------------------------------------------------------

[2021-05-06 10:48:24 #1 store] 
Database 'C:\Users\proce\git\3iteration_repository\3iteration\src\main\resources\bets.temp' is opened by 5588@DESKTOP-RHU8OVS

[2021-05-06 10:48:24 #2 type.registry] 
New type domain.Person

[2021-05-06 10:48:24 #3 type.registry] 
New type domain.Admin

[2021-05-06 10:48:24 #4 type] 
Type domain.Person is not enhanced.

[2021-05-06 10:48:24 #5 type] 
Type domain.Admin is not enhanced.

[2021-05-06 10:48:24 #6 type.registry] 
New type domain.Worker

[2021-05-06 10:48:24 #7 type] 
Type domain.Worker is not enhanced.

[2021-05-06 10:48:24 #8 type.registry] 
New type domain.RegisteredClient

[2021-05-06 10:48:24 #9 type] 
Type domain.RegisteredClient is not enhanced.

[2021-05-06 10:48:24 #10 type.registry] 
New type domain.Movements

[2021-05-06 10:48:24 #11 type.registry] 
New type java.util.Vector<domain.Movements>

[2021-05-06 10:48:24 #12 type.registry] 
New type domain.Bet

[2021-05-06 10:48:24 #13 type.registry] 
New type java.util.Vector<domain.Bet>

[2021-05-06 10:48:24 #14 type] 
Type domain.Movements is not enhanced.

[2021-05-06 10:48:24 #15 type] 
Type domain.Bet is not enhanced.

[2021-05-06 10:48:24 #16 type.registry] 
New type domain.Prediction

[2021-05-06 10:48:24 #17 type] 
Type domain.Prediction is not enhanced.

[2021-05-06 10:48:24 #18 type.registry] 
New type domain.Question

[2021-05-06 10:48:24 #19 type] 
Type domain.Question is not enhanced.

[2021-05-06 10:48:24 #20 type.registry] 
New type java.util.Vector<domain.Prediction>

[2021-05-06 10:48:24 #21 type.registry] 
New type domain.Event

[2021-05-06 10:48:24 #22 type] 
Type domain.Event is not enhanced.

[2021-05-06 10:48:24 #23 type.registry] 
New type java.util.Vector<domain.Question>

[2021-05-06 10:48:24 #24 type.registry] 
New type java.util.Vector<java.lang.Object>

------------------------------------------------------------------------------------------------------------------------

[2021-05-06 10:51:48 #1 store] 
Database 'C:\Users\proce\git\3iteration_repository\3iteration\src\main\resources\bets.temp' is opened by 15552@DESKTOP-RHU8OVS

[2021-05-06 10:51:48 #2 type.registry] 
New type domain.Person

[2021-05-06 10:51:48 #3 type.registry] 
New type domain.Admin

[2021-05-06 10:51:48 #4 type] 
Type domain.Person is not enhanced.

[2021-05-06 10:51:48 #5 type] 
Type domain.Admin is not enhanced.

[2021-05-06 10:51:48 #6 type.registry] 
New type domain.Worker

[2021-05-06 10:51:48 #7 type] 
Type domain.Worker is not enhanced.

[2021-05-06 10:51:48 #8 type.registry] 
New type domain.RegisteredClient

[2021-05-06 10:51:48 #9 type] 
Type domain.RegisteredClient is not enhanced.

[2021-05-06 10:51:48 #10 type.registry] 
New type domain.Movements

[2021-05-06 10:51:48 #11 type.registry] 
New type java.util.Vector<domain.Movements>

[2021-05-06 10:51:48 #12 type.registry] 
New type domain.Bet

[2021-05-06 10:51:48 #13 type.registry] 
New type java.util.Vector<domain.Bet>

[2021-05-06 10:51:48 #14 type] 
Type domain.Movements is not enhanced.

[2021-05-06 10:51:48 #15 type] 
Type domain.Bet is not enhanced.

[2021-05-06 10:51:48 #16 type.registry] 
New type domain.Prediction

[2021-05-06 10:51:48 #17 type] 
Type domain.Prediction is not enhanced.

[2021-05-06 10:51:48 #18 type.registry] 
New type domain.Question

[2021-05-06 10:51:48 #19 type] 
Type domain.Question is not enhanced.

[2021-05-06 10:51:48 #20 type.registry] 
New type java.util.Vector<domain.Prediction>

[2021-05-06 10:51:48 #21 type.registry] 
New type domain.Event

[2021-05-06 10:51:48 #22 type] 
Type domain.Event is not enhanced.

[2021-05-06 10:51:48 #23 type.registry] 
New type java.util.Vector<domain.Question>

[2021-05-06 10:51:48 #24 type.registry] 
New type java.util.Vector<java.lang.Object>

------------------------------------------------------------------------------------------------------------------------

[2021-05-06 11:02:21 #1 store] 
Database 'C:\Users\proce\git\3iteration_repository\3iteration\src\main\resources\bets.temp' is opened by 2208@DESKTOP-RHU8OVS

[2021-05-06 11:02:21 #2 type.registry] 
New type domain.Person

[2021-05-06 11:02:21 #3 type.registry] 
New type domain.Admin

[2021-05-06 11:02:21 #4 type] 
Type domain.Person is not enhanced.

[2021-05-06 11:02:21 #5 type] 
Type domain.Admin is not enhanced.

[2021-05-06 11:02:21 #6 type.registry] 
New type domain.Worker

[2021-05-06 11:02:21 #7 type] 
Type domain.Worker is not enhanced.

[2021-05-06 11:02:21 #8 type.registry] 
New type domain.RegisteredClient

[2021-05-06 11:02:21 #9 type] 
Type domain.RegisteredClient is not enhanced.

[2021-05-06 11:02:21 #10 type.registry] 
New type domain.Movements

[2021-05-06 11:02:21 #11 type.registry] 
New type java.util.Vector<domain.Movements>

[2021-05-06 11:02:21 #12 type.registry] 
New type domain.Bet

[2021-05-06 11:02:21 #13 type.registry] 
New type java.util.Vector<domain.Bet>

[2021-05-06 11:02:21 #14 type] 
Type domain.Movements is not enhanced.

[2021-05-06 11:02:21 #15 type] 
Type domain.Bet is not enhanced.

[2021-05-06 11:02:21 #16 type.registry] 
New type domain.Prediction

[2021-05-06 11:02:21 #17 type] 
Type domain.Prediction is not enhanced.

[2021-05-06 11:02:21 #18 type.registry] 
New type domain.Question

[2021-05-06 11:02:21 #19 type] 
Type domain.Question is not enhanced.

[2021-05-06 11:02:21 #20 type.registry] 
New type java.util.Vector<domain.Prediction>

[2021-05-06 11:02:21 #21 type.registry] 
New type domain.Event

[2021-05-06 11:02:21 #22 type] 
Type domain.Event is not enhanced.

[2021-05-06 11:02:21 #23 type.registry] 
New type java.util.Vector<domain.Question>

[2021-05-06 11:02:21 #24 type.registry] 
New type java.util.Vector<java.lang.Object>

------------------------------------------------------------------------------------------------------------------------

[2021-05-06 11:07:41 #1 store] 
Database 'C:\Users\proce\git\3iteration_repository\3iteration\src\main\resources\bets.temp' is opened by 13448@DESKTOP-RHU8OVS

[2021-05-06 11:07:41 #2 type.registry] 
New type domain.Person

[2021-05-06 11:07:41 #3 type.registry] 
New type domain.Admin

[2021-05-06 11:07:41 #4 type] 
Type domain.Person is not enhanced.

[2021-05-06 11:07:41 #5 type] 
Type domain.Admin is not enhanced.

[2021-05-06 11:07:41 #6 type.registry] 
New type domain.Worker

[2021-05-06 11:07:41 #7 type] 
Type domain.Worker is not enhanced.

[2021-05-06 11:07:41 #8 type.registry] 
New type domain.RegisteredClient

[2021-05-06 11:07:41 #9 type] 
Type domain.RegisteredClient is not enhanced.

[2021-05-06 11:07:41 #10 type.registry] 
New type domain.Movements

[2021-05-06 11:07:41 #11 type.registry] 
New type java.util.Vector<domain.Movements>

[2021-05-06 11:07:41 #12 type.registry] 
New type domain.Bet

[2021-05-06 11:07:41 #13 type.registry] 
New type java.util.Vector<domain.Bet>

[2021-05-06 11:07:41 #14 type] 
Type domain.Movements is not enhanced.

[2021-05-06 11:07:41 #15 type] 
Type domain.Bet is not enhanced.

[2021-05-06 11:07:41 #16 type.registry] 
New type domain.Prediction

[2021-05-06 11:07:41 #17 type] 
Type domain.Prediction is not enhanced.

[2021-05-06 11:07:41 #18 type.registry] 
New type domain.Question

[2021-05-06 11:07:41 #19 type] 
Type domain.Question is not enhanced.

[2021-05-06 11:07:41 #20 type.registry] 
New type java.util.Vector<domain.Prediction>

[2021-05-06 11:07:41 #21 type.registry] 
New type domain.Event

[2021-05-06 11:07:41 #22 type] 
Type domain.Event is not enhanced.

[2021-05-06 11:07:41 #23 type.registry] 
New type java.util.Vector<domain.Question>

[2021-05-06 11:07:41 #24 type.registry] 
New type java.util.Vector<java.lang.Object>

------------------------------------------------------------------------------------------------------------------------

[2021-05-06 11:09:28 #1 store] 
Database 'C:\Users\proce\git\3iteration_repository\3iteration\src\main\resources\bets.temp' is opened by 14020@DESKTOP-RHU8OVS

[2021-05-06 11:09:28 #2 type.registry] 
New type domain.Person

[2021-05-06 11:09:28 #3 type.registry] 
New type domain.Admin

[2021-05-06 11:09:28 #4 type] 
Type domain.Person is not enhanced.

[2021-05-06 11:09:28 #5 type] 
Type domain.Admin is not enhanced.

[2021-05-06 11:09:28 #6 type.registry] 
New type domain.Worker

[2021-05-06 11:09:28 #7 type] 
Type domain.Worker is not enhanced.

[2021-05-06 11:09:28 #8 type.registry] 
New type domain.RegisteredClient

[2021-05-06 11:09:28 #9 type] 
Type domain.RegisteredClient is not enhanced.

[2021-05-06 11:09:28 #10 type.registry] 
New type domain.Movements

[2021-05-06 11:09:28 #11 type.registry] 
New type java.util.Vector<domain.Movements>

[2021-05-06 11:09:28 #12 type.registry] 
New type domain.Bet

[2021-05-06 11:09:28 #13 type.registry] 
New type java.util.Vector<domain.Bet>

[2021-05-06 11:09:28 #14 type] 
Type domain.Movements is not enhanced.

[2021-05-06 11:09:28 #15 type] 
Type domain.Bet is not enhanced.

[2021-05-06 11:09:28 #16 type.registry] 
New type domain.Prediction

[2021-05-06 11:09:28 #17 type] 
Type domain.Prediction is not enhanced.

[2021-05-06 11:09:28 #18 type.registry] 
New type domain.Question

[2021-05-06 11:09:28 #19 type] 
Type domain.Question is not enhanced.

[2021-05-06 11:09:28 #20 type.registry] 
New type java.util.Vector<domain.Prediction>

[2021-05-06 11:09:28 #21 type.registry] 
New type domain.Event

[2021-05-06 11:09:28 #22 type] 
Type domain.Event is not enhanced.

[2021-05-06 11:09:28 #23 type.registry] 
New type java.util.Vector<domain.Question>

[2021-05-06 11:09:28 #24 type.registry] 
New type java.util.Vector<java.lang.Object>

------------------------------------------------------------------------------------------------------------------------

[2021-05-06 11:13:51 #1 store] 
Database 'C:\Users\proce\git\3iteration_repository\3iteration\src\main\resources\bets.temp' is opened by 9636@DESKTOP-RHU8OVS

[2021-05-06 11:13:52 #2 type.registry] 
New type domain.Person

[2021-05-06 11:13:52 #3 type.registry] 
New type domain.Admin

[2021-05-06 11:13:52 #4 type] 
Type domain.Person is not enhanced.

[2021-05-06 11:13:52 #5 type] 
Type domain.Admin is not enhanced.

[2021-05-06 11:13:52 #6 type.registry] 
New type domain.Worker

[2021-05-06 11:13:52 #7 type] 
Type domain.Worker is not enhanced.

[2021-05-06 11:13:52 #8 type.registry] 
New type domain.RegisteredClient

[2021-05-06 11:13:52 #9 type] 
Type domain.RegisteredClient is not enhanced.

[2021-05-06 11:13:52 #10 type.registry] 
New type domain.Movements

[2021-05-06 11:13:52 #11 type.registry] 
New type java.util.Vector<domain.Movements>

[2021-05-06 11:13:52 #12 type.registry] 
New type domain.Bet

[2021-05-06 11:13:52 #13 type.registry] 
New type java.util.Vector<domain.Bet>

[2021-05-06 11:13:52 #14 type] 
Type domain.Movements is not enhanced.

[2021-05-06 11:13:52 #15 type] 
Type domain.Bet is not enhanced.

[2021-05-06 11:13:52 #16 type.registry] 
New type domain.Prediction

[2021-05-06 11:13:52 #17 type] 
Type domain.Prediction is not enhanced.

[2021-05-06 11:13:52 #18 type.registry] 
New type domain.Question

[2021-05-06 11:13:52 #19 type] 
Type domain.Question is not enhanced.

[2021-05-06 11:13:52 #20 type.registry] 
New type java.util.Vector<domain.Prediction>

[2021-05-06 11:13:52 #21 type.registry] 
New type domain.Event

[2021-05-06 11:13:52 #22 type] 
Type domain.Event is not enhanced.

[2021-05-06 11:13:52 #23 type.registry] 
New type java.util.Vector<domain.Question>

[2021-05-06 11:13:52 #24 type.registry] 
New type java.util.Vector<java.lang.Object>

------------------------------------------------------------------------------------------------------------------------

[2021-05-06 11:15:51 #1 store] 
Database 'C:\Users\proce\git\3iteration_repository\3iteration\src\main\resources\bets.temp' is opened by 16552@DESKTOP-RHU8OVS

[2021-05-06 11:15:51 #2 type.registry] 
New type domain.Person

[2021-05-06 11:15:51 #3 type.registry] 
New type domain.Admin

[2021-05-06 11:15:51 #4 type] 
Type domain.Person is not enhanced.

[2021-05-06 11:15:51 #5 type] 
Type domain.Admin is not enhanced.

[2021-05-06 11:15:51 #6 type.registry] 
New type domain.Worker

[2021-05-06 11:15:51 #7 type] 
Type domain.Worker is not enhanced.

[2021-05-06 11:15:51 #8 type.registry] 
New type domain.RegisteredClient

[2021-05-06 11:15:51 #9 type] 
Type domain.RegisteredClient is not enhanced.

[2021-05-06 11:15:51 #10 type.registry] 
New type domain.Movements

[2021-05-06 11:15:51 #11 type.registry] 
New type java.util.Vector<domain.Movements>

[2021-05-06 11:15:51 #12 type.registry] 
New type domain.Bet

[2021-05-06 11:15:51 #13 type.registry] 
New type java.util.Vector<domain.Bet>

[2021-05-06 11:15:51 #14 type] 
Type domain.Movements is not enhanced.

[2021-05-06 11:15:51 #15 type] 
Type domain.Bet is not enhanced.

[2021-05-06 11:15:51 #16 type.registry] 
New type domain.Prediction

[2021-05-06 11:15:51 #17 type] 
Type domain.Prediction is not enhanced.

[2021-05-06 11:15:51 #18 type.registry] 
New type domain.Question

[2021-05-06 11:15:51 #19 type] 
Type domain.Question is not enhanced.

[2021-05-06 11:15:51 #20 type.registry] 
New type java.util.Vector<domain.Prediction>

[2021-05-06 11:15:51 #21 type.registry] 
New type domain.Event

[2021-05-06 11:15:51 #22 type] 
Type domain.Event is not enhanced.

[2021-05-06 11:15:51 #23 type.registry] 
New type java.util.Vector<domain.Question>

[2021-05-06 11:15:51 #24 type.registry] 
New type java.util.Vector<java.lang.Object>

------------------------------------------------------------------------------------------------------------------------

[2021-05-06 11:17:51 #1 store] 
Database 'C:\Users\proce\git\3iteration_repository\3iteration\src\main\resources\bets.temp' is opened by 5576@DESKTOP-RHU8OVS

[2021-05-06 11:17:51 #2 type.registry] 
New type domain.Person

[2021-05-06 11:17:51 #3 type.registry] 
New type domain.Admin

[2021-05-06 11:17:51 #4 type] 
Type domain.Person is not enhanced.

[2021-05-06 11:17:51 #5 type] 
Type domain.Admin is not enhanced.

[2021-05-06 11:17:51 #6 type.registry] 
New type domain.Worker

[2021-05-06 11:17:51 #7 type] 
Type domain.Worker is not enhanced.

[2021-05-06 11:17:51 #8 type.registry] 
New type domain.RegisteredClient

[2021-05-06 11:17:51 #9 type] 
Type domain.RegisteredClient is not enhanced.

[2021-05-06 11:17:51 #10 type.registry] 
New type domain.Movements

[2021-05-06 11:17:51 #11 type.registry] 
New type java.util.Vector<domain.Movements>

[2021-05-06 11:17:51 #12 type.registry] 
New type domain.Bet

[2021-05-06 11:17:51 #13 type.registry] 
New type java.util.Vector<domain.Bet>

[2021-05-06 11:17:51 #14 type] 
Type domain.Movements is not enhanced.

[2021-05-06 11:17:51 #15 type] 
Type domain.Bet is not enhanced.

[2021-05-06 11:17:51 #16 type.registry] 
New type domain.Prediction

[2021-05-06 11:17:51 #17 type] 
Type domain.Prediction is not enhanced.

[2021-05-06 11:17:51 #18 type.registry] 
New type domain.Question

[2021-05-06 11:17:51 #19 type] 
Type domain.Question is not enhanced.

[2021-05-06 11:17:51 #20 type.registry] 
New type java.util.Vector<domain.Prediction>

[2021-05-06 11:17:51 #21 type.registry] 
New type domain.Event

[2021-05-06 11:17:51 #22 type] 
Type domain.Event is not enhanced.

[2021-05-06 11:17:51 #23 type.registry] 
New type java.util.Vector<domain.Question>

[2021-05-06 11:17:51 #24 type.registry] 
New type java.util.Vector<java.lang.Object>

------------------------------------------------------------------------------------------------------------------------

[2021-05-06 11:21:00 #1 store] 
Database 'C:\Users\proce\git\3iteration_repository\3iteration\src\main\resources\bets.temp' is opened by 1756@DESKTOP-RHU8OVS

[2021-05-06 11:21:00 #2 type.registry] 
New type domain.Person

[2021-05-06 11:21:00 #3 type.registry] 
New type domain.Admin

[2021-05-06 11:21:00 #4 type] 
Type domain.Person is not enhanced.

[2021-05-06 11:21:00 #5 type] 
Type domain.Admin is not enhanced.

[2021-05-06 11:21:00 #6 type.registry] 
New type domain.Worker

[2021-05-06 11:21:00 #7 type] 
Type domain.Worker is not enhanced.

[2021-05-06 11:21:00 #8 type.registry] 
New type domain.RegisteredClient

[2021-05-06 11:21:00 #9 type] 
Type domain.RegisteredClient is not enhanced.

[2021-05-06 11:21:00 #10 type.registry] 
New type domain.Movements

[2021-05-06 11:21:00 #11 type.registry] 
New type java.util.Vector<domain.Movements>

[2021-05-06 11:21:00 #12 type.registry] 
New type domain.Bet

[2021-05-06 11:21:00 #13 type.registry] 
New type java.util.Vector<domain.Bet>

[2021-05-06 11:21:00 #14 type] 
Type domain.Movements is not enhanced.

[2021-05-06 11:21:00 #15 type] 
Type domain.Bet is not enhanced.

[2021-05-06 11:21:00 #16 type.registry] 
New type domain.Prediction

[2021-05-06 11:21:00 #17 type] 
Type domain.Prediction is not enhanced.

[2021-05-06 11:21:00 #18 type.registry] 
New type domain.Question

[2021-05-06 11:21:00 #19 type] 
Type domain.Question is not enhanced.

[2021-05-06 11:21:00 #20 type.registry] 
New type java.util.Vector<domain.Prediction>

[2021-05-06 11:21:00 #21 type.registry] 
New type domain.Event

[2021-05-06 11:21:00 #22 type] 
Type domain.Event is not enhanced.

[2021-05-06 11:21:00 #23 type.registry] 
New type java.util.Vector<domain.Question>

[2021-05-06 11:21:00 #24 type.registry] 
New type java.util.Vector<java.lang.Object>

------------------------------------------------------------------------------------------------------------------------

[2021-05-06 11:24:42 #1 store] 
Database 'C:\Users\proce\git\3iteration_repository\3iteration\src\main\resources\bets.temp' is opened by 1692@DESKTOP-RHU8OVS

[2021-05-06 11:24:42 #2 type.registry] 
New type domain.Person

[2021-05-06 11:24:42 #3 type.registry] 
New type domain.Admin

[2021-05-06 11:24:42 #4 type] 
Type domain.Person is not enhanced.

[2021-05-06 11:24:42 #5 type] 
Type domain.Admin is not enhanced.

[2021-05-06 11:24:42 #6 type.registry] 
New type domain.Worker

[2021-05-06 11:24:42 #7 type] 
Type domain.Worker is not enhanced.

[2021-05-06 11:24:42 #8 type.registry] 
New type domain.RegisteredClient

[2021-05-06 11:24:42 #9 type] 
Type domain.RegisteredClient is not enhanced.

[2021-05-06 11:24:42 #10 type.registry] 
New type domain.Movements

[2021-05-06 11:24:42 #11 type.registry] 
New type java.util.Vector<domain.Movements>

[2021-05-06 11:24:42 #12 type.registry] 
New type domain.Bet

[2021-05-06 11:24:42 #13 type.registry] 
New type java.util.Vector<domain.Bet>

[2021-05-06 11:24:42 #14 type] 
Type domain.Movements is not enhanced.

[2021-05-06 11:24:42 #15 type] 
Type domain.Bet is not enhanced.

[2021-05-06 11:24:42 #16 type.registry] 
New type domain.Prediction

[2021-05-06 11:24:42 #17 type] 
Type domain.Prediction is not enhanced.

[2021-05-06 11:24:42 #18 type.registry] 
New type domain.Question

[2021-05-06 11:24:42 #19 type] 
Type domain.Question is not enhanced.

[2021-05-06 11:24:42 #20 type.registry] 
New type java.util.Vector<domain.Prediction>

[2021-05-06 11:24:42 #21 type.registry] 
New type domain.Event

[2021-05-06 11:24:42 #22 type] 
Type domain.Event is not enhanced.

[2021-05-06 11:24:42 #23 type.registry] 
New type java.util.Vector<domain.Question>

[2021-05-06 11:24:42 #24 type.registry] 
New type java.util.Vector<java.lang.Object>

------------------------------------------------------------------------------------------------------------------------

[2021-05-06 11:26:13 #1 store] 
Database 'C:\Users\proce\git\3iteration_repository\3iteration\src\main\resources\bets.temp' is opened by 7220@DESKTOP-RHU8OVS

[2021-05-06 11:26:13 #2 type.registry] 
New type domain.Person

[2021-05-06 11:26:13 #3 type.registry] 
New type domain.Admin

[2021-05-06 11:26:13 #4 type] 
Type domain.Person is not enhanced.

[2021-05-06 11:26:13 #5 type] 
Type domain.Admin is not enhanced.

[2021-05-06 11:26:13 #6 type.registry] 
New type domain.Worker

[2021-05-06 11:26:13 #7 type] 
Type domain.Worker is not enhanced.

[2021-05-06 11:26:13 #8 type.registry] 
New type domain.RegisteredClient

[2021-05-06 11:26:13 #9 type] 
Type domain.RegisteredClient is not enhanced.

[2021-05-06 11:26:13 #10 type.registry] 
New type domain.Movements

[2021-05-06 11:26:13 #11 type.registry] 
New type java.util.Vector<domain.Movements>

[2021-05-06 11:26:14 #12 type.registry] 
New type domain.Bet

[2021-05-06 11:26:14 #13 type.registry] 
New type java.util.Vector<domain.Bet>

[2021-05-06 11:26:14 #14 type] 
Type domain.Movements is not enhanced.

[2021-05-06 11:26:14 #15 type] 
Type domain.Bet is not enhanced.

[2021-05-06 11:26:14 #16 type.registry] 
New type domain.Prediction

[2021-05-06 11:26:14 #17 type] 
Type domain.Prediction is not enhanced.

[2021-05-06 11:26:14 #18 type.registry] 
New type domain.Question

[2021-05-06 11:26:14 #19 type] 
Type domain.Question is not enhanced.

[2021-05-06 11:26:14 #20 type.registry] 
New type java.util.Vector<domain.Prediction>

[2021-05-06 11:26:14 #21 type.registry] 
New type domain.Event

[2021-05-06 11:26:14 #22 type] 
Type domain.Event is not enhanced.

[2021-05-06 11:26:14 #23 type.registry] 
New type java.util.Vector<domain.Question>

[2021-05-06 11:26:14 #24 type.registry] 
New type java.util.Vector<java.lang.Object>

------------------------------------------------------------------------------------------------------------------------

[2021-05-06 11:29:07 #1 store] 
Database 'C:\Users\proce\git\3iteration_repository\3iteration\src\main\resources\bets.temp' is opened by 15928@DESKTOP-RHU8OVS

[2021-05-06 11:29:07 #2 type.registry] 
New type domain.Person

[2021-05-06 11:29:07 #3 type.registry] 
New type domain.Admin

[2021-05-06 11:29:07 #4 type] 
Type domain.Person is not enhanced.

[2021-05-06 11:29:07 #5 type] 
Type domain.Admin is not enhanced.

[2021-05-06 11:29:07 #6 type.registry] 
New type domain.Worker

[2021-05-06 11:29:07 #7 type] 
Type domain.Worker is not enhanced.

[2021-05-06 11:29:07 #8 type.registry] 
New type domain.RegisteredClient

[2021-05-06 11:29:07 #9 type] 
Type domain.RegisteredClient is not enhanced.

[2021-05-06 11:29:07 #10 type.registry] 
New type domain.Movements

[2021-05-06 11:29:08 #11 type.registry] 
New type java.util.Vector<domain.Movements>

[2021-05-06 11:29:08 #12 type.registry] 
New type domain.Bet

[2021-05-06 11:29:08 #13 type.registry] 
New type java.util.Vector<domain.Bet>

[2021-05-06 11:29:08 #14 type] 
Type domain.Movements is not enhanced.

[2021-05-06 11:29:08 #15 type] 
Type domain.Bet is not enhanced.

[2021-05-06 11:29:08 #16 type.registry] 
New type domain.Prediction

[2021-05-06 11:29:08 #17 type] 
Type domain.Prediction is not enhanced.

[2021-05-06 11:29:08 #18 type.registry] 
New type domain.Question

[2021-05-06 11:29:08 #19 type] 
Type domain.Question is not enhanced.

[2021-05-06 11:29:08 #20 type.registry] 
New type java.util.Vector<domain.Prediction>

[2021-05-06 11:29:08 #21 type.registry] 
New type domain.Event

[2021-05-06 11:29:08 #22 type] 
Type domain.Event is not enhanced.

[2021-05-06 11:29:08 #23 type.registry] 
New type java.util.Vector<domain.Question>

[2021-05-06 11:29:08 #24 type.registry] 
New type java.util.Vector<java.lang.Object>

------------------------------------------------------------------------------------------------------------------------

[2021-05-06 11:34:02 #1 store] 
Database 'C:\Users\proce\git\3iteration_repository\3iteration\src\main\resources\bets.temp' is opened by 11036@DESKTOP-RHU8OVS

[2021-05-06 11:34:02 #2 type.registry] 
New type domain.Person

[2021-05-06 11:34:02 #3 type.registry] 
New type domain.Admin

[2021-05-06 11:34:02 #4 type] 
Type domain.Person is not enhanced.

[2021-05-06 11:34:02 #5 type] 
Type domain.Admin is not enhanced.

[2021-05-06 11:34:02 #6 type.registry] 
New type domain.Worker

[2021-05-06 11:34:02 #7 type] 
Type domain.Worker is not enhanced.

[2021-05-06 11:34:02 #8 type.registry] 
New type domain.RegisteredClient

[2021-05-06 11:34:02 #9 type] 
Type domain.RegisteredClient is not enhanced.

[2021-05-06 11:34:02 #10 type.registry] 
New type domain.Movements

[2021-05-06 11:34:02 #11 type.registry] 
New type java.util.Vector<domain.Movements>

[2021-05-06 11:34:02 #12 type.registry] 
New type domain.Bet

[2021-05-06 11:34:02 #13 type.registry] 
New type java.util.Vector<domain.Bet>

[2021-05-06 11:34:02 #14 type] 
Type domain.Movements is not enhanced.

[2021-05-06 11:34:02 #15 type] 
Type domain.Bet is not enhanced.

[2021-05-06 11:34:02 #16 type.registry] 
New type domain.Prediction

[2021-05-06 11:34:02 #17 type] 
Type domain.Prediction is not enhanced.

[2021-05-06 11:34:02 #18 type.registry] 
New type domain.Question

[2021-05-06 11:34:02 #19 type] 
Type domain.Question is not enhanced.

[2021-05-06 11:34:02 #20 type.registry] 
New type java.util.Vector<domain.Prediction>

[2021-05-06 11:34:02 #21 type.registry] 
New type domain.Event

[2021-05-06 11:34:02 #22 type] 
Type domain.Event is not enhanced.

[2021-05-06 11:34:02 #23 type.registry] 
New type java.util.Vector<domain.Question>

[2021-05-06 11:34:02 #24 type.registry] 
New type java.util.Vector<java.lang.Object>

------------------------------------------------------------------------------------------------------------------------

[2021-05-06 11:43:16 #1 store] 
Database 'C:\Users\proce\git\3iteration_repository\3iteration\src\main\resources\bets.temp' is opened by 5468@DESKTOP-RHU8OVS

[2021-05-06 11:43:16 #2 type.registry] 
New type domain.Person

[2021-05-06 11:43:16 #3 type.registry] 
New type domain.Admin

[2021-05-06 11:43:16 #4 type] 
Type domain.Person is not enhanced.

[2021-05-06 11:43:16 #5 type] 
Type domain.Admin is not enhanced.

[2021-05-06 11:43:16 #6 type.registry] 
New type domain.Worker

[2021-05-06 11:43:16 #7 type] 
Type domain.Worker is not enhanced.

[2021-05-06 11:43:16 #8 type.registry] 
New type domain.RegisteredClient

[2021-05-06 11:43:16 #9 type] 
Type domain.RegisteredClient is not enhanced.

[2021-05-06 11:43:16 #10 type.registry] 
New type domain.Movements

[2021-05-06 11:43:16 #11 type.registry] 
New type java.util.Vector<domain.Movements>

[2021-05-06 11:43:16 #12 type.registry] 
New type domain.Bet

[2021-05-06 11:43:16 #13 type.registry] 
New type java.util.Vector<domain.Bet>

[2021-05-06 11:43:16 #14 type] 
Type domain.Movements is not enhanced.

[2021-05-06 11:43:16 #15 type] 
Type domain.Bet is not enhanced.

[2021-05-06 11:43:16 #16 type.registry] 
New type domain.Prediction

[2021-05-06 11:43:16 #17 type] 
Type domain.Prediction is not enhanced.

[2021-05-06 11:43:16 #18 type.registry] 
New type domain.Question

[2021-05-06 11:43:16 #19 type] 
Type domain.Question is not enhanced.

[2021-05-06 11:43:16 #20 type.registry] 
New type java.util.Vector<domain.Prediction>

[2021-05-06 11:43:16 #21 type.registry] 
New type domain.Event

[2021-05-06 11:43:16 #22 type] 
Type domain.Event is not enhanced.

[2021-05-06 11:43:16 #23 type.registry] 
New type java.util.Vector<domain.Question>

[2021-05-06 11:43:16 #24 type.registry] 
New type java.util.Vector<java.lang.Object>

------------------------------------------------------------------------------------------------------------------------

[2021-05-06 11:44:24 #1 store] 
Database 'C:\Users\proce\git\3iteration_repository\3iteration\src\main\resources\bets.temp' is opened by 16256@DESKTOP-RHU8OVS

[2021-05-06 11:44:24 #2 type.registry] 
New type domain.Person

[2021-05-06 11:44:24 #3 type.registry] 
New type domain.Admin

[2021-05-06 11:44:24 #4 type] 
Type domain.Person is not enhanced.

[2021-05-06 11:44:24 #5 type] 
Type domain.Admin is not enhanced.

[2021-05-06 11:44:24 #6 type.registry] 
New type domain.Worker

[2021-05-06 11:44:24 #7 type] 
Type domain.Worker is not enhanced.

[2021-05-06 11:44:24 #8 type.registry] 
New type domain.RegisteredClient

[2021-05-06 11:44:24 #9 type] 
Type domain.RegisteredClient is not enhanced.

[2021-05-06 11:44:24 #10 type.registry] 
New type domain.Movements

[2021-05-06 11:44:24 #11 type.registry] 
New type java.util.Vector<domain.Movements>

[2021-05-06 11:44:24 #12 type.registry] 
New type domain.Bet

[2021-05-06 11:44:24 #13 type.registry] 
New type java.util.Vector<domain.Bet>

[2021-05-06 11:44:24 #14 type] 
Type domain.Movements is not enhanced.

[2021-05-06 11:44:24 #15 type] 
Type domain.Bet is not enhanced.

[2021-05-06 11:44:24 #16 type.registry] 
New type domain.Prediction

[2021-05-06 11:44:24 #17 type] 
Type domain.Prediction is not enhanced.

[2021-05-06 11:44:24 #18 type.registry] 
New type domain.Question

[2021-05-06 11:44:24 #19 type] 
Type domain.Question is not enhanced.

[2021-05-06 11:44:24 #20 type.registry] 
New type java.util.Vector<domain.Prediction>

[2021-05-06 11:44:24 #21 type.registry] 
New type domain.Event

[2021-05-06 11:44:24 #22 type] 
Type domain.Event is not enhanced.

[2021-05-06 11:44:24 #23 type.registry] 
New type java.util.Vector<domain.Question>

[2021-05-06 11:44:24 #24 type.registry] 
New type java.util.Vector<java.lang.Object>

------------------------------------------------------------------------------------------------------------------------

[2021-05-06 11:47:52 #1 store] 
Database 'C:\Users\proce\git\3iteration_repository\3iteration\src\main\resources\bets.temp' is opened by 15560@DESKTOP-RHU8OVS

[2021-05-06 11:47:52 #2 type.registry] 
New type domain.Person

[2021-05-06 11:47:52 #3 type.registry] 
New type domain.Admin

[2021-05-06 11:47:52 #4 type] 
Type domain.Person is not enhanced.

[2021-05-06 11:47:52 #5 type] 
Type domain.Admin is not enhanced.

[2021-05-06 11:47:52 #6 type.registry] 
New type domain.Worker

[2021-05-06 11:47:52 #7 type] 
Type domain.Worker is not enhanced.

[2021-05-06 11:47:52 #8 type.registry] 
New type domain.RegisteredClient

[2021-05-06 11:47:52 #9 type] 
Type domain.RegisteredClient is not enhanced.

[2021-05-06 11:47:52 #10 type.registry] 
New type domain.Movements

[2021-05-06 11:47:52 #11 type.registry] 
New type java.util.Vector<domain.Movements>

[2021-05-06 11:47:52 #12 type.registry] 
New type domain.Bet

[2021-05-06 11:47:52 #13 type.registry] 
New type java.util.Vector<domain.Bet>

[2021-05-06 11:47:52 #14 type] 
Type domain.Movements is not enhanced.

[2021-05-06 11:47:52 #15 type] 
Type domain.Bet is not enhanced.

[2021-05-06 11:47:52 #16 type.registry] 
New type domain.Prediction

[2021-05-06 11:47:52 #17 type] 
Type domain.Prediction is not enhanced.

[2021-05-06 11:47:52 #18 type.registry] 
New type domain.Question

[2021-05-06 11:47:52 #19 type] 
Type domain.Question is not enhanced.

[2021-05-06 11:47:52 #20 type.registry] 
New type java.util.Vector<domain.Prediction>

[2021-05-06 11:47:52 #21 type.registry] 
New type domain.Event

[2021-05-06 11:47:52 #22 type] 
Type domain.Event is not enhanced.

[2021-05-06 11:47:52 #23 type.registry] 
New type java.util.Vector<domain.Question>

[2021-05-06 11:47:52 #24 type.registry] 
New type java.util.Vector<java.lang.Object>

------------------------------------------------------------------------------------------------------------------------

[2021-05-06 11:49:04 #1 store] 
Database 'C:\Users\proce\git\3iteration_repository\3iteration\src\main\resources\bets.temp' is opened by 14328@DESKTOP-RHU8OVS

[2021-05-06 11:49:04 #2 type.registry] 
New type domain.Person

[2021-05-06 11:49:04 #3 type.registry] 
New type domain.Admin

[2021-05-06 11:49:04 #4 type] 
Type domain.Person is not enhanced.

[2021-05-06 11:49:04 #5 type] 
Type domain.Admin is not enhanced.

[2021-05-06 11:49:04 #6 type.registry] 
New type domain.Worker

[2021-05-06 11:49:04 #7 type] 
Type domain.Worker is not enhanced.

[2021-05-06 11:49:04 #8 type.registry] 
New type domain.RegisteredClient

[2021-05-06 11:49:04 #9 type] 
Type domain.RegisteredClient is not enhanced.

[2021-05-06 11:49:04 #10 type.registry] 
New type domain.Movements

[2021-05-06 11:49:04 #11 type.registry] 
New type java.util.Vector<domain.Movements>

[2021-05-06 11:49:04 #12 type.registry] 
New type domain.Bet

[2021-05-06 11:49:04 #13 type.registry] 
New type java.util.Vector<domain.Bet>

[2021-05-06 11:49:04 #14 type] 
Type domain.Movements is not enhanced.

[2021-05-06 11:49:04 #15 type] 
Type domain.Bet is not enhanced.

[2021-05-06 11:49:04 #16 type.registry] 
New type domain.Prediction

[2021-05-06 11:49:04 #17 type] 
Type domain.Prediction is not enhanced.

[2021-05-06 11:49:04 #18 type.registry] 
New type domain.Question

[2021-05-06 11:49:04 #19 type] 
Type domain.Question is not enhanced.

[2021-05-06 11:49:04 #20 type.registry] 
New type java.util.Vector<domain.Prediction>

[2021-05-06 11:49:04 #21 type.registry] 
New type domain.Event

[2021-05-06 11:49:04 #22 type] 
Type domain.Event is not enhanced.

[2021-05-06 11:49:04 #23 type.registry] 
New type java.util.Vector<domain.Question>

[2021-05-06 11:49:04 #24 type.registry] 
New type java.util.Vector<java.lang.Object>

------------------------------------------------------------------------------------------------------------------------

[2021-05-06 11:54:49 #1 store] 
Database 'C:\Users\proce\git\3iteration_repository\3iteration\src\main\resources\bets.temp' is opened by 17100@DESKTOP-RHU8OVS

[2021-05-06 11:54:49 #2 type.registry] 
New type domain.Person

[2021-05-06 11:54:49 #3 type.registry] 
New type domain.Admin

[2021-05-06 11:54:49 #4 type] 
Type domain.Person is not enhanced.

[2021-05-06 11:54:49 #5 type] 
Type domain.Admin is not enhanced.

[2021-05-06 11:54:49 #6 type.registry] 
New type domain.Worker

[2021-05-06 11:54:49 #7 type] 
Type domain.Worker is not enhanced.

[2021-05-06 11:54:49 #8 type.registry] 
New type domain.RegisteredClient

[2021-05-06 11:54:49 #9 type] 
Type domain.RegisteredClient is not enhanced.

[2021-05-06 11:54:49 #10 type.registry] 
New type domain.Movements

[2021-05-06 11:54:49 #11 type.registry] 
New type java.util.Vector<domain.Movements>

[2021-05-06 11:54:49 #12 type.registry] 
New type domain.Bet

[2021-05-06 11:54:49 #13 type.registry] 
New type java.util.Vector<domain.Bet>

[2021-05-06 11:54:49 #14 type] 
Type domain.Movements is not enhanced.

[2021-05-06 11:54:49 #15 type] 
Type domain.Bet is not enhanced.

[2021-05-06 11:54:49 #16 type.registry] 
New type domain.Prediction

[2021-05-06 11:54:49 #17 type] 
Type domain.Prediction is not enhanced.

[2021-05-06 11:54:49 #18 type.registry] 
New type domain.Question

[2021-05-06 11:54:49 #19 type] 
Type domain.Question is not enhanced.

[2021-05-06 11:54:49 #20 type.registry] 
New type java.util.Vector<domain.Prediction>

[2021-05-06 11:54:49 #21 type.registry] 
New type domain.Event

[2021-05-06 11:54:49 #22 type] 
Type domain.Event is not enhanced.

[2021-05-06 11:54:49 #23 type.registry] 
New type java.util.Vector<domain.Question>

[2021-05-06 11:54:49 #24 type.registry] 
New type java.util.Vector<java.lang.Object>

------------------------------------------------------------------------------------------------------------------------

[2021-05-06 11:59:15 #1 store] 
Database 'C:\Users\proce\git\3iteration_repository\3iteration\src\main\resources\bets.temp' is opened by 15212@DESKTOP-RHU8OVS

[2021-05-06 11:59:15 #2 type.registry] 
New type domain.Person

[2021-05-06 11:59:15 #3 type.registry] 
New type domain.Admin

[2021-05-06 11:59:15 #4 type] 
Type domain.Person is not enhanced.

[2021-05-06 11:59:15 #5 type] 
Type domain.Admin is not enhanced.

[2021-05-06 11:59:15 #6 type.registry] 
New type domain.Worker

[2021-05-06 11:59:15 #7 type] 
Type domain.Worker is not enhanced.

[2021-05-06 11:59:15 #8 type.registry] 
New type domain.RegisteredClient

[2021-05-06 11:59:15 #9 type] 
Type domain.RegisteredClient is not enhanced.

[2021-05-06 11:59:15 #10 type.registry] 
New type domain.Movements

[2021-05-06 11:59:15 #11 type.registry] 
New type java.util.Vector<domain.Movements>

[2021-05-06 11:59:15 #12 type.registry] 
New type domain.Bet

[2021-05-06 11:59:15 #13 type.registry] 
New type java.util.Vector<domain.Bet>

[2021-05-06 11:59:15 #14 type] 
Type domain.Movements is not enhanced.

[2021-05-06 11:59:15 #15 type] 
Type domain.Bet is not enhanced.

[2021-05-06 11:59:15 #16 type.registry] 
New type domain.Prediction

[2021-05-06 11:59:15 #17 type] 
Type domain.Prediction is not enhanced.

[2021-05-06 11:59:15 #18 type.registry] 
New type domain.Question

[2021-05-06 11:59:15 #19 type] 
Type domain.Question is not enhanced.

[2021-05-06 11:59:15 #20 type.registry] 
New type java.util.Vector<domain.Prediction>

[2021-05-06 11:59:15 #21 type.registry] 
New type domain.Event

[2021-05-06 11:59:15 #22 type] 
Type domain.Event is not enhanced.

[2021-05-06 11:59:15 #23 type.registry] 
New type java.util.Vector<domain.Question>

[2021-05-06 11:59:15 #24 type.registry] 
New type java.util.Vector<java.lang.Object>

------------------------------------------------------------------------------------------------------------------------

[2021-05-06 11:59:57 #1 store] 
Database 'C:\Users\proce\git\3iteration_repository\3iteration\src\main\resources\bets.temp' is opened by 16512@DESKTOP-RHU8OVS

[2021-05-06 11:59:57 #2 type.registry] 
New type domain.Person

[2021-05-06 11:59:57 #3 type.registry] 
New type domain.Admin

[2021-05-06 11:59:57 #4 type] 
Type domain.Person is not enhanced.

[2021-05-06 11:59:57 #5 type] 
Type domain.Admin is not enhanced.

[2021-05-06 11:59:57 #6 type.registry] 
New type domain.Worker

[2021-05-06 11:59:57 #7 type] 
Type domain.Worker is not enhanced.

[2021-05-06 11:59:57 #8 type.registry] 
New type domain.RegisteredClient

[2021-05-06 11:59:57 #9 type] 
Type domain.RegisteredClient is not enhanced.

[2021-05-06 11:59:57 #10 type.registry] 
New type domain.Movements

[2021-05-06 11:59:57 #11 type.registry] 
New type java.util.Vector<domain.Movements>

[2021-05-06 11:59:57 #12 type.registry] 
New type domain.Bet

[2021-05-06 11:59:57 #13 type.registry] 
New type java.util.Vector<domain.Bet>

[2021-05-06 11:59:57 #14 type] 
Type domain.Movements is not enhanced.

[2021-05-06 11:59:57 #15 type] 
Type domain.Bet is not enhanced.

[2021-05-06 11:59:57 #16 type.registry] 
New type domain.Prediction

[2021-05-06 11:59:57 #17 type] 
Type domain.Prediction is not enhanced.

[2021-05-06 11:59:57 #18 type.registry] 
New type domain.Question

[2021-05-06 11:59:57 #19 type] 
Type domain.Question is not enhanced.

[2021-05-06 11:59:57 #20 type.registry] 
New type java.util.Vector<domain.Prediction>

[2021-05-06 11:59:57 #21 type.registry] 
New type domain.Event

[2021-05-06 11:59:57 #22 type] 
Type domain.Event is not enhanced.

[2021-05-06 11:59:57 #23 type.registry] 
New type java.util.Vector<domain.Question>

[2021-05-06 11:59:57 #24 type.registry] 
New type java.util.Vector<java.lang.Object>

------------------------------------------------------------------------------------------------------------------------

[2021-05-06 12:03:47 #1 store] 
Database 'C:\Users\proce\git\3iteration_repository\3iteration\src\main\resources\bets.temp' is opened by 5152@DESKTOP-RHU8OVS

[2021-05-06 12:03:47 #2 type.registry] 
New type domain.Person

[2021-05-06 12:03:47 #3 type.registry] 
New type domain.Admin

[2021-05-06 12:03:47 #4 type] 
Type domain.Person is not enhanced.

[2021-05-06 12:03:47 #5 type] 
Type domain.Admin is not enhanced.

[2021-05-06 12:03:47 #6 type.registry] 
New type domain.Worker

[2021-05-06 12:03:47 #7 type] 
Type domain.Worker is not enhanced.

[2021-05-06 12:03:47 #8 type.registry] 
New type domain.RegisteredClient

[2021-05-06 12:03:47 #9 type] 
Type domain.RegisteredClient is not enhanced.

[2021-05-06 12:03:47 #10 type.registry] 
New type domain.Movements

[2021-05-06 12:03:47 #11 type.registry] 
New type java.util.Vector<domain.Movements>

[2021-05-06 12:03:47 #12 type.registry] 
New type domain.Bet

[2021-05-06 12:03:47 #13 type.registry] 
New type java.util.Vector<domain.Bet>

[2021-05-06 12:03:47 #14 type] 
Type domain.Movements is not enhanced.

[2021-05-06 12:03:47 #15 type] 
Type domain.Bet is not enhanced.

[2021-05-06 12:03:47 #16 type.registry] 
New type domain.Prediction

[2021-05-06 12:03:47 #17 type] 
Type domain.Prediction is not enhanced.

[2021-05-06 12:03:47 #18 type.registry] 
New type domain.Question

[2021-05-06 12:03:47 #19 type] 
Type domain.Question is not enhanced.

[2021-05-06 12:03:47 #20 type.registry] 
New type java.util.Vector<domain.Prediction>

[2021-05-06 12:03:47 #21 type.registry] 
New type domain.Event

[2021-05-06 12:03:47 #22 type] 
Type domain.Event is not enhanced.

[2021-05-06 12:03:47 #23 type.registry] 
New type java.util.Vector<domain.Question>

[2021-05-06 12:03:47 #24 type.registry] 
New type java.util.Vector<java.lang.Object>

------------------------------------------------------------------------------------------------------------------------

[2021-05-06 12:08:06 #1 store] 
Database 'C:\Users\proce\git\3iteration_repository\3iteration\src\main\resources\bets.temp' is opened by 7276@DESKTOP-RHU8OVS

[2021-05-06 12:08:06 #2 type.registry] 
New type domain.Person

[2021-05-06 12:08:06 #3 type.registry] 
New type domain.Admin

[2021-05-06 12:08:06 #4 type] 
Type domain.Person is not enhanced.

[2021-05-06 12:08:06 #5 type] 
Type domain.Admin is not enhanced.

[2021-05-06 12:08:06 #6 type.registry] 
New type domain.Worker

[2021-05-06 12:08:06 #7 type] 
Type domain.Worker is not enhanced.

[2021-05-06 12:08:06 #8 type.registry] 
New type domain.RegisteredClient

[2021-05-06 12:08:06 #9 type] 
Type domain.RegisteredClient is not enhanced.

[2021-05-06 12:08:06 #10 type.registry] 
New type domain.Movements

[2021-05-06 12:08:06 #11 type.registry] 
New type java.util.Vector<domain.Movements>

[2021-05-06 12:08:06 #12 type.registry] 
New type domain.Bet

[2021-05-06 12:08:06 #13 type.registry] 
New type java.util.Vector<domain.Bet>

[2021-05-06 12:08:06 #14 type] 
Type domain.Movements is not enhanced.

[2021-05-06 12:08:06 #15 type] 
Type domain.Bet is not enhanced.

[2021-05-06 12:08:06 #16 type.registry] 
New type domain.Prediction

[2021-05-06 12:08:06 #17 type] 
Type domain.Prediction is not enhanced.

[2021-05-06 12:08:06 #18 type.registry] 
New type domain.Question

[2021-05-06 12:08:06 #19 type] 
Type domain.Question is not enhanced.

[2021-05-06 12:08:06 #20 type.registry] 
New type java.util.Vector<domain.Prediction>

[2021-05-06 12:08:06 #21 type.registry] 
New type domain.Event

[2021-05-06 12:08:06 #22 type] 
Type domain.Event is not enhanced.

[2021-05-06 12:08:06 #23 type.registry] 
New type java.util.Vector<domain.Question>

[2021-05-06 12:08:06 #24 type.registry] 
New type java.util.Vector<java.lang.Object>

------------------------------------------------------------------------------------------------------------------------

[2021-05-06 12:09:42 #1 store] 
Database 'C:\Users\proce\git\3iteration_repository\3iteration\src\main\resources\bets.temp' is opened by 10040@DESKTOP-RHU8OVS

[2021-05-06 12:09:42 #2 type.registry] 
New type domain.Person

[2021-05-06 12:09:42 #3 type.registry] 
New type domain.Admin

[2021-05-06 12:09:42 #4 type] 
Type domain.Person is not enhanced.

[2021-05-06 12:09:42 #5 type] 
Type domain.Admin is not enhanced.

[2021-05-06 12:09:42 #6 type.registry] 
New type domain.Worker

[2021-05-06 12:09:42 #7 type] 
Type domain.Worker is not enhanced.

[2021-05-06 12:09:42 #8 type.registry] 
New type domain.RegisteredClient

[2021-05-06 12:09:42 #9 type] 
Type domain.RegisteredClient is not enhanced.

[2021-05-06 12:09:42 #10 type.registry] 
New type domain.Movements

[2021-05-06 12:09:42 #11 type.registry] 
New type java.util.Vector<domain.Movements>

[2021-05-06 12:09:42 #12 type.registry] 
New type domain.Bet

[2021-05-06 12:09:42 #13 type.registry] 
New type java.util.Vector<domain.Bet>

[2021-05-06 12:09:42 #14 type] 
Type domain.Movements is not enhanced.

[2021-05-06 12:09:42 #15 type] 
Type domain.Bet is not enhanced.

[2021-05-06 12:09:42 #16 type.registry] 
New type domain.Prediction

[2021-05-06 12:09:42 #17 type] 
Type domain.Prediction is not enhanced.

[2021-05-06 12:09:42 #18 type.registry] 
New type domain.Question

[2021-05-06 12:09:42 #19 type] 
Type domain.Question is not enhanced.

[2021-05-06 12:09:42 #20 type.registry] 
New type java.util.Vector<domain.Prediction>

[2021-05-06 12:09:42 #21 type.registry] 
New type domain.Event

[2021-05-06 12:09:42 #22 type] 
Type domain.Event is not enhanced.

[2021-05-06 12:09:42 #23 type.registry] 
New type java.util.Vector<domain.Question>

[2021-05-06 12:09:42 #24 type.registry] 
New type java.util.Vector<java.lang.Object>

------------------------------------------------------------------------------------------------------------------------

[2021-05-06 12:10:10 #1 store] 
Database 'C:\Users\proce\git\3iteration_repository\3iteration\src\main\resources\bets.temp' is opened by 14752@DESKTOP-RHU8OVS

[2021-05-06 12:10:10 #2 type.registry] 
New type domain.Person

[2021-05-06 12:10:10 #3 type.registry] 
New type domain.Admin

[2021-05-06 12:10:10 #4 type] 
Type domain.Person is not enhanced.

[2021-05-06 12:10:10 #5 type] 
Type domain.Admin is not enhanced.

[2021-05-06 12:10:10 #6 type.registry] 
New type domain.Worker

[2021-05-06 12:10:10 #7 type] 
Type domain.Worker is not enhanced.

[2021-05-06 12:10:10 #8 type.registry] 
New type domain.RegisteredClient

[2021-05-06 12:10:10 #9 type] 
Type domain.RegisteredClient is not enhanced.

[2021-05-06 12:10:10 #10 type.registry] 
New type domain.Movements

[2021-05-06 12:10:10 #11 type.registry] 
New type java.util.Vector<domain.Movements>

[2021-05-06 12:10:10 #12 type.registry] 
New type domain.Bet

[2021-05-06 12:10:10 #13 type.registry] 
New type java.util.Vector<domain.Bet>

[2021-05-06 12:10:10 #14 type] 
Type domain.Movements is not enhanced.

[2021-05-06 12:10:10 #15 type] 
Type domain.Bet is not enhanced.

[2021-05-06 12:10:10 #16 type.registry] 
New type domain.Prediction

[2021-05-06 12:10:10 #17 type] 
Type domain.Prediction is not enhanced.

[2021-05-06 12:10:10 #18 type.registry] 
New type domain.Question

[2021-05-06 12:10:10 #19 type] 
Type domain.Question is not enhanced.

[2021-05-06 12:10:10 #20 type.registry] 
New type java.util.Vector<domain.Prediction>

[2021-05-06 12:10:10 #21 type.registry] 
New type domain.Event

[2021-05-06 12:10:10 #22 type] 
Type domain.Event is not enhanced.

[2021-05-06 12:10:10 #23 type.registry] 
New type java.util.Vector<domain.Question>

[2021-05-06 12:10:10 #24 type.registry] 
New type java.util.Vector<java.lang.Object>

------------------------------------------------------------------------------------------------------------------------

[2021-05-06 12:13:32 #1 store] 
Database 'C:\Users\proce\git\3iteration_repository\3iteration\src\main\resources\bets.temp' is opened by 13428@DESKTOP-RHU8OVS

[2021-05-06 12:13:32 #2 type] 
Type domain.Person is not enhanced.

[2021-05-06 12:13:32 #3 type] 
Type domain.Admin is not enhanced.

[2021-05-06 12:13:32 #4 type] 
Type domain.Worker is not enhanced.

[2021-05-06 12:13:32 #5 type] 
Type domain.RegisteredClient is not enhanced.

[2021-05-06 12:13:32 #6 type] 
Type domain.Movements is not enhanced.

[2021-05-06 12:13:32 #7 type] 
Type domain.Bet is not enhanced.

[2021-05-06 12:13:32 #8 type] 
Type domain.Prediction is not enhanced.

[2021-05-06 12:13:32 #9 type] 
Type domain.Question is not enhanced.

[2021-05-06 12:13:32 #10 type] 
Type domain.Event is not enhanced.

------------------------------------------------------------------------------------------------------------------------

[2021-05-06 12:47:59 #1 store] 
Database 'C:\Users\proce\git\3iteration_repository\3iteration\src\main\resources\bets.temp' is opened by 10656@DESKTOP-RHU8OVS

[2021-05-06 12:48:00 #2 type.registry] 
New type domain.Person

[2021-05-06 12:48:00 #3 type.registry] 
New type domain.Admin

[2021-05-06 12:48:00 #4 type] 
Type domain.Person is not enhanced.

[2021-05-06 12:48:00 #5 type] 
Type domain.Admin is not enhanced.

[2021-05-06 12:48:00 #6 type.registry] 
New type domain.Worker

[2021-05-06 12:48:00 #7 type] 
Type domain.Worker is not enhanced.

[2021-05-06 12:48:00 #8 type.registry] 
New type domain.RegisteredClient

[2021-05-06 12:48:00 #9 type] 
Type domain.RegisteredClient is not enhanced.

[2021-05-06 12:48:00 #10 type.registry] 
New type domain.Movements

[2021-05-06 12:48:00 #11 type.registry] 
New type java.util.Vector<domain.Movements>

[2021-05-06 12:48:00 #12 type.registry] 
New type domain.Bet

[2021-05-06 12:48:00 #13 type.registry] 
New type java.util.Vector<domain.Bet>

[2021-05-06 12:48:00 #14 type] 
Type domain.Movements is not enhanced.

[2021-05-06 12:48:00 #15 type] 
Type domain.Bet is not enhanced.

[2021-05-06 12:48:00 #16 type.registry] 
New type domain.Prediction

[2021-05-06 12:48:00 #17 type] 
Type domain.Prediction is not enhanced.

[2021-05-06 12:48:00 #18 type.registry] 
New type domain.Question

[2021-05-06 12:48:00 #19 type] 
Type domain.Question is not enhanced.

[2021-05-06 12:48:00 #20 type.registry] 
New type java.util.Vector<domain.Prediction>

[2021-05-06 12:48:00 #21 type.registry] 
New type domain.Event

[2021-05-06 12:48:00 #22 type] 
Type domain.Event is not enhanced.

[2021-05-06 12:48:00 #23 type.registry] 
New type java.util.Vector<domain.Question>

[2021-05-06 12:48:00 #24 type.registry] 
New type java.util.Vector<java.lang.Object>

------------------------------------------------------------------------------------------------------------------------

[2021-05-06 12:51:15 #1 store] 
Database 'C:\Users\proce\git\3iteration_repository\3iteration\src\main\resources\bets.temp' is opened by 6240@DESKTOP-RHU8OVS

[2021-05-06 12:51:15 #2 type.registry] 
New type domain.Person

[2021-05-06 12:51:15 #3 type.registry] 
New type domain.Admin

[2021-05-06 12:51:15 #4 type] 
Type domain.Person is not enhanced.

[2021-05-06 12:51:15 #5 type] 
Type domain.Admin is not enhanced.

[2021-05-06 12:51:15 #6 type.registry] 
New type domain.Worker

[2021-05-06 12:51:15 #7 type] 
Type domain.Worker is not enhanced.

[2021-05-06 12:51:15 #8 type.registry] 
New type domain.RegisteredClient

[2021-05-06 12:51:15 #9 type] 
Type domain.RegisteredClient is not enhanced.

[2021-05-06 12:51:16 #10 type.registry] 
New type domain.Movements

[2021-05-06 12:51:16 #11 type.registry] 
New type java.util.Vector<domain.Movements>

[2021-05-06 12:51:16 #12 type.registry] 
New type domain.Bet

[2021-05-06 12:51:16 #13 type.registry] 
New type java.util.Vector<domain.Bet>

[2021-05-06 12:51:16 #14 type] 
Type domain.Movements is not enhanced.

[2021-05-06 12:51:16 #15 type] 
Type domain.Bet is not enhanced.

[2021-05-06 12:51:16 #16 type.registry] 
New type domain.Prediction

[2021-05-06 12:51:16 #17 type] 
Type domain.Prediction is not enhanced.

[2021-05-06 12:51:16 #18 type.registry] 
New type domain.Question

[2021-05-06 12:51:16 #19 type] 
Type domain.Question is not enhanced.

[2021-05-06 12:51:16 #20 type.registry] 
New type java.util.Vector<domain.Prediction>

[2021-05-06 12:51:16 #21 type.registry] 
New type domain.Event

[2021-05-06 12:51:16 #22 type] 
Type domain.Event is not enhanced.

[2021-05-06 12:51:16 #23 type.registry] 
New type java.util.Vector<domain.Question>

[2021-05-06 12:51:16 #24 type.registry] 
New type java.util.Vector<java.lang.Object>

