------------------------------------------------------------------------------------------------------------------------

[2021-04-01 13:19:54 #1 store] 
Database 'C:\Users\proce\Desktop\EHU\2. Urtea\2. Cuatri\SI--SE\Mikel\Proiektua\WORKSPACE\Bets21\src\main\resources\bets.temp' is opened by 8176@DESKTOP-RHU8OVS

[2021-04-01 13:19:54 #2 type] 
Type domain.Person is not enhanced.

[2021-04-01 13:19:54 #3 type] 
Type domain.Admin is not enhanced.

[2021-04-01 13:19:54 #4 type] 
Type domain.Worker is not enhanced.

[2021-04-01 13:19:54 #5 type] 
Type domain.RegisteredClient is not enhanced.

[2021-04-01 13:19:54 #6 type] 
Type domain.Question is not enhanced.

[2021-04-01 13:19:54 #7 type] 
Type domain.Event is not enhanced.

------------------------------------------------------------------------------------------------------------------------

[2021-04-01 13:27:45 #1 store] 
Database 'C:\Users\proce\Desktop\EHU\2. Urtea\2. Cuatri\SI--SE\Mikel\Proiektua\WORKSPACE\Bets21\src\main\resources\bets.temp' has been recovered (tr. 33-33)

[2021-04-01 13:27:45 #2 store] 
Database 'C:\Users\proce\Desktop\EHU\2. Urtea\2. Cuatri\SI--SE\Mikel\Proiektua\WORKSPACE\Bets21\src\main\resources\bets.temp' is opened by 7848@DESKTOP-RHU8OVS

[2021-04-01 13:27:45 #3 type] 
Type domain.Person is not enhanced.

[2021-04-01 13:27:45 #4 type] 
Type domain.Admin is not enhanced.

[2021-04-01 13:27:45 #5 type] 
Type domain.Worker is not enhanced.

[2021-04-01 13:27:45 #6 type] 
Type domain.RegisteredClient is not enhanced.

[2021-04-01 13:27:45 #7 type] 
Type domain.Question is not enhanced.

[2021-04-01 13:27:45 #8 type] 
Type domain.Event is not enhanced.

------------------------------------------------------------------------------------------------------------------------

[2021-04-01 13:29:22 #1 store] 
Database 'C:\Users\proce\Desktop\EHU\2. Urtea\2. Cuatri\SI--SE\Mikel\Proiektua\WORKSPACE\Bets21\src\main\resources\bets.temp' is opened by 16484@DESKTOP-RHU8OVS

[2021-04-01 13:29:22 #2 type] 
Type domain.Person is not enhanced.

[2021-04-01 13:29:22 #3 type] 
Type domain.Admin is not enhanced.

[2021-04-01 13:29:22 #4 type] 
Type domain.Worker is not enhanced.

[2021-04-01 13:29:22 #5 type] 
Type domain.RegisteredClient is not enhanced.

[2021-04-01 13:29:22 #6 type] 
Type domain.Question is not enhanced.

[2021-04-01 13:29:22 #7 type] 
Type domain.Event is not enhanced.

------------------------------------------------------------------------------------------------------------------------

[2021-04-01 13:31:05 #1 store] 
Database 'C:\Users\proce\Desktop\EHU\2. Urtea\2. Cuatri\SI--SE\Mikel\Proiektua\WORKSPACE\Bets21\src\main\resources\bets.temp' is opened by 9484@DESKTOP-RHU8OVS

[2021-04-01 13:31:05 #2 type] 
Type domain.Person is not enhanced.

[2021-04-01 13:31:05 #3 type] 
Type domain.Admin is not enhanced.

[2021-04-01 13:31:05 #4 type] 
Type domain.Worker is not enhanced.

[2021-04-01 13:31:05 #5 type] 
Type domain.RegisteredClient is not enhanced.

[2021-04-01 13:31:05 #6 type] 
Type domain.Question is not enhanced.

[2021-04-01 13:31:05 #7 type] 
Type domain.Event is not enhanced.

