------------------------------------------------------------------------------------------------------------------------

[2021-09-25 21:58:41 #1 store] 
Database 'C:\Users\oihan\OneDrive\Escritorio\sonar_bukatua\3iterazioa\src\main\resources\bets.temp' is opened by 3424@LAPTOP-PVI2M80U

[2021-09-25 21:58:41 #2 type.registry] 
New type domain.Event

[2021-09-25 21:58:41 #3 type] 
Type domain.Event is not enhanced.

[2021-09-25 21:58:41 #4 type.registry] 
New type domain.Question

[2021-09-25 21:58:41 #5 type.registry] 
New type java.util.Vector<domain.Question>

[2021-09-25 21:58:41 #6 type] 
Type domain.Question is not enhanced.

[2021-09-25 21:58:41 #7 type.registry] 
New type domain.Prediction

[2021-09-25 21:58:41 #8 type.registry] 
New type java.util.Vector<domain.Prediction>

[2021-09-25 21:58:41 #9 type] 
Type domain.Prediction is not enhanced.

[2021-09-25 21:58:41 #10 type.registry] 
New type domain.Bet

[2021-09-25 21:58:41 #11 type.registry] 
New type java.util.Vector<domain.Bet>

[2021-09-25 21:58:41 #12 type] 
Type domain.Bet is not enhanced.

[2021-09-25 21:58:41 #13 type.registry] 
New type domain.Person

[2021-09-25 21:58:41 #14 type.registry] 
New type domain.RegisteredClient

[2021-09-25 21:58:41 #15 type] 
Type domain.Person is not enhanced.

[2021-09-25 21:58:41 #16 type] 
Type domain.RegisteredClient is not enhanced.

[2021-09-25 21:58:41 #17 type.registry] 
New type domain.ReplicatedProperties

[2021-09-25 21:58:41 #18 type.registry] 
New type java.util.HashMap<domain.RegisteredClient,domain.ReplicatedProperties>

[2021-09-25 21:58:41 #19 type.registry] 
New type domain.Movements

[2021-09-25 21:58:41 #20 type.registry] 
New type java.util.Vector<domain.Movements>

[2021-09-25 21:58:41 #21 type] 
Type domain.ReplicatedProperties is not enhanced.

[2021-09-25 21:58:41 #22 type] 
Type domain.Movements is not enhanced.

[2021-09-25 21:58:41 #23 type.registry] 
New type java.util.Vector<java.lang.Object>

[2021-09-25 21:58:41 #24 type.registry] 
New type java.util.HashMap<java.lang.Object,java.lang.Object>

------------------------------------------------------------------------------------------------------------------------

[2021-09-25 22:03:07 #1 store] 
Database 'C:\Users\oihan\OneDrive\Escritorio\sonar_bukatua\3iterazioa\src\main\resources\bets.temp' is opened by 8632@LAPTOP-PVI2M80U

[2021-09-25 22:03:07 #2 type.registry] 
New type domain.Event

[2021-09-25 22:03:07 #3 type] 
Type domain.Event is not enhanced.

[2021-09-25 22:03:07 #4 type.registry] 
New type domain.Question

[2021-09-25 22:03:07 #5 type.registry] 
New type java.util.Vector<domain.Question>

[2021-09-25 22:03:07 #6 type] 
Type domain.Question is not enhanced.

[2021-09-25 22:03:07 #7 type.registry] 
New type domain.Prediction

[2021-09-25 22:03:07 #8 type.registry] 
New type java.util.Vector<domain.Prediction>

[2021-09-25 22:03:07 #9 type] 
Type domain.Prediction is not enhanced.

[2021-09-25 22:03:07 #10 type.registry] 
New type domain.Bet

[2021-09-25 22:03:07 #11 type.registry] 
New type java.util.Vector<domain.Bet>

[2021-09-25 22:03:07 #12 type] 
Type domain.Bet is not enhanced.

[2021-09-25 22:03:07 #13 type.registry] 
New type domain.Person

[2021-09-25 22:03:07 #14 type.registry] 
New type domain.RegisteredClient

[2021-09-25 22:03:07 #15 type] 
Type domain.Person is not enhanced.

[2021-09-25 22:03:07 #16 type] 
Type domain.RegisteredClient is not enhanced.

[2021-09-25 22:03:07 #17 type.registry] 
New type domain.ReplicatedProperties

[2021-09-25 22:03:07 #18 type.registry] 
New type java.util.HashMap<domain.RegisteredClient,domain.ReplicatedProperties>

[2021-09-25 22:03:07 #19 type.registry] 
New type domain.Movements

[2021-09-25 22:03:07 #20 type.registry] 
New type java.util.Vector<domain.Movements>

[2021-09-25 22:03:07 #21 type] 
Type domain.ReplicatedProperties is not enhanced.

[2021-09-25 22:03:07 #22 type] 
Type domain.Movements is not enhanced.

[2021-09-25 22:03:07 #23 type.registry] 
New type java.util.Vector<java.lang.Object>

[2021-09-25 22:03:07 #24 type.registry] 
New type java.util.HashMap<java.lang.Object,java.lang.Object>

------------------------------------------------------------------------------------------------------------------------

[2021-09-25 22:33:54 #1 store] 
Database 'C:\Users\oihan\OneDrive\Escritorio\sonar_bukatua\3iterazioa\src\main\resources\bets.temp' is opened by 5512@LAPTOP-PVI2M80U

[2021-09-25 22:33:54 #2 type.registry] 
New type domain.Event

[2021-09-25 22:33:54 #3 type] 
Type domain.Event is not enhanced.

[2021-09-25 22:33:54 #4 type.registry] 
New type domain.Question

[2021-09-25 22:33:54 #5 type.registry] 
New type java.util.Vector<domain.Question>

[2021-09-25 22:33:54 #6 type] 
Type domain.Question is not enhanced.

[2021-09-25 22:33:54 #7 type.registry] 
New type domain.Prediction

[2021-09-25 22:33:54 #8 type.registry] 
New type java.util.Vector<domain.Prediction>

[2021-09-25 22:33:54 #9 type] 
Type domain.Prediction is not enhanced.

[2021-09-25 22:33:54 #10 type.registry] 
New type domain.Bet

[2021-09-25 22:33:54 #11 type.registry] 
New type java.util.Vector<domain.Bet>

[2021-09-25 22:33:54 #12 type] 
Type domain.Bet is not enhanced.

[2021-09-25 22:33:54 #13 type.registry] 
New type domain.Person

[2021-09-25 22:33:54 #14 type.registry] 
New type domain.RegisteredClient

[2021-09-25 22:33:54 #15 type] 
Type domain.Person is not enhanced.

[2021-09-25 22:33:54 #16 type] 
Type domain.RegisteredClient is not enhanced.

[2021-09-25 22:33:54 #17 type.registry] 
New type domain.ReplicatedProperties

[2021-09-25 22:33:54 #18 type.registry] 
New type java.util.HashMap<domain.RegisteredClient,domain.ReplicatedProperties>

[2021-09-25 22:33:54 #19 type.registry] 
New type domain.Movements

[2021-09-25 22:33:54 #20 type.registry] 
New type java.util.Vector<domain.Movements>

[2021-09-25 22:33:54 #21 type] 
Type domain.ReplicatedProperties is not enhanced.

[2021-09-25 22:33:54 #22 type] 
Type domain.Movements is not enhanced.

[2021-09-25 22:33:54 #23 type.registry] 
New type java.util.Vector<java.lang.Object>

[2021-09-25 22:33:54 #24 type.registry] 
New type java.util.HashMap<java.lang.Object,java.lang.Object>

------------------------------------------------------------------------------------------------------------------------

[2021-09-25 22:36:58 #1 store] 
Database 'C:\Users\oihan\OneDrive\Escritorio\sonar_bukatua\3iterazioa\src\main\resources\bets.temp' is opened by 13036@LAPTOP-PVI2M80U

[2021-09-25 22:36:58 #2 type.registry] 
New type domain.Event

[2021-09-25 22:36:58 #3 type] 
Type domain.Event is not enhanced.

[2021-09-25 22:36:58 #4 type.registry] 
New type domain.Question

[2021-09-25 22:36:58 #5 type.registry] 
New type java.util.Vector<domain.Question>

[2021-09-25 22:36:58 #6 type] 
Type domain.Question is not enhanced.

[2021-09-25 22:36:58 #7 type.registry] 
New type domain.Prediction

[2021-09-25 22:36:58 #8 type.registry] 
New type java.util.Vector<domain.Prediction>

[2021-09-25 22:36:58 #9 type] 
Type domain.Prediction is not enhanced.

[2021-09-25 22:36:58 #10 type.registry] 
New type domain.Bet

[2021-09-25 22:36:58 #11 type.registry] 
New type java.util.Vector<domain.Bet>

[2021-09-25 22:36:58 #12 type] 
Type domain.Bet is not enhanced.

[2021-09-25 22:36:58 #13 type.registry] 
New type domain.Person

[2021-09-25 22:36:58 #14 type.registry] 
New type domain.RegisteredClient

[2021-09-25 22:36:58 #15 type] 
Type domain.Person is not enhanced.

[2021-09-25 22:36:58 #16 type] 
Type domain.RegisteredClient is not enhanced.

[2021-09-25 22:36:58 #17 type.registry] 
New type domain.ReplicatedProperties

[2021-09-25 22:36:58 #18 type.registry] 
New type java.util.HashMap<domain.RegisteredClient,domain.ReplicatedProperties>

[2021-09-25 22:36:58 #19 type.registry] 
New type domain.Movements

[2021-09-25 22:36:58 #20 type.registry] 
New type java.util.Vector<domain.Movements>

[2021-09-25 22:36:58 #21 type] 
Type domain.ReplicatedProperties is not enhanced.

[2021-09-25 22:36:58 #22 type] 
Type domain.Movements is not enhanced.

[2021-09-25 22:36:58 #23 type.registry] 
New type java.util.Vector<java.lang.Object>

[2021-09-25 22:36:58 #24 type.registry] 
New type java.util.HashMap<java.lang.Object,java.lang.Object>

------------------------------------------------------------------------------------------------------------------------

[2021-09-25 22:39:43 #1 store] 
Database 'C:\Users\oihan\OneDrive\Escritorio\sonar_bukatua\3iterazioa\src\main\resources\bets.temp' is opened by 288@LAPTOP-PVI2M80U

[2021-09-25 22:39:43 #2 type.registry] 
New type domain.Event

[2021-09-25 22:39:43 #3 type] 
Type domain.Event is not enhanced.

[2021-09-25 22:39:43 #4 type.registry] 
New type domain.Question

[2021-09-25 22:39:43 #5 type.registry] 
New type java.util.Vector<domain.Question>

[2021-09-25 22:39:43 #6 type] 
Type domain.Question is not enhanced.

[2021-09-25 22:39:43 #7 type.registry] 
New type domain.Prediction

[2021-09-25 22:39:43 #8 type.registry] 
New type java.util.Vector<domain.Prediction>

[2021-09-25 22:39:43 #9 type] 
Type domain.Prediction is not enhanced.

[2021-09-25 22:39:43 #10 type.registry] 
New type domain.Bet

[2021-09-25 22:39:43 #11 type.registry] 
New type java.util.Vector<domain.Bet>

[2021-09-25 22:39:43 #12 type] 
Type domain.Bet is not enhanced.

[2021-09-25 22:39:43 #13 type.registry] 
New type domain.Person

[2021-09-25 22:39:43 #14 type.registry] 
New type domain.RegisteredClient

[2021-09-25 22:39:43 #15 type] 
Type domain.Person is not enhanced.

[2021-09-25 22:39:43 #16 type] 
Type domain.RegisteredClient is not enhanced.

[2021-09-25 22:39:43 #17 type.registry] 
New type domain.ReplicatedProperties

[2021-09-25 22:39:43 #18 type.registry] 
New type java.util.HashMap<domain.RegisteredClient,domain.ReplicatedProperties>

[2021-09-25 22:39:43 #19 type.registry] 
New type domain.Movements

[2021-09-25 22:39:43 #20 type.registry] 
New type java.util.Vector<domain.Movements>

[2021-09-25 22:39:43 #21 type] 
Type domain.ReplicatedProperties is not enhanced.

[2021-09-25 22:39:43 #22 type] 
Type domain.Movements is not enhanced.

[2021-09-25 22:39:43 #23 type.registry] 
New type java.util.Vector<java.lang.Object>

[2021-09-25 22:39:43 #24 type.registry] 
New type java.util.HashMap<java.lang.Object,java.lang.Object>

------------------------------------------------------------------------------------------------------------------------

[2021-09-25 22:41:00 #1 store] 
Database 'C:\Users\oihan\OneDrive\Escritorio\sonar_bukatua\3iterazioa\src\main\resources\bets.temp' is opened by 2388@LAPTOP-PVI2M80U

[2021-09-25 22:41:00 #2 type.registry] 
New type domain.Event

[2021-09-25 22:41:00 #3 type] 
Type domain.Event is not enhanced.

[2021-09-25 22:41:00 #4 type.registry] 
New type domain.Question

[2021-09-25 22:41:00 #5 type.registry] 
New type java.util.Vector<domain.Question>

[2021-09-25 22:41:00 #6 type] 
Type domain.Question is not enhanced.

[2021-09-25 22:41:00 #7 type.registry] 
New type domain.Prediction

[2021-09-25 22:41:00 #8 type.registry] 
New type java.util.Vector<domain.Prediction>

[2021-09-25 22:41:00 #9 type] 
Type domain.Prediction is not enhanced.

[2021-09-25 22:41:00 #10 type.registry] 
New type domain.Bet

[2021-09-25 22:41:00 #11 type.registry] 
New type java.util.Vector<domain.Bet>

[2021-09-25 22:41:00 #12 type] 
Type domain.Bet is not enhanced.

[2021-09-25 22:41:00 #13 type.registry] 
New type domain.Person

[2021-09-25 22:41:00 #14 type.registry] 
New type domain.RegisteredClient

[2021-09-25 22:41:00 #15 type] 
Type domain.Person is not enhanced.

[2021-09-25 22:41:00 #16 type] 
Type domain.RegisteredClient is not enhanced.

[2021-09-25 22:41:00 #17 type.registry] 
New type domain.ReplicatedProperties

[2021-09-25 22:41:00 #18 type.registry] 
New type java.util.HashMap<domain.RegisteredClient,domain.ReplicatedProperties>

[2021-09-25 22:41:00 #19 type.registry] 
New type domain.Movements

[2021-09-25 22:41:00 #20 type.registry] 
New type java.util.Vector<domain.Movements>

[2021-09-25 22:41:00 #21 type] 
Type domain.ReplicatedProperties is not enhanced.

[2021-09-25 22:41:00 #22 type] 
Type domain.Movements is not enhanced.

[2021-09-25 22:41:00 #23 type.registry] 
New type java.util.Vector<java.lang.Object>

[2021-09-25 22:41:00 #24 type.registry] 
New type java.util.HashMap<java.lang.Object,java.lang.Object>

------------------------------------------------------------------------------------------------------------------------

[2021-09-25 22:44:55 #1 store] 
Database 'C:\Users\oihan\OneDrive\Escritorio\sonar_bukatua\3iterazioa\src\main\resources\bets.temp' is opened by 8484@LAPTOP-PVI2M80U

[2021-09-25 22:44:55 #2 type.registry] 
New type domain.Event

[2021-09-25 22:44:55 #3 type] 
Type domain.Event is not enhanced.

[2021-09-25 22:44:55 #4 type.registry] 
New type domain.Question

[2021-09-25 22:44:55 #5 type.registry] 
New type java.util.Vector<domain.Question>

[2021-09-25 22:44:55 #6 type] 
Type domain.Question is not enhanced.

[2021-09-25 22:44:55 #7 type.registry] 
New type domain.Prediction

[2021-09-25 22:44:55 #8 type.registry] 
New type java.util.Vector<domain.Prediction>

[2021-09-25 22:44:55 #9 type] 
Type domain.Prediction is not enhanced.

[2021-09-25 22:44:55 #10 type.registry] 
New type domain.Bet

[2021-09-25 22:44:55 #11 type.registry] 
New type java.util.Vector<domain.Bet>

[2021-09-25 22:44:55 #12 type] 
Type domain.Bet is not enhanced.

[2021-09-25 22:44:55 #13 type.registry] 
New type domain.Person

[2021-09-25 22:44:55 #14 type.registry] 
New type domain.RegisteredClient

[2021-09-25 22:44:55 #15 type] 
Type domain.Person is not enhanced.

[2021-09-25 22:44:55 #16 type] 
Type domain.RegisteredClient is not enhanced.

[2021-09-25 22:44:55 #17 type.registry] 
New type domain.ReplicatedProperties

[2021-09-25 22:44:55 #18 type.registry] 
New type java.util.HashMap<domain.RegisteredClient,domain.ReplicatedProperties>

[2021-09-25 22:44:55 #19 type.registry] 
New type domain.Movements

[2021-09-25 22:44:55 #20 type.registry] 
New type java.util.Vector<domain.Movements>

[2021-09-25 22:44:55 #21 type] 
Type domain.ReplicatedProperties is not enhanced.

[2021-09-25 22:44:55 #22 type] 
Type domain.Movements is not enhanced.

[2021-09-25 22:44:55 #23 type.registry] 
New type java.util.Vector<java.lang.Object>

[2021-09-25 22:44:55 #24 type.registry] 
New type java.util.HashMap<java.lang.Object,java.lang.Object>

------------------------------------------------------------------------------------------------------------------------

[2021-09-25 22:48:09 #1 store] 
Database 'C:\Users\oihan\OneDrive\Escritorio\sonar_bukatua\3iterazioa\src\main\resources\bets.temp' is opened by 3196@LAPTOP-PVI2M80U

[2021-09-25 22:48:09 #2 type.registry] 
New type domain.Event

[2021-09-25 22:48:09 #3 type] 
Type domain.Event is not enhanced.

[2021-09-25 22:48:09 #4 type.registry] 
New type domain.Question

[2021-09-25 22:48:09 #5 type.registry] 
New type java.util.Vector<domain.Question>

[2021-09-25 22:48:09 #6 type] 
Type domain.Question is not enhanced.

[2021-09-25 22:48:09 #7 type.registry] 
New type domain.Prediction

[2021-09-25 22:48:09 #8 type.registry] 
New type java.util.Vector<domain.Prediction>

[2021-09-25 22:48:09 #9 type] 
Type domain.Prediction is not enhanced.

[2021-09-25 22:48:09 #10 type.registry] 
New type domain.Bet

[2021-09-25 22:48:09 #11 type.registry] 
New type java.util.Vector<domain.Bet>

[2021-09-25 22:48:09 #12 type] 
Type domain.Bet is not enhanced.

[2021-09-25 22:48:09 #13 type.registry] 
New type domain.Person

[2021-09-25 22:48:09 #14 type.registry] 
New type domain.RegisteredClient

[2021-09-25 22:48:09 #15 type] 
Type domain.Person is not enhanced.

[2021-09-25 22:48:09 #16 type] 
Type domain.RegisteredClient is not enhanced.

[2021-09-25 22:48:09 #17 type.registry] 
New type domain.ReplicatedProperties

[2021-09-25 22:48:09 #18 type.registry] 
New type java.util.HashMap<domain.RegisteredClient,domain.ReplicatedProperties>

[2021-09-25 22:48:09 #19 type.registry] 
New type domain.Movements

[2021-09-25 22:48:09 #20 type.registry] 
New type java.util.Vector<domain.Movements>

[2021-09-25 22:48:09 #21 type] 
Type domain.ReplicatedProperties is not enhanced.

[2021-09-25 22:48:09 #22 type] 
Type domain.Movements is not enhanced.

[2021-09-25 22:48:09 #23 type.registry] 
New type java.util.Vector<java.lang.Object>

[2021-09-25 22:48:09 #24 type.registry] 
New type java.util.HashMap<java.lang.Object,java.lang.Object>

------------------------------------------------------------------------------------------------------------------------

[2021-09-25 22:49:46 #1 store] 
Database 'C:\Users\oihan\OneDrive\Escritorio\sonar_bukatua\3iterazioa\src\main\resources\bets.temp' is opened by 14416@LAPTOP-PVI2M80U

[2021-09-25 22:49:46 #2 type.registry] 
New type domain.Event

[2021-09-25 22:49:46 #3 type] 
Type domain.Event is not enhanced.

[2021-09-25 22:49:46 #4 type.registry] 
New type domain.Question

[2021-09-25 22:49:46 #5 type.registry] 
New type java.util.Vector<domain.Question>

[2021-09-25 22:49:46 #6 type] 
Type domain.Question is not enhanced.

[2021-09-25 22:49:47 #7 type.registry] 
New type domain.Prediction

[2021-09-25 22:49:47 #8 type.registry] 
New type java.util.Vector<domain.Prediction>

[2021-09-25 22:49:47 #9 type] 
Type domain.Prediction is not enhanced.

[2021-09-25 22:49:47 #10 type.registry] 
New type domain.Bet

[2021-09-25 22:49:47 #11 type.registry] 
New type java.util.Vector<domain.Bet>

[2021-09-25 22:49:47 #12 type] 
Type domain.Bet is not enhanced.

[2021-09-25 22:49:47 #13 type.registry] 
New type domain.Person

[2021-09-25 22:49:47 #14 type.registry] 
New type domain.RegisteredClient

[2021-09-25 22:49:47 #15 type] 
Type domain.Person is not enhanced.

[2021-09-25 22:49:47 #16 type] 
Type domain.RegisteredClient is not enhanced.

[2021-09-25 22:49:47 #17 type.registry] 
New type domain.ReplicatedProperties

[2021-09-25 22:49:47 #18 type.registry] 
New type java.util.HashMap<domain.RegisteredClient,domain.ReplicatedProperties>

[2021-09-25 22:49:47 #19 type.registry] 
New type domain.Movements

[2021-09-25 22:49:47 #20 type.registry] 
New type java.util.Vector<domain.Movements>

[2021-09-25 22:49:47 #21 type] 
Type domain.ReplicatedProperties is not enhanced.

[2021-09-25 22:49:47 #22 type] 
Type domain.Movements is not enhanced.

[2021-09-25 22:49:47 #23 type.registry] 
New type java.util.Vector<java.lang.Object>

[2021-09-25 22:49:47 #24 type.registry] 
New type java.util.HashMap<java.lang.Object,java.lang.Object>

------------------------------------------------------------------------------------------------------------------------

[2021-09-25 22:50:50 #1 store] 
Database 'C:\Users\oihan\OneDrive\Escritorio\sonar_bukatua\3iterazioa\src\main\resources\bets.temp' is opened by 9404@LAPTOP-PVI2M80U

[2021-09-25 22:50:50 #2 type.registry] 
New type domain.Event

[2021-09-25 22:50:50 #3 type] 
Type domain.Event is not enhanced.

[2021-09-25 22:50:50 #4 type.registry] 
New type domain.Question

[2021-09-25 22:50:50 #5 type.registry] 
New type java.util.Vector<domain.Question>

[2021-09-25 22:50:50 #6 type] 
Type domain.Question is not enhanced.

[2021-09-25 22:50:50 #7 type.registry] 
New type domain.Prediction

[2021-09-25 22:50:50 #8 type.registry] 
New type java.util.Vector<domain.Prediction>

[2021-09-25 22:50:50 #9 type] 
Type domain.Prediction is not enhanced.

[2021-09-25 22:50:50 #10 type.registry] 
New type domain.Bet

[2021-09-25 22:50:50 #11 type.registry] 
New type java.util.Vector<domain.Bet>

[2021-09-25 22:50:50 #12 type] 
Type domain.Bet is not enhanced.

[2021-09-25 22:50:50 #13 type.registry] 
New type domain.Person

[2021-09-25 22:50:50 #14 type.registry] 
New type domain.RegisteredClient

[2021-09-25 22:50:50 #15 type] 
Type domain.Person is not enhanced.

[2021-09-25 22:50:50 #16 type] 
Type domain.RegisteredClient is not enhanced.

[2021-09-25 22:50:50 #17 type.registry] 
New type domain.ReplicatedProperties

[2021-09-25 22:50:50 #18 type.registry] 
New type java.util.HashMap<domain.RegisteredClient,domain.ReplicatedProperties>

[2021-09-25 22:50:50 #19 type.registry] 
New type domain.Movements

[2021-09-25 22:50:50 #20 type.registry] 
New type java.util.Vector<domain.Movements>

[2021-09-25 22:50:50 #21 type] 
Type domain.ReplicatedProperties is not enhanced.

[2021-09-25 22:50:50 #22 type] 
Type domain.Movements is not enhanced.

[2021-09-25 22:50:50 #23 type.registry] 
New type java.util.Vector<java.lang.Object>

[2021-09-25 22:50:50 #24 type.registry] 
New type java.util.HashMap<java.lang.Object,java.lang.Object>

------------------------------------------------------------------------------------------------------------------------

[2021-09-25 22:59:09 #1 store] 
Database 'C:\Users\oihan\OneDrive\Escritorio\sonar_bukatua\3iterazioa\src\main\resources\bets.temp' is opened by 1472@LAPTOP-PVI2M80U

[2021-09-25 22:59:09 #2 type.registry] 
New type domain.Event

[2021-09-25 22:59:09 #3 type] 
Type domain.Event is not enhanced.

[2021-09-25 22:59:09 #4 type.registry] 
New type domain.Question

[2021-09-25 22:59:09 #5 type.registry] 
New type java.util.Vector<domain.Question>

[2021-09-25 22:59:09 #6 type] 
Type domain.Question is not enhanced.

[2021-09-25 22:59:09 #7 type.registry] 
New type domain.Prediction

[2021-09-25 22:59:09 #8 type.registry] 
New type java.util.Vector<domain.Prediction>

[2021-09-25 22:59:09 #9 type] 
Type domain.Prediction is not enhanced.

[2021-09-25 22:59:09 #10 type.registry] 
New type domain.Bet

[2021-09-25 22:59:09 #11 type.registry] 
New type java.util.Vector<domain.Bet>

[2021-09-25 22:59:09 #12 type] 
Type domain.Bet is not enhanced.

[2021-09-25 22:59:09 #13 type.registry] 
New type domain.Person

[2021-09-25 22:59:09 #14 type.registry] 
New type domain.RegisteredClient

[2021-09-25 22:59:09 #15 type] 
Type domain.Person is not enhanced.

[2021-09-25 22:59:09 #16 type] 
Type domain.RegisteredClient is not enhanced.

[2021-09-25 22:59:09 #17 type.registry] 
New type domain.ReplicatedProperties

[2021-09-25 22:59:09 #18 type.registry] 
New type java.util.HashMap<domain.RegisteredClient,domain.ReplicatedProperties>

[2021-09-25 22:59:09 #19 type.registry] 
New type domain.Movements

[2021-09-25 22:59:09 #20 type.registry] 
New type java.util.Vector<domain.Movements>

[2021-09-25 22:59:09 #21 type] 
Type domain.ReplicatedProperties is not enhanced.

[2021-09-25 22:59:09 #22 type] 
Type domain.Movements is not enhanced.

[2021-09-25 22:59:09 #23 type.registry] 
New type java.util.Vector<java.lang.Object>

[2021-09-25 22:59:09 #24 type.registry] 
New type java.util.HashMap<java.lang.Object,java.lang.Object>

------------------------------------------------------------------------------------------------------------------------

[2021-09-25 23:01:20 #1 store] 
Database 'C:\Users\oihan\OneDrive\Escritorio\sonar_bukatua\3iterazioa\src\main\resources\bets.temp' is opened by 3788@LAPTOP-PVI2M80U

[2021-09-25 23:01:20 #2 type.registry] 
New type domain.Event

[2021-09-25 23:01:20 #3 type] 
Type domain.Event is not enhanced.

[2021-09-25 23:01:20 #4 type.registry] 
New type domain.Question

[2021-09-25 23:01:20 #5 type.registry] 
New type java.util.Vector<domain.Question>

[2021-09-25 23:01:20 #6 type] 
Type domain.Question is not enhanced.

[2021-09-25 23:01:20 #7 type.registry] 
New type domain.Prediction

[2021-09-25 23:01:20 #8 type.registry] 
New type java.util.Vector<domain.Prediction>

[2021-09-25 23:01:20 #9 type] 
Type domain.Prediction is not enhanced.

[2021-09-25 23:01:20 #10 type.registry] 
New type domain.Bet

[2021-09-25 23:01:20 #11 type.registry] 
New type java.util.Vector<domain.Bet>

[2021-09-25 23:01:20 #12 type] 
Type domain.Bet is not enhanced.

[2021-09-25 23:01:20 #13 type.registry] 
New type domain.Person

[2021-09-25 23:01:20 #14 type.registry] 
New type domain.RegisteredClient

[2021-09-25 23:01:20 #15 type] 
Type domain.Person is not enhanced.

[2021-09-25 23:01:20 #16 type] 
Type domain.RegisteredClient is not enhanced.

[2021-09-25 23:01:20 #17 type.registry] 
New type domain.ReplicatedProperties

[2021-09-25 23:01:20 #18 type.registry] 
New type java.util.HashMap<domain.RegisteredClient,domain.ReplicatedProperties>

[2021-09-25 23:01:20 #19 type.registry] 
New type domain.Movements

[2021-09-25 23:01:20 #20 type.registry] 
New type java.util.Vector<domain.Movements>

[2021-09-25 23:01:20 #21 type] 
Type domain.ReplicatedProperties is not enhanced.

[2021-09-25 23:01:20 #22 type] 
Type domain.Movements is not enhanced.

[2021-09-25 23:01:20 #23 type.registry] 
New type java.util.Vector<java.lang.Object>

[2021-09-25 23:01:20 #24 type.registry] 
New type java.util.HashMap<java.lang.Object,java.lang.Object>

------------------------------------------------------------------------------------------------------------------------

[2021-09-25 23:04:44 #1 store] 
Database 'C:\Users\oihan\OneDrive\Escritorio\sonar_bukatua\3iterazioa\src\main\resources\bets.temp' is opened by 10444@LAPTOP-PVI2M80U

[2021-09-25 23:04:45 #2 type.registry] 
New type domain.Event

[2021-09-25 23:04:45 #3 type] 
Type domain.Event is not enhanced.

[2021-09-25 23:04:45 #4 type.registry] 
New type domain.Question

[2021-09-25 23:04:45 #5 type.registry] 
New type java.util.Vector<domain.Question>

[2021-09-25 23:04:45 #6 type] 
Type domain.Question is not enhanced.

[2021-09-25 23:04:45 #7 type.registry] 
New type domain.Prediction

[2021-09-25 23:04:45 #8 type.registry] 
New type java.util.Vector<domain.Prediction>

[2021-09-25 23:04:45 #9 type] 
Type domain.Prediction is not enhanced.

[2021-09-25 23:04:45 #10 type.registry] 
New type domain.Bet

[2021-09-25 23:04:45 #11 type.registry] 
New type java.util.Vector<domain.Bet>

[2021-09-25 23:04:45 #12 type] 
Type domain.Bet is not enhanced.

[2021-09-25 23:04:45 #13 type.registry] 
New type domain.Person

[2021-09-25 23:04:45 #14 type.registry] 
New type domain.RegisteredClient

[2021-09-25 23:04:45 #15 type] 
Type domain.Person is not enhanced.

[2021-09-25 23:04:45 #16 type] 
Type domain.RegisteredClient is not enhanced.

[2021-09-25 23:04:45 #17 type.registry] 
New type domain.ReplicatedProperties

[2021-09-25 23:04:45 #18 type.registry] 
New type java.util.HashMap<domain.RegisteredClient,domain.ReplicatedProperties>

[2021-09-25 23:04:45 #19 type.registry] 
New type domain.Movements

[2021-09-25 23:04:45 #20 type.registry] 
New type java.util.Vector<domain.Movements>

[2021-09-25 23:04:45 #21 type] 
Type domain.ReplicatedProperties is not enhanced.

[2021-09-25 23:04:45 #22 type] 
Type domain.Movements is not enhanced.

[2021-09-25 23:04:45 #23 type.registry] 
New type java.util.Vector<java.lang.Object>

[2021-09-25 23:04:45 #24 type.registry] 
New type java.util.HashMap<java.lang.Object,java.lang.Object>

------------------------------------------------------------------------------------------------------------------------

[2021-09-25 23:07:06 #1 store] 
Database 'C:\Users\oihan\OneDrive\Escritorio\sonar_bukatua\3iterazioa\src\main\resources\bets.temp' is opened by 1324@LAPTOP-PVI2M80U

[2021-09-25 23:07:06 #2 type.registry] 
New type domain.Event

[2021-09-25 23:07:06 #3 type] 
Type domain.Event is not enhanced.

[2021-09-25 23:07:06 #4 type.registry] 
New type domain.Question

[2021-09-25 23:07:06 #5 type.registry] 
New type java.util.Vector<domain.Question>

[2021-09-25 23:07:06 #6 type] 
Type domain.Question is not enhanced.

[2021-09-25 23:07:06 #7 type.registry] 
New type domain.Prediction

[2021-09-25 23:07:06 #8 type.registry] 
New type java.util.Vector<domain.Prediction>

[2021-09-25 23:07:06 #9 type] 
Type domain.Prediction is not enhanced.

[2021-09-25 23:07:06 #10 type.registry] 
New type domain.Bet

[2021-09-25 23:07:06 #11 type.registry] 
New type java.util.Vector<domain.Bet>

[2021-09-25 23:07:06 #12 type] 
Type domain.Bet is not enhanced.

[2021-09-25 23:07:06 #13 type.registry] 
New type domain.Person

[2021-09-25 23:07:06 #14 type.registry] 
New type domain.RegisteredClient

[2021-09-25 23:07:06 #15 type] 
Type domain.Person is not enhanced.

[2021-09-25 23:07:06 #16 type] 
Type domain.RegisteredClient is not enhanced.

[2021-09-25 23:07:06 #17 type.registry] 
New type domain.ReplicatedProperties

[2021-09-25 23:07:06 #18 type.registry] 
New type java.util.HashMap<domain.RegisteredClient,domain.ReplicatedProperties>

[2021-09-25 23:07:06 #19 type.registry] 
New type domain.Movements

[2021-09-25 23:07:06 #20 type.registry] 
New type java.util.Vector<domain.Movements>

[2021-09-25 23:07:06 #21 type] 
Type domain.ReplicatedProperties is not enhanced.

[2021-09-25 23:07:06 #22 type] 
Type domain.Movements is not enhanced.

[2021-09-25 23:07:06 #23 type.registry] 
New type java.util.Vector<java.lang.Object>

[2021-09-25 23:07:06 #24 type.registry] 
New type java.util.HashMap<java.lang.Object,java.lang.Object>

------------------------------------------------------------------------------------------------------------------------

[2021-09-25 23:10:12 #1 store] 
Database 'C:\Users\oihan\OneDrive\Escritorio\sonar_bukatua\3iterazioa\src\main\resources\bets.temp' is opened by 4340@LAPTOP-PVI2M80U

[2021-09-25 23:10:12 #2 type.registry] 
New type domain.Event

[2021-09-25 23:10:12 #3 type] 
Type domain.Event is not enhanced.

[2021-09-25 23:10:12 #4 type.registry] 
New type domain.Question

[2021-09-25 23:10:12 #5 type.registry] 
New type java.util.Vector<domain.Question>

[2021-09-25 23:10:12 #6 type] 
Type domain.Question is not enhanced.

[2021-09-25 23:10:12 #7 type.registry] 
New type domain.Prediction

[2021-09-25 23:10:12 #8 type.registry] 
New type java.util.Vector<domain.Prediction>

[2021-09-25 23:10:12 #9 type] 
Type domain.Prediction is not enhanced.

[2021-09-25 23:10:12 #10 type.registry] 
New type domain.Bet

[2021-09-25 23:10:12 #11 type.registry] 
New type java.util.Vector<domain.Bet>

[2021-09-25 23:10:12 #12 type] 
Type domain.Bet is not enhanced.

[2021-09-25 23:10:12 #13 type.registry] 
New type domain.Person

[2021-09-25 23:10:12 #14 type.registry] 
New type domain.RegisteredClient

[2021-09-25 23:10:12 #15 type] 
Type domain.Person is not enhanced.

[2021-09-25 23:10:12 #16 type] 
Type domain.RegisteredClient is not enhanced.

[2021-09-25 23:10:12 #17 type.registry] 
New type domain.ReplicatedProperties

[2021-09-25 23:10:12 #18 type.registry] 
New type java.util.HashMap<domain.RegisteredClient,domain.ReplicatedProperties>

[2021-09-25 23:10:12 #19 type.registry] 
New type domain.Movements

[2021-09-25 23:10:12 #20 type.registry] 
New type java.util.Vector<domain.Movements>

[2021-09-25 23:10:12 #21 type] 
Type domain.ReplicatedProperties is not enhanced.

[2021-09-25 23:10:12 #22 type] 
Type domain.Movements is not enhanced.

[2021-09-25 23:10:12 #23 type.registry] 
New type java.util.Vector<java.lang.Object>

[2021-09-25 23:10:12 #24 type.registry] 
New type java.util.HashMap<java.lang.Object,java.lang.Object>

------------------------------------------------------------------------------------------------------------------------

[2021-09-25 23:13:15 #1 store] 
Database 'C:\Users\oihan\OneDrive\Escritorio\sonar_bukatua\3iterazioa\src\main\resources\bets.temp' is opened by 14684@LAPTOP-PVI2M80U

[2021-09-25 23:13:15 #2 type.registry] 
New type domain.Event

[2021-09-25 23:13:15 #3 type] 
Type domain.Event is not enhanced.

[2021-09-25 23:13:15 #4 type.registry] 
New type domain.Question

[2021-09-25 23:13:15 #5 type.registry] 
New type java.util.Vector<domain.Question>

[2021-09-25 23:13:15 #6 type] 
Type domain.Question is not enhanced.

[2021-09-25 23:13:15 #7 type.registry] 
New type domain.Prediction

[2021-09-25 23:13:15 #8 type.registry] 
New type java.util.Vector<domain.Prediction>

[2021-09-25 23:13:15 #9 type] 
Type domain.Prediction is not enhanced.

[2021-09-25 23:13:15 #10 type.registry] 
New type domain.Bet

[2021-09-25 23:13:15 #11 type.registry] 
New type java.util.Vector<domain.Bet>

[2021-09-25 23:13:15 #12 type] 
Type domain.Bet is not enhanced.

[2021-09-25 23:13:15 #13 type.registry] 
New type domain.Person

[2021-09-25 23:13:15 #14 type.registry] 
New type domain.RegisteredClient

[2021-09-25 23:13:15 #15 type] 
Type domain.Person is not enhanced.

[2021-09-25 23:13:15 #16 type] 
Type domain.RegisteredClient is not enhanced.

[2021-09-25 23:13:15 #17 type.registry] 
New type domain.ReplicatedProperties

[2021-09-25 23:13:15 #18 type.registry] 
New type java.util.HashMap<domain.RegisteredClient,domain.ReplicatedProperties>

[2021-09-25 23:13:15 #19 type.registry] 
New type domain.Movements

[2021-09-25 23:13:15 #20 type.registry] 
New type java.util.Vector<domain.Movements>

[2021-09-25 23:13:15 #21 type] 
Type domain.ReplicatedProperties is not enhanced.

[2021-09-25 23:13:15 #22 type] 
Type domain.Movements is not enhanced.

[2021-09-25 23:13:15 #23 type.registry] 
New type java.util.Vector<java.lang.Object>

[2021-09-25 23:13:15 #24 type.registry] 
New type java.util.HashMap<java.lang.Object,java.lang.Object>

------------------------------------------------------------------------------------------------------------------------

[2021-09-25 23:16:02 #1 store] 
Database 'C:\Users\oihan\OneDrive\Escritorio\sonar_bukatua\3iterazioa\src\main\resources\bets.temp' is opened by 13000@LAPTOP-PVI2M80U

[2021-09-25 23:16:02 #2 type.registry] 
New type domain.Event

[2021-09-25 23:16:02 #3 type] 
Type domain.Event is not enhanced.

[2021-09-25 23:16:02 #4 type.registry] 
New type domain.Question

[2021-09-25 23:16:02 #5 type.registry] 
New type java.util.Vector<domain.Question>

[2021-09-25 23:16:02 #6 type] 
Type domain.Question is not enhanced.

[2021-09-25 23:16:02 #7 type.registry] 
New type domain.Prediction

[2021-09-25 23:16:02 #8 type.registry] 
New type java.util.Vector<domain.Prediction>

[2021-09-25 23:16:02 #9 type] 
Type domain.Prediction is not enhanced.

[2021-09-25 23:16:02 #10 type.registry] 
New type domain.Bet

[2021-09-25 23:16:02 #11 type.registry] 
New type java.util.Vector<domain.Bet>

[2021-09-25 23:16:02 #12 type] 
Type domain.Bet is not enhanced.

[2021-09-25 23:16:02 #13 type.registry] 
New type domain.Person

[2021-09-25 23:16:02 #14 type.registry] 
New type domain.RegisteredClient

[2021-09-25 23:16:02 #15 type] 
Type domain.Person is not enhanced.

[2021-09-25 23:16:02 #16 type] 
Type domain.RegisteredClient is not enhanced.

[2021-09-25 23:16:02 #17 type.registry] 
New type domain.ReplicatedProperties

[2021-09-25 23:16:02 #18 type.registry] 
New type java.util.HashMap<domain.RegisteredClient,domain.ReplicatedProperties>

[2021-09-25 23:16:02 #19 type.registry] 
New type domain.Movements

[2021-09-25 23:16:02 #20 type.registry] 
New type java.util.Vector<domain.Movements>

[2021-09-25 23:16:02 #21 type] 
Type domain.ReplicatedProperties is not enhanced.

[2021-09-25 23:16:02 #22 type] 
Type domain.Movements is not enhanced.

[2021-09-25 23:16:02 #23 type.registry] 
New type java.util.Vector<java.lang.Object>

[2021-09-25 23:16:02 #24 type.registry] 
New type java.util.HashMap<java.lang.Object,java.lang.Object>

------------------------------------------------------------------------------------------------------------------------

[2021-09-25 23:21:11 #1 store] 
Database 'C:\Users\oihan\OneDrive\Escritorio\sonar_bukatua\3iterazioa\src\main\resources\bets.temp' is opened by 14572@LAPTOP-PVI2M80U

[2021-09-25 23:21:11 #2 type.registry] 
New type domain.Event

[2021-09-25 23:21:11 #3 type] 
Type domain.Event is not enhanced.

[2021-09-25 23:21:11 #4 type.registry] 
New type domain.Question

[2021-09-25 23:21:11 #5 type.registry] 
New type java.util.Vector<domain.Question>

[2021-09-25 23:21:11 #6 type] 
Type domain.Question is not enhanced.

[2021-09-25 23:21:11 #7 type.registry] 
New type domain.Prediction

[2021-09-25 23:21:11 #8 type.registry] 
New type java.util.Vector<domain.Prediction>

[2021-09-25 23:21:11 #9 type] 
Type domain.Prediction is not enhanced.

[2021-09-25 23:21:11 #10 type.registry] 
New type domain.Bet

[2021-09-25 23:21:11 #11 type.registry] 
New type java.util.Vector<domain.Bet>

[2021-09-25 23:21:11 #12 type] 
Type domain.Bet is not enhanced.

[2021-09-25 23:21:11 #13 type.registry] 
New type domain.Person

[2021-09-25 23:21:11 #14 type.registry] 
New type domain.RegisteredClient

[2021-09-25 23:21:11 #15 type] 
Type domain.Person is not enhanced.

[2021-09-25 23:21:11 #16 type] 
Type domain.RegisteredClient is not enhanced.

[2021-09-25 23:21:11 #17 type.registry] 
New type domain.ReplicatedProperties

[2021-09-25 23:21:11 #18 type.registry] 
New type java.util.HashMap<domain.RegisteredClient,domain.ReplicatedProperties>

[2021-09-25 23:21:11 #19 type.registry] 
New type domain.Movements

[2021-09-25 23:21:11 #20 type.registry] 
New type java.util.Vector<domain.Movements>

[2021-09-25 23:21:11 #21 type] 
Type domain.ReplicatedProperties is not enhanced.

[2021-09-25 23:21:11 #22 type] 
Type domain.Movements is not enhanced.

[2021-09-25 23:21:11 #23 type.registry] 
New type java.util.Vector<java.lang.Object>

[2021-09-25 23:21:11 #24 type.registry] 
New type java.util.HashMap<java.lang.Object,java.lang.Object>

------------------------------------------------------------------------------------------------------------------------

[2021-09-25 23:21:52 #1 store] 
Database 'C:\Users\oihan\OneDrive\Escritorio\sonar_bukatua\3iterazioa\src\main\resources\bets.temp' is opened by 12228@LAPTOP-PVI2M80U

[2021-09-25 23:21:52 #2 type.registry] 
New type domain.Event

[2021-09-25 23:21:52 #3 type] 
Type domain.Event is not enhanced.

[2021-09-25 23:21:52 #4 type.registry] 
New type domain.Question

[2021-09-25 23:21:52 #5 type.registry] 
New type java.util.Vector<domain.Question>

[2021-09-25 23:21:52 #6 type] 
Type domain.Question is not enhanced.

[2021-09-25 23:21:52 #7 type.registry] 
New type domain.Prediction

[2021-09-25 23:21:52 #8 type.registry] 
New type java.util.Vector<domain.Prediction>

[2021-09-25 23:21:52 #9 type] 
Type domain.Prediction is not enhanced.

[2021-09-25 23:21:52 #10 type.registry] 
New type domain.Bet

[2021-09-25 23:21:52 #11 type.registry] 
New type java.util.Vector<domain.Bet>

[2021-09-25 23:21:52 #12 type] 
Type domain.Bet is not enhanced.

[2021-09-25 23:21:52 #13 type.registry] 
New type domain.Person

[2021-09-25 23:21:52 #14 type.registry] 
New type domain.RegisteredClient

[2021-09-25 23:21:52 #15 type] 
Type domain.Person is not enhanced.

[2021-09-25 23:21:52 #16 type] 
Type domain.RegisteredClient is not enhanced.

[2021-09-25 23:21:52 #17 type.registry] 
New type domain.ReplicatedProperties

[2021-09-25 23:21:52 #18 type.registry] 
New type java.util.HashMap<domain.RegisteredClient,domain.ReplicatedProperties>

[2021-09-25 23:21:52 #19 type.registry] 
New type domain.Movements

[2021-09-25 23:21:52 #20 type.registry] 
New type java.util.Vector<domain.Movements>

[2021-09-25 23:21:52 #21 type] 
Type domain.ReplicatedProperties is not enhanced.

[2021-09-25 23:21:52 #22 type] 
Type domain.Movements is not enhanced.

[2021-09-25 23:21:52 #23 type.registry] 
New type java.util.Vector<java.lang.Object>

[2021-09-25 23:21:52 #24 type.registry] 
New type java.util.HashMap<java.lang.Object,java.lang.Object>

------------------------------------------------------------------------------------------------------------------------

[2021-09-25 23:26:49 #1 store] 
Database 'C:\Users\oihan\OneDrive\Escritorio\sonar_bukatua\3iterazioa\src\main\resources\bets.temp' is opened by 1408@LAPTOP-PVI2M80U

[2021-09-25 23:26:49 #2 type.registry] 
New type domain.Event

[2021-09-25 23:26:49 #3 type] 
Type domain.Event is not enhanced.

[2021-09-25 23:26:49 #4 type.registry] 
New type domain.Question

[2021-09-25 23:26:49 #5 type.registry] 
New type java.util.Vector<domain.Question>

[2021-09-25 23:26:49 #6 type] 
Type domain.Question is not enhanced.

[2021-09-25 23:26:49 #7 type.registry] 
New type domain.Prediction

[2021-09-25 23:26:49 #8 type.registry] 
New type java.util.Vector<domain.Prediction>

[2021-09-25 23:26:49 #9 type] 
Type domain.Prediction is not enhanced.

[2021-09-25 23:26:49 #10 type.registry] 
New type domain.Bet

[2021-09-25 23:26:49 #11 type.registry] 
New type java.util.Vector<domain.Bet>

[2021-09-25 23:26:49 #12 type] 
Type domain.Bet is not enhanced.

[2021-09-25 23:26:49 #13 type.registry] 
New type domain.Person

[2021-09-25 23:26:49 #14 type.registry] 
New type domain.RegisteredClient

[2021-09-25 23:26:49 #15 type] 
Type domain.Person is not enhanced.

[2021-09-25 23:26:49 #16 type] 
Type domain.RegisteredClient is not enhanced.

[2021-09-25 23:26:49 #17 type.registry] 
New type domain.ReplicatedProperties

[2021-09-25 23:26:49 #18 type.registry] 
New type java.util.HashMap<domain.RegisteredClient,domain.ReplicatedProperties>

[2021-09-25 23:26:49 #19 type.registry] 
New type domain.Movements

[2021-09-25 23:26:49 #20 type.registry] 
New type java.util.Vector<domain.Movements>

[2021-09-25 23:26:49 #21 type] 
Type domain.ReplicatedProperties is not enhanced.

[2021-09-25 23:26:49 #22 type] 
Type domain.Movements is not enhanced.

[2021-09-25 23:26:49 #23 type.registry] 
New type java.util.Vector<java.lang.Object>

[2021-09-25 23:26:49 #24 type.registry] 
New type java.util.HashMap<java.lang.Object,java.lang.Object>

