------------------------------------------------------------------------------------------------------------------------

[2021-03-27 11:28:42 #1 store] 
Database 'C:\Users\proce\Desktop\EHU\2. Urtea\2. Cuatri\SI--SE\Mikel\Proiektua\WORKSPACE\Bets21\src\main\resources\bets.temp' is opened by 6664@DESKTOP-RHU8OVS

[2021-03-27 11:28:42 #2 type] 
Type domain.Person is not enhanced.

[2021-03-27 11:28:42 #3 type] 
Type domain.Admin is not enhanced.

[2021-03-27 11:28:42 #4 type] 
Type domain.Worker is not enhanced.

[2021-03-27 11:28:42 #5 type] 
Type domain.RegisteredClient is not enhanced.

[2021-03-27 11:28:42 #6 type] 
Type domain.Question is not enhanced.

[2021-03-27 11:28:42 #7 type] 
Type domain.Event is not enhanced.

------------------------------------------------------------------------------------------------------------------------

[2021-03-27 11:33:16 #1 store] 
Database 'C:\Users\proce\Desktop\EHU\2. Urtea\2. Cuatri\SI--SE\Mikel\Proiektua\WORKSPACE\Bets21\src\main\resources\bets.temp' is opened by 16832@DESKTOP-RHU8OVS

[2021-03-27 11:33:16 #2 type] 
Type domain.Person is not enhanced.

[2021-03-27 11:33:16 #3 type] 
Type domain.Admin is not enhanced.

[2021-03-27 11:33:16 #4 type] 
Type domain.Worker is not enhanced.

[2021-03-27 11:33:16 #5 type] 
Type domain.RegisteredClient is not enhanced.

[2021-03-27 11:33:16 #6 type] 
Type domain.Question is not enhanced.

[2021-03-27 11:33:16 #7 type] 
Type domain.Event is not enhanced.

------------------------------------------------------------------------------------------------------------------------

[2021-03-27 12:03:27 #1 store] 
Database 'C:\Users\proce\Desktop\EHU\2. Urtea\2. Cuatri\SI--SE\Mikel\Proiektua\WORKSPACE\Bets21\src\main\resources\bets.temp' is opened by 15328@DESKTOP-RHU8OVS

[2021-03-27 12:03:27 #2 type] 
Type domain.Person is not enhanced.

[2021-03-27 12:03:27 #3 type] 
Type domain.Admin is not enhanced.

[2021-03-27 12:03:27 #4 type] 
Type domain.Worker is not enhanced.

[2021-03-27 12:03:27 #5 type] 
Type domain.RegisteredClient is not enhanced.

[2021-03-27 12:03:27 #6 type] 
Type domain.Question is not enhanced.

[2021-03-27 12:03:27 #7 type] 
Type domain.Event is not enhanced.

------------------------------------------------------------------------------------------------------------------------

[2021-03-27 12:04:31 #1 store] 
Database 'C:\Users\proce\Desktop\EHU\2. Urtea\2. Cuatri\SI--SE\Mikel\Proiektua\WORKSPACE\Bets21\src\main\resources\bets.temp' is opened by 1928@DESKTOP-RHU8OVS

[2021-03-27 12:04:31 #2 type] 
Type domain.Person is not enhanced.

[2021-03-27 12:04:31 #3 type] 
Type domain.Admin is not enhanced.

[2021-03-27 12:04:31 #4 type] 
Type domain.Worker is not enhanced.

[2021-03-27 12:04:31 #5 type] 
Type domain.RegisteredClient is not enhanced.

[2021-03-27 12:04:31 #6 type] 
Type domain.Question is not enhanced.

[2021-03-27 12:04:31 #7 type] 
Type domain.Event is not enhanced.

------------------------------------------------------------------------------------------------------------------------

[2021-03-27 12:16:42 #1 store] 
Database 'C:\Users\proce\Desktop\EHU\2. Urtea\2. Cuatri\SI--SE\Mikel\Proiektua\WORKSPACE\Bets21\src\main\resources\bets.temp' is opened by 20420@DESKTOP-RHU8OVS

[2021-03-27 12:16:42 #2 type] 
Type domain.Person is not enhanced.

[2021-03-27 12:16:42 #3 type] 
Type domain.Admin is not enhanced.

[2021-03-27 12:16:42 #4 type] 
Type domain.Worker is not enhanced.

[2021-03-27 12:16:42 #5 type] 
Type domain.RegisteredClient is not enhanced.

[2021-03-27 12:16:42 #6 type] 
Type domain.Question is not enhanced.

[2021-03-27 12:16:42 #7 type] 
Type domain.Event is not enhanced.

------------------------------------------------------------------------------------------------------------------------

[2021-03-27 12:20:27 #1 store] 
Database 'C:\Users\proce\Desktop\EHU\2. Urtea\2. Cuatri\SI--SE\Mikel\Proiektua\WORKSPACE\Bets21\src\main\resources\bets.temp' is opened by 13536@DESKTOP-RHU8OVS

[2021-03-27 12:20:27 #2 type] 
Type domain.Person is not enhanced.

[2021-03-27 12:20:27 #3 type] 
Type domain.Admin is not enhanced.

[2021-03-27 12:20:27 #4 type] 
Type domain.Worker is not enhanced.

[2021-03-27 12:20:27 #5 type] 
Type domain.RegisteredClient is not enhanced.

[2021-03-27 12:20:27 #6 type] 
Type domain.Question is not enhanced.

[2021-03-27 12:20:27 #7 type] 
Type domain.Event is not enhanced.

------------------------------------------------------------------------------------------------------------------------

[2021-03-27 12:21:33 #1 store] 
Database 'C:\Users\proce\Desktop\EHU\2. Urtea\2. Cuatri\SI--SE\Mikel\Proiektua\WORKSPACE\Bets21\src\main\resources\bets.temp' is opened by 12220@DESKTOP-RHU8OVS

[2021-03-27 12:21:33 #2 type] 
Type domain.Person is not enhanced.

[2021-03-27 12:21:33 #3 type] 
Type domain.Admin is not enhanced.

[2021-03-27 12:21:33 #4 type] 
Type domain.Worker is not enhanced.

[2021-03-27 12:21:33 #5 type] 
Type domain.RegisteredClient is not enhanced.

[2021-03-27 12:21:33 #6 type] 
Type domain.Question is not enhanced.

[2021-03-27 12:21:33 #7 type] 
Type domain.Event is not enhanced.

