------------------------------------------------------------------------------------------------------------------------

[2021-10-03 14:47:46 #1 store] 
Database 'C:\Users\karpe\Documents\ITSASO UNI\3.MAILA\SI2ENEW\3iterazioa\src\main\resources\bets.temp' is opened by 23540@LAPTOP-O54S2HDJ

[2021-10-03 14:47:46 #2 type.registry] 
New type domain.Event

[2021-10-03 14:47:46 #3 type] 
Type domain.Event is not enhanced.

[2021-10-03 14:47:46 #4 type.registry] 
New type domain.Question

[2021-10-03 14:47:46 #5 type.registry] 
New type java.util.Vector<domain.Question>

[2021-10-03 14:47:46 #6 type] 
Type domain.Question is not enhanced.

[2021-10-03 14:47:46 #7 type.registry] 
New type domain.Prediction

[2021-10-03 14:47:46 #8 type.registry] 
New type java.util.Vector<domain.Prediction>

[2021-10-03 14:47:46 #9 type] 
Type domain.Prediction is not enhanced.

[2021-10-03 14:47:46 #10 type.registry] 
New type domain.Bet

[2021-10-03 14:47:46 #11 type.registry] 
New type java.util.Vector<domain.Bet>

[2021-10-03 14:47:46 #12 type] 
Type domain.Bet is not enhanced.

[2021-10-03 14:47:46 #13 type.registry] 
New type domain.Person

[2021-10-03 14:47:46 #14 type.registry] 
New type domain.RegisteredClient

[2021-10-03 14:47:46 #15 type] 
Type domain.Person is not enhanced.

[2021-10-03 14:47:46 #16 type] 
Type domain.RegisteredClient is not enhanced.

[2021-10-03 14:47:46 #17 type.registry] 
New type domain.ReplicatedProperties

[2021-10-03 14:47:46 #18 type.registry] 
New type java.util.HashMap<domain.RegisteredClient,domain.ReplicatedProperties>

[2021-10-03 14:47:46 #19 type.registry] 
New type domain.Movements

[2021-10-03 14:47:46 #20 type.registry] 
New type java.util.Vector<domain.Movements>

[2021-10-03 14:47:46 #21 type] 
Type domain.ReplicatedProperties is not enhanced.

[2021-10-03 14:47:46 #22 type] 
Type domain.Movements is not enhanced.

[2021-10-03 14:47:46 #23 type.registry] 
New type java.util.Vector<java.lang.Object>

[2021-10-03 14:47:46 #24 type.registry] 
New type java.util.HashMap<java.lang.Object,java.lang.Object>

------------------------------------------------------------------------------------------------------------------------

[2021-10-03 16:24:41 #1 store] 
Database 'C:\Users\karpe\Documents\ITSASO UNI\3.MAILA\SI2ENEW\3iterazioa\src\main\resources\bets.temp' is opened by 22096@LAPTOP-O54S2HDJ

[2021-10-03 16:24:42 #2 type.registry] 
New type domain.Event

[2021-10-03 16:24:42 #3 type] 
Type domain.Event is not enhanced.

[2021-10-03 16:24:42 #4 type.registry] 
New type domain.Question

[2021-10-03 16:24:42 #5 type.registry] 
New type java.util.Vector<domain.Question>

[2021-10-03 16:24:42 #6 type] 
Type domain.Question is not enhanced.

[2021-10-03 16:24:42 #7 type.registry] 
New type domain.Prediction

[2021-10-03 16:24:42 #8 type.registry] 
New type java.util.Vector<domain.Prediction>

[2021-10-03 16:24:42 #9 type] 
Type domain.Prediction is not enhanced.

[2021-10-03 16:24:42 #10 type.registry] 
New type domain.Bet

[2021-10-03 16:24:42 #11 type.registry] 
New type java.util.Vector<domain.Bet>

[2021-10-03 16:24:42 #12 type] 
Type domain.Bet is not enhanced.

[2021-10-03 16:24:42 #13 type.registry] 
New type domain.Person

[2021-10-03 16:24:42 #14 type.registry] 
New type domain.RegisteredClient

[2021-10-03 16:24:42 #15 type] 
Type domain.Person is not enhanced.

[2021-10-03 16:24:42 #16 type] 
Type domain.RegisteredClient is not enhanced.

[2021-10-03 16:24:42 #17 type.registry] 
New type domain.ReplicatedProperties

[2021-10-03 16:24:42 #18 type.registry] 
New type java.util.HashMap<domain.RegisteredClient,domain.ReplicatedProperties>

[2021-10-03 16:24:42 #19 type.registry] 
New type domain.Movements

[2021-10-03 16:24:42 #20 type.registry] 
New type java.util.Vector<domain.Movements>

[2021-10-03 16:24:42 #21 type] 
Type domain.ReplicatedProperties is not enhanced.

[2021-10-03 16:24:42 #22 type] 
Type domain.Movements is not enhanced.

[2021-10-03 16:24:42 #23 type.registry] 
New type java.util.Vector<java.lang.Object>

[2021-10-03 16:24:42 #24 type.registry] 
New type java.util.HashMap<java.lang.Object,java.lang.Object>

------------------------------------------------------------------------------------------------------------------------

[2021-10-03 17:17:27 #1 store] 
Database 'C:\Users\karpe\Documents\ITSASO UNI\3.MAILA\SI2ENEW\3iterazioa\src\main\resources\bets.temp' has been recovered (tr. 1-44)

[2021-10-03 17:17:27 #2 store] 
Database 'C:\Users\karpe\Documents\ITSASO UNI\3.MAILA\SI2ENEW\3iterazioa\src\main\resources\bets.temp' is opened by 18276@LAPTOP-O54S2HDJ

[2021-10-03 17:17:27 #3 type] 
Type domain.Event is not enhanced.

[2021-10-03 17:17:27 #4 type] 
Type domain.Question is not enhanced.

[2021-10-03 17:17:27 #5 type] 
Type domain.Prediction is not enhanced.

[2021-10-03 17:17:27 #6 type] 
Type domain.Bet is not enhanced.

[2021-10-03 17:17:27 #7 type] 
Type domain.Person is not enhanced.

[2021-10-03 17:17:27 #8 type] 
Type domain.RegisteredClient is not enhanced.

[2021-10-03 17:17:27 #9 type] 
Type domain.ReplicatedProperties is not enhanced.

[2021-10-03 17:17:27 #10 type] 
Type domain.Movements is not enhanced.

[2021-10-03 17:17:27 #11 type.registry] 
New type domain.Admin

[2021-10-03 17:17:27 #12 type] 
Type domain.Admin is not enhanced.

[2021-10-03 17:17:27 #13 type.registry] 
New type domain.Worker

[2021-10-03 17:17:27 #14 type] 
Type domain.Worker is not enhanced.

------------------------------------------------------------------------------------------------------------------------

[2021-10-03 17:18:29 #1 store] 
Database 'C:\Users\karpe\Documents\ITSASO UNI\3.MAILA\SI2ENEW\3iterazioa\src\main\resources\bets.temp' is opened by 19512@LAPTOP-O54S2HDJ

[2021-10-03 17:18:30 #2 type.registry] 
New type domain.Event

[2021-10-03 17:18:30 #3 type] 
Type domain.Event is not enhanced.

[2021-10-03 17:18:30 #4 type.registry] 
New type domain.Question

[2021-10-03 17:18:30 #5 type.registry] 
New type java.util.Vector<domain.Question>

[2021-10-03 17:18:30 #6 type] 
Type domain.Question is not enhanced.

[2021-10-03 17:18:30 #7 type.registry] 
New type domain.Prediction

[2021-10-03 17:18:30 #8 type.registry] 
New type java.util.Vector<domain.Prediction>

[2021-10-03 17:18:30 #9 type] 
Type domain.Prediction is not enhanced.

[2021-10-03 17:18:30 #10 type.registry] 
New type domain.Bet

[2021-10-03 17:18:30 #11 type.registry] 
New type java.util.Vector<domain.Bet>

[2021-10-03 17:18:30 #12 type] 
Type domain.Bet is not enhanced.

[2021-10-03 17:18:30 #13 type.registry] 
New type domain.Person

[2021-10-03 17:18:30 #14 type.registry] 
New type domain.RegisteredClient

[2021-10-03 17:18:30 #15 type] 
Type domain.Person is not enhanced.

[2021-10-03 17:18:30 #16 type] 
Type domain.RegisteredClient is not enhanced.

[2021-10-03 17:18:30 #17 type.registry] 
New type domain.ReplicatedProperties

[2021-10-03 17:18:30 #18 type.registry] 
New type java.util.HashMap<domain.RegisteredClient,domain.ReplicatedProperties>

[2021-10-03 17:18:30 #19 type.registry] 
New type domain.Movements

[2021-10-03 17:18:30 #20 type.registry] 
New type java.util.Vector<domain.Movements>

[2021-10-03 17:18:30 #21 type] 
Type domain.ReplicatedProperties is not enhanced.

[2021-10-03 17:18:30 #22 type] 
Type domain.Movements is not enhanced.

[2021-10-03 17:18:30 #23 type.registry] 
New type java.util.Vector<java.lang.Object>

[2021-10-03 17:18:30 #24 type.registry] 
New type java.util.HashMap<java.lang.Object,java.lang.Object>

------------------------------------------------------------------------------------------------------------------------

[2021-10-03 17:20:32 #1 store] 
Database 'C:\Users\karpe\Documents\ITSASO UNI\3.MAILA\SI2ENEW\3iterazioa\src\main\resources\bets.temp' is opened by 19112@LAPTOP-O54S2HDJ

[2021-10-03 17:20:32 #2 type.registry] 
New type domain.Event

[2021-10-03 17:20:32 #3 type] 
Type domain.Event is not enhanced.

[2021-10-03 17:20:32 #4 type.registry] 
New type domain.Question

[2021-10-03 17:20:32 #5 type.registry] 
New type java.util.Vector<domain.Question>

[2021-10-03 17:20:32 #6 type] 
Type domain.Question is not enhanced.

[2021-10-03 17:20:32 #7 type.registry] 
New type domain.Prediction

[2021-10-03 17:20:32 #8 type.registry] 
New type java.util.Vector<domain.Prediction>

[2021-10-03 17:20:32 #9 type] 
Type domain.Prediction is not enhanced.

[2021-10-03 17:20:32 #10 type.registry] 
New type domain.Bet

[2021-10-03 17:20:32 #11 type.registry] 
New type java.util.Vector<domain.Bet>

[2021-10-03 17:20:32 #12 type] 
Type domain.Bet is not enhanced.

[2021-10-03 17:20:32 #13 type.registry] 
New type domain.Person

[2021-10-03 17:20:32 #14 type.registry] 
New type domain.RegisteredClient

[2021-10-03 17:20:32 #15 type] 
Type domain.Person is not enhanced.

[2021-10-03 17:20:32 #16 type] 
Type domain.RegisteredClient is not enhanced.

[2021-10-03 17:20:32 #17 type.registry] 
New type domain.ReplicatedProperties

[2021-10-03 17:20:32 #18 type.registry] 
New type java.util.HashMap<domain.RegisteredClient,domain.ReplicatedProperties>

[2021-10-03 17:20:32 #19 type.registry] 
New type domain.Movements

[2021-10-03 17:20:32 #20 type.registry] 
New type java.util.Vector<domain.Movements>

[2021-10-03 17:20:32 #21 type] 
Type domain.ReplicatedProperties is not enhanced.

[2021-10-03 17:20:32 #22 type] 
Type domain.Movements is not enhanced.

[2021-10-03 17:20:32 #23 type.registry] 
New type java.util.Vector<java.lang.Object>

------------------------------------------------------------------------------------------------------------------------

[2021-10-03 17:33:03 #1 store] 
Database 'C:\Users\karpe\Documents\ITSASO UNI\3.MAILA\SI2ENEW\3iterazioa\src\main\resources\bets.temp' is opened by 15052@LAPTOP-O54S2HDJ

[2021-10-03 17:33:04 #2 type.registry] 
New type domain.Event

[2021-10-03 17:33:04 #3 type] 
Type domain.Event is not enhanced.

[2021-10-03 17:33:04 #4 type.registry] 
New type domain.Question

[2021-10-03 17:33:04 #5 type.registry] 
New type java.util.Vector<domain.Question>

[2021-10-03 17:33:04 #6 type] 
Type domain.Question is not enhanced.

[2021-10-03 17:33:04 #7 type.registry] 
New type domain.Prediction

[2021-10-03 17:33:04 #8 type.registry] 
New type java.util.Vector<domain.Prediction>

[2021-10-03 17:33:04 #9 type] 
Type domain.Prediction is not enhanced.

[2021-10-03 17:33:04 #10 type.registry] 
New type domain.Bet

[2021-10-03 17:33:04 #11 type.registry] 
New type java.util.Vector<domain.Bet>

[2021-10-03 17:33:04 #12 type] 
Type domain.Bet is not enhanced.

[2021-10-03 17:33:04 #13 type.registry] 
New type domain.Person

[2021-10-03 17:33:04 #14 type.registry] 
New type domain.RegisteredClient

[2021-10-03 17:33:04 #15 type] 
Type domain.Person is not enhanced.

[2021-10-03 17:33:04 #16 type] 
Type domain.RegisteredClient is not enhanced.

[2021-10-03 17:33:04 #17 type.registry] 
New type domain.ReplicatedProperties

[2021-10-03 17:33:04 #18 type.registry] 
New type java.util.HashMap<domain.RegisteredClient,domain.ReplicatedProperties>

[2021-10-03 17:33:04 #19 type.registry] 
New type domain.Movements

[2021-10-03 17:33:04 #20 type.registry] 
New type java.util.Vector<domain.Movements>

[2021-10-03 17:33:04 #21 type] 
Type domain.ReplicatedProperties is not enhanced.

[2021-10-03 17:33:04 #22 type] 
Type domain.Movements is not enhanced.

[2021-10-03 17:33:04 #23 type.registry] 
New type java.util.Vector<java.lang.Object>

[2021-10-03 17:33:04 #24 type.registry] 
New type java.util.HashMap<java.lang.Object,java.lang.Object>

------------------------------------------------------------------------------------------------------------------------

[2021-10-03 17:33:19 #1 store] 
Database 'C:\Users\karpe\Documents\ITSASO UNI\3.MAILA\SI2ENEW\3iterazioa\src\main\resources\bets.temp' is opened by 22392@LAPTOP-O54S2HDJ

[2021-10-03 17:33:19 #2 type.registry] 
New type domain.Event

[2021-10-03 17:33:19 #3 type] 
Type domain.Event is not enhanced.

[2021-10-03 17:33:19 #4 type.registry] 
New type domain.Question

[2021-10-03 17:33:19 #5 type.registry] 
New type java.util.Vector<domain.Question>

[2021-10-03 17:33:19 #6 type] 
Type domain.Question is not enhanced.

[2021-10-03 17:33:19 #7 type.registry] 
New type domain.Prediction

[2021-10-03 17:33:19 #8 type.registry] 
New type java.util.Vector<domain.Prediction>

[2021-10-03 17:33:19 #9 type] 
Type domain.Prediction is not enhanced.

[2021-10-03 17:33:19 #10 type.registry] 
New type domain.Bet

[2021-10-03 17:33:19 #11 type.registry] 
New type java.util.Vector<domain.Bet>

[2021-10-03 17:33:19 #12 type] 
Type domain.Bet is not enhanced.

[2021-10-03 17:33:19 #13 type.registry] 
New type domain.Person

[2021-10-03 17:33:19 #14 type.registry] 
New type domain.RegisteredClient

[2021-10-03 17:33:19 #15 type] 
Type domain.Person is not enhanced.

[2021-10-03 17:33:19 #16 type] 
Type domain.RegisteredClient is not enhanced.

[2021-10-03 17:33:19 #17 type.registry] 
New type domain.ReplicatedProperties

[2021-10-03 17:33:19 #18 type.registry] 
New type java.util.HashMap<domain.RegisteredClient,domain.ReplicatedProperties>

[2021-10-03 17:33:19 #19 type.registry] 
New type domain.Movements

[2021-10-03 17:33:19 #20 type.registry] 
New type java.util.Vector<domain.Movements>

[2021-10-03 17:33:19 #21 type] 
Type domain.ReplicatedProperties is not enhanced.

[2021-10-03 17:33:19 #22 type] 
Type domain.Movements is not enhanced.

[2021-10-03 17:33:19 #23 type.registry] 
New type java.util.Vector<java.lang.Object>

[2021-10-03 17:33:19 #24 type.registry] 
New type java.util.HashMap<java.lang.Object,java.lang.Object>

------------------------------------------------------------------------------------------------------------------------

[2021-10-03 17:36:54 #1 store] 
Database 'C:\Users\karpe\Documents\ITSASO UNI\3.MAILA\SI2ENEW\3iterazioa\src\main\resources\bets.temp' is opened by 5212@LAPTOP-O54S2HDJ

[2021-10-03 17:36:55 #2 type.registry] 
New type domain.Event

[2021-10-03 17:36:55 #3 type] 
Type domain.Event is not enhanced.

[2021-10-03 17:36:55 #4 type.registry] 
New type domain.Question

[2021-10-03 17:36:55 #5 type.registry] 
New type java.util.Vector<domain.Question>

[2021-10-03 17:36:55 #6 type] 
Type domain.Question is not enhanced.

[2021-10-03 17:36:55 #7 type.registry] 
New type domain.Prediction

[2021-10-03 17:36:55 #8 type.registry] 
New type java.util.Vector<domain.Prediction>

[2021-10-03 17:36:55 #9 type] 
Type domain.Prediction is not enhanced.

[2021-10-03 17:36:55 #10 type.registry] 
New type domain.Bet

[2021-10-03 17:36:55 #11 type.registry] 
New type java.util.Vector<domain.Bet>

[2021-10-03 17:36:55 #12 type] 
Type domain.Bet is not enhanced.

[2021-10-03 17:36:55 #13 type.registry] 
New type domain.Person

[2021-10-03 17:36:55 #14 type.registry] 
New type domain.RegisteredClient

[2021-10-03 17:36:55 #15 type] 
Type domain.Person is not enhanced.

[2021-10-03 17:36:55 #16 type] 
Type domain.RegisteredClient is not enhanced.

[2021-10-03 17:36:55 #17 type.registry] 
New type domain.ReplicatedProperties

[2021-10-03 17:36:55 #18 type.registry] 
New type java.util.HashMap<domain.RegisteredClient,domain.ReplicatedProperties>

[2021-10-03 17:36:55 #19 type.registry] 
New type domain.Movements

[2021-10-03 17:36:55 #20 type.registry] 
New type java.util.Vector<domain.Movements>

[2021-10-03 17:36:55 #21 type] 
Type domain.ReplicatedProperties is not enhanced.

[2021-10-03 17:36:55 #22 type] 
Type domain.Movements is not enhanced.

[2021-10-03 17:36:55 #23 type.registry] 
New type java.util.Vector<java.lang.Object>

[2021-10-03 17:36:55 #24 type.registry] 
New type java.util.HashMap<java.lang.Object,java.lang.Object>

------------------------------------------------------------------------------------------------------------------------

[2021-10-03 18:43:41 #1 store] 
Database 'C:\Users\karpe\Documents\ITSASO UNI\3.MAILA\SI2ENEW\3iterazioa\src\main\resources\bets.temp' is opened by 6312@LAPTOP-O54S2HDJ

[2021-10-03 18:43:41 #2 type.registry] 
New type domain.Event

[2021-10-03 18:43:41 #3 type] 
Type domain.Event is not enhanced.

[2021-10-03 18:43:41 #4 type.registry] 
New type domain.Question

[2021-10-03 18:43:41 #5 type.registry] 
New type java.util.Vector<domain.Question>

[2021-10-03 18:43:41 #6 type] 
Type domain.Question is not enhanced.

[2021-10-03 18:43:41 #7 type.registry] 
New type domain.Prediction

[2021-10-03 18:43:41 #8 type.registry] 
New type java.util.Vector<domain.Prediction>

[2021-10-03 18:43:41 #9 type] 
Type domain.Prediction is not enhanced.

[2021-10-03 18:43:41 #10 type.registry] 
New type domain.Bet

[2021-10-03 18:43:41 #11 type.registry] 
New type java.util.Vector<domain.Bet>

[2021-10-03 18:43:41 #12 type] 
Type domain.Bet is not enhanced.

[2021-10-03 18:43:41 #13 type.registry] 
New type domain.Person

[2021-10-03 18:43:41 #14 type.registry] 
New type domain.RegisteredClient

[2021-10-03 18:43:41 #15 type] 
Type domain.Person is not enhanced.

[2021-10-03 18:43:41 #16 type] 
Type domain.RegisteredClient is not enhanced.

[2021-10-03 18:43:41 #17 type.registry] 
New type domain.ReplicatedProperties

[2021-10-03 18:43:41 #18 type.registry] 
New type java.util.HashMap<domain.RegisteredClient,domain.ReplicatedProperties>

[2021-10-03 18:43:41 #19 type.registry] 
New type domain.Movements

[2021-10-03 18:43:41 #20 type.registry] 
New type java.util.Vector<domain.Movements>

[2021-10-03 18:43:41 #21 type] 
Type domain.ReplicatedProperties is not enhanced.

[2021-10-03 18:43:41 #22 type] 
Type domain.Movements is not enhanced.

[2021-10-03 18:43:41 #23 type.registry] 
New type java.util.Vector<java.lang.Object>

[2021-10-03 18:43:41 #24 type.registry] 
New type java.util.HashMap<java.lang.Object,java.lang.Object>

------------------------------------------------------------------------------------------------------------------------

[2021-10-03 18:44:39 #1 store] 
Database 'C:\Users\karpe\Documents\ITSASO UNI\3.MAILA\SI2ENEW\3iterazioa\src\main\resources\bets.temp' is opened by 22536@LAPTOP-O54S2HDJ

[2021-10-03 18:44:39 #2 type.registry] 
New type domain.Event

[2021-10-03 18:44:39 #3 type] 
Type domain.Event is not enhanced.

[2021-10-03 18:44:40 #4 type.registry] 
New type domain.Question

[2021-10-03 18:44:40 #5 type.registry] 
New type java.util.Vector<domain.Question>

[2021-10-03 18:44:40 #6 type] 
Type domain.Question is not enhanced.

[2021-10-03 18:44:40 #7 type.registry] 
New type domain.Prediction

[2021-10-03 18:44:40 #8 type.registry] 
New type java.util.Vector<domain.Prediction>

[2021-10-03 18:44:40 #9 type] 
Type domain.Prediction is not enhanced.

[2021-10-03 18:44:40 #10 type.registry] 
New type domain.Bet

[2021-10-03 18:44:40 #11 type.registry] 
New type java.util.Vector<domain.Bet>

[2021-10-03 18:44:40 #12 type] 
Type domain.Bet is not enhanced.

[2021-10-03 18:44:40 #13 type.registry] 
New type domain.Person

[2021-10-03 18:44:40 #14 type.registry] 
New type domain.RegisteredClient

[2021-10-03 18:44:40 #15 type] 
Type domain.Person is not enhanced.

[2021-10-03 18:44:40 #16 type] 
Type domain.RegisteredClient is not enhanced.

[2021-10-03 18:44:40 #17 type.registry] 
New type domain.ReplicatedProperties

[2021-10-03 18:44:40 #18 type.registry] 
New type java.util.HashMap<domain.RegisteredClient,domain.ReplicatedProperties>

[2021-10-03 18:44:40 #19 type.registry] 
New type domain.Movements

[2021-10-03 18:44:40 #20 type.registry] 
New type java.util.Vector<domain.Movements>

[2021-10-03 18:44:40 #21 type] 
Type domain.ReplicatedProperties is not enhanced.

[2021-10-03 18:44:40 #22 type] 
Type domain.Movements is not enhanced.

[2021-10-03 18:44:40 #23 type.registry] 
New type java.util.Vector<java.lang.Object>

[2021-10-03 18:44:40 #24 type.registry] 
New type java.util.HashMap<java.lang.Object,java.lang.Object>

------------------------------------------------------------------------------------------------------------------------

[2021-10-03 18:46:18 #1 store] 
Database 'C:\Users\karpe\Documents\ITSASO UNI\3.MAILA\SI2ENEW\3iterazioa\src\main\resources\bets.temp' is opened by 14808@LAPTOP-O54S2HDJ

[2021-10-03 18:46:18 #2 type.registry] 
New type domain.Event

[2021-10-03 18:46:18 #3 type] 
Type domain.Event is not enhanced.

[2021-10-03 18:46:18 #4 type.registry] 
New type domain.Question

[2021-10-03 18:46:18 #5 type.registry] 
New type java.util.Vector<domain.Question>

[2021-10-03 18:46:18 #6 type] 
Type domain.Question is not enhanced.

[2021-10-03 18:46:18 #7 type.registry] 
New type domain.Prediction

[2021-10-03 18:46:18 #8 type.registry] 
New type java.util.Vector<domain.Prediction>

[2021-10-03 18:46:18 #9 type] 
Type domain.Prediction is not enhanced.

[2021-10-03 18:46:18 #10 type.registry] 
New type domain.Bet

[2021-10-03 18:46:18 #11 type.registry] 
New type java.util.Vector<domain.Bet>

[2021-10-03 18:46:18 #12 type] 
Type domain.Bet is not enhanced.

[2021-10-03 18:46:18 #13 type.registry] 
New type domain.Person

[2021-10-03 18:46:18 #14 type.registry] 
New type domain.RegisteredClient

[2021-10-03 18:46:18 #15 type] 
Type domain.Person is not enhanced.

[2021-10-03 18:46:18 #16 type] 
Type domain.RegisteredClient is not enhanced.

[2021-10-03 18:46:18 #17 type.registry] 
New type domain.ReplicatedProperties

[2021-10-03 18:46:18 #18 type.registry] 
New type java.util.HashMap<domain.RegisteredClient,domain.ReplicatedProperties>

[2021-10-03 18:46:18 #19 type.registry] 
New type domain.Movements

[2021-10-03 18:46:18 #20 type.registry] 
New type java.util.Vector<domain.Movements>

[2021-10-03 18:46:18 #21 type] 
Type domain.ReplicatedProperties is not enhanced.

[2021-10-03 18:46:18 #22 type] 
Type domain.Movements is not enhanced.

[2021-10-03 18:46:18 #23 type.registry] 
New type java.util.Vector<java.lang.Object>

[2021-10-03 18:46:18 #24 type.registry] 
New type java.util.HashMap<java.lang.Object,java.lang.Object>

------------------------------------------------------------------------------------------------------------------------

[2021-10-03 18:46:44 #1 store] 
Database 'C:\Users\karpe\Documents\ITSASO UNI\3.MAILA\SI2ENEW\3iterazioa\src\main\resources\bets.temp' is opened by 12984@LAPTOP-O54S2HDJ

[2021-10-03 18:46:44 #2 type.registry] 
New type domain.Event

[2021-10-03 18:46:44 #3 type] 
Type domain.Event is not enhanced.

[2021-10-03 18:46:44 #4 type.registry] 
New type domain.Question

[2021-10-03 18:46:44 #5 type.registry] 
New type java.util.Vector<domain.Question>

[2021-10-03 18:46:44 #6 type] 
Type domain.Question is not enhanced.

[2021-10-03 18:46:44 #7 type.registry] 
New type domain.Prediction

[2021-10-03 18:46:44 #8 type.registry] 
New type java.util.Vector<domain.Prediction>

[2021-10-03 18:46:44 #9 type] 
Type domain.Prediction is not enhanced.

[2021-10-03 18:46:44 #10 type.registry] 
New type domain.Bet

[2021-10-03 18:46:44 #11 type.registry] 
New type java.util.Vector<domain.Bet>

[2021-10-03 18:46:44 #12 type] 
Type domain.Bet is not enhanced.

[2021-10-03 18:46:44 #13 type.registry] 
New type domain.Person

[2021-10-03 18:46:44 #14 type.registry] 
New type domain.RegisteredClient

[2021-10-03 18:46:44 #15 type] 
Type domain.Person is not enhanced.

[2021-10-03 18:46:44 #16 type] 
Type domain.RegisteredClient is not enhanced.

[2021-10-03 18:46:44 #17 type.registry] 
New type domain.ReplicatedProperties

[2021-10-03 18:46:44 #18 type.registry] 
New type java.util.HashMap<domain.RegisteredClient,domain.ReplicatedProperties>

[2021-10-03 18:46:44 #19 type.registry] 
New type domain.Movements

[2021-10-03 18:46:44 #20 type.registry] 
New type java.util.Vector<domain.Movements>

[2021-10-03 18:46:44 #21 type] 
Type domain.ReplicatedProperties is not enhanced.

[2021-10-03 18:46:44 #22 type] 
Type domain.Movements is not enhanced.

[2021-10-03 18:46:44 #23 type.registry] 
New type java.util.Vector<java.lang.Object>

[2021-10-03 18:46:44 #24 type.registry] 
New type java.util.HashMap<java.lang.Object,java.lang.Object>

------------------------------------------------------------------------------------------------------------------------

[2021-10-03 18:46:56 #1 store] 
Database 'C:\Users\karpe\Documents\ITSASO UNI\3.MAILA\SI2ENEW\3iterazioa\src\main\resources\bets.temp' is opened by 11792@LAPTOP-O54S2HDJ

[2021-10-03 18:46:56 #2 type.registry] 
New type domain.Event

[2021-10-03 18:46:56 #3 type] 
Type domain.Event is not enhanced.

[2021-10-03 18:46:56 #4 type.registry] 
New type domain.Question

[2021-10-03 18:46:56 #5 type.registry] 
New type java.util.Vector<domain.Question>

[2021-10-03 18:46:56 #6 type] 
Type domain.Question is not enhanced.

[2021-10-03 18:46:56 #7 type.registry] 
New type domain.Prediction

[2021-10-03 18:46:56 #8 type.registry] 
New type java.util.Vector<domain.Prediction>

[2021-10-03 18:46:56 #9 type] 
Type domain.Prediction is not enhanced.

[2021-10-03 18:46:56 #10 type.registry] 
New type domain.Bet

[2021-10-03 18:46:56 #11 type.registry] 
New type java.util.Vector<domain.Bet>

[2021-10-03 18:46:56 #12 type] 
Type domain.Bet is not enhanced.

[2021-10-03 18:46:56 #13 type.registry] 
New type domain.Person

[2021-10-03 18:46:56 #14 type.registry] 
New type domain.RegisteredClient

[2021-10-03 18:46:56 #15 type] 
Type domain.Person is not enhanced.

[2021-10-03 18:46:56 #16 type] 
Type domain.RegisteredClient is not enhanced.

[2021-10-03 18:46:56 #17 type.registry] 
New type domain.ReplicatedProperties

[2021-10-03 18:46:56 #18 type.registry] 
New type java.util.HashMap<domain.RegisteredClient,domain.ReplicatedProperties>

[2021-10-03 18:46:56 #19 type.registry] 
New type domain.Movements

[2021-10-03 18:46:56 #20 type.registry] 
New type java.util.Vector<domain.Movements>

[2021-10-03 18:46:56 #21 type] 
Type domain.ReplicatedProperties is not enhanced.

[2021-10-03 18:46:56 #22 type] 
Type domain.Movements is not enhanced.

[2021-10-03 18:46:56 #23 type.registry] 
New type java.util.Vector<java.lang.Object>

[2021-10-03 18:46:56 #24 type.registry] 
New type java.util.HashMap<java.lang.Object,java.lang.Object>

------------------------------------------------------------------------------------------------------------------------

[2021-10-03 18:49:57 #1 store] 
Database 'C:\Users\karpe\Documents\ITSASO UNI\3.MAILA\SI2ENEW\3iterazioa\src\main\resources\bets.temp' is opened by 21732@LAPTOP-O54S2HDJ

[2021-10-03 18:49:57 #2 type.registry] 
New type domain.Event

[2021-10-03 18:49:57 #3 type] 
Type domain.Event is not enhanced.

[2021-10-03 18:49:57 #4 type.registry] 
New type domain.Question

[2021-10-03 18:49:57 #5 type.registry] 
New type java.util.Vector<domain.Question>

[2021-10-03 18:49:57 #6 type] 
Type domain.Question is not enhanced.

[2021-10-03 18:49:57 #7 type.registry] 
New type domain.Prediction

[2021-10-03 18:49:57 #8 type.registry] 
New type java.util.Vector<domain.Prediction>

[2021-10-03 18:49:57 #9 type] 
Type domain.Prediction is not enhanced.

[2021-10-03 18:49:57 #10 type.registry] 
New type domain.Bet

[2021-10-03 18:49:57 #11 type.registry] 
New type java.util.Vector<domain.Bet>

[2021-10-03 18:49:57 #12 type] 
Type domain.Bet is not enhanced.

[2021-10-03 18:49:57 #13 type.registry] 
New type domain.Person

[2021-10-03 18:49:57 #14 type.registry] 
New type domain.RegisteredClient

[2021-10-03 18:49:57 #15 type] 
Type domain.Person is not enhanced.

[2021-10-03 18:49:57 #16 type] 
Type domain.RegisteredClient is not enhanced.

[2021-10-03 18:49:57 #17 type.registry] 
New type domain.ReplicatedProperties

[2021-10-03 18:49:57 #18 type.registry] 
New type java.util.HashMap<domain.RegisteredClient,domain.ReplicatedProperties>

[2021-10-03 18:49:57 #19 type.registry] 
New type domain.Movements

[2021-10-03 18:49:57 #20 type.registry] 
New type java.util.Vector<domain.Movements>

[2021-10-03 18:49:57 #21 type] 
Type domain.ReplicatedProperties is not enhanced.

[2021-10-03 18:49:57 #22 type] 
Type domain.Movements is not enhanced.

[2021-10-03 18:49:57 #23 type.registry] 
New type java.util.Vector<java.lang.Object>

[2021-10-03 18:49:57 #24 type.registry] 
New type java.util.HashMap<java.lang.Object,java.lang.Object>

------------------------------------------------------------------------------------------------------------------------

[2021-10-03 18:52:59 #1 store] 
Database 'C:\Users\karpe\Documents\ITSASO UNI\3.MAILA\SI2ENEW\3iterazioa\src\main\resources\bets.temp' is opened by 21184@LAPTOP-O54S2HDJ

[2021-10-03 18:52:59 #2 type.registry] 
New type domain.Event

[2021-10-03 18:52:59 #3 type] 
Type domain.Event is not enhanced.

[2021-10-03 18:52:59 #4 type.registry] 
New type domain.Question

[2021-10-03 18:52:59 #5 type.registry] 
New type java.util.Vector<domain.Question>

[2021-10-03 18:52:59 #6 type] 
Type domain.Question is not enhanced.

[2021-10-03 18:52:59 #7 type.registry] 
New type domain.Prediction

[2021-10-03 18:52:59 #8 type.registry] 
New type java.util.Vector<domain.Prediction>

[2021-10-03 18:52:59 #9 type] 
Type domain.Prediction is not enhanced.

[2021-10-03 18:52:59 #10 type.registry] 
New type domain.Bet

[2021-10-03 18:52:59 #11 type.registry] 
New type java.util.Vector<domain.Bet>

[2021-10-03 18:52:59 #12 type] 
Type domain.Bet is not enhanced.

[2021-10-03 18:52:59 #13 type.registry] 
New type domain.Person

[2021-10-03 18:52:59 #14 type.registry] 
New type domain.RegisteredClient

[2021-10-03 18:52:59 #15 type] 
Type domain.Person is not enhanced.

[2021-10-03 18:52:59 #16 type] 
Type domain.RegisteredClient is not enhanced.

[2021-10-03 18:52:59 #17 type.registry] 
New type domain.ReplicatedProperties

[2021-10-03 18:52:59 #18 type.registry] 
New type java.util.HashMap<domain.RegisteredClient,domain.ReplicatedProperties>

[2021-10-03 18:52:59 #19 type.registry] 
New type domain.Movements

[2021-10-03 18:52:59 #20 type.registry] 
New type java.util.Vector<domain.Movements>

[2021-10-03 18:52:59 #21 type] 
Type domain.ReplicatedProperties is not enhanced.

[2021-10-03 18:52:59 #22 type] 
Type domain.Movements is not enhanced.

[2021-10-03 18:52:59 #23 type.registry] 
New type java.util.Vector<java.lang.Object>

[2021-10-03 18:52:59 #24 type.registry] 
New type java.util.HashMap<java.lang.Object,java.lang.Object>

------------------------------------------------------------------------------------------------------------------------

[2021-10-03 19:30:26 #1 store] 
Database 'C:\Users\karpe\Documents\ITSASO UNI\3.MAILA\SI2ENEW\3iterazioa\src\main\resources\bets.temp' has been recovered (tr. 1-61)

[2021-10-03 19:30:26 #2 store] 
Database 'C:\Users\karpe\Documents\ITSASO UNI\3.MAILA\SI2ENEW\3iterazioa\src\main\resources\bets.temp' is opened by 4608@LAPTOP-O54S2HDJ

[2021-10-03 19:30:26 #3 type] 
Type domain.Event is not enhanced.

[2021-10-03 19:30:26 #4 type] 
Type domain.Question is not enhanced.

[2021-10-03 19:30:26 #5 type] 
Type domain.Prediction is not enhanced.

[2021-10-03 19:30:26 #6 type] 
Type domain.Bet is not enhanced.

[2021-10-03 19:30:26 #7 type] 
Type domain.Person is not enhanced.

[2021-10-03 19:30:26 #8 type] 
Type domain.RegisteredClient is not enhanced.

[2021-10-03 19:30:26 #9 type] 
Type domain.ReplicatedProperties is not enhanced.

[2021-10-03 19:30:26 #10 type] 
Type domain.Movements is not enhanced.

[2021-10-03 19:30:27 #11 type.registry] 
New type domain.Admin

[2021-10-03 19:30:27 #12 type] 
Type domain.Admin is not enhanced.

[2021-10-03 19:30:27 #13 type.registry] 
New type domain.Worker

[2021-10-03 19:30:27 #14 type] 
Type domain.Worker is not enhanced.

------------------------------------------------------------------------------------------------------------------------

[2021-10-03 20:02:34 #1 store] 
Database 'C:\Users\karpe\Documents\ITSASO UNI\3.MAILA\SI2ENEW\3iterazioa\src\main\resources\bets.temp' has been recovered (tr. 62-66)

[2021-10-03 20:02:35 #2 store] 
Database 'C:\Users\karpe\Documents\ITSASO UNI\3.MAILA\SI2ENEW\3iterazioa\src\main\resources\bets.temp' is opened by 21184@LAPTOP-O54S2HDJ

[2021-10-03 20:02:35 #3 type] 
Type domain.Event is not enhanced.

[2021-10-03 20:02:35 #4 type] 
Type domain.Question is not enhanced.

[2021-10-03 20:02:35 #5 type] 
Type domain.Prediction is not enhanced.

[2021-10-03 20:02:35 #6 type] 
Type domain.Bet is not enhanced.

[2021-10-03 20:02:35 #7 type] 
Type domain.Person is not enhanced.

[2021-10-03 20:02:35 #8 type] 
Type domain.RegisteredClient is not enhanced.

[2021-10-03 20:02:35 #9 type] 
Type domain.ReplicatedProperties is not enhanced.

[2021-10-03 20:02:35 #10 type] 
Type domain.Movements is not enhanced.

[2021-10-03 20:02:35 #11 type] 
Type domain.Admin is not enhanced.

[2021-10-03 20:02:35 #12 type] 
Type domain.Worker is not enhanced.

------------------------------------------------------------------------------------------------------------------------

[2021-10-03 20:06:24 #1 store] 
Database 'C:\Users\karpe\Documents\ITSASO UNI\3.MAILA\SI2ENEW\3iterazioa\src\main\resources\bets.temp' has been recovered (tr. 68-74)

[2021-10-03 20:06:24 #2 store] 
Database 'C:\Users\karpe\Documents\ITSASO UNI\3.MAILA\SI2ENEW\3iterazioa\src\main\resources\bets.temp' is opened by 19324@LAPTOP-O54S2HDJ

[2021-10-03 20:06:24 #3 type] 
Type domain.Event is not enhanced.

[2021-10-03 20:06:24 #4 type] 
Type domain.Question is not enhanced.

[2021-10-03 20:06:24 #5 type] 
Type domain.Prediction is not enhanced.

[2021-10-03 20:06:24 #6 type] 
Type domain.Bet is not enhanced.

[2021-10-03 20:06:24 #7 type] 
Type domain.Person is not enhanced.

[2021-10-03 20:06:24 #8 type] 
Type domain.RegisteredClient is not enhanced.

[2021-10-03 20:06:24 #9 type] 
Type domain.ReplicatedProperties is not enhanced.

[2021-10-03 20:06:24 #10 type] 
Type domain.Movements is not enhanced.

[2021-10-03 20:06:24 #11 type] 
Type domain.Admin is not enhanced.

[2021-10-03 20:06:24 #12 type] 
Type domain.Worker is not enhanced.

------------------------------------------------------------------------------------------------------------------------

[2021-10-03 20:07:30 #1 store] 
Database 'C:\Users\karpe\Documents\ITSASO UNI\3.MAILA\SI2ENEW\3iterazioa\src\main\resources\bets.temp' has been recovered (tr. 76-82)

[2021-10-03 20:07:30 #2 store] 
Database 'C:\Users\karpe\Documents\ITSASO UNI\3.MAILA\SI2ENEW\3iterazioa\src\main\resources\bets.temp' is opened by 18552@LAPTOP-O54S2HDJ

[2021-10-03 20:07:30 #3 type] 
Type domain.Event is not enhanced.

[2021-10-03 20:07:30 #4 type] 
Type domain.Question is not enhanced.

[2021-10-03 20:07:30 #5 type] 
Type domain.Prediction is not enhanced.

[2021-10-03 20:07:30 #6 type] 
Type domain.Bet is not enhanced.

[2021-10-03 20:07:30 #7 type] 
Type domain.Person is not enhanced.

[2021-10-03 20:07:30 #8 type] 
Type domain.RegisteredClient is not enhanced.

[2021-10-03 20:07:30 #9 type] 
Type domain.ReplicatedProperties is not enhanced.

[2021-10-03 20:07:30 #10 type] 
Type domain.Movements is not enhanced.

[2021-10-03 20:07:30 #11 type] 
Type domain.Admin is not enhanced.

[2021-10-03 20:07:30 #12 type] 
Type domain.Worker is not enhanced.

------------------------------------------------------------------------------------------------------------------------

[2021-10-03 20:12:54 #1 store] 
Database 'C:\Users\karpe\Documents\ITSASO UNI\3.MAILA\SI2ENEW\3iterazioa\src\main\resources\bets.temp' has been recovered (tr. 84-90)

[2021-10-03 20:12:54 #2 store] 
Database 'C:\Users\karpe\Documents\ITSASO UNI\3.MAILA\SI2ENEW\3iterazioa\src\main\resources\bets.temp' is opened by 18420@LAPTOP-O54S2HDJ

[2021-10-03 20:12:54 #3 type] 
Type domain.Event is not enhanced.

[2021-10-03 20:12:54 #4 type] 
Type domain.Question is not enhanced.

[2021-10-03 20:12:54 #5 type] 
Type domain.Prediction is not enhanced.

[2021-10-03 20:12:54 #6 type] 
Type domain.Bet is not enhanced.

[2021-10-03 20:12:54 #7 type] 
Type domain.Person is not enhanced.

[2021-10-03 20:12:54 #8 type] 
Type domain.RegisteredClient is not enhanced.

[2021-10-03 20:12:54 #9 type] 
Type domain.ReplicatedProperties is not enhanced.

[2021-10-03 20:12:54 #10 type] 
Type domain.Movements is not enhanced.

[2021-10-03 20:12:54 #11 type] 
Type domain.Admin is not enhanced.

[2021-10-03 20:12:54 #12 type] 
Type domain.Worker is not enhanced.

------------------------------------------------------------------------------------------------------------------------

[2021-10-03 20:14:51 #1 store] 
Database 'C:\Users\karpe\Documents\ITSASO UNI\3.MAILA\SI2ENEW\3iterazioa\src\main\resources\bets.temp' has been recovered (tr. 92-146)

[2021-10-03 20:14:51 #2 store] 
Database 'C:\Users\karpe\Documents\ITSASO UNI\3.MAILA\SI2ENEW\3iterazioa\src\main\resources\bets.temp' is opened by 8600@LAPTOP-O54S2HDJ

[2021-10-03 20:14:51 #3 type] 
Type domain.Event is not enhanced.

[2021-10-03 20:14:51 #4 type] 
Type domain.Question is not enhanced.

[2021-10-03 20:14:51 #5 type] 
Type domain.Prediction is not enhanced.

[2021-10-03 20:14:51 #6 type] 
Type domain.Bet is not enhanced.

[2021-10-03 20:14:51 #7 type] 
Type domain.Person is not enhanced.

[2021-10-03 20:14:51 #8 type] 
Type domain.RegisteredClient is not enhanced.

[2021-10-03 20:14:51 #9 type] 
Type domain.ReplicatedProperties is not enhanced.

[2021-10-03 20:14:51 #10 type] 
Type domain.Movements is not enhanced.

[2021-10-03 20:14:51 #11 type] 
Type domain.Admin is not enhanced.

[2021-10-03 20:14:51 #12 type] 
Type domain.Worker is not enhanced.

------------------------------------------------------------------------------------------------------------------------

[2021-10-03 20:15:30 #1 store] 
Database 'C:\Users\karpe\Documents\ITSASO UNI\3.MAILA\SI2ENEW\3iterazioa\src\main\resources\bets.temp' is opened by 21924@LAPTOP-O54S2HDJ

[2021-10-03 20:15:30 #2 type.registry] 
New type domain.Event

[2021-10-03 20:15:30 #3 type] 
Type domain.Event is not enhanced.

[2021-10-03 20:15:30 #4 type.registry] 
New type domain.Question

[2021-10-03 20:15:30 #5 type.registry] 
New type java.util.Vector<domain.Question>

[2021-10-03 20:15:30 #6 type] 
Type domain.Question is not enhanced.

[2021-10-03 20:15:30 #7 type.registry] 
New type domain.Prediction

[2021-10-03 20:15:30 #8 type.registry] 
New type java.util.Vector<domain.Prediction>

[2021-10-03 20:15:30 #9 type] 
Type domain.Prediction is not enhanced.

[2021-10-03 20:15:30 #10 type.registry] 
New type domain.Bet

[2021-10-03 20:15:30 #11 type.registry] 
New type java.util.Vector<domain.Bet>

[2021-10-03 20:15:30 #12 type] 
Type domain.Bet is not enhanced.

[2021-10-03 20:15:30 #13 type.registry] 
New type domain.Person

[2021-10-03 20:15:30 #14 type.registry] 
New type domain.RegisteredClient

[2021-10-03 20:15:30 #15 type] 
Type domain.Person is not enhanced.

[2021-10-03 20:15:30 #16 type] 
Type domain.RegisteredClient is not enhanced.

[2021-10-03 20:15:30 #17 type.registry] 
New type domain.ReplicatedProperties

[2021-10-03 20:15:30 #18 type.registry] 
New type java.util.HashMap<domain.RegisteredClient,domain.ReplicatedProperties>

[2021-10-03 20:15:30 #19 type.registry] 
New type domain.Movements

[2021-10-03 20:15:30 #20 type.registry] 
New type java.util.Vector<domain.Movements>

[2021-10-03 20:15:30 #21 type] 
Type domain.ReplicatedProperties is not enhanced.

[2021-10-03 20:15:30 #22 type] 
Type domain.Movements is not enhanced.

[2021-10-03 20:15:30 #23 type.registry] 
New type java.util.Vector<java.lang.Object>

[2021-10-03 20:15:30 #24 type.registry] 
New type java.util.HashMap<java.lang.Object,java.lang.Object>

------------------------------------------------------------------------------------------------------------------------

[2021-10-03 20:15:42 #1 store] 
Database 'C:\Users\karpe\Documents\ITSASO UNI\3.MAILA\SI2ENEW\3iterazioa\src\main\resources\bets.temp' has been recovered (tr. 1-61)

[2021-10-03 20:15:42 #2 store] 
Database 'C:\Users\karpe\Documents\ITSASO UNI\3.MAILA\SI2ENEW\3iterazioa\src\main\resources\bets.temp' is opened by 23052@LAPTOP-O54S2HDJ

[2021-10-03 20:15:42 #3 type] 
Type domain.Event is not enhanced.

[2021-10-03 20:15:42 #4 type] 
Type domain.Question is not enhanced.

[2021-10-03 20:15:42 #5 type] 
Type domain.Prediction is not enhanced.

[2021-10-03 20:15:42 #6 type] 
Type domain.Bet is not enhanced.

[2021-10-03 20:15:42 #7 type] 
Type domain.Person is not enhanced.

[2021-10-03 20:15:42 #8 type] 
Type domain.RegisteredClient is not enhanced.

[2021-10-03 20:15:42 #9 type] 
Type domain.ReplicatedProperties is not enhanced.

[2021-10-03 20:15:42 #10 type] 
Type domain.Movements is not enhanced.

[2021-10-03 20:15:42 #11 type.registry] 
New type domain.Admin

[2021-10-03 20:15:42 #12 type] 
Type domain.Admin is not enhanced.

[2021-10-03 20:15:42 #13 type.registry] 
New type domain.Worker

[2021-10-03 20:15:42 #14 type] 
Type domain.Worker is not enhanced.

------------------------------------------------------------------------------------------------------------------------

[2021-10-03 20:15:52 #1 store] 
Database 'C:\Users\karpe\Documents\ITSASO UNI\3.MAILA\SI2ENEW\3iterazioa\src\main\resources\bets.temp' is opened by 18552@LAPTOP-O54S2HDJ

[2021-10-03 20:15:52 #2 type.registry] 
New type domain.Event

[2021-10-03 20:15:52 #3 type] 
Type domain.Event is not enhanced.

[2021-10-03 20:15:52 #4 type.registry] 
New type domain.Question

[2021-10-03 20:15:52 #5 type.registry] 
New type java.util.Vector<domain.Question>

[2021-10-03 20:15:52 #6 type] 
Type domain.Question is not enhanced.

[2021-10-03 20:15:52 #7 type.registry] 
New type domain.Prediction

[2021-10-03 20:15:52 #8 type.registry] 
New type java.util.Vector<domain.Prediction>

[2021-10-03 20:15:52 #9 type] 
Type domain.Prediction is not enhanced.

[2021-10-03 20:15:52 #10 type.registry] 
New type domain.Bet

[2021-10-03 20:15:52 #11 type.registry] 
New type java.util.Vector<domain.Bet>

[2021-10-03 20:15:52 #12 type] 
Type domain.Bet is not enhanced.

[2021-10-03 20:15:52 #13 type.registry] 
New type domain.Person

[2021-10-03 20:15:52 #14 type.registry] 
New type domain.RegisteredClient

[2021-10-03 20:15:52 #15 type] 
Type domain.Person is not enhanced.

[2021-10-03 20:15:52 #16 type] 
Type domain.RegisteredClient is not enhanced.

[2021-10-03 20:15:52 #17 type.registry] 
New type domain.ReplicatedProperties

[2021-10-03 20:15:52 #18 type.registry] 
New type java.util.HashMap<domain.RegisteredClient,domain.ReplicatedProperties>

[2021-10-03 20:15:52 #19 type.registry] 
New type domain.Movements

[2021-10-03 20:15:52 #20 type.registry] 
New type java.util.Vector<domain.Movements>

[2021-10-03 20:15:52 #21 type] 
Type domain.ReplicatedProperties is not enhanced.

[2021-10-03 20:15:52 #22 type] 
Type domain.Movements is not enhanced.

[2021-10-03 20:15:52 #23 type.registry] 
New type java.util.Vector<java.lang.Object>

[2021-10-03 20:15:52 #24 type.registry] 
New type java.util.HashMap<java.lang.Object,java.lang.Object>

------------------------------------------------------------------------------------------------------------------------

[2021-10-03 20:16:06 #1 store] 
Database 'C:\Users\karpe\Documents\ITSASO UNI\3.MAILA\SI2ENEW\3iterazioa\src\main\resources\bets.temp' is opened by 15644@LAPTOP-O54S2HDJ

[2021-10-03 20:16:06 #2 type.registry] 
New type domain.Event

[2021-10-03 20:16:06 #3 type] 
Type domain.Event is not enhanced.

[2021-10-03 20:16:06 #4 type.registry] 
New type domain.Question

[2021-10-03 20:16:06 #5 type.registry] 
New type java.util.Vector<domain.Question>

[2021-10-03 20:16:06 #6 type] 
Type domain.Question is not enhanced.

[2021-10-03 20:16:06 #7 type.registry] 
New type domain.Prediction

[2021-10-03 20:16:06 #8 type.registry] 
New type java.util.Vector<domain.Prediction>

[2021-10-03 20:16:06 #9 type] 
Type domain.Prediction is not enhanced.

[2021-10-03 20:16:06 #10 type.registry] 
New type domain.Bet

[2021-10-03 20:16:06 #11 type.registry] 
New type java.util.Vector<domain.Bet>

[2021-10-03 20:16:06 #12 type] 
Type domain.Bet is not enhanced.

[2021-10-03 20:16:06 #13 type.registry] 
New type domain.Person

[2021-10-03 20:16:06 #14 type.registry] 
New type domain.RegisteredClient

[2021-10-03 20:16:06 #15 type] 
Type domain.Person is not enhanced.

[2021-10-03 20:16:06 #16 type] 
Type domain.RegisteredClient is not enhanced.

[2021-10-03 20:16:06 #17 type.registry] 
New type domain.ReplicatedProperties

[2021-10-03 20:16:06 #18 type.registry] 
New type java.util.HashMap<domain.RegisteredClient,domain.ReplicatedProperties>

[2021-10-03 20:16:06 #19 type.registry] 
New type domain.Movements

[2021-10-03 20:16:06 #20 type.registry] 
New type java.util.Vector<domain.Movements>

[2021-10-03 20:16:06 #21 type] 
Type domain.ReplicatedProperties is not enhanced.

[2021-10-03 20:16:06 #22 type] 
Type domain.Movements is not enhanced.

[2021-10-03 20:16:06 #23 type.registry] 
New type java.util.Vector<java.lang.Object>

[2021-10-03 20:16:06 #24 type.registry] 
New type java.util.HashMap<java.lang.Object,java.lang.Object>

------------------------------------------------------------------------------------------------------------------------

[2021-10-03 20:58:33 #1 store] 
Database 'C:\Users\karpe\Documents\ITSASO UNI\3.MAILA\SI2ENEW\3iterazioa\src\main\resources\bets.temp' is opened by 19684@LAPTOP-O54S2HDJ

[2021-10-03 20:58:33 #2 type.registry] 
New type domain.Event

[2021-10-03 20:58:33 #3 type] 
Type domain.Event is not enhanced.

[2021-10-03 20:58:33 #4 type.registry] 
New type domain.Question

[2021-10-03 20:58:33 #5 type.registry] 
New type java.util.Vector<domain.Question>

[2021-10-03 20:58:33 #6 type] 
Type domain.Question is not enhanced.

[2021-10-03 20:58:33 #7 type.registry] 
New type domain.Prediction

[2021-10-03 20:58:33 #8 type.registry] 
New type java.util.Vector<domain.Prediction>

[2021-10-03 20:58:33 #9 type] 
Type domain.Prediction is not enhanced.

[2021-10-03 20:58:33 #10 type.registry] 
New type domain.Bet

[2021-10-03 20:58:33 #11 type.registry] 
New type java.util.Vector<domain.Bet>

[2021-10-03 20:58:33 #12 type] 
Type domain.Bet is not enhanced.

[2021-10-03 20:58:33 #13 type.registry] 
New type domain.Person

[2021-10-03 20:58:33 #14 type.registry] 
New type domain.RegisteredClient

[2021-10-03 20:58:33 #15 type] 
Type domain.Person is not enhanced.

[2021-10-03 20:58:33 #16 type] 
Type domain.RegisteredClient is not enhanced.

[2021-10-03 20:58:33 #17 type.registry] 
New type domain.ReplicatedProperties

[2021-10-03 20:58:33 #18 type.registry] 
New type java.util.HashMap<domain.RegisteredClient,domain.ReplicatedProperties>

[2021-10-03 20:58:33 #19 type.registry] 
New type domain.Movements

[2021-10-03 20:58:33 #20 type.registry] 
New type java.util.Vector<domain.Movements>

[2021-10-03 20:58:33 #21 type] 
Type domain.ReplicatedProperties is not enhanced.

[2021-10-03 20:58:33 #22 type] 
Type domain.Movements is not enhanced.

[2021-10-03 20:58:33 #23 type.registry] 
New type java.util.Vector<java.lang.Object>

------------------------------------------------------------------------------------------------------------------------

[2021-10-03 20:58:40 #1 store] 
Database 'C:\Users\karpe\Documents\ITSASO UNI\3.MAILA\SI2ENEW\3iterazioa\src\main\resources\bets.temp' is opened by 6200@LAPTOP-O54S2HDJ

[2021-10-03 20:58:40 #2 type.registry] 
New type domain.Event

[2021-10-03 20:58:40 #3 type] 
Type domain.Event is not enhanced.

[2021-10-03 20:58:40 #4 type.registry] 
New type domain.Question

[2021-10-03 20:58:40 #5 type.registry] 
New type java.util.Vector<domain.Question>

[2021-10-03 20:58:40 #6 type] 
Type domain.Question is not enhanced.

[2021-10-03 20:58:40 #7 type.registry] 
New type domain.Prediction

[2021-10-03 20:58:40 #8 type.registry] 
New type java.util.Vector<domain.Prediction>

[2021-10-03 20:58:40 #9 type] 
Type domain.Prediction is not enhanced.

[2021-10-03 20:58:40 #10 type.registry] 
New type domain.Bet

[2021-10-03 20:58:40 #11 type.registry] 
New type java.util.Vector<domain.Bet>

[2021-10-03 20:58:40 #12 type] 
Type domain.Bet is not enhanced.

[2021-10-03 20:58:40 #13 type.registry] 
New type domain.Person

[2021-10-03 20:58:40 #14 type.registry] 
New type domain.RegisteredClient

[2021-10-03 20:58:40 #15 type] 
Type domain.Person is not enhanced.

[2021-10-03 20:58:40 #16 type] 
Type domain.RegisteredClient is not enhanced.

[2021-10-03 20:58:40 #17 type.registry] 
New type domain.ReplicatedProperties

[2021-10-03 20:58:40 #18 type.registry] 
New type java.util.HashMap<domain.RegisteredClient,domain.ReplicatedProperties>

[2021-10-03 20:58:40 #19 type.registry] 
New type domain.Movements

[2021-10-03 20:58:40 #20 type.registry] 
New type java.util.Vector<domain.Movements>

[2021-10-03 20:58:40 #21 type] 
Type domain.ReplicatedProperties is not enhanced.

[2021-10-03 20:58:40 #22 type] 
Type domain.Movements is not enhanced.

[2021-10-03 20:58:40 #23 type.registry] 
New type java.util.Vector<java.lang.Object>

[2021-10-03 20:58:40 #24 type.registry] 
New type java.util.HashMap<java.lang.Object,java.lang.Object>

------------------------------------------------------------------------------------------------------------------------

[2021-10-03 20:58:46 #1 store] 
Database 'C:\Users\karpe\Documents\ITSASO UNI\3.MAILA\SI2ENEW\3iterazioa\src\main\resources\bets.temp' has been recovered (tr. 1-44)

[2021-10-03 20:58:47 #2 store] 
Database 'C:\Users\karpe\Documents\ITSASO UNI\3.MAILA\SI2ENEW\3iterazioa\src\main\resources\bets.temp' is opened by 13696@LAPTOP-O54S2HDJ

[2021-10-03 20:58:47 #3 type] 
Type domain.Event is not enhanced.

[2021-10-03 20:58:47 #4 type] 
Type domain.Question is not enhanced.

[2021-10-03 20:58:47 #5 type] 
Type domain.Prediction is not enhanced.

[2021-10-03 20:58:47 #6 type] 
Type domain.Bet is not enhanced.

[2021-10-03 20:58:47 #7 type] 
Type domain.Person is not enhanced.

[2021-10-03 20:58:47 #8 type] 
Type domain.RegisteredClient is not enhanced.

[2021-10-03 20:58:47 #9 type] 
Type domain.ReplicatedProperties is not enhanced.

[2021-10-03 20:58:47 #10 type] 
Type domain.Movements is not enhanced.

[2021-10-03 20:58:47 #11 type.registry] 
New type domain.Admin

[2021-10-03 20:58:47 #12 type] 
Type domain.Admin is not enhanced.

[2021-10-03 20:58:47 #13 type.registry] 
New type domain.Worker

[2021-10-03 20:58:47 #14 type] 
Type domain.Worker is not enhanced.

------------------------------------------------------------------------------------------------------------------------

[2021-10-03 20:58:59 #1 store] 
Database 'C:\Users\karpe\Documents\ITSASO UNI\3.MAILA\SI2ENEW\3iterazioa\src\main\resources\bets.temp' is opened by 21544@LAPTOP-O54S2HDJ

[2021-10-03 20:58:59 #2 type.registry] 
New type domain.Event

[2021-10-03 20:58:59 #3 type] 
Type domain.Event is not enhanced.

[2021-10-03 20:58:59 #4 type.registry] 
New type domain.Question

[2021-10-03 20:58:59 #5 type.registry] 
New type java.util.Vector<domain.Question>

[2021-10-03 20:58:59 #6 type] 
Type domain.Question is not enhanced.

[2021-10-03 20:58:59 #7 type.registry] 
New type domain.Prediction

[2021-10-03 20:58:59 #8 type.registry] 
New type java.util.Vector<domain.Prediction>

[2021-10-03 20:58:59 #9 type] 
Type domain.Prediction is not enhanced.

[2021-10-03 20:58:59 #10 type.registry] 
New type domain.Bet

[2021-10-03 20:58:59 #11 type.registry] 
New type java.util.Vector<domain.Bet>

[2021-10-03 20:58:59 #12 type] 
Type domain.Bet is not enhanced.

[2021-10-03 20:58:59 #13 type.registry] 
New type domain.Person

[2021-10-03 20:58:59 #14 type.registry] 
New type domain.RegisteredClient

[2021-10-03 20:58:59 #15 type] 
Type domain.Person is not enhanced.

[2021-10-03 20:58:59 #16 type] 
Type domain.RegisteredClient is not enhanced.

[2021-10-03 20:58:59 #17 type.registry] 
New type domain.ReplicatedProperties

[2021-10-03 20:58:59 #18 type.registry] 
New type java.util.HashMap<domain.RegisteredClient,domain.ReplicatedProperties>

[2021-10-03 20:58:59 #19 type.registry] 
New type domain.Movements

[2021-10-03 20:58:59 #20 type.registry] 
New type java.util.Vector<domain.Movements>

[2021-10-03 20:58:59 #21 type] 
Type domain.ReplicatedProperties is not enhanced.

[2021-10-03 20:58:59 #22 type] 
Type domain.Movements is not enhanced.

[2021-10-03 20:58:59 #23 type.registry] 
New type java.util.Vector<java.lang.Object>

[2021-10-03 20:58:59 #24 type.registry] 
New type java.util.HashMap<java.lang.Object,java.lang.Object>

------------------------------------------------------------------------------------------------------------------------

[2021-10-03 20:59:06 #1 store] 
Database 'C:\Users\karpe\Documents\ITSASO UNI\3.MAILA\SI2ENEW\3iterazioa\src\main\resources\bets.temp' is opened by 14472@LAPTOP-O54S2HDJ

[2021-10-03 20:59:06 #2 type.registry] 
New type domain.Event

[2021-10-03 20:59:06 #3 type] 
Type domain.Event is not enhanced.

[2021-10-03 20:59:06 #4 type.registry] 
New type domain.Question

[2021-10-03 20:59:06 #5 type.registry] 
New type java.util.Vector<domain.Question>

[2021-10-03 20:59:06 #6 type] 
Type domain.Question is not enhanced.

[2021-10-03 20:59:06 #7 type.registry] 
New type domain.Prediction

[2021-10-03 20:59:06 #8 type.registry] 
New type java.util.Vector<domain.Prediction>

[2021-10-03 20:59:06 #9 type] 
Type domain.Prediction is not enhanced.

[2021-10-03 20:59:06 #10 type.registry] 
New type domain.Bet

[2021-10-03 20:59:06 #11 type.registry] 
New type java.util.Vector<domain.Bet>

[2021-10-03 20:59:06 #12 type] 
Type domain.Bet is not enhanced.

[2021-10-03 20:59:06 #13 type.registry] 
New type domain.Person

[2021-10-03 20:59:06 #14 type.registry] 
New type domain.RegisteredClient

[2021-10-03 20:59:06 #15 type] 
Type domain.Person is not enhanced.

[2021-10-03 20:59:06 #16 type] 
Type domain.RegisteredClient is not enhanced.

[2021-10-03 20:59:06 #17 type.registry] 
New type domain.ReplicatedProperties

[2021-10-03 20:59:06 #18 type.registry] 
New type java.util.HashMap<domain.RegisteredClient,domain.ReplicatedProperties>

[2021-10-03 20:59:06 #19 type.registry] 
New type domain.Movements

[2021-10-03 20:59:06 #20 type.registry] 
New type java.util.Vector<domain.Movements>

[2021-10-03 20:59:06 #21 type] 
Type domain.ReplicatedProperties is not enhanced.

[2021-10-03 20:59:06 #22 type] 
Type domain.Movements is not enhanced.

[2021-10-03 20:59:06 #23 type.registry] 
New type java.util.Vector<java.lang.Object>

[2021-10-03 20:59:06 #24 type.registry] 
New type java.util.HashMap<java.lang.Object,java.lang.Object>

------------------------------------------------------------------------------------------------------------------------

[2021-10-03 20:59:12 #1 store] 
Database 'C:\Users\karpe\Documents\ITSASO UNI\3.MAILA\SI2ENEW\3iterazioa\src\main\resources\bets.temp' has been recovered (tr. 1-31)

[2021-10-03 20:59:12 #2 store] 
Database 'C:\Users\karpe\Documents\ITSASO UNI\3.MAILA\SI2ENEW\3iterazioa\src\main\resources\bets.temp' is opened by 19752@LAPTOP-O54S2HDJ

[2021-10-03 20:59:12 #3 type] 
Type domain.Event is not enhanced.

[2021-10-03 20:59:12 #4 type] 
Type domain.Question is not enhanced.

[2021-10-03 20:59:12 #5 type] 
Type domain.Prediction is not enhanced.

[2021-10-03 20:59:12 #6 type] 
Type domain.Bet is not enhanced.

[2021-10-03 20:59:12 #7 type] 
Type domain.Person is not enhanced.

[2021-10-03 20:59:12 #8 type] 
Type domain.RegisteredClient is not enhanced.

[2021-10-03 20:59:12 #9 type] 
Type domain.ReplicatedProperties is not enhanced.

[2021-10-03 20:59:12 #10 type] 
Type domain.Movements is not enhanced.

[2021-10-03 20:59:12 #11 type.registry] 
New type domain.Admin

[2021-10-03 20:59:12 #12 type] 
Type domain.Admin is not enhanced.

[2021-10-03 20:59:12 #13 type.registry] 
New type domain.Worker

[2021-10-03 20:59:12 #14 type] 
Type domain.Worker is not enhanced.

------------------------------------------------------------------------------------------------------------------------

[2021-10-03 21:02:53 #1 store] 
Database 'C:\Users\karpe\Documents\ITSASO UNI\3.MAILA\SI2ENEW\3iterazioa\src\main\resources\bets.temp' has been recovered (tr. 32-90)

[2021-10-03 21:02:53 #2 store] 
Database 'C:\Users\karpe\Documents\ITSASO UNI\3.MAILA\SI2ENEW\3iterazioa\src\main\resources\bets.temp' is opened by 12248@LAPTOP-O54S2HDJ

[2021-10-03 21:02:53 #3 type] 
Type domain.Event is not enhanced.

[2021-10-03 21:02:53 #4 type] 
Type domain.Question is not enhanced.

[2021-10-03 21:02:53 #5 type] 
Type domain.Prediction is not enhanced.

[2021-10-03 21:02:53 #6 type] 
Type domain.Bet is not enhanced.

[2021-10-03 21:02:53 #7 type] 
Type domain.Person is not enhanced.

[2021-10-03 21:02:53 #8 type] 
Type domain.RegisteredClient is not enhanced.

[2021-10-03 21:02:53 #9 type] 
Type domain.ReplicatedProperties is not enhanced.

[2021-10-03 21:02:53 #10 type] 
Type domain.Movements is not enhanced.

[2021-10-03 21:02:53 #11 type] 
Type domain.Admin is not enhanced.

[2021-10-03 21:02:53 #12 type] 
Type domain.Worker is not enhanced.

