------------------------------------------------------------------------------------------------------------------------

[2021-03-30 15:24:04 #1 store] 
Database 'C:\Users\proce\Desktop\EHU\2. Urtea\2. Cuatri\SI--SE\Mikel\Proiektua\WORKSPACE\Bets21\src\main\resources\bets.temp' is opened by 1780@DESKTOP-RHU8OVS

[2021-03-30 15:24:04 #2 type] 
Type domain.Person is not enhanced.

[2021-03-30 15:24:04 #3 type] 
Type domain.Admin is not enhanced.

[2021-03-30 15:24:04 #4 type] 
Type domain.Worker is not enhanced.

[2021-03-30 15:24:04 #5 type] 
Type domain.RegisteredClient is not enhanced.

[2021-03-30 15:24:04 #6 type] 
Type domain.Question is not enhanced.

[2021-03-30 15:24:04 #7 type] 
Type domain.Event is not enhanced.

------------------------------------------------------------------------------------------------------------------------

[2021-03-30 15:36:10 #1 store] 
Database 'C:\Users\proce\Desktop\EHU\2. Urtea\2. Cuatri\SI--SE\Mikel\Proiektua\WORKSPACE\Bets21\src\main\resources\bets.temp' is opened by 4016@DESKTOP-RHU8OVS

[2021-03-30 15:36:11 #2 type] 
Type domain.Person is not enhanced.

[2021-03-30 15:36:11 #3 type] 
Type domain.Admin is not enhanced.

[2021-03-30 15:36:11 #4 type] 
Type domain.Worker is not enhanced.

[2021-03-30 15:36:11 #5 type] 
Type domain.RegisteredClient is not enhanced.

[2021-03-30 15:36:11 #6 type] 
Type domain.Question is not enhanced.

[2021-03-30 15:36:11 #7 type] 
Type domain.Event is not enhanced.

------------------------------------------------------------------------------------------------------------------------

[2021-03-30 15:53:01 #1 store] 
Database 'C:\Users\proce\Desktop\EHU\2. Urtea\2. Cuatri\SI--SE\Mikel\Proiektua\WORKSPACE\Bets21\src\main\resources\bets.temp' has been recovered (tr. 25-25)

[2021-03-30 15:53:01 #2 store] 
Database 'C:\Users\proce\Desktop\EHU\2. Urtea\2. Cuatri\SI--SE\Mikel\Proiektua\WORKSPACE\Bets21\src\main\resources\bets.temp' is opened by 13540@DESKTOP-RHU8OVS

[2021-03-30 15:53:01 #3 type] 
Type domain.Person is not enhanced.

[2021-03-30 15:53:01 #4 type] 
Type domain.Admin is not enhanced.

[2021-03-30 15:53:01 #5 type] 
Type domain.Worker is not enhanced.

[2021-03-30 15:53:01 #6 type] 
Type domain.RegisteredClient is not enhanced.

[2021-03-30 15:53:01 #7 type] 
Type domain.Question is not enhanced.

[2021-03-30 15:53:01 #8 type] 
Type domain.Event is not enhanced.

------------------------------------------------------------------------------------------------------------------------

[2021-03-30 15:54:59 #1 store] 
Database 'C:\Users\proce\Desktop\EHU\2. Urtea\2. Cuatri\SI--SE\Mikel\Proiektua\WORKSPACE\Bets21\src\main\resources\bets.temp' has been recovered (tr. 26-27)

[2021-03-30 15:54:59 #2 store] 
Database 'C:\Users\proce\Desktop\EHU\2. Urtea\2. Cuatri\SI--SE\Mikel\Proiektua\WORKSPACE\Bets21\src\main\resources\bets.temp' is opened by 15284@DESKTOP-RHU8OVS

[2021-03-30 15:54:59 #3 type] 
Type domain.Person is not enhanced.

[2021-03-30 15:54:59 #4 type] 
Type domain.Admin is not enhanced.

[2021-03-30 15:54:59 #5 type] 
Type domain.Worker is not enhanced.

[2021-03-30 15:54:59 #6 type] 
Type domain.RegisteredClient is not enhanced.

[2021-03-30 15:54:59 #7 type] 
Type domain.Question is not enhanced.

[2021-03-30 15:54:59 #8 type] 
Type domain.Event is not enhanced.

------------------------------------------------------------------------------------------------------------------------

[2021-03-30 15:56:19 #1 store] 
Database 'C:\Users\proce\Desktop\EHU\2. Urtea\2. Cuatri\SI--SE\Mikel\Proiektua\WORKSPACE\Bets21\src\main\resources\bets.temp' has been recovered (tr. 28-28)

[2021-03-30 15:56:20 #2 store] 
Database 'C:\Users\proce\Desktop\EHU\2. Urtea\2. Cuatri\SI--SE\Mikel\Proiektua\WORKSPACE\Bets21\src\main\resources\bets.temp' is opened by 14104@DESKTOP-RHU8OVS

[2021-03-30 15:56:20 #3 type] 
Type domain.Person is not enhanced.

[2021-03-30 15:56:20 #4 type] 
Type domain.Admin is not enhanced.

[2021-03-30 15:56:20 #5 type] 
Type domain.Worker is not enhanced.

[2021-03-30 15:56:20 #6 type] 
Type domain.RegisteredClient is not enhanced.

[2021-03-30 15:56:20 #7 type] 
Type domain.Question is not enhanced.

[2021-03-30 15:56:20 #8 type] 
Type domain.Event is not enhanced.

------------------------------------------------------------------------------------------------------------------------

[2021-03-30 16:00:32 #1 store] 
Database 'C:\Users\proce\Desktop\EHU\2. Urtea\2. Cuatri\SI--SE\Mikel\Proiektua\WORKSPACE\Bets21\src\main\resources\bets.temp' has been recovered (tr. 29-29)

[2021-03-30 16:00:32 #2 store] 
Database 'C:\Users\proce\Desktop\EHU\2. Urtea\2. Cuatri\SI--SE\Mikel\Proiektua\WORKSPACE\Bets21\src\main\resources\bets.temp' is opened by 13916@DESKTOP-RHU8OVS

[2021-03-30 16:00:33 #3 type] 
Type domain.Person is not enhanced.

[2021-03-30 16:00:33 #4 type] 
Type domain.Admin is not enhanced.

[2021-03-30 16:00:33 #5 type] 
Type domain.Worker is not enhanced.

[2021-03-30 16:00:33 #6 type] 
Type domain.RegisteredClient is not enhanced.

[2021-03-30 16:00:33 #7 type] 
Type domain.Question is not enhanced.

[2021-03-30 16:00:33 #8 type] 
Type domain.Event is not enhanced.

------------------------------------------------------------------------------------------------------------------------

[2021-03-30 16:04:35 #1 store] 
Database 'C:\Users\proce\Desktop\EHU\2. Urtea\2. Cuatri\SI--SE\Mikel\Proiektua\WORKSPACE\Bets21\src\main\resources\bets.temp' has been recovered (tr. 30-31)

[2021-03-30 16:04:35 #2 store] 
Database 'C:\Users\proce\Desktop\EHU\2. Urtea\2. Cuatri\SI--SE\Mikel\Proiektua\WORKSPACE\Bets21\src\main\resources\bets.temp' is opened by 11612@DESKTOP-RHU8OVS

[2021-03-30 16:04:35 #3 type] 
Type domain.Person is not enhanced.

[2021-03-30 16:04:35 #4 type] 
Type domain.Admin is not enhanced.

[2021-03-30 16:04:35 #5 type] 
Type domain.Worker is not enhanced.

[2021-03-30 16:04:35 #6 type] 
Type domain.RegisteredClient is not enhanced.

[2021-03-30 16:04:35 #7 type] 
Type domain.Question is not enhanced.

[2021-03-30 16:04:35 #8 type] 
Type domain.Event is not enhanced.

------------------------------------------------------------------------------------------------------------------------

[2021-03-30 16:06:01 #1 store] 
Database 'C:\Users\proce\Desktop\EHU\2. Urtea\2. Cuatri\SI--SE\Mikel\Proiektua\WORKSPACE\Bets21\src\main\resources\bets.temp' has been recovered (tr. 32-32)

[2021-03-30 16:06:01 #2 store] 
Database 'C:\Users\proce\Desktop\EHU\2. Urtea\2. Cuatri\SI--SE\Mikel\Proiektua\WORKSPACE\Bets21\src\main\resources\bets.temp' is opened by 3148@DESKTOP-RHU8OVS

[2021-03-30 16:06:01 #3 type] 
Type domain.Person is not enhanced.

[2021-03-30 16:06:01 #4 type] 
Type domain.Admin is not enhanced.

[2021-03-30 16:06:01 #5 type] 
Type domain.Worker is not enhanced.

[2021-03-30 16:06:01 #6 type] 
Type domain.RegisteredClient is not enhanced.

[2021-03-30 16:06:01 #7 type] 
Type domain.Question is not enhanced.

[2021-03-30 16:06:01 #8 type] 
Type domain.Event is not enhanced.

